Log file open, 09/24/23 23:30:25
LogWindows: Failed to load 'aqProf.dll' (GetLastError=126)
LogWindows: File 'aqProf.dll' does not exist
LogWindows: Failed to load 'VtuneApi.dll' (GetLastError=126)
LogWindows: File 'VtuneApi.dll' does not exist
LogWindows: Failed to load 'VtuneApi32e.dll' (GetLastError=126)
LogWindows: File 'VtuneApi32e.dll' does not exist
LogConsoleResponse: Display: Failed to find resolution value strings in scalability ini. Falling back to default.
LogConsoleResponse: Display: Failed to find resolution value strings in scalability ini. Falling back to default.
LogInit: Display: Running engine for game: PingPong
LogPlatformFile: Not using cached read wrapper
LogTaskGraph: Started task graph with 5 named threads and 23 total threads with 3 sets of task threads.
LogStats: Stats thread started at 0.578745
LogICUInternationalization: ICU TimeZone Detection - Raw Offset: +1:00, Platform Override: ''
LogInit: Display: Loading text-based GConfig....
LogPluginManager: Mounting plugin MeshPainting
LogPluginManager: Mounting plugin XGEController
LogPluginManager: Mounting plugin Paper2D
LogPluginManager: Mounting plugin AISupport
LogPluginManager: Mounting plugin EnvironmentQueryEditor
LogPluginManager: Mounting plugin LightPropagationVolume
LogPluginManager: Mounting plugin LiveLink
LogPluginManager: Mounting plugin CameraShakePreviewer
LogPluginManager: Mounting plugin GameplayCameras
LogPluginManager: Mounting plugin OodleData
LogPluginManager: Mounting plugin OodleNetwork
LogPluginManager: Mounting plugin AnimationSharing
LogPluginManager: Mounting plugin CodeLiteSourceCodeAccess
LogPluginManager: Mounting plugin GitSourceControl
LogPluginManager: Mounting plugin KDevelopSourceCodeAccess
LogPluginManager: Mounting plugin NullSourceCodeAccess
LogPluginManager: Mounting plugin PixWinPlugin
LogPluginManager: Mounting plugin PluginUtils
LogPluginManager: Mounting plugin PropertyAccessNode
LogPluginManager: Mounting plugin RiderSourceCodeAccess
LogPluginManager: Mounting plugin PlasticSourceControl
LogPluginManager: Mounting plugin SubversionSourceControl
LogPluginManager: Mounting plugin TextureFormatOodle
LogPluginManager: Mounting plugin UObjectPlugin
LogPluginManager: Mounting plugin VisualStudioCodeSourceCodeAccess
LogPluginManager: Mounting plugin VisualStudioSourceCodeAccess
LogPluginManager: Mounting plugin XCodeSourceCodeAccess
LogPluginManager: Mounting plugin AssetManagerEditor
LogPluginManager: Mounting plugin CLionSourceCodeAccess
LogPluginManager: Mounting plugin PerforceSourceControl
LogPluginManager: Mounting plugin CryptoKeys
LogPluginManager: Mounting plugin CurveEditorTools
LogPluginManager: Mounting plugin DataValidation
LogPluginManager: Mounting plugin GameplayTagsEditor
LogPluginManager: Mounting plugin GeometryMode
LogPluginManager: Mounting plugin FacialAnimation
LogPluginManager: Mounting plugin MacGraphicsSwitching
LogPluginManager: Mounting plugin MaterialAnalyzer
LogPluginManager: Mounting plugin DatasmithContent
LogPluginManager: Mounting plugin MobileLauncherProfileWizard
LogPluginManager: Mounting plugin SpeedTreeImporter
LogPluginManager: Mounting plugin VariantManagerContent
LogPluginManager: Mounting plugin Niagara
LogPluginManager: Mounting plugin AlembicImporter
LogPluginManager: Mounting plugin PluginBrowser
LogPluginManager: Mounting plugin AutomationUtils
LogPluginManager: Mounting plugin BackChannel
LogPluginManager: Mounting plugin ChaosClothEditor
LogPluginManager: Mounting plugin ChaosEditor
LogPluginManager: Mounting plugin ChaosSolverPlugin
LogPluginManager: Mounting plugin ChaosCloth
LogPluginManager: Mounting plugin CharacterAI
LogPluginManager: Mounting plugin ChaosNiagara
LogPluginManager: Mounting plugin GeometryCache
LogPluginManager: Mounting plugin GeometryProcessing
LogPluginManager: Mounting plugin GeometryCollectionPlugin
LogPluginManager: Mounting plugin MotoSynth
LogPluginManager: Mounting plugin OpenImageDenoise
LogPluginManager: Mounting plugin PlanarCut
LogPluginManager: Mounting plugin PlatformCrypto
LogPluginManager: Mounting plugin ProxyLODPlugin
LogPluginManager: Mounting plugin PythonScriptPlugin
LogPluginManager: Mounting plugin SkeletalReduction
LogPluginManager: Mounting plugin MagicLeap
LogPluginManager: Mounting plugin LuminPlatformFeatures
LogPluginManager: Mounting plugin MagicLeapLightEstimation
LogPluginManager: Mounting plugin MagicLeapMedia
LogPluginManager: Mounting plugin MagicLeapPassableWorld
LogPluginManager: Mounting plugin MLSDK
LogPluginManager: Mounting plugin AndroidMedia
LogPluginManager: Mounting plugin AvfMedia
LogPluginManager: Mounting plugin ImgMedia
LogPluginManager: Mounting plugin MediaCompositing
LogPluginManager: Mounting plugin MediaPlayerEditor
LogPluginManager: Mounting plugin WmfMedia
LogPluginManager: Mounting plugin WebMMedia
LogPluginManager: Mounting plugin TcpMessaging
LogPluginManager: Mounting plugin UdpMessaging
LogPluginManager: Mounting plugin ActorSequence
LogPluginManager: Mounting plugin LevelSequenceEditor
LogPluginManager: Mounting plugin MatineeToLevelSequence
LogPluginManager: Mounting plugin TemplateSequence
LogPluginManager: Mounting plugin OnlineSubsystem
LogPluginManager: Mounting plugin OnlineSubsystemNull
LogPluginManager: Mounting plugin OnlineSubsystemUtils
LogPluginManager: Mounting plugin LauncherChunkInstaller
LogPluginManager: Mounting plugin ActorLayerUtilities
LogPluginManager: Mounting plugin AndroidDeviceProfileSelector
LogPluginManager: Mounting plugin AndroidMoviePlayer
LogPluginManager: Mounting plugin AndroidPermission
LogPluginManager: Mounting plugin AppleMoviePlayer
LogPluginManager: Mounting plugin ArchVisCharacter
LogPluginManager: Mounting plugin AssetTags
LogPluginManager: Mounting plugin AudioCapture
LogPluginManager: Mounting plugin AppleImageUtils
LogPluginManager: Mounting plugin AudioSynesthesia
LogPluginManager: Mounting plugin CableComponent
LogPluginManager: Mounting plugin ChunkDownloader
LogPluginManager: Mounting plugin CustomMeshComponent
LogPluginManager: Mounting plugin EditableMesh
LogPluginManager: Mounting plugin ExampleDeviceProfileSelector
LogPluginManager: Mounting plugin GoogleCloudMessaging
LogPluginManager: Mounting plugin GooglePAD
LogPluginManager: Mounting plugin ScreenshotTools
LogPluginManager: Mounting plugin IOSDeviceProfileSelector
LogPluginManager: Mounting plugin LinuxDeviceProfileSelector
LogPluginManager: Mounting plugin LocationServicesBPLibrary
LogPluginManager: Mounting plugin MobilePatchingUtils
LogPluginManager: Mounting plugin OpenXR
LogPluginManager: Mounting plugin OpenXRHandTracking
LogPluginManager: Mounting plugin OpenXREyeTracker
LogPluginManager: Mounting plugin PhysXVehicles
LogPluginManager: Mounting plugin ProceduralMeshComponent
LogPluginManager: Mounting plugin PostSplashScreen
LogPluginManager: Mounting plugin PropertyAccessEditor
LogPluginManager: Mounting plugin RuntimePhysXCooking
LogPluginManager: Mounting plugin SignificanceManager
LogPluginManager: Mounting plugin SoundFields
LogPluginManager: Mounting plugin Synthesis
LogPluginManager: Mounting plugin WebMMoviePlayer
LogPluginManager: Mounting plugin WindowsMoviePlayer
LogPluginManager: Mounting plugin Takes
LogPluginManager: Mounting plugin ContentBrowserAssetDataSource
LogPluginManager: Mounting plugin ContentBrowserClassDataSource
LogPluginManager: Mounting plugin ContentBrowserFileDataSource
LogPluginManager: Mounting plugin OnlineSubsystemGooglePlay
LogPluginManager: Mounting plugin OnlineSubsystemIOS
LogPluginManager: Mounting plugin OculusVR
LogPluginManager: Mounting plugin SteamVR
PixWinPlugin: PIX capture plugin failed to initialize! Check that the process is launched from PIX.
LogInit: Using libcurl 7.55.1-DEV
LogInit:  - built for x86_64-pc-win32
LogInit:  - supports SSL with OpenSSL/1.1.1
LogInit:  - supports HTTP deflate (compression) using libz 1.2.8
LogInit:  - other features:
LogInit:      CURL_VERSION_SSL
LogInit:      CURL_VERSION_LIBZ
LogInit:      CURL_VERSION_IPV6
LogInit:      CURL_VERSION_ASYNCHDNS
LogInit:      CURL_VERSION_LARGEFILE
LogInit:      CURL_VERSION_IDN
LogInit:  CurlRequestOptions (configurable via config and command line):
LogInit:  - bVerifyPeer = true  - Libcurl will verify peer certificate
LogInit:  - bUseHttpProxy = false  - Libcurl will NOT use HTTP proxy
LogInit:  - bDontReuseConnections = false  - Libcurl will reuse connections
LogInit:  - MaxHostConnections = 16  - Libcurl will limit the number of connections to a host
LogInit:  - LocalHostAddr = Default
LogInit:  - BufferSize = 65536
LogOnline: OSS: Creating online subsystem instance for: NULL
LogInit: WinSock: version 1.1 (2.2), MaxSocks=32767, MaxUdp=65467
LogOnline: OSS: TryLoadSubsystemAndSetDefault: Loaded subsystem for module [NULL]
LogOculusPluginWrapper: OculusPlugin initialized successfully
LogHMD: Failed initializing OVRPlugin 1.59.0
LogInit: Build: ++UE4+Release-4.27-CL-18319896
LogInit: Engine Version: 4.27.2-18319896+++UE4+Release-4.27
LogInit: Compatible Engine Version: 4.27.0-17155196+++UE4+Release-4.27
LogInit: Net CL: 17155196
LogInit: OS: Windows 10 (Release 2009) (), CPU: Intel(R) Core(TM) i5-8250U CPU @ 1.60GHz, GPU: Intel(R) UHD Graphics 620
LogInit: Compiled (64-bit): Nov 30 2021 07:12:08
LogInit: Compiled with Visual C++: 19.24.28315.00
LogInit: Build Configuration: Development
LogInit: Branch Name: ++UE4+Release-4.27
LogInit: Command Line:  -skipcompile
LogInit: Base Directory: C:/Program Files/Epic Games/UE_4.27/Engine/Binaries/Win64/
LogInit: Allocator: TBB
LogInit: Installed Engine Build: 1
LogDevObjectVersion: Number of dev versions registered: 29
LogDevObjectVersion:   Dev-Blueprints (B0D832E4-1F89-4F0D-ACCF-7EB736FD4AA2): 10
LogDevObjectVersion:   Dev-Build (E1C64328-A22C-4D53-A36C-8E866417BD8C): 0
LogDevObjectVersion:   Dev-Core (375EC13C-06E4-48FB-B500-84F0262A717E): 4
LogDevObjectVersion:   Dev-Editor (E4B068ED-F494-42E9-A231-DA0B2E46BB41): 40
LogDevObjectVersion:   Dev-Framework (CFFC743F-43B0-4480-9391-14DF171D2073): 37
LogDevObjectVersion:   Dev-Mobile (B02B49B5-BB20-44E9-A304-32B752E40360): 3
LogDevObjectVersion:   Dev-Networking (A4E4105C-59A1-49B5-A7C5-40C4547EDFEE): 0
LogDevObjectVersion:   Dev-Online (39C831C9-5AE6-47DC-9A44-9C173E1C8E7C): 0
LogDevObjectVersion:   Dev-Physics (78F01B33-EBEA-4F98-B9B4-84EACCB95AA2): 14
LogDevObjectVersion:   Dev-Platform (6631380F-2D4D-43E0-8009-CF276956A95A): 0
LogDevObjectVersion:   Dev-Rendering (12F88B9F-8875-4AFC-A67C-D90C383ABD29): 45
LogDevObjectVersion:   Dev-Sequencer (7B5AE74C-D270-4C10-A958-57980B212A5A): 13
LogDevObjectVersion:   Dev-VR (D7296918-1DD6-4BDD-9DE2-64A83CC13884): 3
LogDevObjectVersion:   Dev-LoadTimes (C2A15278-BFE7-4AFE-6C17-90FF531DF755): 1
LogDevObjectVersion:   Private-Geometry (6EACA3D4-40EC-4CC1-B786-8BED09428FC5): 3
LogDevObjectVersion:   Dev-AnimPhys (29E575DD-E0A3-4627-9D10-D276232CDCEA): 17
LogDevObjectVersion:   Dev-Anim (AF43A65D-7FD3-4947-9873-3E8ED9C1BB05): 15
LogDevObjectVersion:   Dev-ReflectionCapture (6B266CEC-1EC7-4B8F-A30B-E4D90942FC07): 1
LogDevObjectVersion:   Dev-Automation (0DF73D61-A23F-47EA-B727-89E90C41499A): 1
LogDevObjectVersion:   FortniteMain (601D1886-AC64-4F84-AA16-D3DE0DEAC7D6): 47
LogDevObjectVersion:   FortniteRelease (E7086368-6B23-4C58-8439-1B7016265E91): 1
LogDevObjectVersion:   Dev-Enterprise (9DFFBCD6-494F-0158-E221-12823C92A888): 10
LogDevObjectVersion:   Dev-Niagara (F2AED0AC-9AFE-416F-8664-AA7FFA26D6FC): 1
LogDevObjectVersion:   Dev-Destruction (174F1F0B-B4C6-45A5-B13F-2EE8D0FB917D): 10
LogDevObjectVersion:   Dev-Physics-Ext (35F94A83-E258-406C-A318-09F59610247C): 41
LogDevObjectVersion:   Dev-PhysicsMaterial-Chaos (B68FC16E-8B1B-42E2-B453-215C058844FE): 1
LogDevObjectVersion:   Dev-CineCamera (B2E18506-4273-CFC2-A54E-F4BB758BBA07): 1
LogDevObjectVersion:   Dev-VirtualProduction (64F58936-FD1B-42BA-BA96-7289D5D0FA4E): 1
LogDevObjectVersion:   Dev-MediaFramework (6F0ED827-A609-4895-9C91-998D90180EA4): 2
LogInit: Presizing for max 25165824 objects, including 0 objects not considered by GC, pre-allocating 0 bytes for permanent pool.
LogConfig: Applying CVar settings from Section [/Script/Engine.StreamingSettings] File [C:/Unreal/Multiplayer_PingPong_Unreal/PingPong/Saved/Config/Windows/Engine.ini]
LogConfig: Setting CVar [[s.MinBulkDataSizeForAsyncLoading:131072]]
LogConfig: Setting CVar [[s.AsyncLoadingThreadEnabled:0]]
LogConfig: Setting CVar [[s.EventDrivenLoaderEnabled:1]]
LogConfig: Setting CVar [[s.WarnIfTimeLimitExceeded:0]]
LogConfig: Setting CVar [[s.TimeLimitExceededMultiplier:1.5]]
LogConfig: Setting CVar [[s.TimeLimitExceededMinTime:0.005]]
LogConfig: Setting CVar [[s.UseBackgroundLevelStreaming:1]]
LogConfig: Setting CVar [[s.PriorityAsyncLoadingExtraTime:15.0]]
LogConfig: Setting CVar [[s.LevelStreamingActorsUpdateTimeLimit:5.0]]
LogConfig: Setting CVar [[s.PriorityLevelStreamingActorsUpdateExtraTime:5.0]]
LogConfig: Setting CVar [[s.LevelStreamingComponentsRegistrationGranularity:10]]
LogConfig: Setting CVar [[s.UnregisterComponentsTimeLimit:1.0]]
LogConfig: Setting CVar [[s.LevelStreamingComponentsUnregistrationGranularity:5]]
LogConfig: Setting CVar [[s.FlushStreamingOnExit:1]]
LogInit: Object subsystem initialized
LogConfig: Setting CVar [[con.DebugEarlyDefault:1]]
LogConfig: Setting CVar [[r.setres:1280x720]]
[2023.09.24-21.30.27:490][  0]LogConfig: Setting CVar [[r.VSync:0]]
[2023.09.24-21.30.27:490][  0]LogConfig: Setting CVar [[r.RHICmdBypass:0]]
[2023.09.24-21.30.27:490][  0]LogConfig: Applying CVar settings from Section [/Script/Engine.RendererSettings] File [C:/Unreal/Multiplayer_PingPong_Unreal/PingPong/Saved/Config/Windows/Engine.ini]
[2023.09.24-21.30.27:490][  0]LogConfig: Setting CVar [[r.GPUCrashDebugging:0]]
[2023.09.24-21.30.27:490][  0]LogConfig: Applying CVar settings from Section [/Script/Engine.RendererOverrideSettings] File [C:/Unreal/Multiplayer_PingPong_Unreal/PingPong/Saved/Config/Windows/Engine.ini]
[2023.09.24-21.30.27:490][  0]LogConfig: Applying CVar settings from Section [/Script/Engine.StreamingSettings] File [C:/Unreal/Multiplayer_PingPong_Unreal/PingPong/Saved/Config/Windows/Engine.ini]
[2023.09.24-21.30.27:490][  0]LogConfig: Setting CVar [[s.MinBulkDataSizeForAsyncLoading:131072]]
[2023.09.24-21.30.27:490][  0]LogConfig: Setting CVar [[s.AsyncLoadingThreadEnabled:0]]
[2023.09.24-21.30.27:490][  0]LogConfig: Setting CVar [[s.EventDrivenLoaderEnabled:1]]
[2023.09.24-21.30.27:490][  0]LogConfig: Setting CVar [[s.WarnIfTimeLimitExceeded:0]]
[2023.09.24-21.30.27:491][  0]LogConfig: Setting CVar [[s.TimeLimitExceededMultiplier:1.5]]
[2023.09.24-21.30.27:491][  0]LogConfig: Setting CVar [[s.TimeLimitExceededMinTime:0.005]]
[2023.09.24-21.30.27:491][  0]LogConfig: Setting CVar [[s.UseBackgroundLevelStreaming:1]]
[2023.09.24-21.30.27:491][  0]LogConfig: Setting CVar [[s.PriorityAsyncLoadingExtraTime:15.0]]
[2023.09.24-21.30.27:491][  0]LogConfig: Setting CVar [[s.LevelStreamingActorsUpdateTimeLimit:5.0]]
[2023.09.24-21.30.27:491][  0]LogConfig: Setting CVar [[s.PriorityLevelStreamingActorsUpdateExtraTime:5.0]]
[2023.09.24-21.30.27:491][  0]LogConfig: Setting CVar [[s.LevelStreamingComponentsRegistrationGranularity:10]]
[2023.09.24-21.30.27:491][  0]LogConfig: Setting CVar [[s.UnregisterComponentsTimeLimit:1.0]]
[2023.09.24-21.30.27:491][  0]LogConfig: Setting CVar [[s.LevelStreamingComponentsUnregistrationGranularity:5]]
[2023.09.24-21.30.27:491][  0]LogConfig: Setting CVar [[s.FlushStreamingOnExit:1]]
[2023.09.24-21.30.27:491][  0]LogConfig: Applying CVar settings from Section [/Script/Engine.GarbageCollectionSettings] File [C:/Unreal/Multiplayer_PingPong_Unreal/PingPong/Saved/Config/Windows/Engine.ini]
[2023.09.24-21.30.27:491][  0]LogConfig: Setting CVar [[gc.MaxObjectsNotConsideredByGC:1]]
[2023.09.24-21.30.27:492][  0]LogConfig: Setting CVar [[gc.SizeOfPermanentObjectPool:0]]
[2023.09.24-21.30.27:492][  0]LogConfig: Setting CVar [[gc.FlushStreamingOnGC:0]]
[2023.09.24-21.30.27:492][  0]LogConfig: Setting CVar [[gc.NumRetriesBeforeForcingGC:10]]
[2023.09.24-21.30.27:492][  0]LogConfig: Setting CVar [[gc.AllowParallelGC:1]]
[2023.09.24-21.30.27:492][  0]LogConfig: Setting CVar [[gc.TimeBetweenPurgingPendingKillObjects:61.1]]
[2023.09.24-21.30.27:492][  0]LogConfig: Setting CVar [[gc.MaxObjectsInEditor:25165824]]
[2023.09.24-21.30.27:492][  0]LogConfig: Setting CVar [[gc.IncrementalBeginDestroyEnabled:1]]
[2023.09.24-21.30.27:492][  0]LogConfig: Setting CVar [[gc.CreateGCClusters:1]]
[2023.09.24-21.30.27:492][  0]LogConfig: Setting CVar [[gc.MinGCClusterSize:5]]
[2023.09.24-21.30.27:492][  0]LogConfig: Setting CVar [[gc.ActorClusteringEnabled:0]]
[2023.09.24-21.30.27:492][  0]LogConfig: Setting CVar [[gc.BlueprintClusteringEnabled:0]]
[2023.09.24-21.30.27:492][  0]LogConfig: Setting CVar [[gc.UseDisregardForGCOnDedicatedServers:0]]
[2023.09.24-21.30.27:492][  0]LogConfig: Setting CVar [[gc.MultithreadedDestructionEnabled:1]]
[2023.09.24-21.30.27:493][  0]LogConfig: Applying CVar settings from Section [/Script/Engine.NetworkSettings] File [C:/Unreal/Multiplayer_PingPong_Unreal/PingPong/Saved/Config/Windows/Engine.ini]
[2023.09.24-21.30.27:493][  0]LogConfig: Applying CVar settings from Section [/Script/UnrealEd.CookerSettings] File [C:/Unreal/Multiplayer_PingPong_Unreal/PingPong/Saved/Config/Windows/Engine.ini]
[2023.09.24-21.30.27:545][  0]LogConfig: Applying CVar settings from Section [ViewDistanceQuality@3] File [C:/Unreal/Multiplayer_PingPong_Unreal/PingPong/Saved/Config/Windows/Scalability.ini]
[2023.09.24-21.30.27:545][  0]LogConfig: Setting CVar [[r.SkeletalMeshLODBias:0]]
[2023.09.24-21.30.27:545][  0]LogConfig: Setting CVar [[r.ViewDistanceScale:1.0]]
[2023.09.24-21.30.27:545][  0]LogConfig: Applying CVar settings from Section [AntiAliasingQuality@3] File [C:/Unreal/Multiplayer_PingPong_Unreal/PingPong/Saved/Config/Windows/Scalability.ini]
[2023.09.24-21.30.27:545][  0]LogConfig: Setting CVar [[r.PostProcessAAQuality:4]]
[2023.09.24-21.30.27:545][  0]LogConfig: Applying CVar settings from Section [ShadowQuality@3] File [C:/Unreal/Multiplayer_PingPong_Unreal/PingPong/Saved/Config/Windows/Scalability.ini]
[2023.09.24-21.30.27:545][  0]LogConfig: Setting CVar [[r.LightFunctionQuality:1]]
[2023.09.24-21.30.27:545][  0]LogConfig: Setting CVar [[r.ShadowQuality:5]]
[2023.09.24-21.30.27:545][  0]LogConfig: Setting CVar [[r.Shadow.CSM.MaxCascades:10]]
[2023.09.24-21.30.27:545][  0]LogConfig: Setting CVar [[r.Shadow.MaxResolution:2048]]
[2023.09.24-21.30.27:545][  0]LogConfig: Setting CVar [[r.Shadow.MaxCSMResolution:2048]]
[2023.09.24-21.30.27:546][  0]LogConfig: Setting CVar [[r.Shadow.RadiusThreshold:0.01]]
[2023.09.24-21.30.27:546][  0]LogConfig: Setting CVar [[r.Shadow.DistanceScale:1.0]]
[2023.09.24-21.30.27:546][  0]LogConfig: Setting CVar [[r.Shadow.CSM.TransitionScale:1.0]]
[2023.09.24-21.30.27:546][  0]LogConfig: Setting CVar [[r.Shadow.PreShadowResolutionFactor:1.0]]
[2023.09.24-21.30.27:546][  0]LogConfig: Setting CVar [[r.DistanceFieldShadowing:1]]
[2023.09.24-21.30.27:546][  0]LogConfig: Setting CVar [[r.DistanceFieldAO:1]]
[2023.09.24-21.30.27:546][  0]LogConfig: Setting CVar [[r.AOQuality:2]]
[2023.09.24-21.30.27:546][  0]LogConfig: Setting CVar [[r.VolumetricFog:1]]
[2023.09.24-21.30.27:546][  0]LogConfig: Setting CVar [[r.VolumetricFog.GridPixelSize:8]]
[2023.09.24-21.30.27:546][  0]LogConfig: Setting CVar [[r.VolumetricFog.GridSizeZ:128]]
[2023.09.24-21.30.27:546][  0]LogConfig: Setting CVar [[r.VolumetricFog.HistoryMissSupersampleCount:4]]
[2023.09.24-21.30.27:547][  0]LogConfig: Setting CVar [[r.LightMaxDrawDistanceScale:1]]
[2023.09.24-21.30.27:547][  0]LogConfig: Setting CVar [[r.CapsuleShadows:1]]
[2023.09.24-21.30.27:547][  0]LogConfig: Applying CVar settings from Section [PostProcessQuality@3] File [C:/Unreal/Multiplayer_PingPong_Unreal/PingPong/Saved/Config/Windows/Scalability.ini]
[2023.09.24-21.30.27:547][  0]LogConfig: Setting CVar [[r.MotionBlurQuality:4]]
[2023.09.24-21.30.27:547][  0]LogConfig: Setting CVar [[r.AmbientOcclusionMipLevelFactor:0.4]]
[2023.09.24-21.30.27:547][  0]LogConfig: Setting CVar [[r.AmbientOcclusionMaxQuality:100]]
[2023.09.24-21.30.27:547][  0]LogConfig: Setting CVar [[r.AmbientOcclusionLevels:-1]]
[2023.09.24-21.30.27:547][  0]LogConfig: Setting CVar [[r.AmbientOcclusionRadiusScale:1.0]]
[2023.09.24-21.30.27:547][  0]LogConfig: Setting CVar [[r.DepthOfFieldQuality:2]]
[2023.09.24-21.30.27:548][  0]LogConfig: Setting CVar [[r.RenderTargetPoolMin:400]]
[2023.09.24-21.30.27:548][  0]LogConfig: Setting CVar [[r.LensFlareQuality:2]]
[2023.09.24-21.30.27:548][  0]LogConfig: Setting CVar [[r.SceneColorFringeQuality:1]]
[2023.09.24-21.30.27:548][  0]LogConfig: Setting CVar [[r.EyeAdaptationQuality:2]]
[2023.09.24-21.30.27:548][  0]LogConfig: Setting CVar [[r.BloomQuality:5]]
[2023.09.24-21.30.27:548][  0]LogConfig: Setting CVar [[r.FastBlurThreshold:100]]
[2023.09.24-21.30.27:548][  0]LogConfig: Setting CVar [[r.Upscale.Quality:3]]
[2023.09.24-21.30.27:548][  0]LogConfig: Setting CVar [[r.Tonemapper.GrainQuantization:1]]
[2023.09.24-21.30.27:548][  0]LogConfig: Setting CVar [[r.LightShaftQuality:1]]
[2023.09.24-21.30.27:548][  0]LogConfig: Setting CVar [[r.Filter.SizeScale:1]]
[2023.09.24-21.30.27:548][  0]LogConfig: Setting CVar [[r.Tonemapper.Quality:5]]
[2023.09.24-21.30.27:548][  0]LogConfig: Setting CVar [[r.DOF.Gather.AccumulatorQuality:1        ; higher gathering accumulator quality]]
[2023.09.24-21.30.27:548][  0]LogConfig: Setting CVar [[r.DOF.Gather.PostfilterMethod:1          ; Median3x3 postfilering method]]
[2023.09.24-21.30.27:549][  0]LogConfig: Setting CVar [[r.DOF.Gather.EnableBokehSettings:0       ; no bokeh simulation when gathering]]
[2023.09.24-21.30.27:549][  0]LogConfig: Setting CVar [[r.DOF.Gather.RingCount:4                 ; medium number of samples when gathering]]
[2023.09.24-21.30.27:549][  0]LogConfig: Setting CVar [[r.DOF.Scatter.ForegroundCompositing:1    ; additive foreground scattering]]
[2023.09.24-21.30.27:549][  0]LogConfig: Setting CVar [[r.DOF.Scatter.BackgroundCompositing:2    ; additive background scattering]]
[2023.09.24-21.30.27:549][  0]LogConfig: Setting CVar [[r.DOF.Scatter.EnableBokehSettings:1      ; bokeh simulation when scattering]]
[2023.09.24-21.30.27:549][  0]LogConfig: Setting CVar [[r.DOF.Scatter.MaxSpriteRatio:0.1         ; only a maximum of 10% of scattered bokeh]]
[2023.09.24-21.30.27:549][  0]LogConfig: Setting CVar [[r.DOF.Recombine.Quality:1                ; cheap slight out of focus]]
[2023.09.24-21.30.27:549][  0]LogConfig: Setting CVar [[r.DOF.Recombine.EnableBokehSettings:0    ; no bokeh simulation on slight out of focus]]
[2023.09.24-21.30.27:549][  0]LogConfig: Setting CVar [[r.DOF.TemporalAAQuality:1                ; more stable temporal accumulation]]
[2023.09.24-21.30.27:549][  0]LogConfig: Setting CVar [[r.DOF.Kernel.MaxForegroundRadius:0.025]]
[2023.09.24-21.30.27:549][  0]LogConfig: Setting CVar [[r.DOF.Kernel.MaxBackgroundRadius:0.025]]
[2023.09.24-21.30.27:550][  0]LogConfig: Applying CVar settings from Section [TextureQuality@3] File [C:/Unreal/Multiplayer_PingPong_Unreal/PingPong/Saved/Config/Windows/Scalability.ini]
[2023.09.24-21.30.27:550][  0]LogConfig: Setting CVar [[r.Streaming.MipBias:0]]
[2023.09.24-21.30.27:550][  0]LogConfig: Setting CVar [[r.Streaming.AmortizeCPUToGPUCopy:0]]
[2023.09.24-21.30.27:550][  0]LogConfig: Setting CVar [[r.Streaming.MaxNumTexturesToStreamPerFrame:0]]
[2023.09.24-21.30.27:550][  0]LogConfig: Setting CVar [[r.Streaming.Boost:1]]
[2023.09.24-21.30.27:550][  0]LogConfig: Setting CVar [[r.MaxAnisotropy:8]]
[2023.09.24-21.30.27:550][  0]LogConfig: Setting CVar [[r.VT.MaxAnisotropy:8]]
[2023.09.24-21.30.27:550][  0]LogConfig: Setting CVar [[r.Streaming.LimitPoolSizeToVRAM:0]]
[2023.09.24-21.30.27:550][  0]LogConfig: Setting CVar [[r.Streaming.PoolSize:1000]]
[2023.09.24-21.30.27:550][  0]LogConfig: Setting CVar [[r.Streaming.MaxEffectiveScreenSize:0]]
[2023.09.24-21.30.27:550][  0]LogConfig: Applying CVar settings from Section [EffectsQuality@3] File [C:/Unreal/Multiplayer_PingPong_Unreal/PingPong/Saved/Config/Windows/Scalability.ini]
[2023.09.24-21.30.27:550][  0]LogConfig: Setting CVar [[r.TranslucencyLightingVolumeDim:64]]
[2023.09.24-21.30.27:551][  0]LogConfig: Setting CVar [[r.RefractionQuality:2]]
[2023.09.24-21.30.27:551][  0]LogConfig: Setting CVar [[r.SSR.Quality:3]]
[2023.09.24-21.30.27:551][  0]LogConfig: Setting CVar [[r.SSR.HalfResSceneColor:0]]
[2023.09.24-21.30.27:551][  0]LogConfig: Setting CVar [[r.SceneColorFormat:4]]
[2023.09.24-21.30.27:551][  0]LogConfig: Setting CVar [[r.DetailMode:2]]
[2023.09.24-21.30.27:551][  0]LogConfig: Setting CVar [[r.TranslucencyVolumeBlur:1]]
[2023.09.24-21.30.27:551][  0]LogConfig: Setting CVar [[r.MaterialQualityLevel:1 ; High quality]]
[2023.09.24-21.30.27:551][  0]LogConfig: Setting CVar [[r.AnisotropicMaterials:1]]
[2023.09.24-21.30.27:551][  0]LogConfig: Setting CVar [[r.SSS.Scale:1]]
[2023.09.24-21.30.27:552][  0]LogConfig: Setting CVar [[r.SSS.SampleSet:2]]
[2023.09.24-21.30.27:552][  0]LogConfig: Setting CVar [[r.SSS.Quality:1]]
[2023.09.24-21.30.27:552][  0]LogConfig: Setting CVar [[r.SSS.HalfRes:0]]
[2023.09.24-21.30.27:552][  0]LogConfig: Setting CVar [[r.SSGI.Quality:3]]
[2023.09.24-21.30.27:552][  0]LogConfig: Setting CVar [[r.EmitterSpawnRateScale:1.0]]
[2023.09.24-21.30.27:552][  0]LogConfig: Setting CVar [[r.ParticleLightQuality:2]]
[2023.09.24-21.30.27:552][  0]LogConfig: Setting CVar [[r.SkyAtmosphere.AerialPerspectiveLUT.FastApplyOnOpaque:1 ; Always have FastSkyLUT 1 in this case to avoid wrong sky]]
[2023.09.24-21.30.27:552][  0]LogConfig: Setting CVar [[r.SkyAtmosphere.AerialPerspectiveLUT.SampleCountMaxPerSlice:4]]
[2023.09.24-21.30.27:552][  0]LogConfig: Setting CVar [[r.SkyAtmosphere.AerialPerspectiveLUT.DepthResolution:16.0]]
[2023.09.24-21.30.27:552][  0]LogConfig: Setting CVar [[r.SkyAtmosphere.FastSkyLUT:1]]
[2023.09.24-21.30.27:552][  0]LogConfig: Setting CVar [[r.SkyAtmosphere.FastSkyLUT.SampleCountMin:4.0]]
[2023.09.24-21.30.27:552][  0]LogConfig: Setting CVar [[r.SkyAtmosphere.FastSkyLUT.SampleCountMax:128.0]]
[2023.09.24-21.30.27:553][  0]LogConfig: Setting CVar [[r.SkyAtmosphere.SampleCountMin:4.0]]
[2023.09.24-21.30.27:553][  0]LogConfig: Setting CVar [[r.SkyAtmosphere.SampleCountMax:128.0]]
[2023.09.24-21.30.27:553][  0]LogConfig: Setting CVar [[r.SkyAtmosphere.TransmittanceLUT.UseSmallFormat:0]]
[2023.09.24-21.30.27:553][  0]LogConfig: Setting CVar [[r.SkyAtmosphere.TransmittanceLUT.SampleCount:10.0]]
[2023.09.24-21.30.27:553][  0]LogConfig: Setting CVar [[r.SkyAtmosphere.MultiScatteringLUT.SampleCount:15.0]]
[2023.09.24-21.30.27:553][  0]LogConfig: Setting CVar [[r.SkyLight.RealTimeReflectionCapture:1]]
[2023.09.24-21.30.27:553][  0]LogConfig: Applying CVar settings from Section [FoliageQuality@3] File [C:/Unreal/Multiplayer_PingPong_Unreal/PingPong/Saved/Config/Windows/Scalability.ini]
[2023.09.24-21.30.27:553][  0]LogConfig: Setting CVar [[foliage.DensityScale:1.0]]
[2023.09.24-21.30.27:553][  0]LogConfig: Setting CVar [[grass.DensityScale:1.0]]
[2023.09.24-21.30.27:553][  0]LogConfig: Applying CVar settings from Section [ShadingQuality@3] File [C:/Unreal/Multiplayer_PingPong_Unreal/PingPong/Saved/Config/Windows/Scalability.ini]
[2023.09.24-21.30.27:553][  0]LogConfig: Setting CVar [[r.HairStrands.SkyLighting.IntegrationType:2]]
[2023.09.24-21.30.27:554][  0]LogConfig: Setting CVar [[r.HairStrands.SkyAO.SampleCount:4]]
[2023.09.24-21.30.27:554][  0]LogConfig: Setting CVar [[r.HairStrands.Visibility.MSAA.SamplePerPixel:4]]
[2023.09.24-21.30.27:554][  0]LogInit: Selected Device Profile: [Windows]
[2023.09.24-21.30.27:554][  0]LogInit: Applying CVar settings loaded from the selected device profile: [Windows]
[2023.09.24-21.30.27:554][  0]LogHAL: Display: Platform has ~ 16 GB [16919035904 / 17179869184 / 16], which maps to Larger [LargestMinGB=32, LargerMinGB=12, DefaultMinGB=8, SmallerMinGB=6, SmallestMinGB=0)
[2023.09.24-21.30.27:554][  0]LogInit: Going up to parent DeviceProfile []
[2023.09.24-21.30.27:554][  0]LogConfig: Applying CVar settings from Section [ViewDistanceQuality@3] File [C:/Unreal/Multiplayer_PingPong_Unreal/PingPong/Saved/Config/Windows/Scalability.ini]
[2023.09.24-21.30.27:554][  0]LogConfig: Setting CVar [[r.SkeletalMeshLODBias:0]]
[2023.09.24-21.30.27:555][  0]LogConfig: Setting CVar [[r.ViewDistanceScale:1.0]]
[2023.09.24-21.30.27:555][  0]LogConfig: Applying CVar settings from Section [AntiAliasingQuality@3] File [C:/Unreal/Multiplayer_PingPong_Unreal/PingPong/Saved/Config/Windows/Scalability.ini]
[2023.09.24-21.30.27:555][  0]LogConfig: Setting CVar [[r.PostProcessAAQuality:4]]
[2023.09.24-21.30.27:555][  0]LogConfig: Applying CVar settings from Section [ShadowQuality@3] File [C:/Unreal/Multiplayer_PingPong_Unreal/PingPong/Saved/Config/Windows/Scalability.ini]
[2023.09.24-21.30.27:555][  0]LogConfig: Setting CVar [[r.LightFunctionQuality:1]]
[2023.09.24-21.30.27:555][  0]LogConfig: Setting CVar [[r.ShadowQuality:5]]
[2023.09.24-21.30.27:555][  0]LogConfig: Setting CVar [[r.Shadow.CSM.MaxCascades:10]]
[2023.09.24-21.30.27:555][  0]LogConfig: Setting CVar [[r.Shadow.MaxResolution:2048]]
[2023.09.24-21.30.27:555][  0]LogConfig: Setting CVar [[r.Shadow.MaxCSMResolution:2048]]
[2023.09.24-21.30.27:556][  0]LogConfig: Setting CVar [[r.Shadow.RadiusThreshold:0.01]]
[2023.09.24-21.30.27:556][  0]LogConfig: Setting CVar [[r.Shadow.DistanceScale:1.0]]
[2023.09.24-21.30.27:556][  0]LogConfig: Setting CVar [[r.Shadow.CSM.TransitionScale:1.0]]
[2023.09.24-21.30.27:556][  0]LogConfig: Setting CVar [[r.Shadow.PreShadowResolutionFactor:1.0]]
[2023.09.24-21.30.27:556][  0]LogConfig: Setting CVar [[r.DistanceFieldShadowing:1]]
[2023.09.24-21.30.27:556][  0]LogConfig: Setting CVar [[r.DistanceFieldAO:1]]
[2023.09.24-21.30.27:556][  0]LogConfig: Setting CVar [[r.AOQuality:2]]
[2023.09.24-21.30.27:556][  0]LogConfig: Setting CVar [[r.VolumetricFog:1]]
[2023.09.24-21.30.27:557][  0]LogConfig: Setting CVar [[r.VolumetricFog.GridPixelSize:8]]
[2023.09.24-21.30.27:557][  0]LogConfig: Setting CVar [[r.VolumetricFog.GridSizeZ:128]]
[2023.09.24-21.30.27:557][  0]LogConfig: Setting CVar [[r.VolumetricFog.HistoryMissSupersampleCount:4]]
[2023.09.24-21.30.27:557][  0]LogConfig: Setting CVar [[r.LightMaxDrawDistanceScale:1]]
[2023.09.24-21.30.27:557][  0]LogConfig: Setting CVar [[r.CapsuleShadows:1]]
[2023.09.24-21.30.27:557][  0]LogConfig: Applying CVar settings from Section [PostProcessQuality@3] File [C:/Unreal/Multiplayer_PingPong_Unreal/PingPong/Saved/Config/Windows/Scalability.ini]
[2023.09.24-21.30.27:557][  0]LogConfig: Setting CVar [[r.MotionBlurQuality:4]]
[2023.09.24-21.30.27:557][  0]LogConfig: Setting CVar [[r.AmbientOcclusionMipLevelFactor:0.4]]
[2023.09.24-21.30.27:557][  0]LogConfig: Setting CVar [[r.AmbientOcclusionMaxQuality:100]]
[2023.09.24-21.30.27:557][  0]LogConfig: Setting CVar [[r.AmbientOcclusionLevels:-1]]
[2023.09.24-21.30.27:557][  0]LogConfig: Setting CVar [[r.AmbientOcclusionRadiusScale:1.0]]
[2023.09.24-21.30.27:558][  0]LogConfig: Setting CVar [[r.DepthOfFieldQuality:2]]
[2023.09.24-21.30.27:558][  0]LogConfig: Setting CVar [[r.RenderTargetPoolMin:400]]
[2023.09.24-21.30.27:558][  0]LogConfig: Setting CVar [[r.LensFlareQuality:2]]
[2023.09.24-21.30.27:558][  0]LogConfig: Setting CVar [[r.SceneColorFringeQuality:1]]
[2023.09.24-21.30.27:558][  0]LogConfig: Setting CVar [[r.EyeAdaptationQuality:2]]
[2023.09.24-21.30.27:558][  0]LogConfig: Setting CVar [[r.BloomQuality:5]]
[2023.09.24-21.30.27:558][  0]LogConfig: Setting CVar [[r.FastBlurThreshold:100]]
[2023.09.24-21.30.27:558][  0]LogConfig: Setting CVar [[r.Upscale.Quality:3]]
[2023.09.24-21.30.27:558][  0]LogConfig: Setting CVar [[r.Tonemapper.GrainQuantization:1]]
[2023.09.24-21.30.27:558][  0]LogConfig: Setting CVar [[r.LightShaftQuality:1]]
[2023.09.24-21.30.27:559][  0]LogConfig: Setting CVar [[r.Filter.SizeScale:1]]
[2023.09.24-21.30.27:559][  0]LogConfig: Setting CVar [[r.Tonemapper.Quality:5]]
[2023.09.24-21.30.27:559][  0]LogConfig: Setting CVar [[r.DOF.Gather.AccumulatorQuality:1        ; higher gathering accumulator quality]]
[2023.09.24-21.30.27:559][  0]LogConfig: Setting CVar [[r.DOF.Gather.PostfilterMethod:1          ; Median3x3 postfilering method]]
[2023.09.24-21.30.27:559][  0]LogConfig: Setting CVar [[r.DOF.Gather.EnableBokehSettings:0       ; no bokeh simulation when gathering]]
[2023.09.24-21.30.27:559][  0]LogConfig: Setting CVar [[r.DOF.Gather.RingCount:4                 ; medium number of samples when gathering]]
[2023.09.24-21.30.27:559][  0]LogConfig: Setting CVar [[r.DOF.Scatter.ForegroundCompositing:1    ; additive foreground scattering]]
[2023.09.24-21.30.27:559][  0]LogConfig: Setting CVar [[r.DOF.Scatter.BackgroundCompositing:2    ; additive background scattering]]
[2023.09.24-21.30.27:559][  0]LogConfig: Setting CVar [[r.DOF.Scatter.EnableBokehSettings:1      ; bokeh simulation when scattering]]
[2023.09.24-21.30.27:559][  0]LogConfig: Setting CVar [[r.DOF.Scatter.MaxSpriteRatio:0.1         ; only a maximum of 10% of scattered bokeh]]
[2023.09.24-21.30.27:559][  0]LogConfig: Setting CVar [[r.DOF.Recombine.Quality:1                ; cheap slight out of focus]]
[2023.09.24-21.30.27:560][  0]LogConfig: Setting CVar [[r.DOF.Recombine.EnableBokehSettings:0    ; no bokeh simulation on slight out of focus]]
[2023.09.24-21.30.27:560][  0]LogConfig: Setting CVar [[r.DOF.TemporalAAQuality:1                ; more stable temporal accumulation]]
[2023.09.24-21.30.27:560][  0]LogConfig: Setting CVar [[r.DOF.Kernel.MaxForegroundRadius:0.025]]
[2023.09.24-21.30.27:560][  0]LogConfig: Setting CVar [[r.DOF.Kernel.MaxBackgroundRadius:0.025]]
[2023.09.24-21.30.27:560][  0]LogConfig: Applying CVar settings from Section [TextureQuality@3] File [C:/Unreal/Multiplayer_PingPong_Unreal/PingPong/Saved/Config/Windows/Scalability.ini]
[2023.09.24-21.30.27:560][  0]LogConfig: Setting CVar [[r.Streaming.MipBias:0]]
[2023.09.24-21.30.27:560][  0]LogConfig: Setting CVar [[r.Streaming.AmortizeCPUToGPUCopy:0]]
[2023.09.24-21.30.27:560][  0]LogConfig: Setting CVar [[r.Streaming.MaxNumTexturesToStreamPerFrame:0]]
[2023.09.24-21.30.27:560][  0]LogConfig: Setting CVar [[r.Streaming.Boost:1]]
[2023.09.24-21.30.27:560][  0]LogConfig: Setting CVar [[r.MaxAnisotropy:8]]
[2023.09.24-21.30.27:561][  0]LogConfig: Setting CVar [[r.VT.MaxAnisotropy:8]]
[2023.09.24-21.30.27:561][  0]LogConfig: Setting CVar [[r.Streaming.LimitPoolSizeToVRAM:0]]
[2023.09.24-21.30.27:561][  0]LogConfig: Setting CVar [[r.Streaming.PoolSize:1000]]
[2023.09.24-21.30.27:561][  0]LogConfig: Setting CVar [[r.Streaming.MaxEffectiveScreenSize:0]]
[2023.09.24-21.30.27:561][  0]LogConfig: Applying CVar settings from Section [EffectsQuality@3] File [C:/Unreal/Multiplayer_PingPong_Unreal/PingPong/Saved/Config/Windows/Scalability.ini]
[2023.09.24-21.30.27:561][  0]LogConfig: Setting CVar [[r.TranslucencyLightingVolumeDim:64]]
[2023.09.24-21.30.27:561][  0]LogConfig: Setting CVar [[r.RefractionQuality:2]]
[2023.09.24-21.30.27:561][  0]LogConfig: Setting CVar [[r.SSR.Quality:3]]
[2023.09.24-21.30.27:561][  0]LogConfig: Setting CVar [[r.SSR.HalfResSceneColor:0]]
[2023.09.24-21.30.27:561][  0]LogConfig: Setting CVar [[r.SceneColorFormat:4]]
[2023.09.24-21.30.27:562][  0]LogConfig: Setting CVar [[r.DetailMode:2]]
[2023.09.24-21.30.27:562][  0]LogConfig: Setting CVar [[r.TranslucencyVolumeBlur:1]]
[2023.09.24-21.30.27:562][  0]LogConfig: Setting CVar [[r.MaterialQualityLevel:1 ; High quality]]
[2023.09.24-21.30.27:562][  0]LogConfig: Setting CVar [[r.AnisotropicMaterials:1]]
[2023.09.24-21.30.27:562][  0]LogConfig: Setting CVar [[r.SSS.Scale:1]]
[2023.09.24-21.30.27:562][  0]LogConfig: Setting CVar [[r.SSS.SampleSet:2]]
[2023.09.24-21.30.27:562][  0]LogConfig: Setting CVar [[r.SSS.Quality:1]]
[2023.09.24-21.30.27:562][  0]LogConfig: Setting CVar [[r.SSS.HalfRes:0]]
[2023.09.24-21.30.27:562][  0]LogConfig: Setting CVar [[r.SSGI.Quality:3]]
[2023.09.24-21.30.27:562][  0]LogConfig: Setting CVar [[r.EmitterSpawnRateScale:1.0]]
[2023.09.24-21.30.27:563][  0]LogConfig: Setting CVar [[r.ParticleLightQuality:2]]
[2023.09.24-21.30.27:563][  0]LogConfig: Setting CVar [[r.SkyAtmosphere.AerialPerspectiveLUT.FastApplyOnOpaque:1 ; Always have FastSkyLUT 1 in this case to avoid wrong sky]]
[2023.09.24-21.30.27:563][  0]LogConfig: Setting CVar [[r.SkyAtmosphere.AerialPerspectiveLUT.SampleCountMaxPerSlice:4]]
[2023.09.24-21.30.27:563][  0]LogConfig: Setting CVar [[r.SkyAtmosphere.AerialPerspectiveLUT.DepthResolution:16.0]]
[2023.09.24-21.30.27:563][  0]LogConfig: Setting CVar [[r.SkyAtmosphere.FastSkyLUT:1]]
[2023.09.24-21.30.27:563][  0]LogConfig: Setting CVar [[r.SkyAtmosphere.FastSkyLUT.SampleCountMin:4.0]]
[2023.09.24-21.30.27:563][  0]LogConfig: Setting CVar [[r.SkyAtmosphere.FastSkyLUT.SampleCountMax:128.0]]
[2023.09.24-21.30.27:563][  0]LogConfig: Setting CVar [[r.SkyAtmosphere.SampleCountMin:4.0]]
[2023.09.24-21.30.27:563][  0]LogConfig: Setting CVar [[r.SkyAtmosphere.SampleCountMax:128.0]]
[2023.09.24-21.30.27:563][  0]LogConfig: Setting CVar [[r.SkyAtmosphere.TransmittanceLUT.UseSmallFormat:0]]
[2023.09.24-21.30.27:564][  0]LogConfig: Setting CVar [[r.SkyAtmosphere.TransmittanceLUT.SampleCount:10.0]]
[2023.09.24-21.30.27:564][  0]LogConfig: Setting CVar [[r.SkyAtmosphere.MultiScatteringLUT.SampleCount:15.0]]
[2023.09.24-21.30.27:564][  0]LogConfig: Setting CVar [[r.SkyLight.RealTimeReflectionCapture:1]]
[2023.09.24-21.30.27:564][  0]LogConfig: Applying CVar settings from Section [FoliageQuality@3] File [C:/Unreal/Multiplayer_PingPong_Unreal/PingPong/Saved/Config/Windows/Scalability.ini]
[2023.09.24-21.30.27:564][  0]LogConfig: Setting CVar [[foliage.DensityScale:1.0]]
[2023.09.24-21.30.27:564][  0]LogConfig: Setting CVar [[grass.DensityScale:1.0]]
[2023.09.24-21.30.27:564][  0]LogConfig: Applying CVar settings from Section [ShadingQuality@3] File [C:/Unreal/Multiplayer_PingPong_Unreal/PingPong/Saved/Config/Windows/Scalability.ini]
[2023.09.24-21.30.27:564][  0]LogConfig: Setting CVar [[r.HairStrands.SkyLighting.IntegrationType:2]]
[2023.09.24-21.30.27:564][  0]LogConfig: Setting CVar [[r.HairStrands.SkyAO.SampleCount:4]]
[2023.09.24-21.30.27:565][  0]LogConfig: Setting CVar [[r.HairStrands.Visibility.MSAA.SamplePerPixel:4]]
[2023.09.24-21.30.27:565][  0]LogConfig: Applying CVar settings from Section [Startup] File [../../../Engine/Config/ConsoleVariables.ini]
[2023.09.24-21.30.27:565][  0]LogConfig: Setting CVar [[net.UseAdaptiveNetUpdateFrequency:0]]
[2023.09.24-21.30.27:565][  0]LogConfig: Setting CVar [[p.chaos.AllowCreatePhysxBodies:1]]
[2023.09.24-21.30.27:565][  0]LogConfig: Setting CVar [[fx.SkipVectorVMBackendOptimizations:1]]
[2023.09.24-21.30.27:565][  0]LogConfig: Applying CVar settings from Section [ConsoleVariables] File [C:/Unreal/Multiplayer_PingPong_Unreal/PingPong/Saved/Config/Windows/Engine.ini]
[2023.09.24-21.30.27:566][  0]LogConfig: Applying CVar settings from Section [ConsoleVariables] File [C:/Unreal/Multiplayer_PingPong_Unreal/PingPong/Saved/Config/Windows/Editor.ini]
[2023.09.24-21.30.27:566][  0]LogInit: Computer: DESKTOP-UQ10HGU
[2023.09.24-21.30.27:566][  0]LogInit: User: Golem
[2023.09.24-21.30.27:566][  0]LogInit: CPU Page size=4096, Cores=4
[2023.09.24-21.30.27:566][  0]LogInit: High frequency timer resolution =10.000000 MHz
[2023.09.24-21.30.27:566][  0]LogMemory: Memory total: Physical=15.8GB (16GB approx)
[2023.09.24-21.30.27:566][  0]LogMemory: Platform Memory Stats for Windows
[2023.09.24-21.30.27:566][  0]LogMemory: Process Physical Memory: 140.49 MB used, 140.50 MB peak
[2023.09.24-21.30.27:566][  0]LogMemory: Process Virtual Memory: 115.64 MB used, 115.64 MB peak
[2023.09.24-21.30.27:566][  0]LogMemory: Physical Memory: 11406.13 MB used,  4729.12 MB free, 16135.25 MB total
[2023.09.24-21.30.27:567][  0]LogMemory: Virtual Memory: 134205584.00 MB used,  12144.19 MB free, 134217728.00 MB total
[2023.09.24-21.30.27:585][  0]LogWindows: WindowsPlatformFeatures enabled
[2023.09.24-21.30.27:826][  0]LogInit: Physics initialised using underlying interface: PhysX
[2023.09.24-21.30.27:828][  0]LogInit: Using OS detected language (en-US).
[2023.09.24-21.30.27:828][  0]LogInit: Using OS detected locale (en-US).
[2023.09.24-21.30.27:856][  0]LogTextLocalizationManager: No specific localization for 'en-US' exists, so the 'en' localization will be used.
[2023.09.24-21.30.28:345][  0]LogInit: Setting process to per monitor DPI aware
[2023.09.24-21.30.28:378][  0]LogWindowsTextInputMethodSystem: Display: IME system deactivated.
[2023.09.24-21.30.28:417][  0]LogSlate: New Slate User Created.  User Index 0, Is Virtual User: 0
[2023.09.24-21.30.28:418][  0]LogSlate: Slate User Registered.  User Index 0, Is Virtual User: 0
[2023.09.24-21.30.28:818][  0]LogD3D11RHI: Loaded GFSDK_Aftermath_Lib.x64.dll
[2023.09.24-21.30.28:829][  0]LogHMD: Failed to initialize OpenVR with code 110
[2023.09.24-21.30.28:829][  0]LogD3D11RHI: D3D11 min allowed feature level: 11_0
[2023.09.24-21.30.28:830][  0]LogD3D11RHI: D3D11 max allowed feature level: 11_0
[2023.09.24-21.30.28:830][  0]LogD3D11RHI: D3D11 adapters:
[2023.09.24-21.30.29:632][  0]LogD3D11RHI:    0. 'Radeon (TM) 520' (Feature Level 11_0)
[2023.09.24-21.30.29:632][  0]LogD3D11RHI:       2039/0/8067 MB DedicatedVideo/DedicatedSystem/SharedSystem, Outputs:2, VendorId:0x1002
[2023.09.24-21.30.29:692][  0]LogD3D11RHI:    1. 'Intel(R) UHD Graphics 620' (Feature Level 11_0)
[2023.09.24-21.30.29:692][  0]LogD3D11RHI:       128/0/8067 MB DedicatedVideo/DedicatedSystem/SharedSystem, Outputs:0, VendorId:0x8086
[2023.09.24-21.30.29:700][  0]LogD3D11RHI:    2. 'Microsoft Basic Render Driver' (Feature Level 11_0)
[2023.09.24-21.30.29:700][  0]LogD3D11RHI:       0/0/8067 MB DedicatedVideo/DedicatedSystem/SharedSystem, Outputs:0, VendorId:0x1414
[2023.09.24-21.30.29:700][  0]LogD3D11RHI: Chosen D3D11 Adapter:
[2023.09.24-21.30.29:700][  0]LogD3D11RHI:     Description : Radeon (TM) 520
[2023.09.24-21.30.29:700][  0]LogD3D11RHI:     VendorId    : 1002
[2023.09.24-21.30.29:700][  0]LogD3D11RHI:     DeviceId    : 6665
[2023.09.24-21.30.29:700][  0]LogD3D11RHI:     SubSysId    : 83f1028
[2023.09.24-21.30.29:700][  0]LogD3D11RHI:     Revision    : 00c3
[2023.09.24-21.30.29:700][  0]LogD3D11RHI:     DedicatedVideoMemory : 2138300416 bytes
[2023.09.24-21.30.29:700][  0]LogD3D11RHI:     DedicatedSystemMemory : 0 bytes
[2023.09.24-21.30.29:701][  0]LogD3D11RHI:     SharedSystemMemory : 8459517952 bytes
[2023.09.24-21.30.29:701][  0]LogD3D11RHI:     AdapterLuid : 0 51420
[2023.09.24-21.30.29:708][  0]LogD3D11RHI: Creating new Direct3DDevice
[2023.09.24-21.30.29:708][  0]LogD3D11RHI:     GPU DeviceId: 0x6665 (for the marketing name, search the web for "GPU Device Id")
[2023.09.24-21.30.29:708][  0]LogWindows: EnumDisplayDevices:
[2023.09.24-21.30.29:708][  0]LogWindows:    0. 'Intel(R) UHD Graphics 620' (P:0 D:1)
[2023.09.24-21.30.29:709][  0]LogWindows:    1. 'Intel(R) UHD Graphics 620' (P:1 D:1)
[2023.09.24-21.30.29:709][  0]LogWindows:    2. 'Intel(R) UHD Graphics 620' (P:0 D:0)
[2023.09.24-21.30.29:710][  0]LogWindows: DebugString: PrimaryIsNotTheChoosenAdapter PrimaryIsNotTheChoosenAdapter PrimaryIsNotTheChoosenAdapter FoundDriverCount:0 
[2023.09.24-21.30.29:710][  0]LogD3D11RHI:     Adapter Name: Radeon (TM) 520
[2023.09.24-21.30.29:710][  0]LogD3D11RHI:   Driver Version: Unknown (internal:Unknown, unified:Unknown)
[2023.09.24-21.30.29:710][  0]LogD3D11RHI:      Driver Date: Unknown
[2023.09.24-21.30.29:710][  0]LogRHI: Texture pool is 1213 MB (70% of 1733 MB)
[2023.09.24-21.30.29:738][  0]LogD3D11RHI: Creating D3DDevice with AMD AGS, using adapter:
[2023.09.24-21.30.29:738][  0]LogD3D11RHI:     Description : Radeon (TM) 520
[2023.09.24-21.30.29:738][  0]LogD3D11RHI:     VendorId    : 1002
[2023.09.24-21.30.29:738][  0]LogD3D11RHI:     DeviceId    : 6665
[2023.09.24-21.30.29:739][  0]LogD3D11RHI:     SubSysId    : 83f1028
[2023.09.24-21.30.29:739][  0]LogD3D11RHI:     Revision    : 00c3
[2023.09.24-21.30.29:739][  0]LogD3D11RHI:     DedicatedVideoMemory : 2138300416 bytes
[2023.09.24-21.30.29:739][  0]LogD3D11RHI:     DedicatedSystemMemory : 0 bytes
[2023.09.24-21.30.29:739][  0]LogD3D11RHI:     SharedSystemMemory : 8459517952 bytes
[2023.09.24-21.30.29:739][  0]LogD3D11RHI:     AdapterLuid : 0 51420
[2023.09.24-21.30.29:833][  0]LogD3D11RHI: Created device via AGS, feature level 11_0, supported extensions 1fffffbf.
[2023.09.24-21.30.29:834][  0]LogD3D11RHI: RHI has support for 64 bit atomics
[2023.09.24-21.30.29:834][  0]LogD3D11RHI: Async texture creation enabled
[2023.09.24-21.30.29:834][  0]LogD3D11RHI: Array index from any shader is supported
[2023.09.24-21.30.29:853][  0]LogD3D11RHI: GPU Timing Frequency: 27.000000 (Debug: 2 1)
[2023.09.24-21.30.30:213][  0]LogTargetPlatformManager: Display: Loaded TargetPlatform 'AllDesktop'
[2023.09.24-21.30.30:241][  0]LogTargetPlatformManager: Display: Loaded TargetPlatform 'Android'
[2023.09.24-21.30.30:242][  0]LogTargetPlatformManager: Display: Loaded TargetPlatform 'Android_ASTC'
[2023.09.24-21.30.30:242][  0]LogTargetPlatformManager: Display: Loaded TargetPlatform 'Android_DXT'
[2023.09.24-21.30.30:242][  0]LogTargetPlatformManager: Display: Loaded TargetPlatform 'Android_ETC2'
[2023.09.24-21.30.30:242][  0]LogTargetPlatformManager: Display: Loaded TargetPlatform 'AndroidClient'
[2023.09.24-21.30.30:242][  0]LogTargetPlatformManager: Display: Loaded TargetPlatform 'Android_ASTCClient'
[2023.09.24-21.30.30:242][  0]LogTargetPlatformManager: Display: Loaded TargetPlatform 'Android_DXTClient'
[2023.09.24-21.30.30:242][  0]LogTargetPlatformManager: Display: Loaded TargetPlatform 'Android_ETC2Client'
[2023.09.24-21.30.30:242][  0]LogTargetPlatformManager: Display: Loaded TargetPlatform 'Android_Multi'
[2023.09.24-21.30.30:242][  0]LogTargetPlatformManager: Display: Loaded TargetPlatform 'Android_MultiClient'
[2023.09.24-21.30.30:275][  0]LogTargetPlatformManager: Display: Loaded TargetPlatform 'IOSClient'
[2023.09.24-21.30.30:275][  0]LogTargetPlatformManager: Display: Loaded TargetPlatform 'IOS'
[2023.09.24-21.30.30:291][  0]LogTargetPlatformManager: Display: Loaded TargetPlatform 'Linux'
[2023.09.24-21.30.30:301][  0]LogTargetPlatformManager: Display: Loaded TargetPlatform 'LinuxNoEditor'
[2023.09.24-21.30.30:309][  0]LogTargetPlatformManager: Display: Loaded TargetPlatform 'LinuxClient'
[2023.09.24-21.30.30:317][  0]LogTargetPlatformManager: Display: Loaded TargetPlatform 'LinuxServer'
[2023.09.24-21.30.30:332][  0]LogTargetPlatformManager: Display: Loaded TargetPlatform 'LinuxAArch64NoEditor'
[2023.09.24-21.30.30:340][  0]LogTargetPlatformManager: Display: Loaded TargetPlatform 'LinuxAArch64Client'
[2023.09.24-21.30.30:349][  0]LogTargetPlatformManager: Display: Loaded TargetPlatform 'LinuxAArch64Server'
[2023.09.24-21.30.30:382][  0]LogTargetPlatformManager: Display: Loaded TargetPlatform 'Lumin'
[2023.09.24-21.30.30:382][  0]LogTargetPlatformManager: Display: Loaded TargetPlatform 'LuminClient'
[2023.09.24-21.30.30:395][  0]LogTargetPlatformManager: Display: Loaded TargetPlatform 'MacNoEditor'
[2023.09.24-21.30.30:403][  0]LogTargetPlatformManager: Display: Loaded TargetPlatform 'Mac'
[2023.09.24-21.30.30:412][  0]LogTargetPlatformManager: Display: Loaded TargetPlatform 'MacClient'
[2023.09.24-21.30.30:421][  0]LogTargetPlatformManager: Display: Loaded TargetPlatform 'MacServer'
[2023.09.24-21.30.30:436][  0]LogTargetPlatformManager: Display: Loaded TargetPlatform 'TVOSClient'
[2023.09.24-21.30.30:436][  0]LogTargetPlatformManager: Display: Loaded TargetPlatform 'TVOS'
[2023.09.24-21.30.30:451][  0]LogTargetPlatformManager: Display: Loaded TargetPlatform 'WindowsNoEditor'
[2023.09.24-21.30.30:459][  0]LogTargetPlatformManager: Display: Loaded TargetPlatform 'Windows'
[2023.09.24-21.30.30:467][  0]LogTargetPlatformManager: Display: Loaded TargetPlatform 'WindowsClient'
[2023.09.24-21.30.30:476][  0]LogTargetPlatformManager: Display: Loaded TargetPlatform 'WindowsServer'
[2023.09.24-21.30.30:476][  0]LogTargetPlatformManager: Display: Building Assets For Windows
[2023.09.24-21.30.30:497][  0]LogAudioDebug: Display: Lib vorbis DLL was dynamically loaded.
[2023.09.24-21.30.30:574][  0]LogTextureFormatOodle: Display: Oodle Texture 2.9.0 init RDO Off
[2023.09.24-21.30.30:667][  0]LogRendererCore: Ray tracing is disabled. Reason: r.RayTracing=0.
[2023.09.24-21.30.30:668][  0]LogShaderCompilers: Guid format shader working directory is -16 characters bigger than the processId version (../../../../../../Unreal/Multiplayer_PingPong_Unreal/PingPong/Intermediate/Shaders/WorkingDirectory/16236/).
[2023.09.24-21.30.30:668][  0]LogShaderCompilers: Cleaned the shader compiler working directory 'C:/Users/Golem/AppData/Local/Temp/UnrealShaderWorkingDir/0F73E9494A3EA617C09516B1123FE208/'.
[2023.09.24-21.30.30:668][  0]LogXGEController: Cannot use XGE Controller as Incredibuild is not installed on this machine.
[2023.09.24-21.30.30:669][  0]LogShaderCompilers: Cannot use XGE Shader Compiler as Incredibuild is not installed on this machine.
[2023.09.24-21.30.30:669][  0]LogShaderCompilers: Display: Using Local Shader Compiler.
[2023.09.24-21.30.31:831][  0]LogDerivedDataCache: Display: Max Cache Size: 512 MB
[2023.09.24-21.30.32:081][  0]LogDerivedDataCache: Loaded boot cache 0.25s 94MB C:/Users/Golem/AppData/Local/UnrealEngine/4.27/DerivedDataCache/Boot.ddc.
[2023.09.24-21.30.32:081][  0]LogDerivedDataCache: Display: Loaded Boot cache: C:/Users/Golem/AppData/Local/UnrealEngine/4.27/DerivedDataCache/Boot.ddc
[2023.09.24-21.30.32:081][  0]LogDerivedDataCache: FDerivedDataBackendGraph:  Pak pak cache file ../../../../../../Unreal/Multiplayer_PingPong_Unreal/PingPong/DerivedDataCache/DDC.ddp not found, will not use a pak cache.
[2023.09.24-21.30.32:081][  0]LogDerivedDataCache: Unable to find inner node Pak for hierarchical cache Hierarchy.
[2023.09.24-21.30.32:082][  0]LogDerivedDataCache: FDerivedDataBackendGraph:  CompressedPak pak cache file ../../../../../../Unreal/Multiplayer_PingPong_Unreal/PingPong/DerivedDataCache/Compressed.ddp not found, will not use a pak cache.
[2023.09.24-21.30.32:082][  0]LogDerivedDataCache: Unable to find inner node CompressedPak for hierarchical cache Hierarchy.
[2023.09.24-21.30.32:104][  0]LogDerivedDataCache: Display: Pak cache opened for reading ../../../Engine/DerivedDataCache/Compressed.ddp.
[2023.09.24-21.30.32:104][  0]LogDerivedDataCache: FDerivedDataBackendGraph:  EnterprisePak pak cache file ../../../Enterprise/DerivedDataCache/Compressed.ddp not found, will not use a pak cache.
[2023.09.24-21.30.32:105][  0]LogDerivedDataCache: Unable to find inner node EnterprisePak for hierarchical cache Hierarchy.
[2023.09.24-21.30.32:121][  0]LogDerivedDataCache: Speed tests for C:/Users/Golem/AppData/Local/UnrealEngine/Common/DerivedDataCache took 0.02 seconds
[2023.09.24-21.30.32:121][  0]LogDerivedDataCache: Display: Performance to C:/Users/Golem/AppData/Local/UnrealEngine/Common/DerivedDataCache: Latency=0.10ms. RandomReadSpeed=121.94MBs, RandomWriteSpeed=126.58MBs. Assigned SpeedClass 'Local'
[2023.09.24-21.30.32:128][  0]LogDerivedDataCache: Using Local data cache path C:/Users/Golem/AppData/Local/UnrealEngine/Common/DerivedDataCache: Writable
[2023.09.24-21.30.32:128][  0]LogDerivedDataCache: Shared data cache path not found in *engine.ini, will not use an Shared cache.
[2023.09.24-21.30.32:129][  0]LogDerivedDataCache: Unable to find inner node Shared for hierarchical cache Hierarchy.
[2023.09.24-21.30.32:192][  0]LogSlate: Using FreeType 2.10.0
[2023.09.24-21.30.32:194][  0]LogSlate: SlateFontServices - WITH_FREETYPE: 1, WITH_HARFBUZZ: 1
[2023.09.24-21.30.32:239][  0]LogAssetRegistry: FAssetRegistry took 0.0058 seconds to start up
[2023.09.24-21.30.32:566][  0]LogInit: Selected Device Profile: [Windows]
[2023.09.24-21.30.32:566][  0]LogInit: Active device profile: [00000227A0E20900][0000022793FD4680 49] Windows
[2023.09.24-21.30.32:566][  0]LogInit: Profiles: [00000227A0E20900][0000022793FD4680 49] Windows, [00000227A0DD7800][0000022793FD87C0 49] WindowsNoEditor, [00000227A0E23500][0000022793FDC900 49] WindowsServer, [00000227A0DD4E00][0000022793FE0A40 49] WindowsClient, [00000227A0E23800][0000022793FE4B80 49] IOS, [00000227A0DD6800][0000022793FECD00 49] iPadAir, [00000227A0E22000][0000022793FF0E80 49] iPadAir2, [00000227A0D88A00][000002279F32F140 49] IPadPro, [00000227A0D88B00][000002279F32B180 49] iPadAir3, [00000227A0DD5800][000002279F333300 49] iPadAir4, [00000227A0D8B400][000002279F337480 49] iPadMini2, [00000227A0DD6A00][000002279F33B600 49] iPadMini3, [00000227A0D89700][000002279F33F780 49] iPadMini4, [00000227A0E21000][000002279F343900 49] iPadMini5, [00000227A0DA4300][000002279F34BBC0 49] iPhone6, [00000227A0DA4400][000002279F347C00 49] iPodTouch6, [00000227A0D8B600][000002279F352340 49] iPhone7, [00000227A0D89800][000002279F34E380 49] iPodTouch7, [00000227A0DA7F00][000002279F356500 49] iPhone5S, [00000227A0DD6300][000002279F35A680 49] iPhone6Plus, [00000227A0D88200][000002279F35E800 49] iPhone6S, [00000227A0DD6200][0000022793FE8940 49] iPhone6SPlus, [00000227A0D8BC00][000002279F362A80 49] iPhone7Plus, [00000227A0DD4100][000002279F366BC0 49] iPhoneSE, [00000227A0D8B500][000002279F36AD00 49] iPhone8, [00000227A0DD5E00][000002279F372E80 49] iPhone8Plus, [00000227A0D89000][000002279F377000 49] iPhoneX, [00000227A0DD4A00][000002279F37B180 49] iPhoneXS, [00000227A0D89200][00000227A154F300 49] iPhoneXSMax, [00000227A0DD5500][00000227A1553480 49] iPhoneXR, [00000227A0D8B700][00000227A1557600 49] iPhone11, [00000227A0DD4D00][00000227A155B780 49] iPhone11Pro, [00000227A0D8B800][00000227A155F900 49] iPhone11ProMax, [00000227A0DD4F00][00000227A1563A80 49] iPhoneSE2, [00000227A0D8AE00][00000227A1567C00 49] iPhone12Mini, [00000227A0DD7100][00000227A156A200 49] iPhone12, [00000227A0D8AB00][00000227A156E380 49] iPhone12Pro, [00000227A0DD4800][00000227A1572500 49] iPhone12ProMax, [00000227A0D8A300][00000227A1576680 49] iPadPro105, [00000227A0DD6F00][00000227A157A800 49] iPadPro129, [00000227A0D8A000][00000227A157E980 49] iPadPro97, [00000227A0DD5300][00000227A1582B00 49] iPadPro2_129, [00000227A0D89A00][000002279F36EC40 49] iPad5, [00000227A0DD5A00][00000227A1586D80 49] iPad6, [00000227A0D8A800][00000227A158AEC0 49] iPad7, [00000227A0DD4C00][00000227A1593040 49] iPad8, [00000227A0D8B200][00000227A15971C0 49] iPadPro11, [00000227A0DD5600][00000227A159B340 49] iPadPro2_11, [00000227A0D89C00][00000227A159F4C0 49] iPadPro3_129, [00000227A0DD7900][00000227A15A3640 49] iPadPro4_129, [00000227A0D89500][00000227A15A77C0 49] AppleTV, [00000227A0DD4300][00000227A15AB940 49] AppleTV4K, [00000227A0D88100][00000227A15AFAC0 49] TVOS, [00000227A0DD6400][00000227A15B20C0 49] Mac, [00000227A0D8A100][00000227A15B6240 49] MacClient, [00000227A0DD7400][00000227A15BA3C0 49] MacNoEditor, [00000227A0D89F00][00000227A15BE540 49] MacServer, [00000227A0DD4600][00000227A15C26C0 49] Linux, [00000227A0D8A200][00000227A15C6840 49] LinuxAArch64, [00000227A0DD7600][00000227A15CA9C0 49] LinuxNoEditor, [00000227A0D89D00][00000227A15CEB40 49] LinuxAArch64NoEditor, [00000227A0DD5400][00000227A15D2CC0 49] LinuxClient, [00000227A0D8B100][00000227A158EE00 49] LinuxAArch64Client, [00000227A0DD5900][00000227A15D6F40 49] LinuxServer, [00000227A0D8B000][00000227A15DB080 49] LinuxAArch64Server, [00000227A0DD6600][00000227A15DF1C0 49] Android, [00000227A0D88700][00000227A15E7340 49] Android_Low, [00000227A0DD5B00][00000227A15EB4C0 49] Android_Mid, [00000227A0E23A00][00000227A15EF640 49] Android_High, [00000227A0DA5C00][00000227A15F37C0 49] Android_Default, [00000227A0E22100][00000227A15F7940 49] Android_Adreno4xx, [00000227A0DA6700][00000227A15FBAC0 49] Android_Adreno5xx_Low, [00000227A0E20B00][00000227A15FE0C0 49] Android_Adreno5xx, [00000227A0DA6D00][00000227A1602240 49] Android_Adreno6xx, [00000227A0E21200][00000227A16063C0 49] Android_Adreno6xx_Vulkan, [00000227A0DA6800][00000227A160A540 49] Android_Mali_T6xx, [00000227A0E23200][00000227A160E6C0 49] Android_Mali_T7xx, [00000227A0DA6E00][00000227A1612840 49] Android_Mali_T8xx, [00000227A0E22500][00000227A16169C0 49] Android_Mali_G71, [00000227A0DA7E00][00000227A161AB40 49] Android_Mali_G72, [00000227A0E22A00][00000227A161ECC0 49] Android_Mali_G72_Vulkan, [00000227A0DA5B00][00000227A1622E40 49] Android_Mali_G76, [00000227A0E21B00][00000227A15E2F80 49] Android_Mali_G76_Vulkan, [00000227A0DA7D00][00000227A16270C0 49] Android_Mali_G77, [00000227A0E22D00][00000227A162B200 49] Android_Mali_G77_Vulkan, [00000227A0DA7900][00000227A162F340 49] Android_Mali_G78, [00000227A0E20D00][00000227A16374C0 49] Android_Mali_G78_Vulkan, [00000227A0DA4500][00000227A163B640 49] Android_Mali_G710, [00000227A0E22B00][00000227A163F7C0 49] Android_Mali_G710_Vulkan, [00000227A0DA7500][00000227A1643940 49] Android_Vulkan_SM5, [00000227A0E23400][00000227A1647AC0 49] Android_PowerVR_G6xxx, [00000227A0DA6400][00000227A164A0C0 49] Android_PowerVR_GT7xxx, [00000227A0E23C00][00000227A164E240 49] Android_PowerVR_GE8xxx, [00000227A0DA6200][00000227A16523C0 49] Android_PowerVR_GM9xxx, [00000227A0E23000][00000227A1656540 49] Android_PowerVR_GM9xxx_Vulkan, [00000227A0DA5500][00000227A165A6C0 49] Android_TegraK1, [00000227A0E21100][00000227A165E840 49] Android_Unknown_Vulkan, [00000227A0DD7D00][00000227A16629C0 49] Lumin, [00000227A0E22900][00000227A1666B40 49] Lumin_Desktop, [00000227A0DD7E00][00000227A166ACC0 49] HoloLens, 
[2023.09.24-21.30.32:791][  0]LogMeshReduction: Using QuadricMeshReduction for automatic static mesh reduction
[2023.09.24-21.30.32:791][  0]LogMeshReduction: Using SimplygonMeshReduction for automatic skeletal mesh reduction
[2023.09.24-21.30.32:791][  0]LogMeshReduction: Using ProxyLODMeshReduction for automatic mesh merging
[2023.09.24-21.30.32:792][  0]LogMeshReduction: No distributed automatic mesh merging module available
[2023.09.24-21.30.32:792][  0]LogMeshMerging: No distributed automatic mesh merging module available
[2023.09.24-21.30.32:822][  0]LogNetVersion: PingPong 1.0.0, NetCL: 17155196, EngineNetVer: 17, GameNetVer: 0 (Checksum: 166094971)
[2023.09.24-21.30.33:523][  0]LogTexture: Default maximum texture size for cubemaps generated from long-lat sources has been changed from 512 to unlimited. In order to preserve old behaiour for '/Engine/MapTemplates/Sky/DaylightAmbientCubemap.DaylightAmbientCubemap', its maximum texture size has been explicitly set to 512.
[2023.09.24-21.30.33:602][  0]LogHMD: PokeAHoleMaterial loaded successfully
[2023.09.24-21.30.33:610][  0]LogUObjectArray: 17178 objects as part of root set at end of initial load.
[2023.09.24-21.30.33:610][  0]LogUObjectAllocator: 4302048 out of 0 bytes used by permanent object pool.
[2023.09.24-21.30.33:610][  0]LogUObjectArray: CloseDisregardForGC: 0/0 objects in disregard for GC pool
[2023.09.24-21.30.34:189][  0]LogNiagaraDebuggerClient: Niagara Debugger Client Initialized | Session: 93ECF7DD4C0C00B8F8F7089FFE90AEDC | Instance: FE375484487381F2EB681F88B90B1D6B (DESKTOP-UQ10HGU-16236).
[2023.09.24-21.30.34:254][  0]LogPython: Using Python 3.7.7
[2023.09.24-21.30.35:132][  0]LogTcpMessaging: Initializing TcpMessaging bridge
[2023.09.24-21.30.35:143][  0]LogUdpMessaging: Initializing bridge on interface 0.0.0.0:0 to multicast group 230.0.0.1:6666.
[2023.09.24-21.30.35:508][  0]SourceControl: Source control is disabled
[2023.09.24-21.30.35:508][  0]SourceControl: Source control is disabled
[2023.09.24-21.30.35:530][  0]SourceControl: Source control is disabled
[2023.09.24-21.30.35:536][  0]SourceControl: Source control is disabled
[2023.09.24-21.30.35:549][  0]LogUProjectInfo: Found projects:
[2023.09.24-21.30.35:582][  0]SourceControl: Source control is disabled
[2023.09.24-21.30.35:987][  0]LogOpenImageDenoise: OIDN starting up
[2023.09.24-21.30.36:078][  0]LogAndroidPermission: UAndroidPermissionCallbackProxy::GetInstance
[2023.09.24-21.30.36:109][  0]LogAudioCaptureCore: Display: No Audio Capture implementations found. Audio input will be silent.
[2023.09.24-21.30.36:109][  0]LogAudioCaptureCore: Display: No Audio Capture implementations found. Audio input will be silent.
[2023.09.24-21.30.36:367][  0]LogCollectionManager: Loaded 0 collections in 0.002473 seconds
[2023.09.24-21.30.36:415][  0]LogFileCache: Scanning file cache for directory 'C:/Unreal/Multiplayer_PingPong_Unreal/PingPong/Saved/Collections/' took 0.00s
[2023.09.24-21.30.36:415][  0]LogFileCache: Scanning file cache for directory 'C:/Unreal/Multiplayer_PingPong_Unreal/PingPong/Content/Developers/Golem/Collections/' took 0.00s
[2023.09.24-21.30.36:415][  0]LogFileCache: Scanning file cache for directory 'C:/Unreal/Multiplayer_PingPong_Unreal/PingPong/Content/Collections/' took 0.00s
[2023.09.24-21.30.36:416][  0]LogOcInput: OculusInput pre-init called
[2023.09.24-21.30.36:787][  0]LogEngine: Initializing Engine...
[2023.09.24-21.30.36:793][  0]LogHMD: Failed to enumerate extensions. Please check that you have a valid OpenXR runtime installed.
[2023.09.24-21.30.36:793][  0]LogHMD: Failed to initialize OpenVR with code 110
[2023.09.24-21.30.36:793][  0]LogMagicLeap: Warning: VR disabled because ZI is not enabled.  To enable, in the editor, Edit -> Project Settings -> Plugins -> Magic Leap Plugin -> Enable Zero Iteration
[2023.09.24-21.30.36:795][  0]LogStats: UGameplayTagsManager::InitializeManager -  0.000 s
[2023.09.24-21.30.36:992][  0]LogInit: Initializing FReadOnlyCVARCache
[2023.09.24-21.30.37:006][  0]LogAIModule: Creating AISystem for world Untitled
[2023.09.24-21.30.37:015][  0]LogAudio: Display: Initializing Audio Device Manager...
[2023.09.24-21.30.37:023][  0]LogAudio: Display: Loading Default Audio Settings Objects...
[2023.09.24-21.30.37:024][  0]LogAudio: Display: No default SoundConcurrencyObject specified (or failed to load).
[2023.09.24-21.30.37:025][  0]LogAudio: Display: Audio Device Manager Initialized
[2023.09.24-21.30.37:025][  0]LogAudio: Display: Creating Audio Device:                 Id: 1, Scope: Shared, Realtime: True
[2023.09.24-21.30.37:026][  0]LogAudioMixer: Display: Audio Mixer Platform Settings:
[2023.09.24-21.30.37:026][  0]LogAudioMixer: Display: 	Sample Rate:						  48000
[2023.09.24-21.30.37:026][  0]LogAudioMixer: Display: 	Callback Buffer Frame Size Requested: 1024
[2023.09.24-21.30.37:026][  0]LogAudioMixer: Display: 	Callback Buffer Frame Size To Use:	  1024
[2023.09.24-21.30.37:026][  0]LogAudioMixer: Display: 	Number of buffers to queue:			  2
[2023.09.24-21.30.37:026][  0]LogAudioMixer: Display: 	Max Channels (voices):				  32
[2023.09.24-21.30.37:026][  0]LogAudioMixer: Display: 	Number of Async Source Workers:		  0
[2023.09.24-21.30.37:026][  0]LogAudio: Display: AudioDevice MaxSources: 32
[2023.09.24-21.30.37:027][  0]LogAudio: Display: Audio Spatialization Plugin: None (built-in).
[2023.09.24-21.30.37:027][  0]LogAudio: Display: Audio Reverb Plugin: None (built-in).
[2023.09.24-21.30.37:027][  0]LogAudio: Display: Audio Occlusion Plugin: None (built-in).
[2023.09.24-21.30.37:028][  0]LogAudioMixer: Display: Initializing audio mixer.
[2023.09.24-21.30.37:055][  0]LogAudioMixer: Display: 0: FrontLeft
[2023.09.24-21.30.37:056][  0]LogAudioMixer: Display: 1: FrontRight
[2023.09.24-21.30.37:086][  0]LogAudioMixer: Display: Using Audio Device Headphones (2- High Definition Audio Device)
[2023.09.24-21.30.37:089][  0]LogAudioMixer: Display: Initializing Sound Submixes...
[2023.09.24-21.30.37:094][  0]LogAudioMixer: Display: Creating Master Submix 'MasterSubmixDefault'
[2023.09.24-21.30.37:095][  0]LogAudioMixer: Display: Creating Master Submix 'MasterReverbSubmixDefault'
[2023.09.24-21.30.37:096][  0]LogAudioMixer: Display: Creating Master Submix 'MasterEQSubmixDefault'
[2023.09.24-21.30.37:096][  0]LogAudioMixer: FMixerPlatformXAudio2::StartAudioStream() called
[2023.09.24-21.30.37:096][  0]LogAudioMixer: Display: Output buffers initialized: Frames=1024, Channels=2, Samples=2048
[2023.09.24-21.30.37:099][  0]LogAudioMixer: Display: Starting AudioMixerPlatformInterface::RunInternal()
[2023.09.24-21.30.37:099][  0]LogAudioMixer: Display: FMixerPlatformXAudio2::SubmitBuffer() called for the first time
[2023.09.24-21.30.37:099][  0]LogInit: FAudioDevice initialized.
[2023.09.24-21.30.37:100][  0]LogAudio: Display: Audio Device (ID: 1) registered with world 'Untitled'.
[2023.09.24-21.30.37:100][  0]LogNetVersion: Set ProjectVersion to 1.0.0.0. Version Checksum will be recalculated on next use.
[2023.09.24-21.30.37:212][  0]LogDerivedDataCache: Saved boot cache 0.11s 94MB C:/Users/Golem/AppData/Local/UnrealEngine/4.27/DerivedDataCache/Boot.ddc.
[2023.09.24-21.30.37:212][  0]LogInit: Texture streaming: Enabled
[2023.09.24-21.30.37:241][  0]LogAnalytics: Display: [UEEditor.Rocket.Release] APIServer = https://datarouter.ol.epicgames.com/. AppVersion = 4.27.2-18319896+++UE4+Release-4.27
[2023.09.24-21.30.37:249][  0]LogEngineSessionManager: EngineSessionManager initialized
[2023.09.24-21.30.37:249][  0]LogEngineSessionManager: EngineSessionManager sent abnormal shutdown report. Type=Debugger, SessionId={AA709AB4-463A-976C-B9CC-589F786245AD}
[2023.09.24-21.30.37:249][  0]LogEditorSessionSummary: Verbose: Initializing EditorSessionSummaryWriter for editor session tracking
[2023.09.24-21.30.37:262][  0]LogEditorSessionSummary: EditorSessionSummaryWriter initialized
[2023.09.24-21.30.37:309][  0]LogInit: Transaction tracking system initialized
[2023.09.24-21.30.37:365][  0]BlueprintLog: New page: Editor Load
[2023.09.24-21.30.37:495][  0]LocalizationService: Localization service is disabled
[2023.09.24-21.30.37:578][  0]TimingProfiler: Initialize
[2023.09.24-21.30.37:578][  0]TimingProfiler: OnSessionChanged
[2023.09.24-21.30.37:578][  0]LoadingProfiler: Initialize
[2023.09.24-21.30.37:579][  0]LoadingProfiler: OnSessionChanged
[2023.09.24-21.30.37:579][  0]NetworkingProfiler: Initialize
[2023.09.24-21.30.37:579][  0]NetworkingProfiler: OnSessionChanged
[2023.09.24-21.30.37:579][  0]MemoryProfiler: Initialize
[2023.09.24-21.30.37:579][  0]MemoryProfiler: OnSessionChanged
[2023.09.24-21.30.37:861][  0]LogCook: Display: CookSettings for Memory: MemoryMaxUsedVirtual 0MiB, MemoryMaxUsedPhysical 16384MiB, MemoryMinFreeVirtual 0MiB, MemoryMinFreePhysical 1024MiB
[2023.09.24-21.30.37:861][  0]LogCook: Display: Mobile HDR setting 1
[2023.09.24-21.30.38:253][  0]LogFileCache: Scanning file cache for directory 'C:/Unreal/Multiplayer_PingPong_Unreal/PingPong/Content/' took 0.01s
[2023.09.24-21.30.38:559][  0]LogInit: Display: Engine is initialized. Leaving FEngineLoop::Init()
[2023.09.24-21.30.38:566][  0]SourceControl: Source control is disabled
[2023.09.24-21.30.38:566][  0]LogUnrealEdMisc: Loading editor; pre map load, took 14.626
[2023.09.24-21.30.38:567][  0]Cmd: MAP LOAD FILE="../../../../../../Unreal/Multiplayer_PingPong_Unreal/PingPong/Content/StarterContent/Maps/Minimal_Default.umap" TEMPLATE=0 SHOWPROGRESS=1 FEATURELEVEL=3
[2023.09.24-21.30.38:567][  0]LightingResults: New page: Lighting Build
[2023.09.24-21.30.38:572][  0]LogWorld: UWorld::CleanupWorld for Untitled, bSessionEnded=true, bCleanupResources=true
[2023.09.24-21.30.38:573][  0]LogSlate: InvalidateAllWidgets triggered.  All widgets were invalidated
[2023.09.24-21.30.38:573][  0]MapCheck: New page: Map Check
[2023.09.24-21.30.38:573][  0]LightingResults: New page: Lighting Build
[2023.09.24-21.30.38:582][  0]LogAudio: Display: Audio Device unregistered from world 'None'.
[2023.09.24-21.30.38:587][  0]LogUObjectHash: Compacting FUObjectHashTables data took   1.14ms
