Log file open, 09/23/23 10:26:37
LogWindows: Failed to load 'aqProf.dll' (GetLastError=126)
LogWindows: File 'aqProf.dll' does not exist
LogWindows: Failed to load 'VtuneApi.dll' (GetLastError=126)
LogWindows: File 'VtuneApi.dll' does not exist
LogWindows: Failed to load 'VtuneApi32e.dll' (GetLastError=126)
LogWindows: File 'VtuneApi32e.dll' does not exist
LogConsoleResponse: Display: Failed to find resolution value strings in scalability ini. Falling back to default.
LogConsoleResponse: Display: Failed to find resolution value strings in scalability ini. Falling back to default.
LogInit: Display: Running engine for game: PingPong
LogPlatformFile: Not using cached read wrapper
LogTaskGraph: Started task graph with 5 named threads and 23 total threads with 3 sets of task threads.
LogStats: Stats thread started at 0.391214
LogICUInternationalization: ICU TimeZone Detection - Raw Offset: +1:00, Platform Override: ''
LogInit: Display: Loading text-based GConfig....
LogPluginManager: Mounting plugin MeshPainting
LogPluginManager: Mounting plugin XGEController
LogPluginManager: Mounting plugin Paper2D
LogPluginManager: Mounting plugin LiveLink
LogPluginManager: Mounting plugin EnvironmentQueryEditor
LogPluginManager: Mounting plugin AISupport
LogPluginManager: Mounting plugin CameraShakePreviewer
LogPluginManager: Mounting plugin LightPropagationVolume
LogPluginManager: Mounting plugin GameplayCameras
LogPluginManager: Mounting plugin AssetManagerEditor
LogPluginManager: Mounting plugin DataValidation
LogPluginManager: Mounting plugin CryptoKeys
LogPluginManager: Mounting plugin CurveEditorTools
LogPluginManager: Mounting plugin FacialAnimation
LogPluginManager: Mounting plugin GeometryMode
LogPluginManager: Mounting plugin GameplayTagsEditor
LogPluginManager: Mounting plugin MacGraphicsSwitching
LogPluginManager: Mounting plugin MaterialAnalyzer
LogPluginManager: Mounting plugin MobileLauncherProfileWizard
LogPluginManager: Mounting plugin PluginBrowser
LogPluginManager: Mounting plugin SpeedTreeImporter
LogPluginManager: Mounting plugin DatasmithContent
LogPluginManager: Mounting plugin VariantManagerContent
LogPluginManager: Mounting plugin Niagara
LogPluginManager: Mounting plugin OodleData
LogPluginManager: Mounting plugin OodleNetwork
LogPluginManager: Mounting plugin AlembicImporter
LogPluginManager: Mounting plugin AutomationUtils
LogPluginManager: Mounting plugin BackChannel
LogPluginManager: Mounting plugin ChaosCloth
LogPluginManager: Mounting plugin ChaosClothEditor
LogPluginManager: Mounting plugin ChaosEditor
LogPluginManager: Mounting plugin ChaosNiagara
LogPluginManager: Mounting plugin ChaosSolverPlugin
LogPluginManager: Mounting plugin CharacterAI
LogPluginManager: Mounting plugin GeometryCache
LogPluginManager: Mounting plugin GeometryCollectionPlugin
LogPluginManager: Mounting plugin GeometryProcessing
LogPluginManager: Mounting plugin OpenImageDenoise
LogPluginManager: Mounting plugin MotoSynth
LogPluginManager: Mounting plugin PlanarCut
LogPluginManager: Mounting plugin ProxyLODPlugin
LogPluginManager: Mounting plugin PlatformCrypto
LogPluginManager: Mounting plugin PythonScriptPlugin
LogPluginManager: Mounting plugin AndroidMedia
LogPluginManager: Mounting plugin AvfMedia
LogPluginManager: Mounting plugin LuminPlatformFeatures
LogPluginManager: Mounting plugin MagicLeap
LogPluginManager: Mounting plugin SkeletalReduction
LogPluginManager: Mounting plugin MagicLeapLightEstimation
LogPluginManager: Mounting plugin MagicLeapMedia
LogPluginManager: Mounting plugin MagicLeapPassableWorld
LogPluginManager: Mounting plugin MLSDK
LogPluginManager: Mounting plugin ImgMedia
LogPluginManager: Mounting plugin MediaCompositing
LogPluginManager: Mounting plugin MediaPlayerEditor
LogPluginManager: Mounting plugin WebMMedia
LogPluginManager: Mounting plugin TcpMessaging
LogPluginManager: Mounting plugin ActorSequence
LogPluginManager: Mounting plugin LevelSequenceEditor
LogPluginManager: Mounting plugin WmfMedia
LogPluginManager: Mounting plugin UdpMessaging
LogPluginManager: Mounting plugin MatineeToLevelSequence
LogPluginManager: Mounting plugin LauncherChunkInstaller
LogPluginManager: Mounting plugin TemplateSequence
LogPluginManager: Mounting plugin OnlineSubsystem
LogPluginManager: Mounting plugin OnlineSubsystemNull
LogPluginManager: Mounting plugin OnlineSubsystemUtils
LogPluginManager: Mounting plugin ActorLayerUtilities
LogPluginManager: Mounting plugin AndroidDeviceProfileSelector
LogPluginManager: Mounting plugin AndroidMoviePlayer
LogPluginManager: Mounting plugin AndroidPermission
LogPluginManager: Mounting plugin AppleMoviePlayer
LogPluginManager: Mounting plugin AppleImageUtils
LogPluginManager: Mounting plugin ArchVisCharacter
LogPluginManager: Mounting plugin AssetTags
LogPluginManager: Mounting plugin AudioCapture
LogPluginManager: Mounting plugin AudioSynesthesia
LogPluginManager: Mounting plugin CableComponent
LogPluginManager: Mounting plugin CustomMeshComponent
LogPluginManager: Mounting plugin ChunkDownloader
LogPluginManager: Mounting plugin EditableMesh
LogPluginManager: Mounting plugin ExampleDeviceProfileSelector
LogPluginManager: Mounting plugin GoogleCloudMessaging
LogPluginManager: Mounting plugin GooglePAD
LogPluginManager: Mounting plugin IOSDeviceProfileSelector
LogPluginManager: Mounting plugin LinuxDeviceProfileSelector
LogPluginManager: Mounting plugin LocationServicesBPLibrary
LogPluginManager: Mounting plugin MobilePatchingUtils
LogPluginManager: Mounting plugin OpenXR
LogPluginManager: Mounting plugin OpenXREyeTracker
LogPluginManager: Mounting plugin OpenXRHandTracking
LogPluginManager: Mounting plugin PhysXVehicles
LogPluginManager: Mounting plugin ScreenshotTools
LogPluginManager: Mounting plugin PostSplashScreen
LogPluginManager: Mounting plugin ProceduralMeshComponent
LogPluginManager: Mounting plugin PropertyAccessEditor
LogPluginManager: Mounting plugin RuntimePhysXCooking
LogPluginManager: Mounting plugin SignificanceManager
LogPluginManager: Mounting plugin SoundFields
LogPluginManager: Mounting plugin Synthesis
LogPluginManager: Mounting plugin WebMMoviePlayer
LogPluginManager: Mounting plugin WindowsMoviePlayer
LogPluginManager: Mounting plugin Takes
LogPluginManager: Mounting plugin CLionSourceCodeAccess
LogPluginManager: Mounting plugin AnimationSharing
LogPluginManager: Mounting plugin CodeLiteSourceCodeAccess
LogPluginManager: Mounting plugin GitSourceControl
LogPluginManager: Mounting plugin NullSourceCodeAccess
LogPluginManager: Mounting plugin KDevelopSourceCodeAccess
LogPluginManager: Mounting plugin PerforceSourceControl
LogPluginManager: Mounting plugin PixWinPlugin
LogPluginManager: Mounting plugin PlasticSourceControl
LogPluginManager: Mounting plugin PropertyAccessNode
LogPluginManager: Mounting plugin PluginUtils
LogPluginManager: Mounting plugin RiderSourceCodeAccess
LogPluginManager: Mounting plugin SubversionSourceControl
LogPluginManager: Mounting plugin TextureFormatOodle
LogPluginManager: Mounting plugin VisualStudioCodeSourceCodeAccess
LogPluginManager: Mounting plugin VisualStudioSourceCodeAccess
LogPluginManager: Mounting plugin UObjectPlugin
LogPluginManager: Mounting plugin XCodeSourceCodeAccess
LogPluginManager: Mounting plugin ContentBrowserAssetDataSource
LogPluginManager: Mounting plugin ContentBrowserFileDataSource
LogPluginManager: Mounting plugin ContentBrowserClassDataSource
LogPluginManager: Mounting plugin OnlineSubsystemIOS
LogPluginManager: Mounting plugin OnlineSubsystemGooglePlay
LogPluginManager: Mounting plugin OculusVR
LogPluginManager: Mounting plugin SteamVR
LogInit: Using libcurl 7.55.1-DEV
LogInit:  - built for x86_64-pc-win32
LogInit:  - supports SSL with OpenSSL/1.1.1
LogInit:  - supports HTTP deflate (compression) using libz 1.2.8
LogInit:  - other features:
LogInit:      CURL_VERSION_SSL
LogInit:      CURL_VERSION_LIBZ
LogInit:      CURL_VERSION_IPV6
LogInit:      CURL_VERSION_ASYNCHDNS
LogInit:      CURL_VERSION_LARGEFILE
LogInit:      CURL_VERSION_IDN
LogInit:  CurlRequestOptions (configurable via config and command line):
LogInit:  - bVerifyPeer = true  - Libcurl will verify peer certificate
LogInit:  - bUseHttpProxy = false  - Libcurl will NOT use HTTP proxy
LogInit:  - bDontReuseConnections = false  - Libcurl will reuse connections
LogInit:  - MaxHostConnections = 16  - Libcurl will limit the number of connections to a host
LogInit:  - LocalHostAddr = Default
LogInit:  - BufferSize = 65536
LogOnline: OSS: Creating online subsystem instance for: NULL
LogInit: WinSock: version 1.1 (2.2), MaxSocks=32767, MaxUdp=65467
LogOnline: OSS: TryLoadSubsystemAndSetDefault: Loaded subsystem for module [NULL]
PixWinPlugin: PIX capture plugin failed to initialize! Check that the process is launched from PIX.
LogOculusPluginWrapper: OculusPlugin initialized successfully
LogHMD: Failed initializing OVRPlugin 1.59.0
LogInit: Build: ++UE4+Release-4.27-CL-18319896
LogInit: Engine Version: 4.27.2-18319896+++UE4+Release-4.27
LogInit: Compatible Engine Version: 4.27.0-17155196+++UE4+Release-4.27
LogInit: Net CL: 17155196
LogInit: OS: Windows 10 (Release 2009) (), CPU: Intel(R) Core(TM) i5-8250U CPU @ 1.60GHz, GPU: Intel(R) UHD Graphics 620
LogInit: Compiled (64-bit): Nov 30 2021 07:12:08
LogInit: Compiled with Visual C++: 19.24.28315.00
LogInit: Build Configuration: Development
LogInit: Branch Name: ++UE4+Release-4.27
LogInit: Command Line:  -skipcompile
LogInit: Base Directory: C:/Program Files/Epic Games/UE_4.27/Engine/Binaries/Win64/
LogInit: Allocator: TBB
LogInit: Installed Engine Build: 1
LogDevObjectVersion: Number of dev versions registered: 29
LogDevObjectVersion:   Dev-Blueprints (B0D832E4-1F89-4F0D-ACCF-7EB736FD4AA2): 10
LogDevObjectVersion:   Dev-Build (E1C64328-A22C-4D53-A36C-8E866417BD8C): 0
LogDevObjectVersion:   Dev-Core (375EC13C-06E4-48FB-B500-84F0262A717E): 4
LogDevObjectVersion:   Dev-Editor (E4B068ED-F494-42E9-A231-DA0B2E46BB41): 40
LogDevObjectVersion:   Dev-Framework (CFFC743F-43B0-4480-9391-14DF171D2073): 37
LogDevObjectVersion:   Dev-Mobile (B02B49B5-BB20-44E9-A304-32B752E40360): 3
LogDevObjectVersion:   Dev-Networking (A4E4105C-59A1-49B5-A7C5-40C4547EDFEE): 0
LogDevObjectVersion:   Dev-Online (39C831C9-5AE6-47DC-9A44-9C173E1C8E7C): 0
LogDevObjectVersion:   Dev-Physics (78F01B33-EBEA-4F98-B9B4-84EACCB95AA2): 14
LogDevObjectVersion:   Dev-Platform (6631380F-2D4D-43E0-8009-CF276956A95A): 0
LogDevObjectVersion:   Dev-Rendering (12F88B9F-8875-4AFC-A67C-D90C383ABD29): 45
LogDevObjectVersion:   Dev-Sequencer (7B5AE74C-D270-4C10-A958-57980B212A5A): 13
LogDevObjectVersion:   Dev-VR (D7296918-1DD6-4BDD-9DE2-64A83CC13884): 3
LogDevObjectVersion:   Dev-LoadTimes (C2A15278-BFE7-4AFE-6C17-90FF531DF755): 1
LogDevObjectVersion:   Private-Geometry (6EACA3D4-40EC-4CC1-B786-8BED09428FC5): 3
LogDevObjectVersion:   Dev-AnimPhys (29E575DD-E0A3-4627-9D10-D276232CDCEA): 17
LogDevObjectVersion:   Dev-Anim (AF43A65D-7FD3-4947-9873-3E8ED9C1BB05): 15
LogDevObjectVersion:   Dev-ReflectionCapture (6B266CEC-1EC7-4B8F-A30B-E4D90942FC07): 1
LogDevObjectVersion:   Dev-Automation (0DF73D61-A23F-47EA-B727-89E90C41499A): 1
LogDevObjectVersion:   FortniteMain (601D1886-AC64-4F84-AA16-D3DE0DEAC7D6): 47
LogDevObjectVersion:   FortniteRelease (E7086368-6B23-4C58-8439-1B7016265E91): 1
LogDevObjectVersion:   Dev-Enterprise (9DFFBCD6-494F-0158-E221-12823C92A888): 10
LogDevObjectVersion:   Dev-Niagara (F2AED0AC-9AFE-416F-8664-AA7FFA26D6FC): 1
LogDevObjectVersion:   Dev-Destruction (174F1F0B-B4C6-45A5-B13F-2EE8D0FB917D): 10
LogDevObjectVersion:   Dev-Physics-Ext (35F94A83-E258-406C-A318-09F59610247C): 41
LogDevObjectVersion:   Dev-PhysicsMaterial-Chaos (B68FC16E-8B1B-42E2-B453-215C058844FE): 1
LogDevObjectVersion:   Dev-CineCamera (B2E18506-4273-CFC2-A54E-F4BB758BBA07): 1
LogDevObjectVersion:   Dev-VirtualProduction (64F58936-FD1B-42BA-BA96-7289D5D0FA4E): 1
LogDevObjectVersion:   Dev-MediaFramework (6F0ED827-A609-4895-9C91-998D90180EA4): 2
LogInit: Presizing for max 25165824 objects, including 0 objects not considered by GC, pre-allocating 0 bytes for permanent pool.
LogConfig: Applying CVar settings from Section [/Script/Engine.StreamingSettings] File [C:/Unreal/Multiplayer_PingPong_Unreal/PingPong/Saved/Config/Windows/Engine.ini]
LogConfig: Setting CVar [[s.MinBulkDataSizeForAsyncLoading:131072]]
LogConfig: Setting CVar [[s.AsyncLoadingThreadEnabled:0]]
LogConfig: Setting CVar [[s.EventDrivenLoaderEnabled:1]]
LogConfig: Setting CVar [[s.WarnIfTimeLimitExceeded:0]]
LogConfig: Setting CVar [[s.TimeLimitExceededMultiplier:1.5]]
LogConfig: Setting CVar [[s.TimeLimitExceededMinTime:0.005]]
LogConfig: Setting CVar [[s.UseBackgroundLevelStreaming:1]]
LogConfig: Setting CVar [[s.PriorityAsyncLoadingExtraTime:15.0]]
LogConfig: Setting CVar [[s.LevelStreamingActorsUpdateTimeLimit:5.0]]
LogConfig: Setting CVar [[s.PriorityLevelStreamingActorsUpdateExtraTime:5.0]]
LogConfig: Setting CVar [[s.LevelStreamingComponentsRegistrationGranularity:10]]
LogConfig: Setting CVar [[s.UnregisterComponentsTimeLimit:1.0]]
LogConfig: Setting CVar [[s.LevelStreamingComponentsUnregistrationGranularity:5]]
LogConfig: Setting CVar [[s.FlushStreamingOnExit:1]]
LogInit: Object subsystem initialized
LogConfig: Setting CVar [[con.DebugEarlyDefault:1]]
LogConfig: Setting CVar [[r.setres:1280x720]]
[2023.09.23-08.26.39:021][  0]LogConfig: Setting CVar [[r.VSync:0]]
[2023.09.23-08.26.39:021][  0]LogConfig: Setting CVar [[r.RHICmdBypass:0]]
[2023.09.23-08.26.39:021][  0]LogConfig: Applying CVar settings from Section [/Script/Engine.RendererSettings] File [C:/Unreal/Multiplayer_PingPong_Unreal/PingPong/Saved/Config/Windows/Engine.ini]
[2023.09.23-08.26.39:021][  0]LogConfig: Setting CVar [[r.GPUCrashDebugging:0]]
[2023.09.23-08.26.39:021][  0]LogConfig: Applying CVar settings from Section [/Script/Engine.RendererOverrideSettings] File [C:/Unreal/Multiplayer_PingPong_Unreal/PingPong/Saved/Config/Windows/Engine.ini]
[2023.09.23-08.26.39:021][  0]LogConfig: Applying CVar settings from Section [/Script/Engine.StreamingSettings] File [C:/Unreal/Multiplayer_PingPong_Unreal/PingPong/Saved/Config/Windows/Engine.ini]
[2023.09.23-08.26.39:021][  0]LogConfig: Setting CVar [[s.MinBulkDataSizeForAsyncLoading:131072]]
[2023.09.23-08.26.39:021][  0]LogConfig: Setting CVar [[s.AsyncLoadingThreadEnabled:0]]
[2023.09.23-08.26.39:021][  0]LogConfig: Setting CVar [[s.EventDrivenLoaderEnabled:1]]
[2023.09.23-08.26.39:021][  0]LogConfig: Setting CVar [[s.WarnIfTimeLimitExceeded:0]]
[2023.09.23-08.26.39:022][  0]LogConfig: Setting CVar [[s.TimeLimitExceededMultiplier:1.5]]
[2023.09.23-08.26.39:022][  0]LogConfig: Setting CVar [[s.TimeLimitExceededMinTime:0.005]]
[2023.09.23-08.26.39:022][  0]LogConfig: Setting CVar [[s.UseBackgroundLevelStreaming:1]]
[2023.09.23-08.26.39:022][  0]LogConfig: Setting CVar [[s.PriorityAsyncLoadingExtraTime:15.0]]
[2023.09.23-08.26.39:022][  0]LogConfig: Setting CVar [[s.LevelStreamingActorsUpdateTimeLimit:5.0]]
[2023.09.23-08.26.39:022][  0]LogConfig: Setting CVar [[s.PriorityLevelStreamingActorsUpdateExtraTime:5.0]]
[2023.09.23-08.26.39:022][  0]LogConfig: Setting CVar [[s.LevelStreamingComponentsRegistrationGranularity:10]]
[2023.09.23-08.26.39:022][  0]LogConfig: Setting CVar [[s.UnregisterComponentsTimeLimit:1.0]]
[2023.09.23-08.26.39:022][  0]LogConfig: Setting CVar [[s.LevelStreamingComponentsUnregistrationGranularity:5]]
[2023.09.23-08.26.39:022][  0]LogConfig: Setting CVar [[s.FlushStreamingOnExit:1]]
[2023.09.23-08.26.39:022][  0]LogConfig: Applying CVar settings from Section [/Script/Engine.GarbageCollectionSettings] File [C:/Unreal/Multiplayer_PingPong_Unreal/PingPong/Saved/Config/Windows/Engine.ini]
[2023.09.23-08.26.39:022][  0]LogConfig: Setting CVar [[gc.MaxObjectsNotConsideredByGC:1]]
[2023.09.23-08.26.39:022][  0]LogConfig: Setting CVar [[gc.SizeOfPermanentObjectPool:0]]
[2023.09.23-08.26.39:023][  0]LogConfig: Setting CVar [[gc.FlushStreamingOnGC:0]]
[2023.09.23-08.26.39:023][  0]LogConfig: Setting CVar [[gc.NumRetriesBeforeForcingGC:10]]
[2023.09.23-08.26.39:023][  0]LogConfig: Setting CVar [[gc.AllowParallelGC:1]]
[2023.09.23-08.26.39:023][  0]LogConfig: Setting CVar [[gc.TimeBetweenPurgingPendingKillObjects:61.1]]
[2023.09.23-08.26.39:023][  0]LogConfig: Setting CVar [[gc.MaxObjectsInEditor:25165824]]
[2023.09.23-08.26.39:023][  0]LogConfig: Setting CVar [[gc.IncrementalBeginDestroyEnabled:1]]
[2023.09.23-08.26.39:023][  0]LogConfig: Setting CVar [[gc.CreateGCClusters:1]]
[2023.09.23-08.26.39:023][  0]LogConfig: Setting CVar [[gc.MinGCClusterSize:5]]
[2023.09.23-08.26.39:023][  0]LogConfig: Setting CVar [[gc.ActorClusteringEnabled:0]]
[2023.09.23-08.26.39:023][  0]LogConfig: Setting CVar [[gc.BlueprintClusteringEnabled:0]]
[2023.09.23-08.26.39:023][  0]LogConfig: Setting CVar [[gc.UseDisregardForGCOnDedicatedServers:0]]
[2023.09.23-08.26.39:024][  0]LogConfig: Setting CVar [[gc.MultithreadedDestructionEnabled:1]]
[2023.09.23-08.26.39:024][  0]LogConfig: Applying CVar settings from Section [/Script/Engine.NetworkSettings] File [C:/Unreal/Multiplayer_PingPong_Unreal/PingPong/Saved/Config/Windows/Engine.ini]
[2023.09.23-08.26.39:024][  0]LogConfig: Applying CVar settings from Section [/Script/UnrealEd.CookerSettings] File [C:/Unreal/Multiplayer_PingPong_Unreal/PingPong/Saved/Config/Windows/Engine.ini]
[2023.09.23-08.26.39:071][  0]LogConfig: Applying CVar settings from Section [ViewDistanceQuality@3] File [C:/Unreal/Multiplayer_PingPong_Unreal/PingPong/Saved/Config/Windows/Scalability.ini]
[2023.09.23-08.26.39:071][  0]LogConfig: Setting CVar [[r.SkeletalMeshLODBias:0]]
[2023.09.23-08.26.39:072][  0]LogConfig: Setting CVar [[r.ViewDistanceScale:1.0]]
[2023.09.23-08.26.39:072][  0]LogConfig: Applying CVar settings from Section [AntiAliasingQuality@3] File [C:/Unreal/Multiplayer_PingPong_Unreal/PingPong/Saved/Config/Windows/Scalability.ini]
[2023.09.23-08.26.39:072][  0]LogConfig: Setting CVar [[r.PostProcessAAQuality:4]]
[2023.09.23-08.26.39:072][  0]LogConfig: Applying CVar settings from Section [ShadowQuality@3] File [C:/Unreal/Multiplayer_PingPong_Unreal/PingPong/Saved/Config/Windows/Scalability.ini]
[2023.09.23-08.26.39:072][  0]LogConfig: Setting CVar [[r.LightFunctionQuality:1]]
[2023.09.23-08.26.39:072][  0]LogConfig: Setting CVar [[r.ShadowQuality:5]]
[2023.09.23-08.26.39:072][  0]LogConfig: Setting CVar [[r.Shadow.CSM.MaxCascades:10]]
[2023.09.23-08.26.39:072][  0]LogConfig: Setting CVar [[r.Shadow.MaxResolution:2048]]
[2023.09.23-08.26.39:072][  0]LogConfig: Setting CVar [[r.Shadow.MaxCSMResolution:2048]]
[2023.09.23-08.26.39:072][  0]LogConfig: Setting CVar [[r.Shadow.RadiusThreshold:0.01]]
[2023.09.23-08.26.39:072][  0]LogConfig: Setting CVar [[r.Shadow.DistanceScale:1.0]]
[2023.09.23-08.26.39:073][  0]LogConfig: Setting CVar [[r.Shadow.CSM.TransitionScale:1.0]]
[2023.09.23-08.26.39:073][  0]LogConfig: Setting CVar [[r.Shadow.PreShadowResolutionFactor:1.0]]
[2023.09.23-08.26.39:073][  0]LogConfig: Setting CVar [[r.DistanceFieldShadowing:1]]
[2023.09.23-08.26.39:073][  0]LogConfig: Setting CVar [[r.DistanceFieldAO:1]]
[2023.09.23-08.26.39:073][  0]LogConfig: Setting CVar [[r.AOQuality:2]]
[2023.09.23-08.26.39:073][  0]LogConfig: Setting CVar [[r.VolumetricFog:1]]
[2023.09.23-08.26.39:073][  0]LogConfig: Setting CVar [[r.VolumetricFog.GridPixelSize:8]]
[2023.09.23-08.26.39:073][  0]LogConfig: Setting CVar [[r.VolumetricFog.GridSizeZ:128]]
[2023.09.23-08.26.39:073][  0]LogConfig: Setting CVar [[r.VolumetricFog.HistoryMissSupersampleCount:4]]
[2023.09.23-08.26.39:073][  0]LogConfig: Setting CVar [[r.LightMaxDrawDistanceScale:1]]
[2023.09.23-08.26.39:073][  0]LogConfig: Setting CVar [[r.CapsuleShadows:1]]
[2023.09.23-08.26.39:074][  0]LogConfig: Applying CVar settings from Section [PostProcessQuality@3] File [C:/Unreal/Multiplayer_PingPong_Unreal/PingPong/Saved/Config/Windows/Scalability.ini]
[2023.09.23-08.26.39:074][  0]LogConfig: Setting CVar [[r.MotionBlurQuality:4]]
[2023.09.23-08.26.39:074][  0]LogConfig: Setting CVar [[r.AmbientOcclusionMipLevelFactor:0.4]]
[2023.09.23-08.26.39:074][  0]LogConfig: Setting CVar [[r.AmbientOcclusionMaxQuality:100]]
[2023.09.23-08.26.39:074][  0]LogConfig: Setting CVar [[r.AmbientOcclusionLevels:-1]]
[2023.09.23-08.26.39:074][  0]LogConfig: Setting CVar [[r.AmbientOcclusionRadiusScale:1.0]]
[2023.09.23-08.26.39:074][  0]LogConfig: Setting CVar [[r.DepthOfFieldQuality:2]]
[2023.09.23-08.26.39:074][  0]LogConfig: Setting CVar [[r.RenderTargetPoolMin:400]]
[2023.09.23-08.26.39:074][  0]LogConfig: Setting CVar [[r.LensFlareQuality:2]]
[2023.09.23-08.26.39:074][  0]LogConfig: Setting CVar [[r.SceneColorFringeQuality:1]]
[2023.09.23-08.26.39:074][  0]LogConfig: Setting CVar [[r.EyeAdaptationQuality:2]]
[2023.09.23-08.26.39:074][  0]LogConfig: Setting CVar [[r.BloomQuality:5]]
[2023.09.23-08.26.39:074][  0]LogConfig: Setting CVar [[r.FastBlurThreshold:100]]
[2023.09.23-08.26.39:075][  0]LogConfig: Setting CVar [[r.Upscale.Quality:3]]
[2023.09.23-08.26.39:075][  0]LogConfig: Setting CVar [[r.Tonemapper.GrainQuantization:1]]
[2023.09.23-08.26.39:075][  0]LogConfig: Setting CVar [[r.LightShaftQuality:1]]
[2023.09.23-08.26.39:075][  0]LogConfig: Setting CVar [[r.Filter.SizeScale:1]]
[2023.09.23-08.26.39:075][  0]LogConfig: Setting CVar [[r.Tonemapper.Quality:5]]
[2023.09.23-08.26.39:075][  0]LogConfig: Setting CVar [[r.DOF.Gather.AccumulatorQuality:1        ; higher gathering accumulator quality]]
[2023.09.23-08.26.39:075][  0]LogConfig: Setting CVar [[r.DOF.Gather.PostfilterMethod:1          ; Median3x3 postfilering method]]
[2023.09.23-08.26.39:075][  0]LogConfig: Setting CVar [[r.DOF.Gather.EnableBokehSettings:0       ; no bokeh simulation when gathering]]
[2023.09.23-08.26.39:075][  0]LogConfig: Setting CVar [[r.DOF.Gather.RingCount:4                 ; medium number of samples when gathering]]
[2023.09.23-08.26.39:075][  0]LogConfig: Setting CVar [[r.DOF.Scatter.ForegroundCompositing:1    ; additive foreground scattering]]
[2023.09.23-08.26.39:075][  0]LogConfig: Setting CVar [[r.DOF.Scatter.BackgroundCompositing:2    ; additive background scattering]]
[2023.09.23-08.26.39:075][  0]LogConfig: Setting CVar [[r.DOF.Scatter.EnableBokehSettings:1      ; bokeh simulation when scattering]]
[2023.09.23-08.26.39:075][  0]LogConfig: Setting CVar [[r.DOF.Scatter.MaxSpriteRatio:0.1         ; only a maximum of 10% of scattered bokeh]]
[2023.09.23-08.26.39:076][  0]LogConfig: Setting CVar [[r.DOF.Recombine.Quality:1                ; cheap slight out of focus]]
[2023.09.23-08.26.39:076][  0]LogConfig: Setting CVar [[r.DOF.Recombine.EnableBokehSettings:0    ; no bokeh simulation on slight out of focus]]
[2023.09.23-08.26.39:076][  0]LogConfig: Setting CVar [[r.DOF.TemporalAAQuality:1                ; more stable temporal accumulation]]
[2023.09.23-08.26.39:076][  0]LogConfig: Setting CVar [[r.DOF.Kernel.MaxForegroundRadius:0.025]]
[2023.09.23-08.26.39:076][  0]LogConfig: Setting CVar [[r.DOF.Kernel.MaxBackgroundRadius:0.025]]
[2023.09.23-08.26.39:076][  0]LogConfig: Applying CVar settings from Section [TextureQuality@3] File [C:/Unreal/Multiplayer_PingPong_Unreal/PingPong/Saved/Config/Windows/Scalability.ini]
[2023.09.23-08.26.39:076][  0]LogConfig: Setting CVar [[r.Streaming.MipBias:0]]
[2023.09.23-08.26.39:076][  0]LogConfig: Setting CVar [[r.Streaming.AmortizeCPUToGPUCopy:0]]
[2023.09.23-08.26.39:076][  0]LogConfig: Setting CVar [[r.Streaming.MaxNumTexturesToStreamPerFrame:0]]
[2023.09.23-08.26.39:076][  0]LogConfig: Setting CVar [[r.Streaming.Boost:1]]
[2023.09.23-08.26.39:076][  0]LogConfig: Setting CVar [[r.MaxAnisotropy:8]]
[2023.09.23-08.26.39:076][  0]LogConfig: Setting CVar [[r.VT.MaxAnisotropy:8]]
[2023.09.23-08.26.39:076][  0]LogConfig: Setting CVar [[r.Streaming.LimitPoolSizeToVRAM:0]]
[2023.09.23-08.26.39:077][  0]LogConfig: Setting CVar [[r.Streaming.PoolSize:1000]]
[2023.09.23-08.26.39:077][  0]LogConfig: Setting CVar [[r.Streaming.MaxEffectiveScreenSize:0]]
[2023.09.23-08.26.39:077][  0]LogConfig: Applying CVar settings from Section [EffectsQuality@3] File [C:/Unreal/Multiplayer_PingPong_Unreal/PingPong/Saved/Config/Windows/Scalability.ini]
[2023.09.23-08.26.39:077][  0]LogConfig: Setting CVar [[r.TranslucencyLightingVolumeDim:64]]
[2023.09.23-08.26.39:077][  0]LogConfig: Setting CVar [[r.RefractionQuality:2]]
[2023.09.23-08.26.39:077][  0]LogConfig: Setting CVar [[r.SSR.Quality:3]]
[2023.09.23-08.26.39:077][  0]LogConfig: Setting CVar [[r.SSR.HalfResSceneColor:0]]
[2023.09.23-08.26.39:077][  0]LogConfig: Setting CVar [[r.SceneColorFormat:4]]
[2023.09.23-08.26.39:077][  0]LogConfig: Setting CVar [[r.DetailMode:2]]
[2023.09.23-08.26.39:077][  0]LogConfig: Setting CVar [[r.TranslucencyVolumeBlur:1]]
[2023.09.23-08.26.39:077][  0]LogConfig: Setting CVar [[r.MaterialQualityLevel:1 ; High quality]]
[2023.09.23-08.26.39:077][  0]LogConfig: Setting CVar [[r.AnisotropicMaterials:1]]
[2023.09.23-08.26.39:077][  0]LogConfig: Setting CVar [[r.SSS.Scale:1]]
[2023.09.23-08.26.39:078][  0]LogConfig: Setting CVar [[r.SSS.SampleSet:2]]
[2023.09.23-08.26.39:078][  0]LogConfig: Setting CVar [[r.SSS.Quality:1]]
[2023.09.23-08.26.39:078][  0]LogConfig: Setting CVar [[r.SSS.HalfRes:0]]
[2023.09.23-08.26.39:078][  0]LogConfig: Setting CVar [[r.SSGI.Quality:3]]
[2023.09.23-08.26.39:078][  0]LogConfig: Setting CVar [[r.EmitterSpawnRateScale:1.0]]
[2023.09.23-08.26.39:078][  0]LogConfig: Setting CVar [[r.ParticleLightQuality:2]]
[2023.09.23-08.26.39:078][  0]LogConfig: Setting CVar [[r.SkyAtmosphere.AerialPerspectiveLUT.FastApplyOnOpaque:1 ; Always have FastSkyLUT 1 in this case to avoid wrong sky]]
[2023.09.23-08.26.39:078][  0]LogConfig: Setting CVar [[r.SkyAtmosphere.AerialPerspectiveLUT.SampleCountMaxPerSlice:4]]
[2023.09.23-08.26.39:078][  0]LogConfig: Setting CVar [[r.SkyAtmosphere.AerialPerspectiveLUT.DepthResolution:16.0]]
[2023.09.23-08.26.39:078][  0]LogConfig: Setting CVar [[r.SkyAtmosphere.FastSkyLUT:1]]
[2023.09.23-08.26.39:078][  0]LogConfig: Setting CVar [[r.SkyAtmosphere.FastSkyLUT.SampleCountMin:4.0]]
[2023.09.23-08.26.39:078][  0]LogConfig: Setting CVar [[r.SkyAtmosphere.FastSkyLUT.SampleCountMax:128.0]]
[2023.09.23-08.26.39:078][  0]LogConfig: Setting CVar [[r.SkyAtmosphere.SampleCountMin:4.0]]
[2023.09.23-08.26.39:079][  0]LogConfig: Setting CVar [[r.SkyAtmosphere.SampleCountMax:128.0]]
[2023.09.23-08.26.39:079][  0]LogConfig: Setting CVar [[r.SkyAtmosphere.TransmittanceLUT.UseSmallFormat:0]]
[2023.09.23-08.26.39:079][  0]LogConfig: Setting CVar [[r.SkyAtmosphere.TransmittanceLUT.SampleCount:10.0]]
[2023.09.23-08.26.39:079][  0]LogConfig: Setting CVar [[r.SkyAtmosphere.MultiScatteringLUT.SampleCount:15.0]]
[2023.09.23-08.26.39:079][  0]LogConfig: Setting CVar [[r.SkyLight.RealTimeReflectionCapture:1]]
[2023.09.23-08.26.39:079][  0]LogConfig: Applying CVar settings from Section [FoliageQuality@3] File [C:/Unreal/Multiplayer_PingPong_Unreal/PingPong/Saved/Config/Windows/Scalability.ini]
[2023.09.23-08.26.39:079][  0]LogConfig: Setting CVar [[foliage.DensityScale:1.0]]
[2023.09.23-08.26.39:079][  0]LogConfig: Setting CVar [[grass.DensityScale:1.0]]
[2023.09.23-08.26.39:079][  0]LogConfig: Applying CVar settings from Section [ShadingQuality@3] File [C:/Unreal/Multiplayer_PingPong_Unreal/PingPong/Saved/Config/Windows/Scalability.ini]
[2023.09.23-08.26.39:079][  0]LogConfig: Setting CVar [[r.HairStrands.SkyLighting.IntegrationType:2]]
[2023.09.23-08.26.39:079][  0]LogConfig: Setting CVar [[r.HairStrands.SkyAO.SampleCount:4]]
[2023.09.23-08.26.39:079][  0]LogConfig: Setting CVar [[r.HairStrands.Visibility.MSAA.SamplePerPixel:4]]
[2023.09.23-08.26.39:079][  0]LogInit: Selected Device Profile: [Windows]
[2023.09.23-08.26.39:079][  0]LogInit: Applying CVar settings loaded from the selected device profile: [Windows]
[2023.09.23-08.26.39:080][  0]LogHAL: Display: Platform has ~ 16 GB [16919035904 / 17179869184 / 16], which maps to Larger [LargestMinGB=32, LargerMinGB=12, DefaultMinGB=8, SmallerMinGB=6, SmallestMinGB=0)
[2023.09.23-08.26.39:080][  0]LogInit: Going up to parent DeviceProfile []
[2023.09.23-08.26.39:080][  0]LogConfig: Applying CVar settings from Section [ViewDistanceQuality@3] File [C:/Unreal/Multiplayer_PingPong_Unreal/PingPong/Saved/Config/Windows/Scalability.ini]
[2023.09.23-08.26.39:080][  0]LogConfig: Setting CVar [[r.SkeletalMeshLODBias:0]]
[2023.09.23-08.26.39:080][  0]LogConfig: Setting CVar [[r.ViewDistanceScale:1.0]]
[2023.09.23-08.26.39:080][  0]LogConfig: Applying CVar settings from Section [AntiAliasingQuality@3] File [C:/Unreal/Multiplayer_PingPong_Unreal/PingPong/Saved/Config/Windows/Scalability.ini]
[2023.09.23-08.26.39:080][  0]LogConfig: Setting CVar [[r.PostProcessAAQuality:4]]
[2023.09.23-08.26.39:080][  0]LogConfig: Applying CVar settings from Section [ShadowQuality@3] File [C:/Unreal/Multiplayer_PingPong_Unreal/PingPong/Saved/Config/Windows/Scalability.ini]
[2023.09.23-08.26.39:080][  0]LogConfig: Setting CVar [[r.LightFunctionQuality:1]]
[2023.09.23-08.26.39:080][  0]LogConfig: Setting CVar [[r.ShadowQuality:5]]
[2023.09.23-08.26.39:080][  0]LogConfig: Setting CVar [[r.Shadow.CSM.MaxCascades:10]]
[2023.09.23-08.26.39:080][  0]LogConfig: Setting CVar [[r.Shadow.MaxResolution:2048]]
[2023.09.23-08.26.39:081][  0]LogConfig: Setting CVar [[r.Shadow.MaxCSMResolution:2048]]
[2023.09.23-08.26.39:081][  0]LogConfig: Setting CVar [[r.Shadow.RadiusThreshold:0.01]]
[2023.09.23-08.26.39:081][  0]LogConfig: Setting CVar [[r.Shadow.DistanceScale:1.0]]
[2023.09.23-08.26.39:081][  0]LogConfig: Setting CVar [[r.Shadow.CSM.TransitionScale:1.0]]
[2023.09.23-08.26.39:081][  0]LogConfig: Setting CVar [[r.Shadow.PreShadowResolutionFactor:1.0]]
[2023.09.23-08.26.39:081][  0]LogConfig: Setting CVar [[r.DistanceFieldShadowing:1]]
[2023.09.23-08.26.39:081][  0]LogConfig: Setting CVar [[r.DistanceFieldAO:1]]
[2023.09.23-08.26.39:081][  0]LogConfig: Setting CVar [[r.AOQuality:2]]
[2023.09.23-08.26.39:081][  0]LogConfig: Setting CVar [[r.VolumetricFog:1]]
[2023.09.23-08.26.39:081][  0]LogConfig: Setting CVar [[r.VolumetricFog.GridPixelSize:8]]
[2023.09.23-08.26.39:081][  0]LogConfig: Setting CVar [[r.VolumetricFog.GridSizeZ:128]]
[2023.09.23-08.26.39:081][  0]LogConfig: Setting CVar [[r.VolumetricFog.HistoryMissSupersampleCount:4]]
[2023.09.23-08.26.39:081][  0]LogConfig: Setting CVar [[r.LightMaxDrawDistanceScale:1]]
[2023.09.23-08.26.39:081][  0]LogConfig: Setting CVar [[r.CapsuleShadows:1]]
[2023.09.23-08.26.39:082][  0]LogConfig: Applying CVar settings from Section [PostProcessQuality@3] File [C:/Unreal/Multiplayer_PingPong_Unreal/PingPong/Saved/Config/Windows/Scalability.ini]
[2023.09.23-08.26.39:082][  0]LogConfig: Setting CVar [[r.MotionBlurQuality:4]]
[2023.09.23-08.26.39:082][  0]LogConfig: Setting CVar [[r.AmbientOcclusionMipLevelFactor:0.4]]
[2023.09.23-08.26.39:082][  0]LogConfig: Setting CVar [[r.AmbientOcclusionMaxQuality:100]]
[2023.09.23-08.26.39:082][  0]LogConfig: Setting CVar [[r.AmbientOcclusionLevels:-1]]
[2023.09.23-08.26.39:082][  0]LogConfig: Setting CVar [[r.AmbientOcclusionRadiusScale:1.0]]
[2023.09.23-08.26.39:082][  0]LogConfig: Setting CVar [[r.DepthOfFieldQuality:2]]
[2023.09.23-08.26.39:082][  0]LogConfig: Setting CVar [[r.RenderTargetPoolMin:400]]
[2023.09.23-08.26.39:082][  0]LogConfig: Setting CVar [[r.LensFlareQuality:2]]
[2023.09.23-08.26.39:082][  0]LogConfig: Setting CVar [[r.SceneColorFringeQuality:1]]
[2023.09.23-08.26.39:082][  0]LogConfig: Setting CVar [[r.EyeAdaptationQuality:2]]
[2023.09.23-08.26.39:082][  0]LogConfig: Setting CVar [[r.BloomQuality:5]]
[2023.09.23-08.26.39:082][  0]LogConfig: Setting CVar [[r.FastBlurThreshold:100]]
[2023.09.23-08.26.39:083][  0]LogConfig: Setting CVar [[r.Upscale.Quality:3]]
[2023.09.23-08.26.39:083][  0]LogConfig: Setting CVar [[r.Tonemapper.GrainQuantization:1]]
[2023.09.23-08.26.39:083][  0]LogConfig: Setting CVar [[r.LightShaftQuality:1]]
[2023.09.23-08.26.39:083][  0]LogConfig: Setting CVar [[r.Filter.SizeScale:1]]
[2023.09.23-08.26.39:083][  0]LogConfig: Setting CVar [[r.Tonemapper.Quality:5]]
[2023.09.23-08.26.39:083][  0]LogConfig: Setting CVar [[r.DOF.Gather.AccumulatorQuality:1        ; higher gathering accumulator quality]]
[2023.09.23-08.26.39:083][  0]LogConfig: Setting CVar [[r.DOF.Gather.PostfilterMethod:1          ; Median3x3 postfilering method]]
[2023.09.23-08.26.39:083][  0]LogConfig: Setting CVar [[r.DOF.Gather.EnableBokehSettings:0       ; no bokeh simulation when gathering]]
[2023.09.23-08.26.39:083][  0]LogConfig: Setting CVar [[r.DOF.Gather.RingCount:4                 ; medium number of samples when gathering]]
[2023.09.23-08.26.39:083][  0]LogConfig: Setting CVar [[r.DOF.Scatter.ForegroundCompositing:1    ; additive foreground scattering]]
[2023.09.23-08.26.39:083][  0]LogConfig: Setting CVar [[r.DOF.Scatter.BackgroundCompositing:2    ; additive background scattering]]
[2023.09.23-08.26.39:083][  0]LogConfig: Setting CVar [[r.DOF.Scatter.EnableBokehSettings:1      ; bokeh simulation when scattering]]
[2023.09.23-08.26.39:083][  0]LogConfig: Setting CVar [[r.DOF.Scatter.MaxSpriteRatio:0.1         ; only a maximum of 10% of scattered bokeh]]
[2023.09.23-08.26.39:084][  0]LogConfig: Setting CVar [[r.DOF.Recombine.Quality:1                ; cheap slight out of focus]]
[2023.09.23-08.26.39:084][  0]LogConfig: Setting CVar [[r.DOF.Recombine.EnableBokehSettings:0    ; no bokeh simulation on slight out of focus]]
[2023.09.23-08.26.39:084][  0]LogConfig: Setting CVar [[r.DOF.TemporalAAQuality:1                ; more stable temporal accumulation]]
[2023.09.23-08.26.39:084][  0]LogConfig: Setting CVar [[r.DOF.Kernel.MaxForegroundRadius:0.025]]
[2023.09.23-08.26.39:084][  0]LogConfig: Setting CVar [[r.DOF.Kernel.MaxBackgroundRadius:0.025]]
[2023.09.23-08.26.39:084][  0]LogConfig: Applying CVar settings from Section [TextureQuality@3] File [C:/Unreal/Multiplayer_PingPong_Unreal/PingPong/Saved/Config/Windows/Scalability.ini]
[2023.09.23-08.26.39:084][  0]LogConfig: Setting CVar [[r.Streaming.MipBias:0]]
[2023.09.23-08.26.39:084][  0]LogConfig: Setting CVar [[r.Streaming.AmortizeCPUToGPUCopy:0]]
[2023.09.23-08.26.39:084][  0]LogConfig: Setting CVar [[r.Streaming.MaxNumTexturesToStreamPerFrame:0]]
[2023.09.23-08.26.39:084][  0]LogConfig: Setting CVar [[r.Streaming.Boost:1]]
[2023.09.23-08.26.39:084][  0]LogConfig: Setting CVar [[r.MaxAnisotropy:8]]
[2023.09.23-08.26.39:084][  0]LogConfig: Setting CVar [[r.VT.MaxAnisotropy:8]]
[2023.09.23-08.26.39:084][  0]LogConfig: Setting CVar [[r.Streaming.LimitPoolSizeToVRAM:0]]
[2023.09.23-08.26.39:085][  0]LogConfig: Setting CVar [[r.Streaming.PoolSize:1000]]
[2023.09.23-08.26.39:085][  0]LogConfig: Setting CVar [[r.Streaming.MaxEffectiveScreenSize:0]]
[2023.09.23-08.26.39:085][  0]LogConfig: Applying CVar settings from Section [EffectsQuality@3] File [C:/Unreal/Multiplayer_PingPong_Unreal/PingPong/Saved/Config/Windows/Scalability.ini]
[2023.09.23-08.26.39:085][  0]LogConfig: Setting CVar [[r.TranslucencyLightingVolumeDim:64]]
[2023.09.23-08.26.39:085][  0]LogConfig: Setting CVar [[r.RefractionQuality:2]]
[2023.09.23-08.26.39:085][  0]LogConfig: Setting CVar [[r.SSR.Quality:3]]
[2023.09.23-08.26.39:085][  0]LogConfig: Setting CVar [[r.SSR.HalfResSceneColor:0]]
[2023.09.23-08.26.39:085][  0]LogConfig: Setting CVar [[r.SceneColorFormat:4]]
[2023.09.23-08.26.39:085][  0]LogConfig: Setting CVar [[r.DetailMode:2]]
[2023.09.23-08.26.39:085][  0]LogConfig: Setting CVar [[r.TranslucencyVolumeBlur:1]]
[2023.09.23-08.26.39:085][  0]LogConfig: Setting CVar [[r.MaterialQualityLevel:1 ; High quality]]
[2023.09.23-08.26.39:085][  0]LogConfig: Setting CVar [[r.AnisotropicMaterials:1]]
[2023.09.23-08.26.39:085][  0]LogConfig: Setting CVar [[r.SSS.Scale:1]]
[2023.09.23-08.26.39:085][  0]LogConfig: Setting CVar [[r.SSS.SampleSet:2]]
[2023.09.23-08.26.39:086][  0]LogConfig: Setting CVar [[r.SSS.Quality:1]]
[2023.09.23-08.26.39:086][  0]LogConfig: Setting CVar [[r.SSS.HalfRes:0]]
[2023.09.23-08.26.39:086][  0]LogConfig: Setting CVar [[r.SSGI.Quality:3]]
[2023.09.23-08.26.39:086][  0]LogConfig: Setting CVar [[r.EmitterSpawnRateScale:1.0]]
[2023.09.23-08.26.39:086][  0]LogConfig: Setting CVar [[r.ParticleLightQuality:2]]
[2023.09.23-08.26.39:086][  0]LogConfig: Setting CVar [[r.SkyAtmosphere.AerialPerspectiveLUT.FastApplyOnOpaque:1 ; Always have FastSkyLUT 1 in this case to avoid wrong sky]]
[2023.09.23-08.26.39:086][  0]LogConfig: Setting CVar [[r.SkyAtmosphere.AerialPerspectiveLUT.SampleCountMaxPerSlice:4]]
[2023.09.23-08.26.39:086][  0]LogConfig: Setting CVar [[r.SkyAtmosphere.AerialPerspectiveLUT.DepthResolution:16.0]]
[2023.09.23-08.26.39:086][  0]LogConfig: Setting CVar [[r.SkyAtmosphere.FastSkyLUT:1]]
[2023.09.23-08.26.39:086][  0]LogConfig: Setting CVar [[r.SkyAtmosphere.FastSkyLUT.SampleCountMin:4.0]]
[2023.09.23-08.26.39:086][  0]LogConfig: Setting CVar [[r.SkyAtmosphere.FastSkyLUT.SampleCountMax:128.0]]
[2023.09.23-08.26.39:086][  0]LogConfig: Setting CVar [[r.SkyAtmosphere.SampleCountMin:4.0]]
[2023.09.23-08.26.39:086][  0]LogConfig: Setting CVar [[r.SkyAtmosphere.SampleCountMax:128.0]]
[2023.09.23-08.26.39:086][  0]LogConfig: Setting CVar [[r.SkyAtmosphere.TransmittanceLUT.UseSmallFormat:0]]
[2023.09.23-08.26.39:087][  0]LogConfig: Setting CVar [[r.SkyAtmosphere.TransmittanceLUT.SampleCount:10.0]]
[2023.09.23-08.26.39:087][  0]LogConfig: Setting CVar [[r.SkyAtmosphere.MultiScatteringLUT.SampleCount:15.0]]
[2023.09.23-08.26.39:087][  0]LogConfig: Setting CVar [[r.SkyLight.RealTimeReflectionCapture:1]]
[2023.09.23-08.26.39:087][  0]LogConfig: Applying CVar settings from Section [FoliageQuality@3] File [C:/Unreal/Multiplayer_PingPong_Unreal/PingPong/Saved/Config/Windows/Scalability.ini]
[2023.09.23-08.26.39:087][  0]LogConfig: Setting CVar [[foliage.DensityScale:1.0]]
[2023.09.23-08.26.39:087][  0]LogConfig: Setting CVar [[grass.DensityScale:1.0]]
[2023.09.23-08.26.39:087][  0]LogConfig: Applying CVar settings from Section [ShadingQuality@3] File [C:/Unreal/Multiplayer_PingPong_Unreal/PingPong/Saved/Config/Windows/Scalability.ini]
[2023.09.23-08.26.39:087][  0]LogConfig: Setting CVar [[r.HairStrands.SkyLighting.IntegrationType:2]]
[2023.09.23-08.26.39:087][  0]LogConfig: Setting CVar [[r.HairStrands.SkyAO.SampleCount:4]]
[2023.09.23-08.26.39:087][  0]LogConfig: Setting CVar [[r.HairStrands.Visibility.MSAA.SamplePerPixel:4]]
[2023.09.23-08.26.39:087][  0]LogConfig: Applying CVar settings from Section [Startup] File [../../../Engine/Config/ConsoleVariables.ini]
[2023.09.23-08.26.39:088][  0]LogConfig: Setting CVar [[net.UseAdaptiveNetUpdateFrequency:0]]
[2023.09.23-08.26.39:088][  0]LogConfig: Setting CVar [[p.chaos.AllowCreatePhysxBodies:1]]
[2023.09.23-08.26.39:088][  0]LogConfig: Setting CVar [[fx.SkipVectorVMBackendOptimizations:1]]
[2023.09.23-08.26.39:088][  0]LogConfig: Applying CVar settings from Section [ConsoleVariables] File [C:/Unreal/Multiplayer_PingPong_Unreal/PingPong/Saved/Config/Windows/Engine.ini]
[2023.09.23-08.26.39:088][  0]LogConfig: Applying CVar settings from Section [ConsoleVariables] File [C:/Unreal/Multiplayer_PingPong_Unreal/PingPong/Saved/Config/Windows/Editor.ini]
[2023.09.23-08.26.39:088][  0]LogInit: Computer: DESKTOP-UQ10HGU
[2023.09.23-08.26.39:088][  0]LogInit: User: Golem
[2023.09.23-08.26.39:088][  0]LogInit: CPU Page size=4096, Cores=4
[2023.09.23-08.26.39:088][  0]LogInit: High frequency timer resolution =10.000000 MHz
[2023.09.23-08.26.39:088][  0]LogMemory: Memory total: Physical=15.8GB (16GB approx)
[2023.09.23-08.26.39:089][  0]LogMemory: Platform Memory Stats for Windows
[2023.09.23-08.26.39:089][  0]LogMemory: Process Physical Memory: 141.67 MB used, 141.67 MB peak
[2023.09.23-08.26.39:089][  0]LogMemory: Process Virtual Memory: 112.49 MB used, 112.49 MB peak
[2023.09.23-08.26.39:089][  0]LogMemory: Physical Memory: 11388.43 MB used,  4746.82 MB free, 16135.25 MB total
[2023.09.23-08.26.39:089][  0]LogMemory: Virtual Memory: 134208120.00 MB used,  9611.41 MB free, 134217728.00 MB total
[2023.09.23-08.26.39:100][  0]LogWindows: WindowsPlatformFeatures enabled
[2023.09.23-08.26.39:256][  0]LogInit: Physics initialised using underlying interface: PhysX
[2023.09.23-08.26.39:258][  0]LogInit: Using OS detected language (en-US).
[2023.09.23-08.26.39:258][  0]LogInit: Using OS detected locale (en-US).
[2023.09.23-08.26.39:262][  0]LogTextLocalizationManager: No specific localization for 'en-US' exists, so the 'en' localization will be used.
[2023.09.23-08.26.39:527][  0]LogInit: Setting process to per monitor DPI aware
[2023.09.23-08.26.39:562][  0]LogWindowsTextInputMethodSystem: Display: IME system deactivated.
[2023.09.23-08.26.39:586][  0]LogSlate: New Slate User Created.  User Index 0, Is Virtual User: 0
[2023.09.23-08.26.39:586][  0]LogSlate: Slate User Registered.  User Index 0, Is Virtual User: 0
[2023.09.23-08.26.39:791][  0]LogD3D11RHI: Loaded GFSDK_Aftermath_Lib.x64.dll
[2023.09.23-08.26.39:807][  0]LogHMD: Failed to initialize OpenVR with code 110
[2023.09.23-08.26.39:807][  0]LogD3D11RHI: D3D11 min allowed feature level: 11_0
[2023.09.23-08.26.39:807][  0]LogD3D11RHI: D3D11 max allowed feature level: 11_0
[2023.09.23-08.26.39:807][  0]LogD3D11RHI: D3D11 adapters:
[2023.09.23-08.26.40:625][  0]LogD3D11RHI:    0. 'Radeon (TM) 520' (Feature Level 11_0)
[2023.09.23-08.26.40:625][  0]LogD3D11RHI:       2039/0/8067 MB DedicatedVideo/DedicatedSystem/SharedSystem, Outputs:2, VendorId:0x1002
[2023.09.23-08.26.40:678][  0]LogD3D11RHI:    1. 'Intel(R) UHD Graphics 620' (Feature Level 11_0)
[2023.09.23-08.26.40:678][  0]LogD3D11RHI:       128/0/8067 MB DedicatedVideo/DedicatedSystem/SharedSystem, Outputs:0, VendorId:0x8086
[2023.09.23-08.26.40:684][  0]LogD3D11RHI:    2. 'Microsoft Basic Render Driver' (Feature Level 11_0)
[2023.09.23-08.26.40:684][  0]LogD3D11RHI:       0/0/8067 MB DedicatedVideo/DedicatedSystem/SharedSystem, Outputs:0, VendorId:0x1414
[2023.09.23-08.26.40:684][  0]LogD3D11RHI: Chosen D3D11 Adapter:
[2023.09.23-08.26.40:684][  0]LogD3D11RHI:     Description : Radeon (TM) 520
[2023.09.23-08.26.40:684][  0]LogD3D11RHI:     VendorId    : 1002
[2023.09.23-08.26.40:684][  0]LogD3D11RHI:     DeviceId    : 6665
[2023.09.23-08.26.40:684][  0]LogD3D11RHI:     SubSysId    : 83f1028
[2023.09.23-08.26.40:684][  0]LogD3D11RHI:     Revision    : 00c3
[2023.09.23-08.26.40:684][  0]LogD3D11RHI:     DedicatedVideoMemory : 2138300416 bytes
[2023.09.23-08.26.40:684][  0]LogD3D11RHI:     DedicatedSystemMemory : 0 bytes
[2023.09.23-08.26.40:684][  0]LogD3D11RHI:     SharedSystemMemory : 8459517952 bytes
[2023.09.23-08.26.40:684][  0]LogD3D11RHI:     AdapterLuid : 0 51420
[2023.09.23-08.26.40:691][  0]LogD3D11RHI: Creating new Direct3DDevice
[2023.09.23-08.26.40:692][  0]LogD3D11RHI:     GPU DeviceId: 0x6665 (for the marketing name, search the web for "GPU Device Id")
[2023.09.23-08.26.40:692][  0]LogWindows: EnumDisplayDevices:
[2023.09.23-08.26.40:692][  0]LogWindows:    0. 'Intel(R) UHD Graphics 620' (P:0 D:1)
[2023.09.23-08.26.40:693][  0]LogWindows:    1. 'Intel(R) UHD Graphics 620' (P:1 D:1)
[2023.09.23-08.26.40:693][  0]LogWindows:    2. 'Intel(R) UHD Graphics 620' (P:0 D:0)
[2023.09.23-08.26.40:693][  0]LogWindows: DebugString: PrimaryIsNotTheChoosenAdapter PrimaryIsNotTheChoosenAdapter PrimaryIsNotTheChoosenAdapter FoundDriverCount:0 
[2023.09.23-08.26.40:693][  0]LogD3D11RHI:     Adapter Name: Radeon (TM) 520
[2023.09.23-08.26.40:693][  0]LogD3D11RHI:   Driver Version: Unknown (internal:Unknown, unified:Unknown)
[2023.09.23-08.26.40:693][  0]LogD3D11RHI:      Driver Date: Unknown
[2023.09.23-08.26.40:694][  0]LogRHI: Texture pool is 1213 MB (70% of 1733 MB)
[2023.09.23-08.26.40:713][  0]LogD3D11RHI: Creating D3DDevice with AMD AGS, using adapter:
[2023.09.23-08.26.40:713][  0]LogD3D11RHI:     Description : Radeon (TM) 520
[2023.09.23-08.26.40:713][  0]LogD3D11RHI:     VendorId    : 1002
[2023.09.23-08.26.40:713][  0]LogD3D11RHI:     DeviceId    : 6665
[2023.09.23-08.26.40:713][  0]LogD3D11RHI:     SubSysId    : 83f1028
[2023.09.23-08.26.40:713][  0]LogD3D11RHI:     Revision    : 00c3
[2023.09.23-08.26.40:713][  0]LogD3D11RHI:     DedicatedVideoMemory : 2138300416 bytes
[2023.09.23-08.26.40:713][  0]LogD3D11RHI:     DedicatedSystemMemory : 0 bytes
[2023.09.23-08.26.40:713][  0]LogD3D11RHI:     SharedSystemMemory : 8459517952 bytes
[2023.09.23-08.26.40:714][  0]LogD3D11RHI:     AdapterLuid : 0 51420
[2023.09.23-08.26.40:794][  0]LogD3D11RHI: Created device via AGS, feature level 11_0, supported extensions 1fffffbf.
[2023.09.23-08.26.40:794][  0]LogD3D11RHI: RHI has support for 64 bit atomics
[2023.09.23-08.26.40:795][  0]LogD3D11RHI: Async texture creation enabled
[2023.09.23-08.26.40:795][  0]LogD3D11RHI: Array index from any shader is supported
[2023.09.23-08.26.40:813][  0]LogD3D11RHI: GPU Timing Frequency: 27.000000 (Debug: 2 1)
[2023.09.23-08.26.41:150][  0]LogTargetPlatformManager: Display: Loaded TargetPlatform 'AllDesktop'
[2023.09.23-08.26.41:174][  0]LogTargetPlatformManager: Display: Loaded TargetPlatform 'Android'
[2023.09.23-08.26.41:175][  0]LogTargetPlatformManager: Display: Loaded TargetPlatform 'Android_ASTC'
[2023.09.23-08.26.41:175][  0]LogTargetPlatformManager: Display: Loaded TargetPlatform 'Android_DXT'
[2023.09.23-08.26.41:175][  0]LogTargetPlatformManager: Display: Loaded TargetPlatform 'Android_ETC2'
[2023.09.23-08.26.41:175][  0]LogTargetPlatformManager: Display: Loaded TargetPlatform 'AndroidClient'
[2023.09.23-08.26.41:175][  0]LogTargetPlatformManager: Display: Loaded TargetPlatform 'Android_ASTCClient'
[2023.09.23-08.26.41:175][  0]LogTargetPlatformManager: Display: Loaded TargetPlatform 'Android_DXTClient'
[2023.09.23-08.26.41:175][  0]LogTargetPlatformManager: Display: Loaded TargetPlatform 'Android_ETC2Client'
[2023.09.23-08.26.41:175][  0]LogTargetPlatformManager: Display: Loaded TargetPlatform 'Android_Multi'
[2023.09.23-08.26.41:175][  0]LogTargetPlatformManager: Display: Loaded TargetPlatform 'Android_MultiClient'
[2023.09.23-08.26.41:199][  0]LogTargetPlatformManager: Display: Loaded TargetPlatform 'IOSClient'
[2023.09.23-08.26.41:199][  0]LogTargetPlatformManager: Display: Loaded TargetPlatform 'IOS'
[2023.09.23-08.26.41:210][  0]LogTargetPlatformManager: Display: Loaded TargetPlatform 'Linux'
[2023.09.23-08.26.41:217][  0]LogTargetPlatformManager: Display: Loaded TargetPlatform 'LinuxNoEditor'
[2023.09.23-08.26.41:223][  0]LogTargetPlatformManager: Display: Loaded TargetPlatform 'LinuxClient'
[2023.09.23-08.26.41:230][  0]LogTargetPlatformManager: Display: Loaded TargetPlatform 'LinuxServer'
[2023.09.23-08.26.41:241][  0]LogTargetPlatformManager: Display: Loaded TargetPlatform 'LinuxAArch64NoEditor'
[2023.09.23-08.26.41:248][  0]LogTargetPlatformManager: Display: Loaded TargetPlatform 'LinuxAArch64Client'
[2023.09.23-08.26.41:254][  0]LogTargetPlatformManager: Display: Loaded TargetPlatform 'LinuxAArch64Server'
[2023.09.23-08.26.41:280][  0]LogTargetPlatformManager: Display: Loaded TargetPlatform 'Lumin'
[2023.09.23-08.26.41:280][  0]LogTargetPlatformManager: Display: Loaded TargetPlatform 'LuminClient'
[2023.09.23-08.26.41:291][  0]LogTargetPlatformManager: Display: Loaded TargetPlatform 'MacNoEditor'
[2023.09.23-08.26.41:299][  0]LogTargetPlatformManager: Display: Loaded TargetPlatform 'Mac'
[2023.09.23-08.26.41:305][  0]LogTargetPlatformManager: Display: Loaded TargetPlatform 'MacClient'
[2023.09.23-08.26.41:311][  0]LogTargetPlatformManager: Display: Loaded TargetPlatform 'MacServer'
[2023.09.23-08.26.41:324][  0]LogTargetPlatformManager: Display: Loaded TargetPlatform 'TVOSClient'
[2023.09.23-08.26.41:324][  0]LogTargetPlatformManager: Display: Loaded TargetPlatform 'TVOS'
[2023.09.23-08.26.41:335][  0]LogTargetPlatformManager: Display: Loaded TargetPlatform 'WindowsNoEditor'
[2023.09.23-08.26.41:342][  0]LogTargetPlatformManager: Display: Loaded TargetPlatform 'Windows'
[2023.09.23-08.26.41:348][  0]LogTargetPlatformManager: Display: Loaded TargetPlatform 'WindowsClient'
[2023.09.23-08.26.41:354][  0]LogTargetPlatformManager: Display: Loaded TargetPlatform 'WindowsServer'
[2023.09.23-08.26.41:354][  0]LogTargetPlatformManager: Display: Building Assets For Windows
[2023.09.23-08.26.41:367][  0]LogAudioDebug: Display: Lib vorbis DLL was dynamically loaded.
[2023.09.23-08.26.41:419][  0]LogTextureFormatOodle: Display: Oodle Texture 2.9.0 init RDO Off
[2023.09.23-08.26.41:477][  0]LogRendererCore: Ray tracing is disabled. Reason: r.RayTracing=0.
[2023.09.23-08.26.41:477][  0]LogShaderCompilers: Guid format shader working directory is -16 characters bigger than the processId version (../../../../../../Unreal/Multiplayer_PingPong_Unreal/PingPong/Intermediate/Shaders/WorkingDirectory/25072/).
[2023.09.23-08.26.41:477][  0]LogShaderCompilers: Cleaned the shader compiler working directory 'C:/Users/Golem/AppData/Local/Temp/UnrealShaderWorkingDir/4EE85398408E63F215ADD4877EF130F4/'.
[2023.09.23-08.26.41:478][  0]LogXGEController: Cannot use XGE Controller as Incredibuild is not installed on this machine.
[2023.09.23-08.26.41:478][  0]LogShaderCompilers: Cannot use XGE Shader Compiler as Incredibuild is not installed on this machine.
[2023.09.23-08.26.41:478][  0]LogShaderCompilers: Display: Using Local Shader Compiler.
[2023.09.23-08.26.42:327][  0]LogDerivedDataCache: Display: Max Cache Size: 512 MB
[2023.09.23-08.26.42:402][  0]LogDerivedDataCache: Loaded boot cache 0.07s 94MB C:/Users/Golem/AppData/Local/UnrealEngine/4.27/DerivedDataCache/Boot.ddc.
[2023.09.23-08.26.42:402][  0]LogDerivedDataCache: Display: Loaded Boot cache: C:/Users/Golem/AppData/Local/UnrealEngine/4.27/DerivedDataCache/Boot.ddc
[2023.09.23-08.26.42:402][  0]LogDerivedDataCache: FDerivedDataBackendGraph:  Pak pak cache file ../../../../../../Unreal/Multiplayer_PingPong_Unreal/PingPong/DerivedDataCache/DDC.ddp not found, will not use a pak cache.
[2023.09.23-08.26.42:402][  0]LogDerivedDataCache: Unable to find inner node Pak for hierarchical cache Hierarchy.
[2023.09.23-08.26.42:402][  0]LogDerivedDataCache: FDerivedDataBackendGraph:  CompressedPak pak cache file ../../../../../../Unreal/Multiplayer_PingPong_Unreal/PingPong/DerivedDataCache/Compressed.ddp not found, will not use a pak cache.
[2023.09.23-08.26.42:403][  0]LogDerivedDataCache: Unable to find inner node CompressedPak for hierarchical cache Hierarchy.
[2023.09.23-08.26.42:424][  0]LogDerivedDataCache: Display: Pak cache opened for reading ../../../Engine/DerivedDataCache/Compressed.ddp.
[2023.09.23-08.26.42:424][  0]LogDerivedDataCache: FDerivedDataBackendGraph:  EnterprisePak pak cache file ../../../Enterprise/DerivedDataCache/Compressed.ddp not found, will not use a pak cache.
[2023.09.23-08.26.42:424][  0]LogDerivedDataCache: Unable to find inner node EnterprisePak for hierarchical cache Hierarchy.
[2023.09.23-08.26.42:437][  0]LogDerivedDataCache: Speed tests for C:/Users/Golem/AppData/Local/UnrealEngine/Common/DerivedDataCache took 0.01 seconds
[2023.09.23-08.26.42:437][  0]LogDerivedDataCache: Display: Performance to C:/Users/Golem/AppData/Local/UnrealEngine/Common/DerivedDataCache: Latency=0.03ms. RandomReadSpeed=1156.18MBs, RandomWriteSpeed=77.16MBs. Assigned SpeedClass 'Local'
[2023.09.23-08.26.42:442][  0]LogDerivedDataCache: Using Local data cache path C:/Users/Golem/AppData/Local/UnrealEngine/Common/DerivedDataCache: Writable
[2023.09.23-08.26.42:442][  0]LogDerivedDataCache: Shared data cache path not found in *engine.ini, will not use an Shared cache.
[2023.09.23-08.26.42:442][  0]LogDerivedDataCache: Unable to find inner node Shared for hierarchical cache Hierarchy.
[2023.09.23-08.26.42:510][  0]LogSlate: Using FreeType 2.10.0
[2023.09.23-08.26.42:511][  0]LogSlate: SlateFontServices - WITH_FREETYPE: 1, WITH_HARFBUZZ: 1
[2023.09.23-08.26.42:544][  0]LogAssetRegistry: FAssetRegistry took 0.0056 seconds to start up
[2023.09.23-08.26.42:894][  0]LogInit: Selected Device Profile: [Windows]
[2023.09.23-08.26.42:894][  0]LogInit: Active device profile: [000002BEB2C10900][000002BEB0ED86C0 49] Windows
[2023.09.23-08.26.42:894][  0]LogInit: Profiles: [000002BEB2C10900][000002BEB0ED86C0 49] Windows, [000002BEB2BDF800][000002BEB0EDC800 49] WindowsNoEditor, [000002BEB2C13500][000002BEA56BC940 49] WindowsServer, [000002BEB2BDCE00][000002BEA56C0A80 49] WindowsClient, [000002BEB2C13800][000002BEA56C4BC0 49] IOS, [000002BEB2BDE800][000002BEA8250D40 49] iPadAir, [000002BEB2C12000][000002BEA8254EC0 49] iPadAir2, [000002BEB2B8CA00][000002BEA825D180 49] IPadPro, [000002BEB2B8CB00][000002BEA82591C0 49] iPadAir3, [000002BEB2BDD800][000002BEA8261340 49] iPadAir4, [000002BEB2B8F400][000002BEAB8654C0 49] iPadMini2, [000002BEB2BDEA00][000002BEAB869640 49] iPadMini3, [000002BEB2B8D700][000002BEAB86D7C0 49] iPadMini4, [000002BEB2C11000][000002BEAB871940 49] iPadMini5, [000002BEB2B94300][000002BEA810BC00 49] iPhone6, [000002BEB2B94400][000002BEAB8780C0 49] iPodTouch6, [000002BEB2B8F600][000002BEB36F6380 49] iPhone7, [000002BEB2B8D800][000002BEB36CC3C0 49] iPodTouch7, [000002BEB2B97F00][000002BEB226A540 49] iPhone5S, [000002BEB2BDE300][000002BEB22A26C0 49] iPhone6Plus, [000002BEB2B8C200][000002BEB22D6840 49] iPhone6S, [000002BEB2BDE200][000002BEA56C8980 49] iPhone6SPlus, [000002BEB2B8FC00][000002BEB22E4AC0 49] iPhone7Plus, [000002BEB2BDC100][000002BEB22E8C00 49] iPhoneSE, [000002BEB2B8F500][000002BEA8DC2D40 49] iPhone8, [000002BEB2BDDE00][000002BEAB790EC0 49] iPhone8Plus, [000002BEB2B8D000][000002BEB0C57040 49] iPhoneX, [000002BEB2BDCA00][000002BEB0C5B1C0 49] iPhoneXS, [000002BEB2B8D200][000002BEB0C5F340 49] iPhoneXSMax, [000002BEB2BDD500][000002BEB0C8F4C0 49] iPhoneXR, [000002BEB2B8F700][000002BEB226F640 49] iPhone11, [000002BEB2BDCD00][000002BEB0C937C0 49] iPhone11Pro, [000002BEB2B8F800][000002BEA81D5940 49] iPhone11ProMax, [000002BEB2BDCF00][000002BEA81D9AC0 49] iPhoneSE2, [000002BEB2B8EE00][000002BEA81DC0C0 49] iPhone12Mini, [000002BEB2BDF100][000002BEA81E8240 49] iPhone12, [000002BEB2B8EB00][000002BEAB7D43C0 49] iPhone12Pro, [000002BEB2BDC800][000002BEAB7D8540 49] iPhone12ProMax, [000002BEB2B8E300][000002BEAB7DC6C0 49] iPadPro105, [000002BEB2BDEF00][000002BEAB7EC840 49] iPadPro129, [000002BEB2B8E000][000002BEAB7FC9C0 49] iPadPro97, [000002BEB2BDD300][000002BEB1F50B40 49] iPadPro2_129, [000002BEB2B8DA00][000002BEB22ECC80 49] iPad5, [000002BEB2BDDA00][000002BEB1F58DC0 49] iPad6, [000002BEB2B8E800][000002BEB1F66F00 49] iPad7, [000002BEB2BDCC00][000002BEB1F6F080 49] iPad8, [000002BEB2B8F200][000002BEB1F73200 49] iPadPro11, [000002BEB2BDD600][000002BEB1F77380 49] iPadPro2_11, [000002BEB2B8DC00][000002BEB1F7B500 49] iPadPro3_129, [000002BEB2BDF900][000002BEB1F7F680 49] iPadPro4_129, [000002BEB2B8D500][000002BEB3AA7800 49] AppleTV, [000002BEB2BDC300][000002BEB3AAB980 49] AppleTV4K, [000002BEB2B8C100][000002BEB3AAFB00 49] TVOS, [000002BEB2BDE400][000002BEB3AB2100 49] Mac, [000002BEB2B8E100][000002BEB3ACA280 49] MacClient, [000002BEB2BDF400][000002BEB3B02400 49] MacNoEditor, [000002BEB2B8DF00][000002BEB2264580 49] MacServer, [000002BEB2BDC600][000002BEA8D72700 49] Linux, [000002BEB2B8E200][000002BEA8D76880 49] LinuxAArch64, [000002BEB2BDF600][000002BEA8DB8A00 49] LinuxNoEditor, [000002BEB2B8DD00][000002BEA8DBCB80 49] LinuxAArch64NoEditor, [000002BEB2BDD400][000002BEB0C14D00 49] LinuxClient, [000002BEB2B8F100][000002BEB1F6AE40 49] LinuxAArch64Client, [000002BEB2BDD900][000002BEB0C1CF80 49] LinuxServer, [000002BEB2B8F000][000002BEB0C210C0 49] LinuxAArch64Server, [000002BEB2BDE600][000002BEAB775240 49] Android, [000002BEB2B8C700][000002BEAB7793C0 49] Android_Low, [000002BEB2BDDB00][000002BEB0C19540 49] Android_Mid, [000002BEB2C13A00][000002BEA8D7B6C0 49] Android_High, [000002BEB2B95C00][000002BEAB789840 49] Android_Default, [000002BEB2C12100][000002BEAB78D9C0 49] Android_Adreno4xx, [000002BEB2B96700][000002BEB0C3BB40 49] Android_Adreno5xx_Low, [000002BEB2C10B00][000002BEAB7D0140 49] Android_Adreno5xx, [000002BEB2B96D00][000002BEA81E42C0 49] Android_Adreno6xx, [000002BEB2C11200][000002BEB36FA440 49] Android_Adreno6xx_Vulkan, [000002BEB2B96800][000002BEA81E05C0 49] Android_Mali_T6xx, [000002BEB2C13200][000002BEB0C3E740 49] Android_Mali_T7xx, [000002BEB2B96E00][000002BEB0C428C0 49] Android_Mali_T8xx, [000002BEB2C12500][000002BEB0C46A40 49] Android_Mali_G71, [000002BEB2B97E00][000002BEB0C4ABC0 49] Android_Mali_G72, [000002BEB2C12A00][000002BEB0C4ED40 49] Android_Mali_G72_Vulkan, [000002BEB2B95B00][000002BEB0C52EC0 49] Android_Mali_G76, [000002BEB2C11B00][000002BEAB771000 49] Android_Mali_G76_Vulkan, [000002BEB2B97D00][000002BEB227B140 49] Android_Mali_G77, [000002BEB2C12D00][000002BEB227F280 49] Android_Mali_G77_Vulkan, [000002BEB2B97900][000002BEB22833C0 49] Android_Mali_G78, [000002BEB2C10D00][000002BEB228B540 49] Android_Mali_G78_Vulkan, [000002BEB2B94500][000002BEB228F6C0 49] Android_Mali_G710, [000002BEB2C12B00][000002BEB2293840 49] Android_Mali_G710_Vulkan, [000002BEB2B97500][000002BEB22979C0 49] Android_Vulkan_SM5, [000002BEB2C13400][000002BEB229BB40 49] Android_PowerVR_G6xxx, [000002BEB2B96400][000002BEB229E140 49] Android_PowerVR_GT7xxx, [000002BEB2C13C00][000002BEAB7942C0 49] Android_PowerVR_GE8xxx, [000002BEB2B96200][000002BEAB798440 49] Android_PowerVR_GM9xxx, [000002BEB2C13000][000002BEAB79C5C0 49] Android_PowerVR_GM9xxx_Vulkan, [000002BEB2B95500][000002BEAB7A0740 49] Android_TegraK1, [000002BEB2C11100][000002BEAB7A48C0 49] Android_Unknown_Vulkan, [000002BEB2BDFD00][000002BEAB7A8A40 49] Lumin, [000002BEB2C12900][000002BEAB7ACBC0 49] Lumin_Desktop, [000002BEB2BDFE00][000002BEAB7B0D40 49] HoloLens, 
[2023.09.23-08.26.43:062][  0]LogMeshReduction: Using QuadricMeshReduction for automatic static mesh reduction
[2023.09.23-08.26.43:063][  0]LogMeshReduction: Using SimplygonMeshReduction for automatic skeletal mesh reduction
[2023.09.23-08.26.43:063][  0]LogMeshReduction: Using ProxyLODMeshReduction for automatic mesh merging
[2023.09.23-08.26.43:063][  0]LogMeshReduction: No distributed automatic mesh merging module available
[2023.09.23-08.26.43:063][  0]LogMeshMerging: No distributed automatic mesh merging module available
[2023.09.23-08.26.43:082][  0]LogNetVersion: PingPong 1.0.0, NetCL: 17155196, EngineNetVer: 17, GameNetVer: 0 (Checksum: 166094971)
[2023.09.23-08.26.43:555][  0]LogTexture: Default maximum texture size for cubemaps generated from long-lat sources has been changed from 512 to unlimited. In order to preserve old behaiour for '/Engine/MapTemplates/Sky/DaylightAmbientCubemap.DaylightAmbientCubemap', its maximum texture size has been explicitly set to 512.
[2023.09.23-08.26.43:627][  0]LogHMD: PokeAHoleMaterial loaded successfully
[2023.09.23-08.26.43:635][  0]LogUObjectArray: 17178 objects as part of root set at end of initial load.
[2023.09.23-08.26.43:635][  0]LogUObjectAllocator: 4302048 out of 0 bytes used by permanent object pool.
[2023.09.23-08.26.43:636][  0]LogUObjectArray: CloseDisregardForGC: 0/0 objects in disregard for GC pool
[2023.09.23-08.26.44:098][  0]LogNiagaraDebuggerClient: Niagara Debugger Client Initialized | Session: CC8B8763436A2EED847502899A29E754 | Instance: 74E353974BD5F65FE37512A32410B532 (DESKTOP-UQ10HGU-25072).
[2023.09.23-08.26.44:168][  0]LogPython: Using Python 3.7.7
[2023.09.23-08.26.44:981][  0]LogTcpMessaging: Initializing TcpMessaging bridge
[2023.09.23-08.26.44:994][  0]LogUdpMessaging: Initializing bridge on interface 0.0.0.0:0 to multicast group 230.0.0.1:6666.
[2023.09.23-08.26.45:583][  0]LogOpenImageDenoise: OIDN starting up
[2023.09.23-08.26.45:669][  0]LogAndroidPermission: UAndroidPermissionCallbackProxy::GetInstance
[2023.09.23-08.26.45:708][  0]LogAudioCaptureCore: Display: No Audio Capture implementations found. Audio input will be silent.
[2023.09.23-08.26.45:708][  0]LogAudioCaptureCore: Display: No Audio Capture implementations found. Audio input will be silent.
[2023.09.23-08.26.45:902][  0]SourceControl: Source control is disabled
[2023.09.23-08.26.45:902][  0]SourceControl: Source control is disabled
[2023.09.23-08.26.45:908][  0]SourceControl: Source control is disabled
[2023.09.23-08.26.45:913][  0]SourceControl: Source control is disabled
[2023.09.23-08.26.45:927][  0]SourceControl: Source control is disabled
[2023.09.23-08.26.45:933][  0]LogUProjectInfo: Found projects:
[2023.09.23-08.26.45:966][  0]LogCollectionManager: Loaded 0 collections in 0.002666 seconds
[2023.09.23-08.26.46:007][  0]LogFileCache: Scanning file cache for directory 'C:/Unreal/Multiplayer_PingPong_Unreal/PingPong/Saved/Collections/' took 0.00s
[2023.09.23-08.26.46:007][  0]LogFileCache: Scanning file cache for directory 'C:/Unreal/Multiplayer_PingPong_Unreal/PingPong/Content/Developers/Golem/Collections/' took 0.00s
[2023.09.23-08.26.46:007][  0]LogFileCache: Scanning file cache for directory 'C:/Unreal/Multiplayer_PingPong_Unreal/PingPong/Content/Collections/' took 0.00s
[2023.09.23-08.26.46:008][  0]LogOcInput: OculusInput pre-init called
[2023.09.23-08.26.46:364][  0]LogEngine: Initializing Engine...
[2023.09.23-08.26.46:369][  0]LogHMD: Failed to enumerate extensions. Please check that you have a valid OpenXR runtime installed.
[2023.09.23-08.26.46:370][  0]LogHMD: Failed to initialize OpenVR with code 110
[2023.09.23-08.26.46:370][  0]LogMagicLeap: Warning: VR disabled because ZI is not enabled.  To enable, in the editor, Edit -> Project Settings -> Plugins -> Magic Leap Plugin -> Enable Zero Iteration
[2023.09.23-08.26.46:371][  0]LogStats: UGameplayTagsManager::InitializeManager -  0.000 s
[2023.09.23-08.26.46:534][  0]LogInit: Initializing FReadOnlyCVARCache
[2023.09.23-08.26.46:547][  0]LogAIModule: Creating AISystem for world Untitled
[2023.09.23-08.26.46:577][  0]LogAudio: Display: Initializing Audio Device Manager...
[2023.09.23-08.26.46:583][  0]LogAudio: Display: Loading Default Audio Settings Objects...
[2023.09.23-08.26.46:584][  0]LogAudio: Display: No default SoundConcurrencyObject specified (or failed to load).
[2023.09.23-08.26.46:585][  0]LogAudio: Display: Audio Device Manager Initialized
[2023.09.23-08.26.46:585][  0]LogAudio: Display: Creating Audio Device:                 Id: 1, Scope: Shared, Realtime: True
[2023.09.23-08.26.46:585][  0]LogAudioMixer: Display: Audio Mixer Platform Settings:
[2023.09.23-08.26.46:585][  0]LogAudioMixer: Display: 	Sample Rate:						  48000
[2023.09.23-08.26.46:585][  0]LogAudioMixer: Display: 	Callback Buffer Frame Size Requested: 1024
[2023.09.23-08.26.46:586][  0]LogAudioMixer: Display: 	Callback Buffer Frame Size To Use:	  1024
[2023.09.23-08.26.46:586][  0]LogAudioMixer: Display: 	Number of buffers to queue:			  2
[2023.09.23-08.26.46:586][  0]LogAudioMixer: Display: 	Max Channels (voices):				  32
[2023.09.23-08.26.46:586][  0]LogAudioMixer: Display: 	Number of Async Source Workers:		  0
[2023.09.23-08.26.46:586][  0]LogAudio: Display: AudioDevice MaxSources: 32
[2023.09.23-08.26.46:587][  0]LogAudio: Display: Audio Spatialization Plugin: None (built-in).
[2023.09.23-08.26.46:587][  0]LogAudio: Display: Audio Reverb Plugin: None (built-in).
[2023.09.23-08.26.46:587][  0]LogAudio: Display: Audio Occlusion Plugin: None (built-in).
[2023.09.23-08.26.46:587][  0]LogAudioMixer: Display: Initializing audio mixer.
[2023.09.23-08.26.46:612][  0]LogAudioMixer: Display: 0: FrontLeft
[2023.09.23-08.26.46:612][  0]LogAudioMixer: Display: 1: FrontRight
[2023.09.23-08.26.46:644][  0]LogAudioMixer: Display: Using Audio Device Headphones (2- High Definition Audio Device)
[2023.09.23-08.26.46:651][  0]LogAudioMixer: Display: Initializing Sound Submixes...
[2023.09.23-08.26.46:654][  0]LogAudioMixer: Display: Creating Master Submix 'MasterSubmixDefault'
[2023.09.23-08.26.46:654][  0]LogAudioMixer: Display: Creating Master Submix 'MasterReverbSubmixDefault'
[2023.09.23-08.26.46:655][  0]LogAudioMixer: Display: Creating Master Submix 'MasterEQSubmixDefault'
[2023.09.23-08.26.46:655][  0]LogAudioMixer: FMixerPlatformXAudio2::StartAudioStream() called
[2023.09.23-08.26.46:655][  0]LogAudioMixer: Display: Output buffers initialized: Frames=1024, Channels=2, Samples=2048
[2023.09.23-08.26.46:658][  0]LogAudioMixer: Display: Starting AudioMixerPlatformInterface::RunInternal()
[2023.09.23-08.26.46:658][  0]LogAudioMixer: Display: FMixerPlatformXAudio2::SubmitBuffer() called for the first time
[2023.09.23-08.26.46:658][  0]LogInit: FAudioDevice initialized.
[2023.09.23-08.26.46:658][  0]LogAudio: Display: Audio Device (ID: 1) registered with world 'Untitled'.
[2023.09.23-08.26.46:659][  0]LogNetVersion: Set ProjectVersion to 1.0.0.0. Version Checksum will be recalculated on next use.
[2023.09.23-08.26.46:758][  0]LogDerivedDataCache: Saved boot cache 0.10s 94MB C:/Users/Golem/AppData/Local/UnrealEngine/4.27/DerivedDataCache/Boot.ddc.
[2023.09.23-08.26.46:759][  0]LogInit: Texture streaming: Enabled
[2023.09.23-08.26.46:783][  0]LogAnalytics: Display: [UEEditor.Rocket.Release] APIServer = https://datarouter.ol.epicgames.com/. AppVersion = 4.27.2-18319896+++UE4+Release-4.27
[2023.09.23-08.26.46:791][  0]LogEngineSessionManager: EngineSessionManager initialized
[2023.09.23-08.26.46:791][  0]LogEngineSessionManager: EngineSessionManager sent abnormal shutdown report. Type=Debugger, SessionId={11D6558E-4C4D-195A-21D0-618534FC9B55}
[2023.09.23-08.26.46:792][  0]LogEditorSessionSummary: Verbose: Initializing EditorSessionSummaryWriter for editor session tracking
[2023.09.23-08.26.46:794][  0]LogEditorSessionSummary: EditorSessionSummaryWriter initialized
[2023.09.23-08.26.46:833][  0]LogInit: Transaction tracking system initialized
[2023.09.23-08.26.46:879][  0]BlueprintLog: New page: Editor Load
[2023.09.23-08.26.47:003][  0]LocalizationService: Localization service is disabled
[2023.09.23-08.26.47:049][  0]TimingProfiler: Initialize
[2023.09.23-08.26.47:050][  0]TimingProfiler: OnSessionChanged
[2023.09.23-08.26.47:050][  0]LoadingProfiler: Initialize
[2023.09.23-08.26.47:050][  0]LoadingProfiler: OnSessionChanged
[2023.09.23-08.26.47:050][  0]NetworkingProfiler: Initialize
[2023.09.23-08.26.47:050][  0]NetworkingProfiler: OnSessionChanged
[2023.09.23-08.26.47:050][  0]MemoryProfiler: Initialize
[2023.09.23-08.26.47:051][  0]MemoryProfiler: OnSessionChanged
[2023.09.23-08.26.47:327][  0]LogCook: Display: CookSettings for Memory: MemoryMaxUsedVirtual 0MiB, MemoryMaxUsedPhysical 16384MiB, MemoryMinFreeVirtual 0MiB, MemoryMinFreePhysical 1024MiB
[2023.09.23-08.26.47:328][  0]LogCook: Display: Mobile HDR setting 1
[2023.09.23-08.26.47:675][  0]LogFileCache: Scanning file cache for directory 'C:/Unreal/Multiplayer_PingPong_Unreal/PingPong/Content/' took 0.01s
[2023.09.23-08.26.47:978][  0]LogInit: Display: Engine is initialized. Leaving FEngineLoop::Init()
[2023.09.23-08.26.47:983][  0]SourceControl: Source control is disabled
[2023.09.23-08.26.47:983][  0]LogUnrealEdMisc: Loading editor; pre map load, took 11.203
[2023.09.23-08.26.47:983][  0]Cmd: MAP LOAD FILE="../../../../../../Unreal/Multiplayer_PingPong_Unreal/PingPong/Content/StarterContent/Maps/Minimal_Default.umap" TEMPLATE=0 SHOWPROGRESS=1 FEATURELEVEL=3
[2023.09.23-08.26.47:984][  0]LightingResults: New page: Lighting Build
[2023.09.23-08.26.47:986][  0]LogWorld: UWorld::CleanupWorld for Untitled, bSessionEnded=true, bCleanupResources=true
[2023.09.23-08.26.47:986][  0]LogSlate: InvalidateAllWidgets triggered.  All widgets were invalidated
[2023.09.23-08.26.47:987][  0]MapCheck: New page: Map Check
[2023.09.23-08.26.47:987][  0]LightingResults: New page: Lighting Build
[2023.09.23-08.26.47:995][  0]LogAudio: Display: Audio Device unregistered from world 'None'.
[2023.09.23-08.26.48:001][  0]LogUObjectHash: Compacting FUObjectHashTables data took   1.26ms
[2023.09.23-08.26.48:146][  0]LogAudio: Display: Audio Device (ID: 1) registered with world 'Minimal_Default'.
[2023.09.23-08.26.48:147][  0]LogAIModule: Creating AISystem for world Minimal_Default
[2023.09.23-08.26.48:154][  0]LogEditorServer: Finished looking for orphan Actors (0.000 secs)
[2023.09.23-08.26.48:172][  0]LogUObjectHash: Compacting FUObjectHashTables data took   1.21ms
[2023.09.23-08.26.48:172][  0]Cmd: MAP CHECKDEP NOCLEARLOG
[2023.09.23-08.26.48:173][  0]MapCheck: Map check complete: 0 Error(s), 0 Warning(s), took 0.19ms to complete.
[2023.09.23-08.26.48:173][  0]LogFileHelpers: Loading map 'Minimal_Default' took 0.189
[2023.09.23-08.26.48:177][  0]LogUnrealEdMisc: Total Editor Startup Time, took 11.397
[2023.09.23-08.26.48:352][  0]LogSlate: Updating window title bar state: overlay mode, drag disabled, window buttons hidden, title bar hidden
[2023.09.23-08.26.48:362][  0]LogSlate: Updating window title bar state: overlay mode, drag disabled, window buttons hidden, title bar hidden
[2023.09.23-08.26.48:371][  0]LogSlate: Updating window title bar state: overlay mode, drag disabled, window buttons hidden, title bar hidden
[2023.09.23-08.26.48:380][  0]LogSlate: Updating window title bar state: overlay mode, drag disabled, window buttons hidden, title bar hidden
[2023.09.23-08.26.48:397][  0]LogNativeClassHierarchy: Verbose: Native class hierarchy populated in 0.0123 seconds. Added 3828 classes and 930 folders.
[2023.09.23-08.26.48:400][  0]LogNativeClassHierarchy: Verbose: Native class hierarchy updated for 'WidgetCarousel' in 0.0003 seconds. Added 0 classes and 0 folders.
[2023.09.23-08.26.48:402][  0]LogPakFile: PakFile PrimaryIndexSize=187
[2023.09.23-08.26.48:402][  0]LogPakFile: PakFile PathHashIndexSize=101
[2023.09.23-08.26.48:402][  0]LogPakFile: PakFile FullDirectoryIndexSize=148
[2023.09.23-08.26.48:402][  0]LogShaderLibrary: Display: ShaderCodeLibraryPakFileMountedCallback: PakFile 'C:/Program Files/Epic Games/UE_4.27/FeaturePacks/FP_FirstPerson.upack' (chunk index -1, root 'root:/') mounted
[2023.09.23-08.26.48:403][  0]LogShaderLibrary: Display: ShaderCodeLibraryPakFileMountedCallback: pending pak file info (ChunkID:-1 Root:root:/ File:C:/Program Files/Epic Games/UE_4.27/FeaturePacks/FP_FirstPerson.upack)
[2023.09.23-08.26.48:403][  0]LogPakFile: OnPakFileMounted2Time == 0.000311
[2023.09.23-08.26.48:404][  0]LogPakFile: PakFile PrimaryIndexSize=189
[2023.09.23-08.26.48:404][  0]LogPakFile: PakFile PathHashIndexSize=101
[2023.09.23-08.26.48:404][  0]LogPakFile: PakFile FullDirectoryIndexSize=152
[2023.09.23-08.26.48:404][  0]LogShaderLibrary: Display: ShaderCodeLibraryPakFileMountedCallback: PakFile 'C:/Program Files/Epic Games/UE_4.27/FeaturePacks/FP_FirstPersonBP.upack' (chunk index -1, root 'root:/') mounted
[2023.09.23-08.26.48:404][  0]LogShaderLibrary: Display: ShaderCodeLibraryPakFileMountedCallback: pending pak file info (ChunkID:-1 Root:root:/ File:C:/Program Files/Epic Games/UE_4.27/FeaturePacks/FP_FirstPersonBP.upack)
[2023.09.23-08.26.48:404][  0]LogPakFile: OnPakFileMounted2Time == 0.000265
[2023.09.23-08.26.48:406][  0]LogPakFile: PakFile PrimaryIndexSize=191
[2023.09.23-08.26.48:406][  0]LogPakFile: PakFile PathHashIndexSize=101
[2023.09.23-08.26.48:406][  0]LogPakFile: PakFile FullDirectoryIndexSize=160
[2023.09.23-08.26.48:406][  0]LogShaderLibrary: Display: ShaderCodeLibraryPakFileMountedCallback: PakFile 'C:/Program Files/Epic Games/UE_4.27/FeaturePacks/MobileStarterContent.upack' (chunk index -1, root 'root:/') mounted
[2023.09.23-08.26.48:406][  0]LogShaderLibrary: Display: ShaderCodeLibraryPakFileMountedCallback: pending pak file info (ChunkID:-1 Root:root:/ File:C:/Program Files/Epic Games/UE_4.27/FeaturePacks/MobileStarterContent.upack)
[2023.09.23-08.26.48:407][  0]LogPakFile: OnPakFileMounted2Time == 0.000230
[2023.09.23-08.26.48:407][  0]LogPakFile: PakFile PrimaryIndexSize=185
[2023.09.23-08.26.48:408][  0]LogPakFile: PakFile PathHashIndexSize=101
[2023.09.23-08.26.48:408][  0]LogPakFile: PakFile FullDirectoryIndexSize=148
[2023.09.23-08.26.48:408][  0]LogShaderLibrary: Display: ShaderCodeLibraryPakFileMountedCallback: PakFile 'C:/Program Files/Epic Games/UE_4.27/FeaturePacks/StarterContent.upack' (chunk index -1, root 'root:/') mounted
[2023.09.23-08.26.48:408][  0]LogShaderLibrary: Display: ShaderCodeLibraryPakFileMountedCallback: pending pak file info (ChunkID:-1 Root:root:/ File:C:/Program Files/Epic Games/UE_4.27/FeaturePacks/StarterContent.upack)
[2023.09.23-08.26.48:408][  0]LogPakFile: OnPakFileMounted2Time == 0.000275
[2023.09.23-08.26.48:409][  0]LogPakFile: PakFile PrimaryIndexSize=190
[2023.09.23-08.26.48:409][  0]LogPakFile: PakFile PathHashIndexSize=101
[2023.09.23-08.26.48:409][  0]LogPakFile: PakFile FullDirectoryIndexSize=154
[2023.09.23-08.26.48:409][  0]LogShaderLibrary: Display: ShaderCodeLibraryPakFileMountedCallback: PakFile 'C:/Program Files/Epic Games/UE_4.27/FeaturePacks/TP_2DSideScroller.upack' (chunk index -1, root 'root:/') mounted
[2023.09.23-08.26.48:409][  0]LogShaderLibrary: Display: ShaderCodeLibraryPakFileMountedCallback: pending pak file info (ChunkID:-1 Root:root:/ File:C:/Program Files/Epic Games/UE_4.27/FeaturePacks/TP_2DSideScroller.upack)
[2023.09.23-08.26.48:410][  0]LogPakFile: OnPakFileMounted2Time == 0.000244
[2023.09.23-08.26.48:411][  0]LogPakFile: PakFile PrimaryIndexSize=192
[2023.09.23-08.26.48:411][  0]LogPakFile: PakFile PathHashIndexSize=101
[2023.09.23-08.26.48:411][  0]LogPakFile: PakFile FullDirectoryIndexSize=158
[2023.09.23-08.26.48:411][  0]LogShaderLibrary: Display: ShaderCodeLibraryPakFileMountedCallback: PakFile 'C:/Program Files/Epic Games/UE_4.27/FeaturePacks/TP_2DSideScrollerBP.upack' (chunk index -1, root 'root:/') mounted
[2023.09.23-08.26.48:411][  0]LogShaderLibrary: Display: ShaderCodeLibraryPakFileMountedCallback: pending pak file info (ChunkID:-1 Root:root:/ File:C:/Program Files/Epic Games/UE_4.27/FeaturePacks/TP_2DSideScrollerBP.upack)
[2023.09.23-08.26.48:411][  0]LogPakFile: OnPakFileMounted2Time == 0.000186
[2023.09.23-08.26.48:412][  0]LogPakFile: PakFile PrimaryIndexSize=182
[2023.09.23-08.26.48:412][  0]LogPakFile: PakFile PathHashIndexSize=101
[2023.09.23-08.26.48:412][  0]LogPakFile: PakFile FullDirectoryIndexSize=138
[2023.09.23-08.26.48:412][  0]LogShaderLibrary: Display: ShaderCodeLibraryPakFileMountedCallback: PakFile 'C:/Program Files/Epic Games/UE_4.27/FeaturePacks/TP_Flying.upack' (chunk index -1, root 'root:/') mounted
[2023.09.23-08.26.48:412][  0]LogShaderLibrary: Display: ShaderCodeLibraryPakFileMountedCallback: pending pak file info (ChunkID:-1 Root:root:/ File:C:/Program Files/Epic Games/UE_4.27/FeaturePacks/TP_Flying.upack)
[2023.09.23-08.26.48:412][  0]LogPakFile: OnPakFileMounted2Time == 0.000216
[2023.09.23-08.26.48:413][  0]LogPakFile: PakFile PrimaryIndexSize=184
[2023.09.23-08.26.48:413][  0]LogPakFile: PakFile PathHashIndexSize=101
[2023.09.23-08.26.48:413][  0]LogPakFile: PakFile FullDirectoryIndexSize=142
[2023.09.23-08.26.48:414][  0]LogShaderLibrary: Display: ShaderCodeLibraryPakFileMountedCallback: PakFile 'C:/Program Files/Epic Games/UE_4.27/FeaturePacks/TP_FlyingBP.upack' (chunk index -1, root 'root:/') mounted
[2023.09.23-08.26.48:414][  0]LogShaderLibrary: Display: ShaderCodeLibraryPakFileMountedCallback: pending pak file info (ChunkID:-1 Root:root:/ File:C:/Program Files/Epic Games/UE_4.27/FeaturePacks/TP_FlyingBP.upack)
[2023.09.23-08.26.48:414][  0]LogPakFile: OnPakFileMounted2Time == 0.000208
[2023.09.23-08.26.48:415][  0]LogPakFile: PakFile PrimaryIndexSize=188
[2023.09.23-08.26.48:415][  0]LogPakFile: PakFile PathHashIndexSize=101
[2023.09.23-08.26.48:415][  0]LogPakFile: PakFile FullDirectoryIndexSize=150
[2023.09.23-08.26.48:415][  0]LogShaderLibrary: Display: ShaderCodeLibraryPakFileMountedCallback: PakFile 'C:/Program Files/Epic Games/UE_4.27/FeaturePacks/TP_HandheldARBP.upack' (chunk index -1, root 'root:/') mounted
[2023.09.23-08.26.48:415][  0]LogShaderLibrary: Display: ShaderCodeLibraryPakFileMountedCallback: pending pak file info (ChunkID:-1 Root:root:/ File:C:/Program Files/Epic Games/UE_4.27/FeaturePacks/TP_HandheldARBP.upack)
[2023.09.23-08.26.48:415][  0]LogPakFile: OnPakFileMounted2Time == 0.000178
[2023.09.23-08.26.48:416][  0]LogPakFile: PakFile PrimaryIndexSize=182
[2023.09.23-08.26.48:416][  0]LogPakFile: PakFile PathHashIndexSize=101
[2023.09.23-08.26.48:416][  0]LogPakFile: PakFile FullDirectoryIndexSize=138
[2023.09.23-08.26.48:417][  0]LogShaderLibrary: Display: ShaderCodeLibraryPakFileMountedCallback: PakFile 'C:/Program Files/Epic Games/UE_4.27/FeaturePacks/TP_Puzzle.upack' (chunk index -1, root 'root:/') mounted
[2023.09.23-08.26.48:417][  0]LogShaderLibrary: Display: ShaderCodeLibraryPakFileMountedCallback: pending pak file info (ChunkID:-1 Root:root:/ File:C:/Program Files/Epic Games/UE_4.27/FeaturePacks/TP_Puzzle.upack)
[2023.09.23-08.26.48:417][  0]LogPakFile: OnPakFileMounted2Time == 0.000239
[2023.09.23-08.26.48:418][  0]LogPakFile: PakFile PrimaryIndexSize=184
[2023.09.23-08.26.48:418][  0]LogPakFile: PakFile PathHashIndexSize=101
[2023.09.23-08.26.48:418][  0]LogPakFile: PakFile FullDirectoryIndexSize=142
[2023.09.23-08.26.48:418][  0]LogShaderLibrary: Display: ShaderCodeLibraryPakFileMountedCallback: PakFile 'C:/Program Files/Epic Games/UE_4.27/FeaturePacks/TP_PuzzleBP.upack' (chunk index -1, root 'root:/') mounted
[2023.09.23-08.26.48:418][  0]LogShaderLibrary: Display: ShaderCodeLibraryPakFileMountedCallback: pending pak file info (ChunkID:-1 Root:root:/ File:C:/Program Files/Epic Games/UE_4.27/FeaturePacks/TP_PuzzleBP.upack)
[2023.09.23-08.26.48:418][  0]LogPakFile: OnPakFileMounted2Time == 0.000239
[2023.09.23-08.26.48:419][  0]LogPakFile: PakFile PrimaryIndexSize=183
[2023.09.23-08.26.48:419][  0]LogPakFile: PakFile PathHashIndexSize=101
[2023.09.23-08.26.48:419][  0]LogPakFile: PakFile FullDirectoryIndexSize=140
[2023.09.23-08.26.48:419][  0]LogShaderLibrary: Display: ShaderCodeLibraryPakFileMountedCallback: PakFile 'C:/Program Files/Epic Games/UE_4.27/FeaturePacks/TP_Rolling.upack' (chunk index -1, root 'root:/') mounted
[2023.09.23-08.26.48:419][  0]LogShaderLibrary: Display: ShaderCodeLibraryPakFileMountedCallback: pending pak file info (ChunkID:-1 Root:root:/ File:C:/Program Files/Epic Games/UE_4.27/FeaturePacks/TP_Rolling.upack)
[2023.09.23-08.26.48:420][  0]LogPakFile: OnPakFileMounted2Time == 0.000246
[2023.09.23-08.26.48:420][  0]LogPakFile: PakFile PrimaryIndexSize=185
[2023.09.23-08.26.48:421][  0]LogPakFile: PakFile PathHashIndexSize=101
[2023.09.23-08.26.48:421][  0]LogPakFile: PakFile FullDirectoryIndexSize=144
[2023.09.23-08.26.48:421][  0]LogShaderLibrary: Display: ShaderCodeLibraryPakFileMountedCallback: PakFile 'C:/Program Files/Epic Games/UE_4.27/FeaturePacks/TP_RollingBP.upack' (chunk index -1, root 'root:/') mounted
[2023.09.23-08.26.48:421][  0]LogShaderLibrary: Display: ShaderCodeLibraryPakFileMountedCallback: pending pak file info (ChunkID:-1 Root:root:/ File:C:/Program Files/Epic Games/UE_4.27/FeaturePacks/TP_RollingBP.upack)
[2023.09.23-08.26.48:421][  0]LogPakFile: OnPakFileMounted2Time == 0.000252
[2023.09.23-08.26.48:422][  0]LogPakFile: PakFile PrimaryIndexSize=188
[2023.09.23-08.26.48:422][  0]LogPakFile: PakFile PathHashIndexSize=101
[2023.09.23-08.26.48:422][  0]LogPakFile: PakFile FullDirectoryIndexSize=150
[2023.09.23-08.26.48:423][  0]LogShaderLibrary: Display: ShaderCodeLibraryPakFileMountedCallback: PakFile 'C:/Program Files/Epic Games/UE_4.27/FeaturePacks/TP_SideScroller.upack' (chunk index -1, root 'root:/') mounted
[2023.09.23-08.26.48:423][  0]LogShaderLibrary: Display: ShaderCodeLibraryPakFileMountedCallback: pending pak file info (ChunkID:-1 Root:root:/ File:C:/Program Files/Epic Games/UE_4.27/FeaturePacks/TP_SideScroller.upack)
[2023.09.23-08.26.48:423][  0]LogPakFile: OnPakFileMounted2Time == 0.000191
[2023.09.23-08.26.48:424][  0]LogPakFile: PakFile PrimaryIndexSize=190
[2023.09.23-08.26.48:424][  0]LogPakFile: PakFile PathHashIndexSize=101
[2023.09.23-08.26.48:424][  0]LogPakFile: PakFile FullDirectoryIndexSize=154
[2023.09.23-08.26.48:424][  0]LogShaderLibrary: Display: ShaderCodeLibraryPakFileMountedCallback: PakFile 'C:/Program Files/Epic Games/UE_4.27/FeaturePacks/TP_SideScrollerBP.upack' (chunk index -1, root 'root:/') mounted
[2023.09.23-08.26.48:424][  0]LogShaderLibrary: Display: ShaderCodeLibraryPakFileMountedCallback: pending pak file info (ChunkID:-1 Root:root:/ File:C:/Program Files/Epic Games/UE_4.27/FeaturePacks/TP_SideScrollerBP.upack)
[2023.09.23-08.26.48:425][  0]LogPakFile: OnPakFileMounted2Time == 0.000241
[2023.09.23-08.26.48:426][  0]LogPakFile: PakFile PrimaryIndexSize=187
[2023.09.23-08.26.48:426][  0]LogPakFile: PakFile PathHashIndexSize=101
[2023.09.23-08.26.48:426][  0]LogPakFile: PakFile FullDirectoryIndexSize=148
[2023.09.23-08.26.48:426][  0]LogShaderLibrary: Display: ShaderCodeLibraryPakFileMountedCallback: PakFile 'C:/Program Files/Epic Games/UE_4.27/FeaturePacks/TP_ThirdPerson.upack' (chunk index -1, root 'root:/') mounted
[2023.09.23-08.26.48:426][  0]LogShaderLibrary: Display: ShaderCodeLibraryPakFileMountedCallback: pending pak file info (ChunkID:-1 Root:root:/ File:C:/Program Files/Epic Games/UE_4.27/FeaturePacks/TP_ThirdPerson.upack)
[2023.09.23-08.26.48:426][  0]LogPakFile: OnPakFileMounted2Time == 0.000250
[2023.09.23-08.26.48:427][  0]LogPakFile: PakFile PrimaryIndexSize=189
[2023.09.23-08.26.48:428][  0]LogPakFile: PakFile PathHashIndexSize=101
[2023.09.23-08.26.48:428][  0]LogPakFile: PakFile FullDirectoryIndexSize=152
[2023.09.23-08.26.48:428][  0]LogShaderLibrary: Display: ShaderCodeLibraryPakFileMountedCallback: PakFile 'C:/Program Files/Epic Games/UE_4.27/FeaturePacks/TP_ThirdPersonBP.upack' (chunk index -1, root 'root:/') mounted
[2023.09.23-08.26.48:428][  0]LogShaderLibrary: Display: ShaderCodeLibraryPakFileMountedCallback: pending pak file info (ChunkID:-1 Root:root:/ File:C:/Program Files/Epic Games/UE_4.27/FeaturePacks/TP_ThirdPersonBP.upack)
[2023.09.23-08.26.48:428][  0]LogPakFile: OnPakFileMounted2Time == 0.000301
[2023.09.23-08.26.48:429][  0]LogPakFile: PakFile PrimaryIndexSize=183
[2023.09.23-08.26.48:429][  0]LogPakFile: PakFile PathHashIndexSize=101
[2023.09.23-08.26.48:429][  0]LogPakFile: PakFile FullDirectoryIndexSize=140
[2023.09.23-08.26.48:429][  0]LogShaderLibrary: Display: ShaderCodeLibraryPakFileMountedCallback: PakFile 'C:/Program Files/Epic Games/UE_4.27/FeaturePacks/TP_TopDown.upack' (chunk index -1, root 'root:/') mounted
[2023.09.23-08.26.48:430][  0]LogShaderLibrary: Display: ShaderCodeLibraryPakFileMountedCallback: pending pak file info (ChunkID:-1 Root:root:/ File:C:/Program Files/Epic Games/UE_4.27/FeaturePacks/TP_TopDown.upack)
[2023.09.23-08.26.48:430][  0]LogPakFile: OnPakFileMounted2Time == 0.000265
[2023.09.23-08.26.48:431][  0]LogPakFile: PakFile PrimaryIndexSize=185
[2023.09.23-08.26.48:431][  0]LogPakFile: PakFile PathHashIndexSize=101
[2023.09.23-08.26.48:431][  0]LogPakFile: PakFile FullDirectoryIndexSize=144
[2023.09.23-08.26.48:431][  0]LogShaderLibrary: Display: ShaderCodeLibraryPakFileMountedCallback: PakFile 'C:/Program Files/Epic Games/UE_4.27/FeaturePacks/TP_TopDownBP.upack' (chunk index -1, root 'root:/') mounted
[2023.09.23-08.26.48:431][  0]LogShaderLibrary: Display: ShaderCodeLibraryPakFileMountedCallback: pending pak file info (ChunkID:-1 Root:root:/ File:C:/Program Files/Epic Games/UE_4.27/FeaturePacks/TP_TopDownBP.upack)
[2023.09.23-08.26.48:431][  0]LogPakFile: OnPakFileMounted2Time == 0.000210
[2023.09.23-08.26.48:432][  0]LogPakFile: PakFile PrimaryIndexSize=185
[2023.09.23-08.26.48:432][  0]LogPakFile: PakFile PathHashIndexSize=101
[2023.09.23-08.26.48:432][  0]LogPakFile: PakFile FullDirectoryIndexSize=144
[2023.09.23-08.26.48:432][  0]LogShaderLibrary: Display: ShaderCodeLibraryPakFileMountedCallback: PakFile 'C:/Program Files/Epic Games/UE_4.27/FeaturePacks/TP_TwinStick.upack' (chunk index -1, root 'root:/') mounted
[2023.09.23-08.26.48:432][  0]LogShaderLibrary: Display: ShaderCodeLibraryPakFileMountedCallback: pending pak file info (ChunkID:-1 Root:root:/ File:C:/Program Files/Epic Games/UE_4.27/FeaturePacks/TP_TwinStick.upack)
[2023.09.23-08.26.48:433][  0]LogPakFile: OnPakFileMounted2Time == 0.000240
[2023.09.23-08.26.48:434][  0]LogPakFile: PakFile PrimaryIndexSize=187
[2023.09.23-08.26.48:434][  0]LogPakFile: PakFile PathHashIndexSize=101
[2023.09.23-08.26.48:434][  0]LogPakFile: PakFile FullDirectoryIndexSize=148
[2023.09.23-08.26.48:434][  0]LogShaderLibrary: Display: ShaderCodeLibraryPakFileMountedCallback: PakFile 'C:/Program Files/Epic Games/UE_4.27/FeaturePacks/TP_TwinStickBP.upack' (chunk index -1, root 'root:/') mounted
[2023.09.23-08.26.48:434][  0]LogShaderLibrary: Display: ShaderCodeLibraryPakFileMountedCallback: pending pak file info (ChunkID:-1 Root:root:/ File:C:/Program Files/Epic Games/UE_4.27/FeaturePacks/TP_TwinStickBP.upack)
[2023.09.23-08.26.48:434][  0]LogPakFile: OnPakFileMounted2Time == 0.000210
[2023.09.23-08.26.48:435][  0]LogPakFile: PakFile PrimaryIndexSize=183
[2023.09.23-08.26.48:435][  0]LogPakFile: PakFile PathHashIndexSize=101
[2023.09.23-08.26.48:435][  0]LogPakFile: PakFile FullDirectoryIndexSize=140
[2023.09.23-08.26.48:435][  0]LogShaderLibrary: Display: ShaderCodeLibraryPakFileMountedCallback: PakFile 'C:/Program Files/Epic Games/UE_4.27/FeaturePacks/TP_Vehicle.upack' (chunk index -1, root 'root:/') mounted
[2023.09.23-08.26.48:435][  0]LogShaderLibrary: Display: ShaderCodeLibraryPakFileMountedCallback: pending pak file info (ChunkID:-1 Root:root:/ File:C:/Program Files/Epic Games/UE_4.27/FeaturePacks/TP_Vehicle.upack)
[2023.09.23-08.26.48:436][  0]LogPakFile: OnPakFileMounted2Time == 0.000245
[2023.09.23-08.26.48:437][  0]LogPakFile: PakFile PrimaryIndexSize=186
[2023.09.23-08.26.48:437][  0]LogPakFile: PakFile PathHashIndexSize=101
[2023.09.23-08.26.48:437][  0]LogPakFile: PakFile FullDirectoryIndexSize=146
[2023.09.23-08.26.48:437][  0]LogShaderLibrary: Display: ShaderCodeLibraryPakFileMountedCallback: PakFile 'C:/Program Files/Epic Games/UE_4.27/FeaturePacks/TP_VehicleAdv.upack' (chunk index -1, root 'root:/') mounted
[2023.09.23-08.26.48:437][  0]LogShaderLibrary: Display: ShaderCodeLibraryPakFileMountedCallback: pending pak file info (ChunkID:-1 Root:root:/ File:C:/Program Files/Epic Games/UE_4.27/FeaturePacks/TP_VehicleAdv.upack)
[2023.09.23-08.26.48:438][  0]LogPakFile: OnPakFileMounted2Time == 0.000217
[2023.09.23-08.26.48:439][  0]LogPakFile: PakFile PrimaryIndexSize=188
[2023.09.23-08.26.48:439][  0]LogPakFile: PakFile PathHashIndexSize=101
[2023.09.23-08.26.48:439][  0]LogPakFile: PakFile FullDirectoryIndexSize=150
[2023.09.23-08.26.48:439][  0]LogShaderLibrary: Display: ShaderCodeLibraryPakFileMountedCallback: PakFile 'C:/Program Files/Epic Games/UE_4.27/FeaturePacks/TP_VehicleAdvBP.upack' (chunk index -1, root 'root:/') mounted
[2023.09.23-08.26.48:439][  0]LogShaderLibrary: Display: ShaderCodeLibraryPakFileMountedCallback: pending pak file info (ChunkID:-1 Root:root:/ File:C:/Program Files/Epic Games/UE_4.27/FeaturePacks/TP_VehicleAdvBP.upack)
[2023.09.23-08.26.48:440][  0]LogPakFile: OnPakFileMounted2Time == 0.000212
[2023.09.23-08.26.48:441][  0]LogPakFile: PakFile PrimaryIndexSize=185
[2023.09.23-08.26.48:441][  0]LogPakFile: PakFile PathHashIndexSize=101
[2023.09.23-08.26.48:441][  0]LogPakFile: PakFile FullDirectoryIndexSize=144
[2023.09.23-08.26.48:441][  0]LogShaderLibrary: Display: ShaderCodeLibraryPakFileMountedCallback: PakFile 'C:/Program Files/Epic Games/UE_4.27/FeaturePacks/TP_VehicleBP.upack' (chunk index -1, root 'root:/') mounted
[2023.09.23-08.26.48:441][  0]LogShaderLibrary: Display: ShaderCodeLibraryPakFileMountedCallback: pending pak file info (ChunkID:-1 Root:root:/ File:C:/Program Files/Epic Games/UE_4.27/FeaturePacks/TP_VehicleBP.upack)
[2023.09.23-08.26.48:441][  0]LogPakFile: OnPakFileMounted2Time == 0.000236
[2023.09.23-08.26.48:443][  0]LogPakFile: PakFile PrimaryIndexSize=192
[2023.09.23-08.26.48:443][  0]LogPakFile: PakFile PathHashIndexSize=101
[2023.09.23-08.26.48:443][  0]LogPakFile: PakFile FullDirectoryIndexSize=158
[2023.09.23-08.26.48:443][  0]LogShaderLibrary: Display: ShaderCodeLibraryPakFileMountedCallback: PakFile 'C:/Program Files/Epic Games/UE_4.27/FeaturePacks/TP_VirtualRealityBP.upack' (chunk index -1, root 'root:/') mounted
[2023.09.23-08.26.48:443][  0]LogShaderLibrary: Display: ShaderCodeLibraryPakFileMountedCallback: pending pak file info (ChunkID:-1 Root:root:/ File:C:/Program Files/Epic Games/UE_4.27/FeaturePacks/TP_VirtualRealityBP.upack)
[2023.09.23-08.26.48:443][  0]LogPakFile: OnPakFileMounted2Time == 0.000209
[2023.09.23-08.26.48:517][  0]LogNativeClassHierarchy: Verbose: Native class hierarchy updated for 'AddContentDialog' in 0.0004 seconds. Added 0 classes and 0 folders.
[2023.09.23-08.26.48:524][  0]LogNativeClassHierarchy: Verbose: Native class hierarchy updated for 'SceneOutliner' in 0.0003 seconds. Added 2 classes and 0 folders.
[2023.09.23-08.26.48:671][  0]LogSlate: Took 0.000261 seconds to synchronously load lazily loaded font '../../../Engine/Content/Slate/Fonts/Roboto-Regular.ttf' (155K)
[2023.09.23-08.26.48:673][  0]LogSlate: Took 0.000217 seconds to synchronously load lazily loaded font '../../../Engine/Content/Editor/Slate/Fonts/FontAwesome.ttf' (139K)
[2023.09.23-08.26.48:675][  0]LogSlate: Took 0.000363 seconds to synchronously load lazily loaded font '../../../Engine/Content/Slate/Fonts/Roboto-Bold.ttf' (160K)
[2023.09.23-08.26.48:811][  0]LogRenderer: Reallocating scene render targets to support 1208x572 Format 10 NumSamples 1 (Frame:1).
[2023.09.23-08.26.48:886][  0]LogSlate: Took 0.000172 seconds to synchronously load lazily loaded font '../../../Engine/Content/Slate/Fonts/Roboto-Light.ttf' (167K)
[2023.09.23-08.26.48:987][  0]LogNativeClassHierarchy: Verbose: Native class hierarchy updated for 'HierarchicalLODOutliner' in 0.0004 seconds. Added 0 classes and 0 folders.
[2023.09.23-08.26.48:988][  0]LogLoad: (Engine Initialization) Total time: 12.21 seconds
[2023.09.23-08.26.48:988][  0]LogLoad: (Engine Initialization) Total Blueprint compile time: 0.00 seconds
[2023.09.23-08.26.49:052][  0]LogAssetRegistry: Asset discovery search completed in 6.5123 seconds
[2023.09.23-08.26.49:058][  0]LogCollectionManager: Fixed up redirectors for 0 collections in 0.000005 seconds (updated 0 objects)
[2023.09.23-08.26.49:059][  0]LogContentStreaming: Texture pool size now 1000 MB
[2023.09.23-08.28.21:837][328]LogAudioMixer: Resetting audio stream to device id 
[2023.09.23-08.28.21:850][328]LogAudioMixer: Display: 0: FrontLeft
[2023.09.23-08.28.21:850][328]LogAudioMixer: Display: 1: FrontRight
[2023.09.23-11.28.27:549][344]LogD3D11RHI: Timed out while waiting for GPU to catch up. (500 ms)
[2023.09.23-11.28.28:228][345]LogD3D11RHI: Timed out while waiting for GPU to catch up. (500 ms)
[2023.09.23-11.28.28:228][345]LogAudioMixer: Resetting audio stream to device id 
[2023.09.23-11.28.28:297][345]LogAudioMixer: Display: 0: FrontLeft
[2023.09.23-11.28.28:297][345]LogAudioMixer: Display: 1: FrontRight
[2023.09.23-11.28.29:158][346]LogD3D11RHI: Timed out while waiting for GPU to catch up. (500 ms)
[2023.09.23-11.28.29:188][346]LogAudioMixer: Resetting audio stream to device id 
[2023.09.23-11.28.32:126][346]LogAudioMixer: Display: 0: FrontLeft
[2023.09.23-11.28.32:126][346]LogAudioMixer: Display: 1: FrontRight
[2023.09.23-11.28.32:173][347]LogAudioMixer: Resetting audio stream to device id 
[2023.09.23-11.28.32:185][347]LogAudioMixer: Display: 0: FrontLeft
[2023.09.23-11.28.32:185][347]LogAudioMixer: Display: 1: FrontRight
[2023.09.23-11.28.37:897][365]LogHttp: Warning: 000002BED9F14100: invalid HTTP response code received. URL: https://datarouter.ol.epicgames.com/datarouter/api/v1/public/data?SessionID=%7B59B82416-41AB-A19A-76F6-9B95A4C4CC2F%7D&AppID=UEEditor.Rocket.Release&AppVersion=4.27.2-18319896%2B%2B%2BUE4%2BRelease-4.27&UserID=371f0acb499ea9f5cd937b8969751bfb%7Cc5129b1bd1c642df901fc07602cadf02%7C68001756-5c33-4b7f-bc94-b3a3b87e8779&AppEnvironment=datacollector-binary&UploadType=eteventstream, HTTP code: 0, content length: 0, actual payload size: 0
[2023.09.23-11.28.37:898][365]LogHttp: Warning: 000002BED9F14100: request failed, libcurl error: 56 (Failure when receiving data from the peer)
[2023.09.23-11.28.37:898][365]LogHttp: Warning: 000002BED9F14100: libcurl info message cache 0 (Found bundle for host datarouter.ol.epicgames.com: 0x2be915ffeb0 [can pipeline])
[2023.09.23-11.28.37:899][365]LogHttp: Warning: 000002BED9F14100: libcurl info message cache 1 (Re-using existing connection! (#0) with host datarouter.ol.epicgames.com)
[2023.09.23-11.28.37:899][365]LogHttp: Warning: 000002BED9F14100: libcurl info message cache 2 (Connected to datarouter.ol.epicgames.com (52.55.53.190) port 443 (#0))
[2023.09.23-11.28.37:899][365]LogHttp: Warning: 000002BED9F14100: libcurl info message cache 3 (We are completely uploaded and fine)
[2023.09.23-11.28.37:899][365]LogHttp: Warning: 000002BED9F14100: libcurl info message cache 4 (OpenSSL SSL_read: SSL_ERROR_SYSCALL, errno 10054)
[2023.09.23-11.28.37:899][365]LogHttp: Warning: 000002BED9F14100: libcurl info message cache 5 (Connection died, retrying a fresh connect)
[2023.09.23-11.28.37:900][365]LogHttp: Warning: 000002BED9F14100: libcurl info message cache 6 (necessary data rewind wasn't possible)
[2023.09.23-11.28.37:900][365]LogHttp: Warning: 000002BED9F14100: libcurl info message cache 7 (Closing connection 0)
[2023.09.23-11.28.38:234][366]LogHttp: Warning: Retry exhausted on https://datarouter.ol.epicgames.com/datarouter/api/v1/public/data?SessionID=%7B59B82416-41AB-A19A-76F6-9B95A4C4CC2F%7D&AppID=UEEditor.Rocket.Release&AppVersion=4.27.2-18319896%2B%2B%2BUE4%2BRelease-4.27&UserID=371f0acb499ea9f5cd937b8969751bfb%7Cc5129b1bd1c642df901fc07602cadf02%7C68001756-5c33-4b7f-bc94-b3a3b87e8779&AppEnvironment=datacollector-binary&UploadType=eteventstream
[2023.09.23-11.28.38:567][366]LogAudioMixer: Resetting audio stream to device id 
[2023.09.23-11.28.38:578][366]LogAudioMixer: Display: 0: FrontLeft
[2023.09.23-11.28.38:578][366]LogAudioMixer: Display: 1: FrontRight
[2023.09.23-19.30.13:385][367]LogAudioMixer: Resetting audio stream to device id 
[2023.09.23-19.30.13:452][367]LogAudioMixer: Display: 0: FrontLeft
[2023.09.23-19.30.13:452][367]LogAudioMixer: Display: 1: FrontRight
