Log file open, 09/24/23 23:45:37
LogWindows: Failed to load 'aqProf.dll' (GetLastError=126)
LogWindows: File 'aqProf.dll' does not exist
LogWindows: Failed to load 'VtuneApi.dll' (GetLastError=126)
LogWindows: File 'VtuneApi.dll' does not exist
LogWindows: Failed to load 'VtuneApi32e.dll' (GetLastError=126)
LogWindows: File 'VtuneApi32e.dll' does not exist
LogConsoleResponse: Display: Failed to find resolution value strings in scalability ini. Falling back to default.
LogConsoleResponse: Display: Failed to find resolution value strings in scalability ini. Falling back to default.
LogInit: Display: Running engine for game: PingPong
LogPlatformFile: Not using cached read wrapper
LogTaskGraph: Started task graph with 5 named threads and 23 total threads with 3 sets of task threads.
LogStats: Stats thread started at 0.694006
LogICUInternationalization: ICU TimeZone Detection - Raw Offset: +1:00, Platform Override: ''
LogInit: Display: Loading text-based GConfig....
LogPluginManager: Mounting plugin MeshPainting
LogPluginManager: Mounting plugin XGEController
LogPluginManager: Mounting plugin Paper2D
LogPluginManager: Mounting plugin EnvironmentQueryEditor
LogPluginManager: Mounting plugin AISupport
LogPluginManager: Mounting plugin LiveLink
LogPluginManager: Mounting plugin LightPropagationVolume
LogPluginManager: Mounting plugin GameplayCameras
LogPluginManager: Mounting plugin CameraShakePreviewer
LogPluginManager: Mounting plugin OodleData
LogPluginManager: Mounting plugin OodleNetwork
LogPluginManager: Mounting plugin Niagara
LogPluginManager: Mounting plugin DatasmithContent
LogPluginManager: Mounting plugin VariantManagerContent
LogPluginManager: Mounting plugin AssetManagerEditor
LogPluginManager: Mounting plugin CryptoKeys
LogPluginManager: Mounting plugin CurveEditorTools
LogPluginManager: Mounting plugin DataValidation
LogPluginManager: Mounting plugin GameplayTagsEditor
LogPluginManager: Mounting plugin GeometryMode
LogPluginManager: Mounting plugin MacGraphicsSwitching
LogPluginManager: Mounting plugin MaterialAnalyzer
LogPluginManager: Mounting plugin MobileLauncherProfileWizard
LogPluginManager: Mounting plugin PluginBrowser
LogPluginManager: Mounting plugin SpeedTreeImporter
LogPluginManager: Mounting plugin AlembicImporter
LogPluginManager: Mounting plugin AutomationUtils
LogPluginManager: Mounting plugin BackChannel
LogPluginManager: Mounting plugin ChaosCloth
LogPluginManager: Mounting plugin ChaosClothEditor
LogPluginManager: Mounting plugin ChaosEditor
LogPluginManager: Mounting plugin ChaosNiagara
LogPluginManager: Mounting plugin ChaosSolverPlugin
LogPluginManager: Mounting plugin CharacterAI
LogPluginManager: Mounting plugin FacialAnimation
LogPluginManager: Mounting plugin GeometryCache
LogPluginManager: Mounting plugin LuminPlatformFeatures
LogPluginManager: Mounting plugin MagicLeap
LogPluginManager: Mounting plugin MagicLeapLightEstimation
LogPluginManager: Mounting plugin MagicLeapMedia
LogPluginManager: Mounting plugin MagicLeapPassableWorld
LogPluginManager: Mounting plugin MLSDK
LogPluginManager: Mounting plugin AndroidMedia
LogPluginManager: Mounting plugin AvfMedia
LogPluginManager: Mounting plugin GeometryCollectionPlugin
LogPluginManager: Mounting plugin ImgMedia
LogPluginManager: Mounting plugin GeometryProcessing
LogPluginManager: Mounting plugin MediaCompositing
LogPluginManager: Mounting plugin TcpMessaging
LogPluginManager: Mounting plugin UdpMessaging
LogPluginManager: Mounting plugin MediaPlayerEditor
LogPluginManager: Mounting plugin WmfMedia
LogPluginManager: Mounting plugin MotoSynth
LogPluginManager: Mounting plugin WebMMedia
LogPluginManager: Mounting plugin OpenImageDenoise
LogPluginManager: Mounting plugin PlanarCut
LogPluginManager: Mounting plugin PlatformCrypto
LogPluginManager: Mounting plugin ProxyLODPlugin
LogPluginManager: Mounting plugin PythonScriptPlugin
LogPluginManager: Mounting plugin SkeletalReduction
LogPluginManager: Mounting plugin ActorSequence
LogPluginManager: Mounting plugin LevelSequenceEditor
LogPluginManager: Mounting plugin MatineeToLevelSequence
LogPluginManager: Mounting plugin TemplateSequence
LogPluginManager: Mounting plugin OnlineSubsystem
LogPluginManager: Mounting plugin OnlineSubsystemNull
LogPluginManager: Mounting plugin LauncherChunkInstaller
LogPluginManager: Mounting plugin OnlineSubsystemUtils
LogPluginManager: Mounting plugin ActorLayerUtilities
LogPluginManager: Mounting plugin AndroidDeviceProfileSelector
LogPluginManager: Mounting plugin AndroidMoviePlayer
LogPluginManager: Mounting plugin AndroidPermission
LogPluginManager: Mounting plugin AppleMoviePlayer
LogPluginManager: Mounting plugin ArchVisCharacter
LogPluginManager: Mounting plugin AssetTags
LogPluginManager: Mounting plugin AudioCapture
LogPluginManager: Mounting plugin CableComponent
LogPluginManager: Mounting plugin ChunkDownloader
LogPluginManager: Mounting plugin AudioSynesthesia
LogPluginManager: Mounting plugin CustomMeshComponent
LogPluginManager: Mounting plugin ExampleDeviceProfileSelector
LogPluginManager: Mounting plugin EditableMesh
LogPluginManager: Mounting plugin GoogleCloudMessaging
LogPluginManager: Mounting plugin GooglePAD
LogPluginManager: Mounting plugin ScreenshotTools
LogPluginManager: Mounting plugin AnimationSharing
LogPluginManager: Mounting plugin CLionSourceCodeAccess
LogPluginManager: Mounting plugin CodeLiteSourceCodeAccess
LogPluginManager: Mounting plugin GitSourceControl
LogPluginManager: Mounting plugin KDevelopSourceCodeAccess
LogPluginManager: Mounting plugin NullSourceCodeAccess
LogPluginManager: Mounting plugin PerforceSourceControl
LogPluginManager: Mounting plugin PixWinPlugin
LogPluginManager: Mounting plugin PlasticSourceControl
LogPluginManager: Mounting plugin IOSDeviceProfileSelector
LogPluginManager: Mounting plugin PluginUtils
LogPluginManager: Mounting plugin PropertyAccessNode
LogPluginManager: Mounting plugin LinuxDeviceProfileSelector
LogPluginManager: Mounting plugin AppleImageUtils
LogPluginManager: Mounting plugin RiderSourceCodeAccess
LogPluginManager: Mounting plugin LocationServicesBPLibrary
LogPluginManager: Mounting plugin SubversionSourceControl
LogPluginManager: Mounting plugin TextureFormatOodle
LogPluginManager: Mounting plugin MobilePatchingUtils
LogPluginManager: Mounting plugin UObjectPlugin
LogPluginManager: Mounting plugin Takes
LogPluginManager: Mounting plugin OpenXR
LogPluginManager: Mounting plugin OpenXREyeTracker
LogPluginManager: Mounting plugin OpenXRHandTracking
LogPluginManager: Mounting plugin VisualStudioCodeSourceCodeAccess
LogPluginManager: Mounting plugin VisualStudioSourceCodeAccess
LogPluginManager: Mounting plugin XCodeSourceCodeAccess
LogPluginManager: Mounting plugin PhysXVehicles
LogPluginManager: Mounting plugin PostSplashScreen
LogPluginManager: Mounting plugin ProceduralMeshComponent
LogPluginManager: Mounting plugin PropertyAccessEditor
LogPluginManager: Mounting plugin RuntimePhysXCooking
LogPluginManager: Mounting plugin SignificanceManager
LogPluginManager: Mounting plugin SoundFields
LogPluginManager: Mounting plugin Synthesis
LogPluginManager: Mounting plugin WebMMoviePlayer
LogPluginManager: Mounting plugin WindowsMoviePlayer
LogPluginManager: Mounting plugin ContentBrowserAssetDataSource
LogPluginManager: Mounting plugin ContentBrowserClassDataSource
LogPluginManager: Mounting plugin ContentBrowserFileDataSource
LogPluginManager: Mounting plugin OnlineSubsystemGooglePlay
LogPluginManager: Mounting plugin OnlineSubsystemIOS
LogPluginManager: Mounting plugin OculusVR
LogPluginManager: Mounting plugin SteamVR
LogInit: Using libcurl 7.55.1-DEV
LogInit:  - built for x86_64-pc-win32
LogInit:  - supports SSL with OpenSSL/1.1.1
LogInit:  - supports HTTP deflate (compression) using libz 1.2.8
LogInit:  - other features:
LogInit:      CURL_VERSION_SSL
LogInit:      CURL_VERSION_LIBZ
LogInit:      CURL_VERSION_IPV6
LogInit:      CURL_VERSION_ASYNCHDNS
LogInit:      CURL_VERSION_LARGEFILE
LogInit:      CURL_VERSION_IDN
LogInit:  CurlRequestOptions (configurable via config and command line):
LogInit:  - bVerifyPeer = true  - Libcurl will verify peer certificate
LogInit:  - bUseHttpProxy = false  - Libcurl will NOT use HTTP proxy
LogInit:  - bDontReuseConnections = false  - Libcurl will reuse connections
LogInit:  - MaxHostConnections = 16  - Libcurl will limit the number of connections to a host
LogInit:  - LocalHostAddr = Default
LogInit:  - BufferSize = 65536
LogOnline: OSS: Creating online subsystem instance for: NULL
LogInit: WinSock: version 1.1 (2.2), MaxSocks=32767, MaxUdp=65467
LogOnline: OSS: TryLoadSubsystemAndSetDefault: Loaded subsystem for module [NULL]
PixWinPlugin: PIX capture plugin failed to initialize! Check that the process is launched from PIX.
LogOculusPluginWrapper: OculusPlugin initialized successfully
LogHMD: Failed initializing OVRPlugin 1.59.0
LogInit: Build: ++UE4+Release-4.27-CL-18319896
LogInit: Engine Version: 4.27.2-18319896+++UE4+Release-4.27
LogInit: Compatible Engine Version: 4.27.0-17155196+++UE4+Release-4.27
LogInit: Net CL: 17155196
LogInit: OS: Windows 10 (Release 2009) (), CPU: Intel(R) Core(TM) i5-8250U CPU @ 1.60GHz, GPU: Intel(R) UHD Graphics 620
LogInit: Compiled (64-bit): Nov 30 2021 07:12:08
LogInit: Compiled with Visual C++: 19.24.28315.00
LogInit: Build Configuration: Development
LogInit: Branch Name: ++UE4+Release-4.27
LogInit: Command Line:  -skipcompile
LogInit: Base Directory: C:/Program Files/Epic Games/UE_4.27/Engine/Binaries/Win64/
LogInit: Allocator: TBB
LogInit: Installed Engine Build: 1
LogDevObjectVersion: Number of dev versions registered: 29
LogDevObjectVersion:   Dev-Blueprints (B0D832E4-1F89-4F0D-ACCF-7EB736FD4AA2): 10
LogDevObjectVersion:   Dev-Build (E1C64328-A22C-4D53-A36C-8E866417BD8C): 0
LogDevObjectVersion:   Dev-Core (375EC13C-06E4-48FB-B500-84F0262A717E): 4
LogDevObjectVersion:   Dev-Editor (E4B068ED-F494-42E9-A231-DA0B2E46BB41): 40
LogDevObjectVersion:   Dev-Framework (CFFC743F-43B0-4480-9391-14DF171D2073): 37
LogDevObjectVersion:   Dev-Mobile (B02B49B5-BB20-44E9-A304-32B752E40360): 3
LogDevObjectVersion:   Dev-Networking (A4E4105C-59A1-49B5-A7C5-40C4547EDFEE): 0
LogDevObjectVersion:   Dev-Online (39C831C9-5AE6-47DC-9A44-9C173E1C8E7C): 0
LogDevObjectVersion:   Dev-Physics (78F01B33-EBEA-4F98-B9B4-84EACCB95AA2): 14
LogDevObjectVersion:   Dev-Platform (6631380F-2D4D-43E0-8009-CF276956A95A): 0
LogDevObjectVersion:   Dev-Rendering (12F88B9F-8875-4AFC-A67C-D90C383ABD29): 45
LogDevObjectVersion:   Dev-Sequencer (7B5AE74C-D270-4C10-A958-57980B212A5A): 13
LogDevObjectVersion:   Dev-VR (D7296918-1DD6-4BDD-9DE2-64A83CC13884): 3
LogDevObjectVersion:   Dev-LoadTimes (C2A15278-BFE7-4AFE-6C17-90FF531DF755): 1
LogDevObjectVersion:   Private-Geometry (6EACA3D4-40EC-4CC1-B786-8BED09428FC5): 3
LogDevObjectVersion:   Dev-AnimPhys (29E575DD-E0A3-4627-9D10-D276232CDCEA): 17
LogDevObjectVersion:   Dev-Anim (AF43A65D-7FD3-4947-9873-3E8ED9C1BB05): 15
LogDevObjectVersion:   Dev-ReflectionCapture (6B266CEC-1EC7-4B8F-A30B-E4D90942FC07): 1
LogDevObjectVersion:   Dev-Automation (0DF73D61-A23F-47EA-B727-89E90C41499A): 1
LogDevObjectVersion:   FortniteMain (601D1886-AC64-4F84-AA16-D3DE0DEAC7D6): 47
LogDevObjectVersion:   FortniteRelease (E7086368-6B23-4C58-8439-1B7016265E91): 1
LogDevObjectVersion:   Dev-Enterprise (9DFFBCD6-494F-0158-E221-12823C92A888): 10
LogDevObjectVersion:   Dev-Niagara (F2AED0AC-9AFE-416F-8664-AA7FFA26D6FC): 1
LogDevObjectVersion:   Dev-Destruction (174F1F0B-B4C6-45A5-B13F-2EE8D0FB917D): 10
LogDevObjectVersion:   Dev-Physics-Ext (35F94A83-E258-406C-A318-09F59610247C): 41
LogDevObjectVersion:   Dev-PhysicsMaterial-Chaos (B68FC16E-8B1B-42E2-B453-215C058844FE): 1
LogDevObjectVersion:   Dev-CineCamera (B2E18506-4273-CFC2-A54E-F4BB758BBA07): 1
LogDevObjectVersion:   Dev-VirtualProduction (64F58936-FD1B-42BA-BA96-7289D5D0FA4E): 1
LogDevObjectVersion:   Dev-MediaFramework (6F0ED827-A609-4895-9C91-998D90180EA4): 2
LogInit: Presizing for max 25165824 objects, including 0 objects not considered by GC, pre-allocating 0 bytes for permanent pool.
LogConfig: Applying CVar settings from Section [/Script/Engine.StreamingSettings] File [C:/Unreal/Multiplayer_PingPong_Unreal/PingPong/Saved/Config/Windows/Engine.ini]
LogConfig: Setting CVar [[s.MinBulkDataSizeForAsyncLoading:131072]]
LogConfig: Setting CVar [[s.AsyncLoadingThreadEnabled:0]]
LogConfig: Setting CVar [[s.EventDrivenLoaderEnabled:1]]
LogConfig: Setting CVar [[s.WarnIfTimeLimitExceeded:0]]
LogConfig: Setting CVar [[s.TimeLimitExceededMultiplier:1.5]]
LogConfig: Setting CVar [[s.TimeLimitExceededMinTime:0.005]]
LogConfig: Setting CVar [[s.UseBackgroundLevelStreaming:1]]
LogConfig: Setting CVar [[s.PriorityAsyncLoadingExtraTime:15.0]]
LogConfig: Setting CVar [[s.LevelStreamingActorsUpdateTimeLimit:5.0]]
LogConfig: Setting CVar [[s.PriorityLevelStreamingActorsUpdateExtraTime:5.0]]
LogConfig: Setting CVar [[s.LevelStreamingComponentsRegistrationGranularity:10]]
LogConfig: Setting CVar [[s.UnregisterComponentsTimeLimit:1.0]]
LogConfig: Setting CVar [[s.LevelStreamingComponentsUnregistrationGranularity:5]]
LogConfig: Setting CVar [[s.FlushStreamingOnExit:1]]
LogInit: Object subsystem initialized
LogConfig: Setting CVar [[con.DebugEarlyDefault:1]]
LogConfig: Setting CVar [[r.setres:1280x720]]
[2023.09.24-21.45.38:750][  0]LogConfig: Setting CVar [[r.VSync:0]]
[2023.09.24-21.45.38:750][  0]LogConfig: Setting CVar [[r.RHICmdBypass:0]]
[2023.09.24-21.45.38:750][  0]LogConfig: Applying CVar settings from Section [/Script/Engine.RendererSettings] File [C:/Unreal/Multiplayer_PingPong_Unreal/PingPong/Saved/Config/Windows/Engine.ini]
[2023.09.24-21.45.38:750][  0]LogConfig: Setting CVar [[r.GPUCrashDebugging:0]]
[2023.09.24-21.45.38:750][  0]LogConfig: Applying CVar settings from Section [/Script/Engine.RendererOverrideSettings] File [C:/Unreal/Multiplayer_PingPong_Unreal/PingPong/Saved/Config/Windows/Engine.ini]
[2023.09.24-21.45.38:750][  0]LogConfig: Applying CVar settings from Section [/Script/Engine.StreamingSettings] File [C:/Unreal/Multiplayer_PingPong_Unreal/PingPong/Saved/Config/Windows/Engine.ini]
[2023.09.24-21.45.38:750][  0]LogConfig: Setting CVar [[s.MinBulkDataSizeForAsyncLoading:131072]]
[2023.09.24-21.45.38:750][  0]LogConfig: Setting CVar [[s.AsyncLoadingThreadEnabled:0]]
[2023.09.24-21.45.38:750][  0]LogConfig: Setting CVar [[s.EventDrivenLoaderEnabled:1]]
[2023.09.24-21.45.38:751][  0]LogConfig: Setting CVar [[s.WarnIfTimeLimitExceeded:0]]
[2023.09.24-21.45.38:751][  0]LogConfig: Setting CVar [[s.TimeLimitExceededMultiplier:1.5]]
[2023.09.24-21.45.38:751][  0]LogConfig: Setting CVar [[s.TimeLimitExceededMinTime:0.005]]
[2023.09.24-21.45.38:751][  0]LogConfig: Setting CVar [[s.UseBackgroundLevelStreaming:1]]
[2023.09.24-21.45.38:751][  0]LogConfig: Setting CVar [[s.PriorityAsyncLoadingExtraTime:15.0]]
[2023.09.24-21.45.38:751][  0]LogConfig: Setting CVar [[s.LevelStreamingActorsUpdateTimeLimit:5.0]]
[2023.09.24-21.45.38:751][  0]LogConfig: Setting CVar [[s.PriorityLevelStreamingActorsUpdateExtraTime:5.0]]
[2023.09.24-21.45.38:751][  0]LogConfig: Setting CVar [[s.LevelStreamingComponentsRegistrationGranularity:10]]
[2023.09.24-21.45.38:751][  0]LogConfig: Setting CVar [[s.UnregisterComponentsTimeLimit:1.0]]
[2023.09.24-21.45.38:751][  0]LogConfig: Setting CVar [[s.LevelStreamingComponentsUnregistrationGranularity:5]]
[2023.09.24-21.45.38:751][  0]LogConfig: Setting CVar [[s.FlushStreamingOnExit:1]]
[2023.09.24-21.45.38:751][  0]LogConfig: Applying CVar settings from Section [/Script/Engine.GarbageCollectionSettings] File [C:/Unreal/Multiplayer_PingPong_Unreal/PingPong/Saved/Config/Windows/Engine.ini]
[2023.09.24-21.45.38:751][  0]LogConfig: Setting CVar [[gc.MaxObjectsNotConsideredByGC:1]]
[2023.09.24-21.45.38:752][  0]LogConfig: Setting CVar [[gc.SizeOfPermanentObjectPool:0]]
[2023.09.24-21.45.38:752][  0]LogConfig: Setting CVar [[gc.FlushStreamingOnGC:0]]
[2023.09.24-21.45.38:752][  0]LogConfig: Setting CVar [[gc.NumRetriesBeforeForcingGC:10]]
[2023.09.24-21.45.38:752][  0]LogConfig: Setting CVar [[gc.AllowParallelGC:1]]
[2023.09.24-21.45.38:752][  0]LogConfig: Setting CVar [[gc.TimeBetweenPurgingPendingKillObjects:61.1]]
[2023.09.24-21.45.38:752][  0]LogConfig: Setting CVar [[gc.MaxObjectsInEditor:25165824]]
[2023.09.24-21.45.38:752][  0]LogConfig: Setting CVar [[gc.IncrementalBeginDestroyEnabled:1]]
[2023.09.24-21.45.38:752][  0]LogConfig: Setting CVar [[gc.CreateGCClusters:1]]
[2023.09.24-21.45.38:752][  0]LogConfig: Setting CVar [[gc.MinGCClusterSize:5]]
[2023.09.24-21.45.38:752][  0]LogConfig: Setting CVar [[gc.ActorClusteringEnabled:0]]
[2023.09.24-21.45.38:752][  0]LogConfig: Setting CVar [[gc.BlueprintClusteringEnabled:0]]
[2023.09.24-21.45.38:752][  0]LogConfig: Setting CVar [[gc.UseDisregardForGCOnDedicatedServers:0]]
[2023.09.24-21.45.38:752][  0]LogConfig: Setting CVar [[gc.MultithreadedDestructionEnabled:1]]
[2023.09.24-21.45.38:753][  0]LogConfig: Applying CVar settings from Section [/Script/Engine.NetworkSettings] File [C:/Unreal/Multiplayer_PingPong_Unreal/PingPong/Saved/Config/Windows/Engine.ini]
[2023.09.24-21.45.38:753][  0]LogConfig: Applying CVar settings from Section [/Script/UnrealEd.CookerSettings] File [C:/Unreal/Multiplayer_PingPong_Unreal/PingPong/Saved/Config/Windows/Engine.ini]
[2023.09.24-21.45.38:799][  0]LogConfig: Applying CVar settings from Section [ViewDistanceQuality@3] File [C:/Unreal/Multiplayer_PingPong_Unreal/PingPong/Saved/Config/Windows/Scalability.ini]
[2023.09.24-21.45.38:799][  0]LogConfig: Setting CVar [[r.SkeletalMeshLODBias:0]]
[2023.09.24-21.45.38:799][  0]LogConfig: Setting CVar [[r.ViewDistanceScale:1.0]]
[2023.09.24-21.45.38:799][  0]LogConfig: Applying CVar settings from Section [AntiAliasingQuality@3] File [C:/Unreal/Multiplayer_PingPong_Unreal/PingPong/Saved/Config/Windows/Scalability.ini]
[2023.09.24-21.45.38:799][  0]LogConfig: Setting CVar [[r.PostProcessAAQuality:4]]
[2023.09.24-21.45.38:799][  0]LogConfig: Applying CVar settings from Section [ShadowQuality@3] File [C:/Unreal/Multiplayer_PingPong_Unreal/PingPong/Saved/Config/Windows/Scalability.ini]
[2023.09.24-21.45.38:799][  0]LogConfig: Setting CVar [[r.LightFunctionQuality:1]]
[2023.09.24-21.45.38:799][  0]LogConfig: Setting CVar [[r.ShadowQuality:5]]
[2023.09.24-21.45.38:799][  0]LogConfig: Setting CVar [[r.Shadow.CSM.MaxCascades:10]]
[2023.09.24-21.45.38:800][  0]LogConfig: Setting CVar [[r.Shadow.MaxResolution:2048]]
[2023.09.24-21.45.38:800][  0]LogConfig: Setting CVar [[r.Shadow.MaxCSMResolution:2048]]
[2023.09.24-21.45.38:800][  0]LogConfig: Setting CVar [[r.Shadow.RadiusThreshold:0.01]]
[2023.09.24-21.45.38:800][  0]LogConfig: Setting CVar [[r.Shadow.DistanceScale:1.0]]
[2023.09.24-21.45.38:800][  0]LogConfig: Setting CVar [[r.Shadow.CSM.TransitionScale:1.0]]
[2023.09.24-21.45.38:800][  0]LogConfig: Setting CVar [[r.Shadow.PreShadowResolutionFactor:1.0]]
[2023.09.24-21.45.38:800][  0]LogConfig: Setting CVar [[r.DistanceFieldShadowing:1]]
[2023.09.24-21.45.38:800][  0]LogConfig: Setting CVar [[r.DistanceFieldAO:1]]
[2023.09.24-21.45.38:800][  0]LogConfig: Setting CVar [[r.AOQuality:2]]
[2023.09.24-21.45.38:801][  0]LogConfig: Setting CVar [[r.VolumetricFog:1]]
[2023.09.24-21.45.38:801][  0]LogConfig: Setting CVar [[r.VolumetricFog.GridPixelSize:8]]
[2023.09.24-21.45.38:801][  0]LogConfig: Setting CVar [[r.VolumetricFog.GridSizeZ:128]]
[2023.09.24-21.45.38:801][  0]LogConfig: Setting CVar [[r.VolumetricFog.HistoryMissSupersampleCount:4]]
[2023.09.24-21.45.38:801][  0]LogConfig: Setting CVar [[r.LightMaxDrawDistanceScale:1]]
[2023.09.24-21.45.38:801][  0]LogConfig: Setting CVar [[r.CapsuleShadows:1]]
[2023.09.24-21.45.38:801][  0]LogConfig: Applying CVar settings from Section [PostProcessQuality@3] File [C:/Unreal/Multiplayer_PingPong_Unreal/PingPong/Saved/Config/Windows/Scalability.ini]
[2023.09.24-21.45.38:801][  0]LogConfig: Setting CVar [[r.MotionBlurQuality:4]]
[2023.09.24-21.45.38:801][  0]LogConfig: Setting CVar [[r.AmbientOcclusionMipLevelFactor:0.4]]
[2023.09.24-21.45.38:801][  0]LogConfig: Setting CVar [[r.AmbientOcclusionMaxQuality:100]]
[2023.09.24-21.45.38:801][  0]LogConfig: Setting CVar [[r.AmbientOcclusionLevels:-1]]
[2023.09.24-21.45.38:802][  0]LogConfig: Setting CVar [[r.AmbientOcclusionRadiusScale:1.0]]
[2023.09.24-21.45.38:802][  0]LogConfig: Setting CVar [[r.DepthOfFieldQuality:2]]
[2023.09.24-21.45.38:802][  0]LogConfig: Setting CVar [[r.RenderTargetPoolMin:400]]
[2023.09.24-21.45.38:802][  0]LogConfig: Setting CVar [[r.LensFlareQuality:2]]
[2023.09.24-21.45.38:802][  0]LogConfig: Setting CVar [[r.SceneColorFringeQuality:1]]
[2023.09.24-21.45.38:802][  0]LogConfig: Setting CVar [[r.EyeAdaptationQuality:2]]
[2023.09.24-21.45.38:802][  0]LogConfig: Setting CVar [[r.BloomQuality:5]]
[2023.09.24-21.45.38:802][  0]LogConfig: Setting CVar [[r.FastBlurThreshold:100]]
[2023.09.24-21.45.38:802][  0]LogConfig: Setting CVar [[r.Upscale.Quality:3]]
[2023.09.24-21.45.38:802][  0]LogConfig: Setting CVar [[r.Tonemapper.GrainQuantization:1]]
[2023.09.24-21.45.38:802][  0]LogConfig: Setting CVar [[r.LightShaftQuality:1]]
[2023.09.24-21.45.38:802][  0]LogConfig: Setting CVar [[r.Filter.SizeScale:1]]
[2023.09.24-21.45.38:803][  0]LogConfig: Setting CVar [[r.Tonemapper.Quality:5]]
[2023.09.24-21.45.38:803][  0]LogConfig: Setting CVar [[r.DOF.Gather.AccumulatorQuality:1        ; higher gathering accumulator quality]]
[2023.09.24-21.45.38:803][  0]LogConfig: Setting CVar [[r.DOF.Gather.PostfilterMethod:1          ; Median3x3 postfilering method]]
[2023.09.24-21.45.38:803][  0]LogConfig: Setting CVar [[r.DOF.Gather.EnableBokehSettings:0       ; no bokeh simulation when gathering]]
[2023.09.24-21.45.38:803][  0]LogConfig: Setting CVar [[r.DOF.Gather.RingCount:4                 ; medium number of samples when gathering]]
[2023.09.24-21.45.38:803][  0]LogConfig: Setting CVar [[r.DOF.Scatter.ForegroundCompositing:1    ; additive foreground scattering]]
[2023.09.24-21.45.38:803][  0]LogConfig: Setting CVar [[r.DOF.Scatter.BackgroundCompositing:2    ; additive background scattering]]
[2023.09.24-21.45.38:803][  0]LogConfig: Setting CVar [[r.DOF.Scatter.EnableBokehSettings:1      ; bokeh simulation when scattering]]
[2023.09.24-21.45.38:803][  0]LogConfig: Setting CVar [[r.DOF.Scatter.MaxSpriteRatio:0.1         ; only a maximum of 10% of scattered bokeh]]
[2023.09.24-21.45.38:803][  0]LogConfig: Setting CVar [[r.DOF.Recombine.Quality:1                ; cheap slight out of focus]]
[2023.09.24-21.45.38:803][  0]LogConfig: Setting CVar [[r.DOF.Recombine.EnableBokehSettings:0    ; no bokeh simulation on slight out of focus]]
[2023.09.24-21.45.38:804][  0]LogConfig: Setting CVar [[r.DOF.TemporalAAQuality:1                ; more stable temporal accumulation]]
[2023.09.24-21.45.38:804][  0]LogConfig: Setting CVar [[r.DOF.Kernel.MaxForegroundRadius:0.025]]
[2023.09.24-21.45.38:804][  0]LogConfig: Setting CVar [[r.DOF.Kernel.MaxBackgroundRadius:0.025]]
[2023.09.24-21.45.38:804][  0]LogConfig: Applying CVar settings from Section [TextureQuality@3] File [C:/Unreal/Multiplayer_PingPong_Unreal/PingPong/Saved/Config/Windows/Scalability.ini]
[2023.09.24-21.45.38:804][  0]LogConfig: Setting CVar [[r.Streaming.MipBias:0]]
[2023.09.24-21.45.38:804][  0]LogConfig: Setting CVar [[r.Streaming.AmortizeCPUToGPUCopy:0]]
[2023.09.24-21.45.38:804][  0]LogConfig: Setting CVar [[r.Streaming.MaxNumTexturesToStreamPerFrame:0]]
[2023.09.24-21.45.38:804][  0]LogConfig: Setting CVar [[r.Streaming.Boost:1]]
[2023.09.24-21.45.38:804][  0]LogConfig: Setting CVar [[r.MaxAnisotropy:8]]
[2023.09.24-21.45.38:804][  0]LogConfig: Setting CVar [[r.VT.MaxAnisotropy:8]]
[2023.09.24-21.45.38:804][  0]LogConfig: Setting CVar [[r.Streaming.LimitPoolSizeToVRAM:0]]
[2023.09.24-21.45.38:804][  0]LogConfig: Setting CVar [[r.Streaming.PoolSize:1000]]
[2023.09.24-21.45.38:805][  0]LogConfig: Setting CVar [[r.Streaming.MaxEffectiveScreenSize:0]]
[2023.09.24-21.45.38:805][  0]LogConfig: Applying CVar settings from Section [EffectsQuality@3] File [C:/Unreal/Multiplayer_PingPong_Unreal/PingPong/Saved/Config/Windows/Scalability.ini]
[2023.09.24-21.45.38:805][  0]LogConfig: Setting CVar [[r.TranslucencyLightingVolumeDim:64]]
[2023.09.24-21.45.38:805][  0]LogConfig: Setting CVar [[r.RefractionQuality:2]]
[2023.09.24-21.45.38:805][  0]LogConfig: Setting CVar [[r.SSR.Quality:3]]
[2023.09.24-21.45.38:805][  0]LogConfig: Setting CVar [[r.SSR.HalfResSceneColor:0]]
[2023.09.24-21.45.38:805][  0]LogConfig: Setting CVar [[r.SceneColorFormat:4]]
[2023.09.24-21.45.38:805][  0]LogConfig: Setting CVar [[r.DetailMode:2]]
[2023.09.24-21.45.38:805][  0]LogConfig: Setting CVar [[r.TranslucencyVolumeBlur:1]]
[2023.09.24-21.45.38:805][  0]LogConfig: Setting CVar [[r.MaterialQualityLevel:1 ; High quality]]
[2023.09.24-21.45.38:805][  0]LogConfig: Setting CVar [[r.AnisotropicMaterials:1]]
[2023.09.24-21.45.38:805][  0]LogConfig: Setting CVar [[r.SSS.Scale:1]]
[2023.09.24-21.45.38:806][  0]LogConfig: Setting CVar [[r.SSS.SampleSet:2]]
[2023.09.24-21.45.38:806][  0]LogConfig: Setting CVar [[r.SSS.Quality:1]]
[2023.09.24-21.45.38:806][  0]LogConfig: Setting CVar [[r.SSS.HalfRes:0]]
[2023.09.24-21.45.38:806][  0]LogConfig: Setting CVar [[r.SSGI.Quality:3]]
[2023.09.24-21.45.38:806][  0]LogConfig: Setting CVar [[r.EmitterSpawnRateScale:1.0]]
[2023.09.24-21.45.38:806][  0]LogConfig: Setting CVar [[r.ParticleLightQuality:2]]
[2023.09.24-21.45.38:806][  0]LogConfig: Setting CVar [[r.SkyAtmosphere.AerialPerspectiveLUT.FastApplyOnOpaque:1 ; Always have FastSkyLUT 1 in this case to avoid wrong sky]]
[2023.09.24-21.45.38:806][  0]LogConfig: Setting CVar [[r.SkyAtmosphere.AerialPerspectiveLUT.SampleCountMaxPerSlice:4]]
[2023.09.24-21.45.38:806][  0]LogConfig: Setting CVar [[r.SkyAtmosphere.AerialPerspectiveLUT.DepthResolution:16.0]]
[2023.09.24-21.45.38:806][  0]LogConfig: Setting CVar [[r.SkyAtmosphere.FastSkyLUT:1]]
[2023.09.24-21.45.38:806][  0]LogConfig: Setting CVar [[r.SkyAtmosphere.FastSkyLUT.SampleCountMin:4.0]]
[2023.09.24-21.45.38:806][  0]LogConfig: Setting CVar [[r.SkyAtmosphere.FastSkyLUT.SampleCountMax:128.0]]
[2023.09.24-21.45.38:807][  0]LogConfig: Setting CVar [[r.SkyAtmosphere.SampleCountMin:4.0]]
[2023.09.24-21.45.38:807][  0]LogConfig: Setting CVar [[r.SkyAtmosphere.SampleCountMax:128.0]]
[2023.09.24-21.45.38:807][  0]LogConfig: Setting CVar [[r.SkyAtmosphere.TransmittanceLUT.UseSmallFormat:0]]
[2023.09.24-21.45.38:807][  0]LogConfig: Setting CVar [[r.SkyAtmosphere.TransmittanceLUT.SampleCount:10.0]]
[2023.09.24-21.45.38:807][  0]LogConfig: Setting CVar [[r.SkyAtmosphere.MultiScatteringLUT.SampleCount:15.0]]
[2023.09.24-21.45.38:807][  0]LogConfig: Setting CVar [[r.SkyLight.RealTimeReflectionCapture:1]]
[2023.09.24-21.45.38:807][  0]LogConfig: Applying CVar settings from Section [FoliageQuality@3] File [C:/Unreal/Multiplayer_PingPong_Unreal/PingPong/Saved/Config/Windows/Scalability.ini]
[2023.09.24-21.45.38:807][  0]LogConfig: Setting CVar [[foliage.DensityScale:1.0]]
[2023.09.24-21.45.38:807][  0]LogConfig: Setting CVar [[grass.DensityScale:1.0]]
[2023.09.24-21.45.38:807][  0]LogConfig: Applying CVar settings from Section [ShadingQuality@3] File [C:/Unreal/Multiplayer_PingPong_Unreal/PingPong/Saved/Config/Windows/Scalability.ini]
[2023.09.24-21.45.38:807][  0]LogConfig: Setting CVar [[r.HairStrands.SkyLighting.IntegrationType:2]]
[2023.09.24-21.45.38:807][  0]LogConfig: Setting CVar [[r.HairStrands.SkyAO.SampleCount:4]]
[2023.09.24-21.45.38:808][  0]LogConfig: Setting CVar [[r.HairStrands.Visibility.MSAA.SamplePerPixel:4]]
[2023.09.24-21.45.38:808][  0]LogInit: Selected Device Profile: [Windows]
[2023.09.24-21.45.38:808][  0]LogInit: Applying CVar settings loaded from the selected device profile: [Windows]
[2023.09.24-21.45.38:808][  0]LogHAL: Display: Platform has ~ 16 GB [16919035904 / 17179869184 / 16], which maps to Larger [LargestMinGB=32, LargerMinGB=12, DefaultMinGB=8, SmallerMinGB=6, SmallestMinGB=0)
[2023.09.24-21.45.38:808][  0]LogInit: Going up to parent DeviceProfile []
[2023.09.24-21.45.38:808][  0]LogConfig: Applying CVar settings from Section [ViewDistanceQuality@3] File [C:/Unreal/Multiplayer_PingPong_Unreal/PingPong/Saved/Config/Windows/Scalability.ini]
[2023.09.24-21.45.38:808][  0]LogConfig: Setting CVar [[r.SkeletalMeshLODBias:0]]
[2023.09.24-21.45.38:808][  0]LogConfig: Setting CVar [[r.ViewDistanceScale:1.0]]
[2023.09.24-21.45.38:808][  0]LogConfig: Applying CVar settings from Section [AntiAliasingQuality@3] File [C:/Unreal/Multiplayer_PingPong_Unreal/PingPong/Saved/Config/Windows/Scalability.ini]
[2023.09.24-21.45.38:808][  0]LogConfig: Setting CVar [[r.PostProcessAAQuality:4]]
[2023.09.24-21.45.38:809][  0]LogConfig: Applying CVar settings from Section [ShadowQuality@3] File [C:/Unreal/Multiplayer_PingPong_Unreal/PingPong/Saved/Config/Windows/Scalability.ini]
[2023.09.24-21.45.38:809][  0]LogConfig: Setting CVar [[r.LightFunctionQuality:1]]
[2023.09.24-21.45.38:809][  0]LogConfig: Setting CVar [[r.ShadowQuality:5]]
[2023.09.24-21.45.38:809][  0]LogConfig: Setting CVar [[r.Shadow.CSM.MaxCascades:10]]
[2023.09.24-21.45.38:809][  0]LogConfig: Setting CVar [[r.Shadow.MaxResolution:2048]]
[2023.09.24-21.45.38:809][  0]LogConfig: Setting CVar [[r.Shadow.MaxCSMResolution:2048]]
[2023.09.24-21.45.38:809][  0]LogConfig: Setting CVar [[r.Shadow.RadiusThreshold:0.01]]
[2023.09.24-21.45.38:809][  0]LogConfig: Setting CVar [[r.Shadow.DistanceScale:1.0]]
[2023.09.24-21.45.38:809][  0]LogConfig: Setting CVar [[r.Shadow.CSM.TransitionScale:1.0]]
[2023.09.24-21.45.38:809][  0]LogConfig: Setting CVar [[r.Shadow.PreShadowResolutionFactor:1.0]]
[2023.09.24-21.45.38:809][  0]LogConfig: Setting CVar [[r.DistanceFieldShadowing:1]]
[2023.09.24-21.45.38:809][  0]LogConfig: Setting CVar [[r.DistanceFieldAO:1]]
[2023.09.24-21.45.38:809][  0]LogConfig: Setting CVar [[r.AOQuality:2]]
[2023.09.24-21.45.38:809][  0]LogConfig: Setting CVar [[r.VolumetricFog:1]]
[2023.09.24-21.45.38:810][  0]LogConfig: Setting CVar [[r.VolumetricFog.GridPixelSize:8]]
[2023.09.24-21.45.38:810][  0]LogConfig: Setting CVar [[r.VolumetricFog.GridSizeZ:128]]
[2023.09.24-21.45.38:810][  0]LogConfig: Setting CVar [[r.VolumetricFog.HistoryMissSupersampleCount:4]]
[2023.09.24-21.45.38:810][  0]LogConfig: Setting CVar [[r.LightMaxDrawDistanceScale:1]]
[2023.09.24-21.45.38:810][  0]LogConfig: Setting CVar [[r.CapsuleShadows:1]]
[2023.09.24-21.45.38:810][  0]LogConfig: Applying CVar settings from Section [PostProcessQuality@3] File [C:/Unreal/Multiplayer_PingPong_Unreal/PingPong/Saved/Config/Windows/Scalability.ini]
[2023.09.24-21.45.38:810][  0]LogConfig: Setting CVar [[r.MotionBlurQuality:4]]
[2023.09.24-21.45.38:810][  0]LogConfig: Setting CVar [[r.AmbientOcclusionMipLevelFactor:0.4]]
[2023.09.24-21.45.38:810][  0]LogConfig: Setting CVar [[r.AmbientOcclusionMaxQuality:100]]
[2023.09.24-21.45.38:810][  0]LogConfig: Setting CVar [[r.AmbientOcclusionLevels:-1]]
[2023.09.24-21.45.38:810][  0]LogConfig: Setting CVar [[r.AmbientOcclusionRadiusScale:1.0]]
[2023.09.24-21.45.38:810][  0]LogConfig: Setting CVar [[r.DepthOfFieldQuality:2]]
[2023.09.24-21.45.38:811][  0]LogConfig: Setting CVar [[r.RenderTargetPoolMin:400]]
[2023.09.24-21.45.38:811][  0]LogConfig: Setting CVar [[r.LensFlareQuality:2]]
[2023.09.24-21.45.38:811][  0]LogConfig: Setting CVar [[r.SceneColorFringeQuality:1]]
[2023.09.24-21.45.38:811][  0]LogConfig: Setting CVar [[r.EyeAdaptationQuality:2]]
[2023.09.24-21.45.38:811][  0]LogConfig: Setting CVar [[r.BloomQuality:5]]
[2023.09.24-21.45.38:811][  0]LogConfig: Setting CVar [[r.FastBlurThreshold:100]]
[2023.09.24-21.45.38:811][  0]LogConfig: Setting CVar [[r.Upscale.Quality:3]]
[2023.09.24-21.45.38:811][  0]LogConfig: Setting CVar [[r.Tonemapper.GrainQuantization:1]]
[2023.09.24-21.45.38:811][  0]LogConfig: Setting CVar [[r.LightShaftQuality:1]]
[2023.09.24-21.45.38:811][  0]LogConfig: Setting CVar [[r.Filter.SizeScale:1]]
[2023.09.24-21.45.38:811][  0]LogConfig: Setting CVar [[r.Tonemapper.Quality:5]]
[2023.09.24-21.45.38:811][  0]LogConfig: Setting CVar [[r.DOF.Gather.AccumulatorQuality:1        ; higher gathering accumulator quality]]
[2023.09.24-21.45.38:811][  0]LogConfig: Setting CVar [[r.DOF.Gather.PostfilterMethod:1          ; Median3x3 postfilering method]]
[2023.09.24-21.45.38:811][  0]LogConfig: Setting CVar [[r.DOF.Gather.EnableBokehSettings:0       ; no bokeh simulation when gathering]]
[2023.09.24-21.45.38:812][  0]LogConfig: Setting CVar [[r.DOF.Gather.RingCount:4                 ; medium number of samples when gathering]]
[2023.09.24-21.45.38:812][  0]LogConfig: Setting CVar [[r.DOF.Scatter.ForegroundCompositing:1    ; additive foreground scattering]]
[2023.09.24-21.45.38:812][  0]LogConfig: Setting CVar [[r.DOF.Scatter.BackgroundCompositing:2    ; additive background scattering]]
[2023.09.24-21.45.38:812][  0]LogConfig: Setting CVar [[r.DOF.Scatter.EnableBokehSettings:1      ; bokeh simulation when scattering]]
[2023.09.24-21.45.38:812][  0]LogConfig: Setting CVar [[r.DOF.Scatter.MaxSpriteRatio:0.1         ; only a maximum of 10% of scattered bokeh]]
[2023.09.24-21.45.38:812][  0]LogConfig: Setting CVar [[r.DOF.Recombine.Quality:1                ; cheap slight out of focus]]
[2023.09.24-21.45.38:812][  0]LogConfig: Setting CVar [[r.DOF.Recombine.EnableBokehSettings:0    ; no bokeh simulation on slight out of focus]]
[2023.09.24-21.45.38:812][  0]LogConfig: Setting CVar [[r.DOF.TemporalAAQuality:1                ; more stable temporal accumulation]]
[2023.09.24-21.45.38:812][  0]LogConfig: Setting CVar [[r.DOF.Kernel.MaxForegroundRadius:0.025]]
[2023.09.24-21.45.38:812][  0]LogConfig: Setting CVar [[r.DOF.Kernel.MaxBackgroundRadius:0.025]]
[2023.09.24-21.45.38:812][  0]LogConfig: Applying CVar settings from Section [TextureQuality@3] File [C:/Unreal/Multiplayer_PingPong_Unreal/PingPong/Saved/Config/Windows/Scalability.ini]
[2023.09.24-21.45.38:812][  0]LogConfig: Setting CVar [[r.Streaming.MipBias:0]]
[2023.09.24-21.45.38:812][  0]LogConfig: Setting CVar [[r.Streaming.AmortizeCPUToGPUCopy:0]]
[2023.09.24-21.45.38:812][  0]LogConfig: Setting CVar [[r.Streaming.MaxNumTexturesToStreamPerFrame:0]]
[2023.09.24-21.45.38:813][  0]LogConfig: Setting CVar [[r.Streaming.Boost:1]]
[2023.09.24-21.45.38:813][  0]LogConfig: Setting CVar [[r.MaxAnisotropy:8]]
[2023.09.24-21.45.38:813][  0]LogConfig: Setting CVar [[r.VT.MaxAnisotropy:8]]
[2023.09.24-21.45.38:813][  0]LogConfig: Setting CVar [[r.Streaming.LimitPoolSizeToVRAM:0]]
[2023.09.24-21.45.38:813][  0]LogConfig: Setting CVar [[r.Streaming.PoolSize:1000]]
[2023.09.24-21.45.38:813][  0]LogConfig: Setting CVar [[r.Streaming.MaxEffectiveScreenSize:0]]
[2023.09.24-21.45.38:813][  0]LogConfig: Applying CVar settings from Section [EffectsQuality@3] File [C:/Unreal/Multiplayer_PingPong_Unreal/PingPong/Saved/Config/Windows/Scalability.ini]
[2023.09.24-21.45.38:813][  0]LogConfig: Setting CVar [[r.TranslucencyLightingVolumeDim:64]]
[2023.09.24-21.45.38:813][  0]LogConfig: Setting CVar [[r.RefractionQuality:2]]
[2023.09.24-21.45.38:813][  0]LogConfig: Setting CVar [[r.SSR.Quality:3]]
[2023.09.24-21.45.38:813][  0]LogConfig: Setting CVar [[r.SSR.HalfResSceneColor:0]]
[2023.09.24-21.45.38:813][  0]LogConfig: Setting CVar [[r.SceneColorFormat:4]]
[2023.09.24-21.45.38:813][  0]LogConfig: Setting CVar [[r.DetailMode:2]]
[2023.09.24-21.45.38:814][  0]LogConfig: Setting CVar [[r.TranslucencyVolumeBlur:1]]
[2023.09.24-21.45.38:814][  0]LogConfig: Setting CVar [[r.MaterialQualityLevel:1 ; High quality]]
[2023.09.24-21.45.38:814][  0]LogConfig: Setting CVar [[r.AnisotropicMaterials:1]]
[2023.09.24-21.45.38:814][  0]LogConfig: Setting CVar [[r.SSS.Scale:1]]
[2023.09.24-21.45.38:814][  0]LogConfig: Setting CVar [[r.SSS.SampleSet:2]]
[2023.09.24-21.45.38:814][  0]LogConfig: Setting CVar [[r.SSS.Quality:1]]
[2023.09.24-21.45.38:814][  0]LogConfig: Setting CVar [[r.SSS.HalfRes:0]]
[2023.09.24-21.45.38:814][  0]LogConfig: Setting CVar [[r.SSGI.Quality:3]]
[2023.09.24-21.45.38:814][  0]LogConfig: Setting CVar [[r.EmitterSpawnRateScale:1.0]]
[2023.09.24-21.45.38:814][  0]LogConfig: Setting CVar [[r.ParticleLightQuality:2]]
[2023.09.24-21.45.38:814][  0]LogConfig: Setting CVar [[r.SkyAtmosphere.AerialPerspectiveLUT.FastApplyOnOpaque:1 ; Always have FastSkyLUT 1 in this case to avoid wrong sky]]
[2023.09.24-21.45.38:814][  0]LogConfig: Setting CVar [[r.SkyAtmosphere.AerialPerspectiveLUT.SampleCountMaxPerSlice:4]]
[2023.09.24-21.45.38:814][  0]LogConfig: Setting CVar [[r.SkyAtmosphere.AerialPerspectiveLUT.DepthResolution:16.0]]
[2023.09.24-21.45.38:814][  0]LogConfig: Setting CVar [[r.SkyAtmosphere.FastSkyLUT:1]]
[2023.09.24-21.45.38:815][  0]LogConfig: Setting CVar [[r.SkyAtmosphere.FastSkyLUT.SampleCountMin:4.0]]
[2023.09.24-21.45.38:815][  0]LogConfig: Setting CVar [[r.SkyAtmosphere.FastSkyLUT.SampleCountMax:128.0]]
[2023.09.24-21.45.38:815][  0]LogConfig: Setting CVar [[r.SkyAtmosphere.SampleCountMin:4.0]]
[2023.09.24-21.45.38:815][  0]LogConfig: Setting CVar [[r.SkyAtmosphere.SampleCountMax:128.0]]
[2023.09.24-21.45.38:815][  0]LogConfig: Setting CVar [[r.SkyAtmosphere.TransmittanceLUT.UseSmallFormat:0]]
[2023.09.24-21.45.38:815][  0]LogConfig: Setting CVar [[r.SkyAtmosphere.TransmittanceLUT.SampleCount:10.0]]
[2023.09.24-21.45.38:815][  0]LogConfig: Setting CVar [[r.SkyAtmosphere.MultiScatteringLUT.SampleCount:15.0]]
[2023.09.24-21.45.38:815][  0]LogConfig: Setting CVar [[r.SkyLight.RealTimeReflectionCapture:1]]
[2023.09.24-21.45.38:815][  0]LogConfig: Applying CVar settings from Section [FoliageQuality@3] File [C:/Unreal/Multiplayer_PingPong_Unreal/PingPong/Saved/Config/Windows/Scalability.ini]
[2023.09.24-21.45.38:815][  0]LogConfig: Setting CVar [[foliage.DensityScale:1.0]]
[2023.09.24-21.45.38:815][  0]LogConfig: Setting CVar [[grass.DensityScale:1.0]]
[2023.09.24-21.45.38:815][  0]LogConfig: Applying CVar settings from Section [ShadingQuality@3] File [C:/Unreal/Multiplayer_PingPong_Unreal/PingPong/Saved/Config/Windows/Scalability.ini]
[2023.09.24-21.45.38:815][  0]LogConfig: Setting CVar [[r.HairStrands.SkyLighting.IntegrationType:2]]
[2023.09.24-21.45.38:816][  0]LogConfig: Setting CVar [[r.HairStrands.SkyAO.SampleCount:4]]
[2023.09.24-21.45.38:816][  0]LogConfig: Setting CVar [[r.HairStrands.Visibility.MSAA.SamplePerPixel:4]]
[2023.09.24-21.45.38:816][  0]LogConfig: Applying CVar settings from Section [Startup] File [../../../Engine/Config/ConsoleVariables.ini]
[2023.09.24-21.45.38:816][  0]LogConfig: Setting CVar [[net.UseAdaptiveNetUpdateFrequency:0]]
[2023.09.24-21.45.38:816][  0]LogConfig: Setting CVar [[p.chaos.AllowCreatePhysxBodies:1]]
[2023.09.24-21.45.38:816][  0]LogConfig: Setting CVar [[fx.SkipVectorVMBackendOptimizations:1]]
[2023.09.24-21.45.38:816][  0]LogConfig: Applying CVar settings from Section [ConsoleVariables] File [C:/Unreal/Multiplayer_PingPong_Unreal/PingPong/Saved/Config/Windows/Engine.ini]
[2023.09.24-21.45.38:816][  0]LogConfig: Applying CVar settings from Section [ConsoleVariables] File [C:/Unreal/Multiplayer_PingPong_Unreal/PingPong/Saved/Config/Windows/Editor.ini]
[2023.09.24-21.45.38:816][  0]LogInit: Computer: DESKTOP-UQ10HGU
[2023.09.24-21.45.38:817][  0]LogInit: User: Golem
[2023.09.24-21.45.38:817][  0]LogInit: CPU Page size=4096, Cores=4
[2023.09.24-21.45.38:817][  0]LogInit: High frequency timer resolution =10.000000 MHz
[2023.09.24-21.45.38:817][  0]LogMemory: Memory total: Physical=15.8GB (16GB approx)
[2023.09.24-21.45.38:817][  0]LogMemory: Platform Memory Stats for Windows
[2023.09.24-21.45.38:817][  0]LogMemory: Process Physical Memory: 139.30 MB used, 139.30 MB peak
[2023.09.24-21.45.38:817][  0]LogMemory: Process Virtual Memory: 121.35 MB used, 121.35 MB peak
[2023.09.24-21.45.38:817][  0]LogMemory: Physical Memory: 11222.12 MB used,  4913.13 MB free, 16135.25 MB total
[2023.09.24-21.45.38:817][  0]LogMemory: Virtual Memory: 134204968.00 MB used,  12762.63 MB free, 134217728.00 MB total
[2023.09.24-21.45.38:830][  0]LogWindows: WindowsPlatformFeatures enabled
[2023.09.24-21.45.38:987][  0]LogInit: Physics initialised using underlying interface: PhysX
[2023.09.24-21.45.38:989][  0]LogInit: Using OS detected language (en-US).
[2023.09.24-21.45.38:989][  0]LogInit: Using OS detected locale (en-US).
[2023.09.24-21.45.38:997][  0]LogTextLocalizationManager: No specific localization for 'en-US' exists, so the 'en' localization will be used.
[2023.09.24-21.45.39:279][  0]LogInit: Setting process to per monitor DPI aware
[2023.09.24-21.45.39:314][  0]LogWindowsTextInputMethodSystem: Display: IME system deactivated.
[2023.09.24-21.45.39:339][  0]LogSlate: New Slate User Created.  User Index 0, Is Virtual User: 0
[2023.09.24-21.45.39:339][  0]LogSlate: Slate User Registered.  User Index 0, Is Virtual User: 0
[2023.09.24-21.45.39:552][  0]LogD3D11RHI: Loaded GFSDK_Aftermath_Lib.x64.dll
[2023.09.24-21.45.39:565][  0]LogHMD: Failed to initialize OpenVR with code 110
[2023.09.24-21.45.39:565][  0]LogD3D11RHI: D3D11 min allowed feature level: 11_0
[2023.09.24-21.45.39:565][  0]LogD3D11RHI: D3D11 max allowed feature level: 11_0
[2023.09.24-21.45.39:565][  0]LogD3D11RHI: D3D11 adapters:
[2023.09.24-21.45.40:365][  0]LogD3D11RHI:    0. 'Radeon (TM) 520' (Feature Level 11_0)
[2023.09.24-21.45.40:365][  0]LogD3D11RHI:       2039/0/8067 MB DedicatedVideo/DedicatedSystem/SharedSystem, Outputs:2, VendorId:0x1002
[2023.09.24-21.45.40:426][  0]LogD3D11RHI:    1. 'Intel(R) UHD Graphics 620' (Feature Level 11_0)
[2023.09.24-21.45.40:426][  0]LogD3D11RHI:       128/0/8067 MB DedicatedVideo/DedicatedSystem/SharedSystem, Outputs:0, VendorId:0x8086
[2023.09.24-21.45.40:432][  0]LogD3D11RHI:    2. 'Microsoft Basic Render Driver' (Feature Level 11_0)
[2023.09.24-21.45.40:432][  0]LogD3D11RHI:       0/0/8067 MB DedicatedVideo/DedicatedSystem/SharedSystem, Outputs:0, VendorId:0x1414
[2023.09.24-21.45.40:432][  0]LogD3D11RHI: Chosen D3D11 Adapter:
[2023.09.24-21.45.40:432][  0]LogD3D11RHI:     Description : Radeon (TM) 520
[2023.09.24-21.45.40:432][  0]LogD3D11RHI:     VendorId    : 1002
[2023.09.24-21.45.40:432][  0]LogD3D11RHI:     DeviceId    : 6665
[2023.09.24-21.45.40:432][  0]LogD3D11RHI:     SubSysId    : 83f1028
[2023.09.24-21.45.40:432][  0]LogD3D11RHI:     Revision    : 00c3
[2023.09.24-21.45.40:432][  0]LogD3D11RHI:     DedicatedVideoMemory : 2138300416 bytes
[2023.09.24-21.45.40:433][  0]LogD3D11RHI:     DedicatedSystemMemory : 0 bytes
[2023.09.24-21.45.40:433][  0]LogD3D11RHI:     SharedSystemMemory : 8459517952 bytes
[2023.09.24-21.45.40:433][  0]LogD3D11RHI:     AdapterLuid : 0 51420
[2023.09.24-21.45.40:440][  0]LogD3D11RHI: Creating new Direct3DDevice
[2023.09.24-21.45.40:440][  0]LogD3D11RHI:     GPU DeviceId: 0x6665 (for the marketing name, search the web for "GPU Device Id")
[2023.09.24-21.45.40:440][  0]LogWindows: EnumDisplayDevices:
[2023.09.24-21.45.40:440][  0]LogWindows:    0. 'Intel(R) UHD Graphics 620' (P:0 D:1)
[2023.09.24-21.45.40:441][  0]LogWindows:    1. 'Intel(R) UHD Graphics 620' (P:1 D:1)
[2023.09.24-21.45.40:441][  0]LogWindows:    2. 'Intel(R) UHD Graphics 620' (P:0 D:0)
[2023.09.24-21.45.40:442][  0]LogWindows: DebugString: PrimaryIsNotTheChoosenAdapter PrimaryIsNotTheChoosenAdapter PrimaryIsNotTheChoosenAdapter FoundDriverCount:0 
[2023.09.24-21.45.40:442][  0]LogD3D11RHI:     Adapter Name: Radeon (TM) 520
[2023.09.24-21.45.40:442][  0]LogD3D11RHI:   Driver Version: Unknown (internal:Unknown, unified:Unknown)
[2023.09.24-21.45.40:442][  0]LogD3D11RHI:      Driver Date: Unknown
[2023.09.24-21.45.40:442][  0]LogRHI: Texture pool is 1213 MB (70% of 1733 MB)
[2023.09.24-21.45.40:460][  0]LogD3D11RHI: Creating D3DDevice with AMD AGS, using adapter:
[2023.09.24-21.45.40:461][  0]LogD3D11RHI:     Description : Radeon (TM) 520
[2023.09.24-21.45.40:461][  0]LogD3D11RHI:     VendorId    : 1002
[2023.09.24-21.45.40:461][  0]LogD3D11RHI:     DeviceId    : 6665
[2023.09.24-21.45.40:461][  0]LogD3D11RHI:     SubSysId    : 83f1028
[2023.09.24-21.45.40:461][  0]LogD3D11RHI:     Revision    : 00c3
[2023.09.24-21.45.40:461][  0]LogD3D11RHI:     DedicatedVideoMemory : 2138300416 bytes
[2023.09.24-21.45.40:461][  0]LogD3D11RHI:     DedicatedSystemMemory : 0 bytes
[2023.09.24-21.45.40:461][  0]LogD3D11RHI:     SharedSystemMemory : 8459517952 bytes
[2023.09.24-21.45.40:461][  0]LogD3D11RHI:     AdapterLuid : 0 51420
[2023.09.24-21.45.40:553][  0]LogD3D11RHI: Created device via AGS, feature level 11_0, supported extensions 1fffffbf.
[2023.09.24-21.45.40:553][  0]LogD3D11RHI: RHI has support for 64 bit atomics
[2023.09.24-21.45.40:553][  0]LogD3D11RHI: Async texture creation enabled
[2023.09.24-21.45.40:553][  0]LogD3D11RHI: Array index from any shader is supported
[2023.09.24-21.45.40:574][  0]LogD3D11RHI: GPU Timing Frequency: 27.000000 (Debug: 2 1)
[2023.09.24-21.45.40:943][  0]LogTargetPlatformManager: Display: Loaded TargetPlatform 'AllDesktop'
[2023.09.24-21.45.40:972][  0]LogTargetPlatformManager: Display: Loaded TargetPlatform 'Android'
[2023.09.24-21.45.40:972][  0]LogTargetPlatformManager: Display: Loaded TargetPlatform 'Android_ASTC'
[2023.09.24-21.45.40:972][  0]LogTargetPlatformManager: Display: Loaded TargetPlatform 'Android_DXT'
[2023.09.24-21.45.40:972][  0]LogTargetPlatformManager: Display: Loaded TargetPlatform 'Android_ETC2'
[2023.09.24-21.45.40:972][  0]LogTargetPlatformManager: Display: Loaded TargetPlatform 'AndroidClient'
[2023.09.24-21.45.40:972][  0]LogTargetPlatformManager: Display: Loaded TargetPlatform 'Android_ASTCClient'
[2023.09.24-21.45.40:973][  0]LogTargetPlatformManager: Display: Loaded TargetPlatform 'Android_DXTClient'
[2023.09.24-21.45.40:973][  0]LogTargetPlatformManager: Display: Loaded TargetPlatform 'Android_ETC2Client'
[2023.09.24-21.45.40:973][  0]LogTargetPlatformManager: Display: Loaded TargetPlatform 'Android_Multi'
[2023.09.24-21.45.40:973][  0]LogTargetPlatformManager: Display: Loaded TargetPlatform 'Android_MultiClient'
[2023.09.24-21.45.41:000][  0]LogTargetPlatformManager: Display: Loaded TargetPlatform 'IOSClient'
[2023.09.24-21.45.41:000][  0]LogTargetPlatformManager: Display: Loaded TargetPlatform 'IOS'
[2023.09.24-21.45.41:013][  0]LogTargetPlatformManager: Display: Loaded TargetPlatform 'Linux'
[2023.09.24-21.45.41:021][  0]LogTargetPlatformManager: Display: Loaded TargetPlatform 'LinuxNoEditor'
[2023.09.24-21.45.41:028][  0]LogTargetPlatformManager: Display: Loaded TargetPlatform 'LinuxClient'
[2023.09.24-21.45.41:035][  0]LogTargetPlatformManager: Display: Loaded TargetPlatform 'LinuxServer'
[2023.09.24-21.45.41:048][  0]LogTargetPlatformManager: Display: Loaded TargetPlatform 'LinuxAArch64NoEditor'
[2023.09.24-21.45.41:056][  0]LogTargetPlatformManager: Display: Loaded TargetPlatform 'LinuxAArch64Client'
[2023.09.24-21.45.41:063][  0]LogTargetPlatformManager: Display: Loaded TargetPlatform 'LinuxAArch64Server'
[2023.09.24-21.45.41:092][  0]LogTargetPlatformManager: Display: Loaded TargetPlatform 'Lumin'
[2023.09.24-21.45.41:092][  0]LogTargetPlatformManager: Display: Loaded TargetPlatform 'LuminClient'
[2023.09.24-21.45.41:104][  0]LogTargetPlatformManager: Display: Loaded TargetPlatform 'MacNoEditor'
[2023.09.24-21.45.41:111][  0]LogTargetPlatformManager: Display: Loaded TargetPlatform 'Mac'
[2023.09.24-21.45.41:118][  0]LogTargetPlatformManager: Display: Loaded TargetPlatform 'MacClient'
[2023.09.24-21.45.41:124][  0]LogTargetPlatformManager: Display: Loaded TargetPlatform 'MacServer'
[2023.09.24-21.45.41:139][  0]LogTargetPlatformManager: Display: Loaded TargetPlatform 'TVOSClient'
[2023.09.24-21.45.41:139][  0]LogTargetPlatformManager: Display: Loaded TargetPlatform 'TVOS'
[2023.09.24-21.45.41:153][  0]LogTargetPlatformManager: Display: Loaded TargetPlatform 'WindowsNoEditor'
[2023.09.24-21.45.41:160][  0]LogTargetPlatformManager: Display: Loaded TargetPlatform 'Windows'
[2023.09.24-21.45.41:168][  0]LogTargetPlatformManager: Display: Loaded TargetPlatform 'WindowsClient'
[2023.09.24-21.45.41:175][  0]LogTargetPlatformManager: Display: Loaded TargetPlatform 'WindowsServer'
[2023.09.24-21.45.41:175][  0]LogTargetPlatformManager: Display: Building Assets For Windows
[2023.09.24-21.45.41:191][  0]LogAudioDebug: Display: Lib vorbis DLL was dynamically loaded.
[2023.09.24-21.45.41:250][  0]LogTextureFormatOodle: Display: Oodle Texture 2.9.0 init RDO Off
[2023.09.24-21.45.41:317][  0]LogRendererCore: Ray tracing is disabled. Reason: r.RayTracing=0.
[2023.09.24-21.45.41:318][  0]LogShaderCompilers: Guid format shader working directory is -16 characters bigger than the processId version (../../../../../../Unreal/Multiplayer_PingPong_Unreal/PingPong/Intermediate/Shaders/WorkingDirectory/16348/).
[2023.09.24-21.45.41:318][  0]LogShaderCompilers: Cleaned the shader compiler working directory 'C:/Users/Golem/AppData/Local/Temp/UnrealShaderWorkingDir/18016F3E43216AF70FDF1BB9790CA793/'.
[2023.09.24-21.45.41:318][  0]LogXGEController: Cannot use XGE Controller as Incredibuild is not installed on this machine.
[2023.09.24-21.45.41:318][  0]LogShaderCompilers: Cannot use XGE Shader Compiler as Incredibuild is not installed on this machine.
[2023.09.24-21.45.41:318][  0]LogShaderCompilers: Display: Using Local Shader Compiler.
[2023.09.24-21.45.42:202][  0]LogDerivedDataCache: Display: Max Cache Size: 512 MB
[2023.09.24-21.45.42:263][  0]LogDerivedDataCache: Loaded boot cache 0.06s 94MB C:/Users/Golem/AppData/Local/UnrealEngine/4.27/DerivedDataCache/Boot.ddc.
[2023.09.24-21.45.42:264][  0]LogDerivedDataCache: Display: Loaded Boot cache: C:/Users/Golem/AppData/Local/UnrealEngine/4.27/DerivedDataCache/Boot.ddc
[2023.09.24-21.45.42:264][  0]LogDerivedDataCache: FDerivedDataBackendGraph:  Pak pak cache file ../../../../../../Unreal/Multiplayer_PingPong_Unreal/PingPong/DerivedDataCache/DDC.ddp not found, will not use a pak cache.
[2023.09.24-21.45.42:264][  0]LogDerivedDataCache: Unable to find inner node Pak for hierarchical cache Hierarchy.
[2023.09.24-21.45.42:264][  0]LogDerivedDataCache: FDerivedDataBackendGraph:  CompressedPak pak cache file ../../../../../../Unreal/Multiplayer_PingPong_Unreal/PingPong/DerivedDataCache/Compressed.ddp not found, will not use a pak cache.
[2023.09.24-21.45.42:264][  0]LogDerivedDataCache: Unable to find inner node CompressedPak for hierarchical cache Hierarchy.
[2023.09.24-21.45.42:283][  0]LogDerivedDataCache: Display: Pak cache opened for reading ../../../Engine/DerivedDataCache/Compressed.ddp.
[2023.09.24-21.45.42:283][  0]LogDerivedDataCache: FDerivedDataBackendGraph:  EnterprisePak pak cache file ../../../Enterprise/DerivedDataCache/Compressed.ddp not found, will not use a pak cache.
[2023.09.24-21.45.42:284][  0]LogDerivedDataCache: Unable to find inner node EnterprisePak for hierarchical cache Hierarchy.
[2023.09.24-21.45.42:296][  0]LogDerivedDataCache: Speed tests for C:/Users/Golem/AppData/Local/UnrealEngine/Common/DerivedDataCache took 0.01 seconds
[2023.09.24-21.45.42:296][  0]LogDerivedDataCache: Display: Performance to C:/Users/Golem/AppData/Local/UnrealEngine/Common/DerivedDataCache: Latency=0.03ms. RandomReadSpeed=1384.49MBs, RandomWriteSpeed=85.16MBs. Assigned SpeedClass 'Local'
[2023.09.24-21.45.42:302][  0]LogDerivedDataCache: Using Local data cache path C:/Users/Golem/AppData/Local/UnrealEngine/Common/DerivedDataCache: Writable
[2023.09.24-21.45.42:302][  0]LogDerivedDataCache: Shared data cache path not found in *engine.ini, will not use an Shared cache.
[2023.09.24-21.45.42:303][  0]LogDerivedDataCache: Unable to find inner node Shared for hierarchical cache Hierarchy.
[2023.09.24-21.45.42:362][  0]LogSlate: Using FreeType 2.10.0
[2023.09.24-21.45.42:363][  0]LogSlate: SlateFontServices - WITH_FREETYPE: 1, WITH_HARFBUZZ: 1
[2023.09.24-21.45.42:392][  0]LogAssetRegistry: FAssetRegistry took 0.0050 seconds to start up
[2023.09.24-21.45.42:702][  0]LogInit: Selected Device Profile: [Windows]
[2023.09.24-21.45.42:702][  0]LogInit: Active device profile: [0000013AB57EC900][0000013AB2D88B80 49] Windows
[2023.09.24-21.45.42:702][  0]LogInit: Profiles: [0000013AB57EC900][0000013AB2D88B80 49] Windows, [0000013AB57A7800][0000013AA97C8D00 49] WindowsNoEditor, [0000013AB57EF500][0000013AA97CCE80 49] WindowsServer, [0000013AB57A4E00][0000013AA97D1000 49] WindowsClient, [0000013AB57EF800][0000013AA9B1D180 49] IOS, [0000013AB57A6800][0000013AA9B21300 49] iPadAir, [0000013AB57EE000][0000013AA9B25480 49] iPadAir2, [0000013AB5754A00][0000013AA9B2D740 49] IPadPro, [0000013AB5754B00][0000013AA9B29780 49] iPadAir3, [0000013AB57A5800][0000013AA9B31900 49] iPadAir4, [0000013AB5757400][0000013AA9B35A80 49] iPadMini2, [0000013AB57A6A00][0000013AA9B39C00 49] iPadMini3, [0000013AB5755700][0000013AA9B3C200 49] iPadMini4, [0000013AB57ED000][0000013AA9B40380 49] iPadMini5, [0000013AB5774300][0000013AA9B48640 49] iPhone6, [0000013AB5774400][0000013AA9B44680 49] iPodTouch6, [0000013AB5757600][0000013AA9B50940 49] iPhone7, [0000013AB5755800][0000013AA9B4C980 49] iPodTouch7, [0000013AB5777F00][0000013AB2D8CAC0 49] iPhone5S, [0000013AB57A6300][0000013AA9B54C00 49] iPhone6Plus, [0000013AB5754200][0000013AA9B58D40 49] iPhone6S, [0000013AB57A6200][0000013AA9B60EC0 49] iPhone6SPlus, [0000013AB5757C00][0000013AB4E5D040 49] iPhone7Plus, [0000013AB57A4100][0000013AB4E611C0 49] iPhoneSE, [0000013AB5757500][0000013AB4E65340 49] iPhone8, [0000013AB57A5E00][0000013AB4E694C0 49] iPhone8Plus, [0000013AB5755000][0000013AB4E6D640 49] iPhoneX, [0000013AB57A4A00][0000013AB4E717C0 49] iPhoneXS, [0000013AB5755200][0000013AB4E75940 49] iPhoneXSMax, [0000013AB57A5500][0000013AB4E79AC0 49] iPhoneXR, [0000013AB5757700][0000013AB4E7C0C0 49] iPhone11, [0000013AB57A4D00][0000013AB4E80240 49] iPhone11Pro, [0000013AB5757800][0000013AB4E843C0 49] iPhone11ProMax, [0000013AB57A4F00][0000013AB4E88540 49] iPhoneSE2, [0000013AB5756E00][0000013AB4E8C6C0 49] iPhone12Mini, [0000013AB57A7100][0000013AB4E90840 49] iPhone12, [0000013AB5756B00][0000013AB4E949C0 49] iPhone12Pro, [0000013AB57A4800][0000013AB4E9CB40 49] iPhone12ProMax, [0000013AB5756300][0000013AA9B5CC80 49] iPadPro105, [0000013AB57A6F00][0000013AB2A72DC0 49] iPadPro129, [0000013AB5756000][0000013AB2A76F00 49] iPadPro97, [0000013AB57A5300][0000013AB4FA1080 49] iPadPro2_129, [0000013AB5755A00][0000013AB4FAD200 49] iPad5, [0000013AB57A5A00][0000013AB4FC1380 49] iPad6, [0000013AB5756800][0000013AB2B05500 49] iPad7, [0000013AB57A4C00][0000013AB2B09680 49] iPad8, [0000013AB5757200][0000013AB2B0D800 49] iPadPro11, [0000013AB57A5600][0000013AB2B11980 49] iPadPro2_11, [0000013AB5755C00][0000013AB2B15B00 49] iPadPro3_129, [0000013AB57A7900][0000013AB2B18100 49] iPadPro4_129, [0000013AB5755500][0000013AB2B1C280 49] AppleTV, [0000013AB57A4300][0000013AB506E400 49] AppleTV4K, [0000013AB5754100][0000013AB5072580 49] TVOS, [0000013AB57A6400][0000013AB55AA700 49] Mac, [0000013AB5756100][0000013AB5076880 49] MacClient, [0000013AB57A7400][0000013AB507AA00 49] MacNoEditor, [0000013AB5755F00][0000013AB50BAB80 49] MacServer, [0000013AB57A4600][0000013AB5106D00 49] Linux, [0000013AB5756200][0000013AB4F9CE40 49] LinuxAArch64, [0000013AB57A7600][0000013AB510EF80 49] LinuxNoEditor, [0000013AB5755D00][0000013AB51130C0 49] LinuxAArch64NoEditor, [0000013AB57A5400][0000013AB511B240 49] LinuxClient, [0000013AB5757100][0000013AB51233C0 49] LinuxAArch64Client, [0000013AB57A5900][0000013AB5127540 49] LinuxServer, [0000013AB5757000][0000013AB512B6C0 49] LinuxAArch64Server, [0000013AB57A6600][0000013AB512F840 49] Android, [0000013AB5754700][0000013AB51339C0 49] Android_Low, [0000013AB57A5B00][0000013AB5137B40 49] Android_Mid, [0000013AB57EFA00][0000013AB513A140 49] Android_High, [0000013AB5775C00][0000013AB513E2C0 49] Android_Default, [0000013AB57EE100][0000013AB6936440 49] Android_Adreno4xx, [0000013AB5776700][0000013AB696A5C0 49] Android_Adreno5xx_Low, [0000013AB57ECB00][0000013AB697A740 49] Android_Adreno5xx, [0000013AB5776D00][0000013AB69928C0 49] Android_Adreno6xx, [0000013AB57ED200][0000013AB2CCAA40 49] Android_Adreno6xx_Vulkan, [0000013AB5776800][0000013AB2CCEBC0 49] Android_Mali_T6xx, [0000013AB57EF200][0000013AB2CD2D40 49] Android_Mali_T7xx, [0000013AB5776E00][0000013AB2CD6EC0 49] Android_Mali_T8xx, [0000013AB57EE500][0000013AB5117000 49] Android_Mali_G71, [0000013AB5777E00][0000013AB502B140 49] Android_Mali_G72, [0000013AB57EEA00][0000013AB502F280 49] Android_Mali_G72_Vulkan, [0000013AB5775B00][0000013AB50373C0 49] Android_Mali_G76, [0000013AB57EDB00][0000013AB503F540 49] Android_Mali_G76_Vulkan, [0000013AB5777D00][0000013AB69976C0 49] Android_Mali_G77, [0000013AB57EED00][0000013AB699B840 49] Android_Mali_G77_Vulkan, [0000013AB5777900][0000013AB699F9C0 49] Android_Mali_G78, [0000013AB57ECD00][0000013AB5033B40 49] Android_Mali_G78_Vulkan, [0000013AB5774500][0000013AB2CDA140 49] Android_Mali_G710, [0000013AB57EEB00][0000013AB69AE2C0 49] Android_Mali_G710_Vulkan, [0000013AB5777500][0000013AB69B2440 49] Android_Vulkan_SM5, [0000013AB57EF400][0000013AB69B65C0 49] Android_PowerVR_G6xxx, [0000013AB5776400][0000013AB69BA740 49] Android_PowerVR_GT7xxx, [0000013AB57EFC00][0000013AB50588C0 49] Android_PowerVR_GE8xxx, [0000013AB5776200][0000013AB505CA40 49] Android_PowerVR_GM9xxx, [0000013AB57EF000][0000013AB5060BC0 49] Android_PowerVR_GM9xxx_Vulkan, [0000013AB5775500][0000013AB5064D40 49] Android_TegraK1, [0000013AB57ED100][0000013AB5068EC0 49] Android_Unknown_Vulkan, [0000013AB57A7D00][0000013AB510B040 49] Lumin, [0000013AB57EE900][0000013AB503B180 49] Lumin_Desktop, [0000013AB57A7E00][0000013AB50C72C0 49] HoloLens, 
[2023.09.24-21.45.42:871][  0]LogMeshReduction: Using QuadricMeshReduction for automatic static mesh reduction
[2023.09.24-21.45.42:872][  0]LogMeshReduction: Using SimplygonMeshReduction for automatic skeletal mesh reduction
[2023.09.24-21.45.42:872][  0]LogMeshReduction: Using ProxyLODMeshReduction for automatic mesh merging
[2023.09.24-21.45.42:872][  0]LogMeshReduction: No distributed automatic mesh merging module available
[2023.09.24-21.45.42:872][  0]LogMeshMerging: No distributed automatic mesh merging module available
[2023.09.24-21.45.42:893][  0]LogNetVersion: PingPong 1.0.0, NetCL: 17155196, EngineNetVer: 17, GameNetVer: 0 (Checksum: 166094971)
[2023.09.24-21.45.43:367][  0]LogTexture: Default maximum texture size for cubemaps generated from long-lat sources has been changed from 512 to unlimited. In order to preserve old behaiour for '/Engine/MapTemplates/Sky/DaylightAmbientCubemap.DaylightAmbientCubemap', its maximum texture size has been explicitly set to 512.
[2023.09.24-21.45.43:433][  0]LogHMD: PokeAHoleMaterial loaded successfully
[2023.09.24-21.45.43:440][  0]LogUObjectArray: 17178 objects as part of root set at end of initial load.
[2023.09.24-21.45.43:440][  0]LogUObjectAllocator: 4302048 out of 0 bytes used by permanent object pool.
[2023.09.24-21.45.43:440][  0]LogUObjectArray: CloseDisregardForGC: 0/0 objects in disregard for GC pool
[2023.09.24-21.45.43:695][  0]LogNiagaraDebuggerClient: Niagara Debugger Client Initialized | Session: D984BE5A44D90470B8223BA5CC4F1D2E | Instance: 881BFB444C641AA25CD44792088A22E8 (DESKTOP-UQ10HGU-16348).
[2023.09.24-21.45.44:028][  0]LogTcpMessaging: Initializing TcpMessaging bridge
[2023.09.24-21.45.44:036][  0]LogUdpMessaging: Initializing bridge on interface 0.0.0.0:0 to multicast group 230.0.0.1:6666.
[2023.09.24-21.45.44:058][  0]LogPython: Using Python 3.7.7
[2023.09.24-21.45.45:284][  0]LogOpenImageDenoise: OIDN starting up
[2023.09.24-21.45.45:305][  0]LogAndroidPermission: UAndroidPermissionCallbackProxy::GetInstance
[2023.09.24-21.45.45:328][  0]LogAudioCaptureCore: Display: No Audio Capture implementations found. Audio input will be silent.
[2023.09.24-21.45.45:328][  0]LogAudioCaptureCore: Display: No Audio Capture implementations found. Audio input will be silent.
[2023.09.24-21.45.45:396][  0]SourceControl: Source control is disabled
[2023.09.24-21.45.45:396][  0]SourceControl: Source control is disabled
[2023.09.24-21.45.45:401][  0]SourceControl: Source control is disabled
[2023.09.24-21.45.45:407][  0]SourceControl: Source control is disabled
[2023.09.24-21.45.45:429][  0]SourceControl: Source control is disabled
[2023.09.24-21.45.45:501][  0]LogUProjectInfo: Found projects:
[2023.09.24-21.45.45:570][  0]LogCollectionManager: Loaded 0 collections in 0.002279 seconds
[2023.09.24-21.45.45:604][  0]LogFileCache: Scanning file cache for directory 'C:/Unreal/Multiplayer_PingPong_Unreal/PingPong/Saved/Collections/' took 0.00s
[2023.09.24-21.45.45:604][  0]LogFileCache: Scanning file cache for directory 'C:/Unreal/Multiplayer_PingPong_Unreal/PingPong/Content/Developers/Golem/Collections/' took 0.00s
[2023.09.24-21.45.45:605][  0]LogFileCache: Scanning file cache for directory 'C:/Unreal/Multiplayer_PingPong_Unreal/PingPong/Content/Collections/' took 0.00s
[2023.09.24-21.45.45:605][  0]LogOcInput: OculusInput pre-init called
[2023.09.24-21.45.45:940][  0]LogEngine: Initializing Engine...
[2023.09.24-21.45.45:945][  0]LogHMD: Failed to enumerate extensions. Please check that you have a valid OpenXR runtime installed.
[2023.09.24-21.45.45:945][  0]LogHMD: Failed to initialize OpenVR with code 110
[2023.09.24-21.45.45:945][  0]LogMagicLeap: Warning: VR disabled because ZI is not enabled.  To enable, in the editor, Edit -> Project Settings -> Plugins -> Magic Leap Plugin -> Enable Zero Iteration
[2023.09.24-21.45.45:946][  0]LogStats: UGameplayTagsManager::InitializeManager -  0.000 s
[2023.09.24-21.45.46:092][  0]LogInit: Initializing FReadOnlyCVARCache
[2023.09.24-21.45.46:104][  0]LogAIModule: Creating AISystem for world Untitled
[2023.09.24-21.45.46:128][  0]LogAudio: Display: Initializing Audio Device Manager...
[2023.09.24-21.45.46:134][  0]LogAudio: Display: Loading Default Audio Settings Objects...
[2023.09.24-21.45.46:134][  0]LogAudio: Display: No default SoundConcurrencyObject specified (or failed to load).
[2023.09.24-21.45.46:135][  0]LogAudio: Display: Audio Device Manager Initialized
[2023.09.24-21.45.46:135][  0]LogAudio: Display: Creating Audio Device:                 Id: 1, Scope: Shared, Realtime: True
[2023.09.24-21.45.46:135][  0]LogAudioMixer: Display: Audio Mixer Platform Settings:
[2023.09.24-21.45.46:135][  0]LogAudioMixer: Display: 	Sample Rate:						  48000
[2023.09.24-21.45.46:136][  0]LogAudioMixer: Display: 	Callback Buffer Frame Size Requested: 1024
[2023.09.24-21.45.46:136][  0]LogAudioMixer: Display: 	Callback Buffer Frame Size To Use:	  1024
[2023.09.24-21.45.46:136][  0]LogAudioMixer: Display: 	Number of buffers to queue:			  2
[2023.09.24-21.45.46:136][  0]LogAudioMixer: Display: 	Max Channels (voices):				  32
[2023.09.24-21.45.46:136][  0]LogAudioMixer: Display: 	Number of Async Source Workers:		  0
[2023.09.24-21.45.46:136][  0]LogAudio: Display: AudioDevice MaxSources: 32
[2023.09.24-21.45.46:137][  0]LogAudio: Display: Audio Spatialization Plugin: None (built-in).
[2023.09.24-21.45.46:137][  0]LogAudio: Display: Audio Reverb Plugin: None (built-in).
[2023.09.24-21.45.46:137][  0]LogAudio: Display: Audio Occlusion Plugin: None (built-in).
[2023.09.24-21.45.46:137][  0]LogAudioMixer: Display: Initializing audio mixer.
[2023.09.24-21.45.46:160][  0]LogAudioMixer: Display: 0: FrontLeft
[2023.09.24-21.45.46:160][  0]LogAudioMixer: Display: 1: FrontRight
[2023.09.24-21.45.46:191][  0]LogAudioMixer: Display: Using Audio Device Headphones (2- High Definition Audio Device)
[2023.09.24-21.45.46:194][  0]LogAudioMixer: Display: Initializing Sound Submixes...
[2023.09.24-21.45.46:197][  0]LogAudioMixer: Display: Creating Master Submix 'MasterSubmixDefault'
[2023.09.24-21.45.46:197][  0]LogAudioMixer: Display: Creating Master Submix 'MasterReverbSubmixDefault'
[2023.09.24-21.45.46:198][  0]LogAudioMixer: Display: Creating Master Submix 'MasterEQSubmixDefault'
[2023.09.24-21.45.46:199][  0]LogAudioMixer: FMixerPlatformXAudio2::StartAudioStream() called
[2023.09.24-21.45.46:199][  0]LogAudioMixer: Display: Output buffers initialized: Frames=1024, Channels=2, Samples=2048
[2023.09.24-21.45.46:201][  0]LogAudioMixer: Display: Starting AudioMixerPlatformInterface::RunInternal()
[2023.09.24-21.45.46:202][  0]LogAudioMixer: Display: FMixerPlatformXAudio2::SubmitBuffer() called for the first time
[2023.09.24-21.45.46:202][  0]LogInit: FAudioDevice initialized.
[2023.09.24-21.45.46:202][  0]LogAudio: Display: Audio Device (ID: 1) registered with world 'Untitled'.
[2023.09.24-21.45.46:202][  0]LogNetVersion: Set ProjectVersion to 1.0.0.0. Version Checksum will be recalculated on next use.
[2023.09.24-21.45.46:317][  0]LogDerivedDataCache: Saved boot cache 0.12s 94MB C:/Users/Golem/AppData/Local/UnrealEngine/4.27/DerivedDataCache/Boot.ddc.
[2023.09.24-21.45.46:318][  0]LogInit: Texture streaming: Enabled
[2023.09.24-21.45.46:346][  0]LogAnalytics: Display: [UEEditor.Rocket.Release] APIServer = https://datarouter.ol.epicgames.com/. AppVersion = 4.27.2-18319896+++UE4+Release-4.27
[2023.09.24-21.45.46:353][  0]LogEngineSessionManager: EngineSessionManager initialized
[2023.09.24-21.45.46:353][  0]LogEngineSessionManager: EngineSessionManager sent abnormal shutdown report. Type=Debugger, SessionId={354204DF-4F66-BA64-EEE2-24978329EB60}
[2023.09.24-21.45.46:353][  0]LogEditorSessionSummary: Verbose: Initializing EditorSessionSummaryWriter for editor session tracking
[2023.09.24-21.45.46:356][  0]LogEditorSessionSummary: EditorSessionSummaryWriter initialized
[2023.09.24-21.45.46:381][  0]LogInit: Transaction tracking system initialized
[2023.09.24-21.45.46:415][  0]BlueprintLog: New page: Editor Load
[2023.09.24-21.45.46:509][  0]LocalizationService: Localization service is disabled
[2023.09.24-21.45.46:544][  0]TimingProfiler: Initialize
[2023.09.24-21.45.46:544][  0]TimingProfiler: OnSessionChanged
[2023.09.24-21.45.46:544][  0]LoadingProfiler: Initialize
[2023.09.24-21.45.46:545][  0]LoadingProfiler: OnSessionChanged
[2023.09.24-21.45.46:545][  0]NetworkingProfiler: Initialize
[2023.09.24-21.45.46:545][  0]NetworkingProfiler: OnSessionChanged
[2023.09.24-21.45.46:545][  0]MemoryProfiler: Initialize
[2023.09.24-21.45.46:545][  0]MemoryProfiler: OnSessionChanged
[2023.09.24-21.45.46:750][  0]LogCook: Display: CookSettings for Memory: MemoryMaxUsedVirtual 0MiB, MemoryMaxUsedPhysical 16384MiB, MemoryMinFreeVirtual 0MiB, MemoryMinFreePhysical 1024MiB
[2023.09.24-21.45.46:750][  0]LogCook: Display: Mobile HDR setting 1
[2023.09.24-21.45.47:056][  0]LogFileCache: Scanning file cache for directory 'C:/Unreal/Multiplayer_PingPong_Unreal/PingPong/Content/' took 0.01s
[2023.09.24-21.45.47:349][  0]LogInit: Display: Engine is initialized. Leaving FEngineLoop::Init()
[2023.09.24-21.45.47:354][  0]SourceControl: Source control is disabled
[2023.09.24-21.45.47:354][  0]LogUnrealEdMisc: Loading editor; pre map load, took 11.652
[2023.09.24-21.45.47:354][  0]Cmd: MAP LOAD FILE="../../../../../../Unreal/Multiplayer_PingPong_Unreal/PingPong/Content/StarterContent/Maps/Minimal_Default.umap" TEMPLATE=0 SHOWPROGRESS=1 FEATURELEVEL=3
[2023.09.24-21.45.47:355][  0]LightingResults: New page: Lighting Build
[2023.09.24-21.45.47:357][  0]LogWorld: UWorld::CleanupWorld for Untitled, bSessionEnded=true, bCleanupResources=true
[2023.09.24-21.45.47:357][  0]LogSlate: InvalidateAllWidgets triggered.  All widgets were invalidated
[2023.09.24-21.45.47:357][  0]MapCheck: New page: Map Check
[2023.09.24-21.45.47:357][  0]LightingResults: New page: Lighting Build
[2023.09.24-21.45.47:365][  0]LogAudio: Display: Audio Device unregistered from world 'None'.
[2023.09.24-21.45.47:370][  0]LogUObjectHash: Compacting FUObjectHashTables data took   1.14ms
[2023.09.24-21.45.47:503][  0]LogAudio: Display: Audio Device (ID: 1) registered with world 'Minimal_Default'.
[2023.09.24-21.45.47:505][  0]LogAIModule: Creating AISystem for world Minimal_Default
[2023.09.24-21.45.47:511][  0]LogEditorServer: Finished looking for orphan Actors (0.000 secs)
[2023.09.24-21.45.47:531][  0]LogUObjectHash: Compacting FUObjectHashTables data took   1.10ms
[2023.09.24-21.45.47:532][  0]Cmd: MAP CHECKDEP NOCLEARLOG
[2023.09.24-21.45.47:532][  0]MapCheck: Map check complete: 0 Error(s), 0 Warning(s), took 0.198ms to complete.
[2023.09.24-21.45.47:532][  0]LogFileHelpers: Loading map 'Minimal_Default' took 0.178
[2023.09.24-21.45.47:536][  0]LogUnrealEdMisc: Total Editor Startup Time, took 11.833
[2023.09.24-21.45.47:675][  0]LogSlate: Updating window title bar state: overlay mode, drag disabled, window buttons hidden, title bar hidden
[2023.09.24-21.45.47:683][  0]LogSlate: Updating window title bar state: overlay mode, drag disabled, window buttons hidden, title bar hidden
[2023.09.24-21.45.47:691][  0]LogSlate: Updating window title bar state: overlay mode, drag disabled, window buttons hidden, title bar hidden
[2023.09.24-21.45.47:699][  0]LogSlate: Updating window title bar state: overlay mode, drag disabled, window buttons hidden, title bar hidden
[2023.09.24-21.45.47:716][  0]LogNativeClassHierarchy: Verbose: Native class hierarchy populated in 0.0116 seconds. Added 3828 classes and 930 folders.
[2023.09.24-21.45.47:719][  0]LogNativeClassHierarchy: Verbose: Native class hierarchy updated for 'WidgetCarousel' in 0.0003 seconds. Added 0 classes and 0 folders.
[2023.09.24-21.45.47:721][  0]LogPakFile: PakFile PrimaryIndexSize=187
[2023.09.24-21.45.47:721][  0]LogPakFile: PakFile PathHashIndexSize=101
[2023.09.24-21.45.47:721][  0]LogPakFile: PakFile FullDirectoryIndexSize=148
[2023.09.24-21.45.47:722][  0]LogShaderLibrary: Display: ShaderCodeLibraryPakFileMountedCallback: PakFile 'C:/Program Files/Epic Games/UE_4.27/FeaturePacks/FP_FirstPerson.upack' (chunk index -1, root 'root:/') mounted
[2023.09.24-21.45.47:722][  0]LogShaderLibrary: Display: ShaderCodeLibraryPakFileMountedCallback: pending pak file info (ChunkID:-1 Root:root:/ File:C:/Program Files/Epic Games/UE_4.27/FeaturePacks/FP_FirstPerson.upack)
[2023.09.24-21.45.47:722][  0]LogPakFile: OnPakFileMounted2Time == 0.000276
[2023.09.24-21.45.47:723][  0]LogPakFile: PakFile PrimaryIndexSize=189
[2023.09.24-21.45.47:723][  0]LogPakFile: PakFile PathHashIndexSize=101
[2023.09.24-21.45.47:723][  0]LogPakFile: PakFile FullDirectoryIndexSize=152
[2023.09.24-21.45.47:723][  0]LogShaderLibrary: Display: ShaderCodeLibraryPakFileMountedCallback: PakFile 'C:/Program Files/Epic Games/UE_4.27/FeaturePacks/FP_FirstPersonBP.upack' (chunk index -1, root 'root:/') mounted
[2023.09.24-21.45.47:723][  0]LogShaderLibrary: Display: ShaderCodeLibraryPakFileMountedCallback: pending pak file info (ChunkID:-1 Root:root:/ File:C:/Program Files/Epic Games/UE_4.27/FeaturePacks/FP_FirstPersonBP.upack)
[2023.09.24-21.45.47:724][  0]LogPakFile: OnPakFileMounted2Time == 0.000254
[2023.09.24-21.45.47:724][  0]LogPakFile: PakFile PrimaryIndexSize=191
[2023.09.24-21.45.47:725][  0]LogPakFile: PakFile PathHashIndexSize=101
[2023.09.24-21.45.47:725][  0]LogPakFile: PakFile FullDirectoryIndexSize=160
[2023.09.24-21.45.47:725][  0]LogShaderLibrary: Display: ShaderCodeLibraryPakFileMountedCallback: PakFile 'C:/Program Files/Epic Games/UE_4.27/FeaturePacks/MobileStarterContent.upack' (chunk index -1, root 'root:/') mounted
[2023.09.24-21.45.47:725][  0]LogShaderLibrary: Display: ShaderCodeLibraryPakFileMountedCallback: pending pak file info (ChunkID:-1 Root:root:/ File:C:/Program Files/Epic Games/UE_4.27/FeaturePacks/MobileStarterContent.upack)
[2023.09.24-21.45.47:725][  0]LogPakFile: OnPakFileMounted2Time == 0.000260
[2023.09.24-21.45.47:726][  0]LogPakFile: PakFile PrimaryIndexSize=185
[2023.09.24-21.45.47:726][  0]LogPakFile: PakFile PathHashIndexSize=101
[2023.09.24-21.45.47:726][  0]LogPakFile: PakFile FullDirectoryIndexSize=148
[2023.09.24-21.45.47:726][  0]LogShaderLibrary: Display: ShaderCodeLibraryPakFileMountedCallback: PakFile 'C:/Program Files/Epic Games/UE_4.27/FeaturePacks/StarterContent.upack' (chunk index -1, root 'root:/') mounted
[2023.09.24-21.45.47:726][  0]LogShaderLibrary: Display: ShaderCodeLibraryPakFileMountedCallback: pending pak file info (ChunkID:-1 Root:root:/ File:C:/Program Files/Epic Games/UE_4.27/FeaturePacks/StarterContent.upack)
[2023.09.24-21.45.47:726][  0]LogPakFile: OnPakFileMounted2Time == 0.000210
[2023.09.24-21.45.47:727][  0]LogPakFile: PakFile PrimaryIndexSize=190
[2023.09.24-21.45.47:727][  0]LogPakFile: PakFile PathHashIndexSize=101
[2023.09.24-21.45.47:727][  0]LogPakFile: PakFile FullDirectoryIndexSize=154
[2023.09.24-21.45.47:728][  0]LogShaderLibrary: Display: ShaderCodeLibraryPakFileMountedCallback: PakFile 'C:/Program Files/Epic Games/UE_4.27/FeaturePacks/TP_2DSideScroller.upack' (chunk index -1, root 'root:/') mounted
[2023.09.24-21.45.47:728][  0]LogShaderLibrary: Display: ShaderCodeLibraryPakFileMountedCallback: pending pak file info (ChunkID:-1 Root:root:/ File:C:/Program Files/Epic Games/UE_4.27/FeaturePacks/TP_2DSideScroller.upack)
[2023.09.24-21.45.47:728][  0]LogPakFile: OnPakFileMounted2Time == 0.000236
[2023.09.24-21.45.47:728][  0]LogPakFile: PakFile PrimaryIndexSize=192
[2023.09.24-21.45.47:729][  0]LogPakFile: PakFile PathHashIndexSize=101
[2023.09.24-21.45.47:729][  0]LogPakFile: PakFile FullDirectoryIndexSize=158
[2023.09.24-21.45.47:729][  0]LogShaderLibrary: Display: ShaderCodeLibraryPakFileMountedCallback: PakFile 'C:/Program Files/Epic Games/UE_4.27/FeaturePacks/TP_2DSideScrollerBP.upack' (chunk index -1, root 'root:/') mounted
[2023.09.24-21.45.47:729][  0]LogShaderLibrary: Display: ShaderCodeLibraryPakFileMountedCallback: pending pak file info (ChunkID:-1 Root:root:/ File:C:/Program Files/Epic Games/UE_4.27/FeaturePacks/TP_2DSideScrollerBP.upack)
[2023.09.24-21.45.47:729][  0]LogPakFile: OnPakFileMounted2Time == 0.000183
[2023.09.24-21.45.47:730][  0]LogPakFile: PakFile PrimaryIndexSize=182
[2023.09.24-21.45.47:730][  0]LogPakFile: PakFile PathHashIndexSize=101
[2023.09.24-21.45.47:730][  0]LogPakFile: PakFile FullDirectoryIndexSize=138
[2023.09.24-21.45.47:730][  0]LogShaderLibrary: Display: ShaderCodeLibraryPakFileMountedCallback: PakFile 'C:/Program Files/Epic Games/UE_4.27/FeaturePacks/TP_Flying.upack' (chunk index -1, root 'root:/') mounted
[2023.09.24-21.45.47:730][  0]LogShaderLibrary: Display: ShaderCodeLibraryPakFileMountedCallback: pending pak file info (ChunkID:-1 Root:root:/ File:C:/Program Files/Epic Games/UE_4.27/FeaturePacks/TP_Flying.upack)
[2023.09.24-21.45.47:730][  0]LogPakFile: OnPakFileMounted2Time == 0.000199
[2023.09.24-21.45.47:731][  0]LogPakFile: PakFile PrimaryIndexSize=184
[2023.09.24-21.45.47:731][  0]LogPakFile: PakFile PathHashIndexSize=101
[2023.09.24-21.45.47:731][  0]LogPakFile: PakFile FullDirectoryIndexSize=142
[2023.09.24-21.45.47:731][  0]LogShaderLibrary: Display: ShaderCodeLibraryPakFileMountedCallback: PakFile 'C:/Program Files/Epic Games/UE_4.27/FeaturePacks/TP_FlyingBP.upack' (chunk index -1, root 'root:/') mounted
[2023.09.24-21.45.47:731][  0]LogShaderLibrary: Display: ShaderCodeLibraryPakFileMountedCallback: pending pak file info (ChunkID:-1 Root:root:/ File:C:/Program Files/Epic Games/UE_4.27/FeaturePacks/TP_FlyingBP.upack)
[2023.09.24-21.45.47:732][  0]LogPakFile: OnPakFileMounted2Time == 0.000253
[2023.09.24-21.45.47:732][  0]LogPakFile: PakFile PrimaryIndexSize=188
[2023.09.24-21.45.47:732][  0]LogPakFile: PakFile PathHashIndexSize=101
[2023.09.24-21.45.47:733][  0]LogPakFile: PakFile FullDirectoryIndexSize=150
[2023.09.24-21.45.47:733][  0]LogShaderLibrary: Display: ShaderCodeLibraryPakFileMountedCallback: PakFile 'C:/Program Files/Epic Games/UE_4.27/FeaturePacks/TP_HandheldARBP.upack' (chunk index -1, root 'root:/') mounted
[2023.09.24-21.45.47:733][  0]LogShaderLibrary: Display: ShaderCodeLibraryPakFileMountedCallback: pending pak file info (ChunkID:-1 Root:root:/ File:C:/Program Files/Epic Games/UE_4.27/FeaturePacks/TP_HandheldARBP.upack)
[2023.09.24-21.45.47:733][  0]LogPakFile: OnPakFileMounted2Time == 0.000206
[2023.09.24-21.45.47:734][  0]LogPakFile: PakFile PrimaryIndexSize=182
[2023.09.24-21.45.47:734][  0]LogPakFile: PakFile PathHashIndexSize=101
[2023.09.24-21.45.47:734][  0]LogPakFile: PakFile FullDirectoryIndexSize=138
[2023.09.24-21.45.47:734][  0]LogShaderLibrary: Display: ShaderCodeLibraryPakFileMountedCallback: PakFile 'C:/Program Files/Epic Games/UE_4.27/FeaturePacks/TP_Puzzle.upack' (chunk index -1, root 'root:/') mounted
[2023.09.24-21.45.47:734][  0]LogShaderLibrary: Display: ShaderCodeLibraryPakFileMountedCallback: pending pak file info (ChunkID:-1 Root:root:/ File:C:/Program Files/Epic Games/UE_4.27/FeaturePacks/TP_Puzzle.upack)
[2023.09.24-21.45.47:734][  0]LogPakFile: OnPakFileMounted2Time == 0.000187
[2023.09.24-21.45.47:735][  0]LogPakFile: PakFile PrimaryIndexSize=184
[2023.09.24-21.45.47:735][  0]LogPakFile: PakFile PathHashIndexSize=101
[2023.09.24-21.45.47:735][  0]LogPakFile: PakFile FullDirectoryIndexSize=142
[2023.09.24-21.45.47:735][  0]LogShaderLibrary: Display: ShaderCodeLibraryPakFileMountedCallback: PakFile 'C:/Program Files/Epic Games/UE_4.27/FeaturePacks/TP_PuzzleBP.upack' (chunk index -1, root 'root:/') mounted
[2023.09.24-21.45.47:736][  0]LogShaderLibrary: Display: ShaderCodeLibraryPakFileMountedCallback: pending pak file info (ChunkID:-1 Root:root:/ File:C:/Program Files/Epic Games/UE_4.27/FeaturePacks/TP_PuzzleBP.upack)
[2023.09.24-21.45.47:736][  0]LogPakFile: OnPakFileMounted2Time == 0.000185
[2023.09.24-21.45.47:736][  0]LogPakFile: PakFile PrimaryIndexSize=183
[2023.09.24-21.45.47:737][  0]LogPakFile: PakFile PathHashIndexSize=101
[2023.09.24-21.45.47:737][  0]LogPakFile: PakFile FullDirectoryIndexSize=140
[2023.09.24-21.45.47:737][  0]LogShaderLibrary: Display: ShaderCodeLibraryPakFileMountedCallback: PakFile 'C:/Program Files/Epic Games/UE_4.27/FeaturePacks/TP_Rolling.upack' (chunk index -1, root 'root:/') mounted
[2023.09.24-21.45.47:737][  0]LogShaderLibrary: Display: ShaderCodeLibraryPakFileMountedCallback: pending pak file info (ChunkID:-1 Root:root:/ File:C:/Program Files/Epic Games/UE_4.27/FeaturePacks/TP_Rolling.upack)
[2023.09.24-21.45.47:737][  0]LogPakFile: OnPakFileMounted2Time == 0.000238
[2023.09.24-21.45.47:738][  0]LogPakFile: PakFile PrimaryIndexSize=185
[2023.09.24-21.45.47:738][  0]LogPakFile: PakFile PathHashIndexSize=101
[2023.09.24-21.45.47:738][  0]LogPakFile: PakFile FullDirectoryIndexSize=144
[2023.09.24-21.45.47:738][  0]LogShaderLibrary: Display: ShaderCodeLibraryPakFileMountedCallback: PakFile 'C:/Program Files/Epic Games/UE_4.27/FeaturePacks/TP_RollingBP.upack' (chunk index -1, root 'root:/') mounted
[2023.09.24-21.45.47:738][  0]LogShaderLibrary: Display: ShaderCodeLibraryPakFileMountedCallback: pending pak file info (ChunkID:-1 Root:root:/ File:C:/Program Files/Epic Games/UE_4.27/FeaturePacks/TP_RollingBP.upack)
[2023.09.24-21.45.47:739][  0]LogPakFile: OnPakFileMounted2Time == 0.000279
[2023.09.24-21.45.47:740][  0]LogPakFile: PakFile PrimaryIndexSize=188
[2023.09.24-21.45.47:740][  0]LogPakFile: PakFile PathHashIndexSize=101
[2023.09.24-21.45.47:740][  0]LogPakFile: PakFile FullDirectoryIndexSize=150
[2023.09.24-21.45.47:740][  0]LogShaderLibrary: Display: ShaderCodeLibraryPakFileMountedCallback: PakFile 'C:/Program Files/Epic Games/UE_4.27/FeaturePacks/TP_SideScroller.upack' (chunk index -1, root 'root:/') mounted
[2023.09.24-21.45.47:740][  0]LogShaderLibrary: Display: ShaderCodeLibraryPakFileMountedCallback: pending pak file info (ChunkID:-1 Root:root:/ File:C:/Program Files/Epic Games/UE_4.27/FeaturePacks/TP_SideScroller.upack)
[2023.09.24-21.45.47:740][  0]LogPakFile: OnPakFileMounted2Time == 0.000239
[2023.09.24-21.45.47:741][  0]LogPakFile: PakFile PrimaryIndexSize=190
[2023.09.24-21.45.47:742][  0]LogPakFile: PakFile PathHashIndexSize=101
[2023.09.24-21.45.47:742][  0]LogPakFile: PakFile FullDirectoryIndexSize=154
[2023.09.24-21.45.47:742][  0]LogShaderLibrary: Display: ShaderCodeLibraryPakFileMountedCallback: PakFile 'C:/Program Files/Epic Games/UE_4.27/FeaturePacks/TP_SideScrollerBP.upack' (chunk index -1, root 'root:/') mounted
[2023.09.24-21.45.47:742][  0]LogShaderLibrary: Display: ShaderCodeLibraryPakFileMountedCallback: pending pak file info (ChunkID:-1 Root:root:/ File:C:/Program Files/Epic Games/UE_4.27/FeaturePacks/TP_SideScrollerBP.upack)
[2023.09.24-21.45.47:742][  0]LogPakFile: OnPakFileMounted2Time == 0.000255
[2023.09.24-21.45.47:743][  0]LogPakFile: PakFile PrimaryIndexSize=187
[2023.09.24-21.45.47:744][  0]LogPakFile: PakFile PathHashIndexSize=101
[2023.09.24-21.45.47:744][  0]LogPakFile: PakFile FullDirectoryIndexSize=148
[2023.09.24-21.45.47:744][  0]LogShaderLibrary: Display: ShaderCodeLibraryPakFileMountedCallback: PakFile 'C:/Program Files/Epic Games/UE_4.27/FeaturePacks/TP_ThirdPerson.upack' (chunk index -1, root 'root:/') mounted
[2023.09.24-21.45.47:744][  0]LogShaderLibrary: Display: ShaderCodeLibraryPakFileMountedCallback: pending pak file info (ChunkID:-1 Root:root:/ File:C:/Program Files/Epic Games/UE_4.27/FeaturePacks/TP_ThirdPerson.upack)
[2023.09.24-21.45.47:744][  0]LogPakFile: OnPakFileMounted2Time == 0.000216
[2023.09.24-21.45.47:745][  0]LogPakFile: PakFile PrimaryIndexSize=189
[2023.09.24-21.45.47:745][  0]LogPakFile: PakFile PathHashIndexSize=101
[2023.09.24-21.45.47:745][  0]LogPakFile: PakFile FullDirectoryIndexSize=152
[2023.09.24-21.45.47:746][  0]LogShaderLibrary: Display: ShaderCodeLibraryPakFileMountedCallback: PakFile 'C:/Program Files/Epic Games/UE_4.27/FeaturePacks/TP_ThirdPersonBP.upack' (chunk index -1, root 'root:/') mounted
[2023.09.24-21.45.47:746][  0]LogShaderLibrary: Display: ShaderCodeLibraryPakFileMountedCallback: pending pak file info (ChunkID:-1 Root:root:/ File:C:/Program Files/Epic Games/UE_4.27/FeaturePacks/TP_ThirdPersonBP.upack)
[2023.09.24-21.45.47:746][  0]LogPakFile: OnPakFileMounted2Time == 0.000199
[2023.09.24-21.45.47:747][  0]LogPakFile: PakFile PrimaryIndexSize=183
[2023.09.24-21.45.47:747][  0]LogPakFile: PakFile PathHashIndexSize=101
[2023.09.24-21.45.47:747][  0]LogPakFile: PakFile FullDirectoryIndexSize=140
[2023.09.24-21.45.47:747][  0]LogShaderLibrary: Display: ShaderCodeLibraryPakFileMountedCallback: PakFile 'C:/Program Files/Epic Games/UE_4.27/FeaturePacks/TP_TopDown.upack' (chunk index -1, root 'root:/') mounted
[2023.09.24-21.45.47:747][  0]LogShaderLibrary: Display: ShaderCodeLibraryPakFileMountedCallback: pending pak file info (ChunkID:-1 Root:root:/ File:C:/Program Files/Epic Games/UE_4.27/FeaturePacks/TP_TopDown.upack)
[2023.09.24-21.45.47:747][  0]LogPakFile: OnPakFileMounted2Time == 0.000190
[2023.09.24-21.45.47:748][  0]LogPakFile: PakFile PrimaryIndexSize=185
[2023.09.24-21.45.47:748][  0]LogPakFile: PakFile PathHashIndexSize=101
[2023.09.24-21.45.47:748][  0]LogPakFile: PakFile FullDirectoryIndexSize=144
[2023.09.24-21.45.47:748][  0]LogShaderLibrary: Display: ShaderCodeLibraryPakFileMountedCallback: PakFile 'C:/Program Files/Epic Games/UE_4.27/FeaturePacks/TP_TopDownBP.upack' (chunk index -1, root 'root:/') mounted
[2023.09.24-21.45.47:748][  0]LogShaderLibrary: Display: ShaderCodeLibraryPakFileMountedCallback: pending pak file info (ChunkID:-1 Root:root:/ File:C:/Program Files/Epic Games/UE_4.27/FeaturePacks/TP_TopDownBP.upack)
[2023.09.24-21.45.47:749][  0]LogPakFile: OnPakFileMounted2Time == 0.000247
[2023.09.24-21.45.47:749][  0]LogPakFile: PakFile PrimaryIndexSize=185
[2023.09.24-21.45.47:749][  0]LogPakFile: PakFile PathHashIndexSize=101
[2023.09.24-21.45.47:749][  0]LogPakFile: PakFile FullDirectoryIndexSize=144
[2023.09.24-21.45.47:750][  0]LogShaderLibrary: Display: ShaderCodeLibraryPakFileMountedCallback: PakFile 'C:/Program Files/Epic Games/UE_4.27/FeaturePacks/TP_TwinStick.upack' (chunk index -1, root 'root:/') mounted
[2023.09.24-21.45.47:750][  0]LogShaderLibrary: Display: ShaderCodeLibraryPakFileMountedCallback: pending pak file info (ChunkID:-1 Root:root:/ File:C:/Program Files/Epic Games/UE_4.27/FeaturePacks/TP_TwinStick.upack)
[2023.09.24-21.45.47:750][  0]LogPakFile: OnPakFileMounted2Time == 0.000223
[2023.09.24-21.45.47:750][  0]LogPakFile: PakFile PrimaryIndexSize=187
[2023.09.24-21.45.47:751][  0]LogPakFile: PakFile PathHashIndexSize=101
[2023.09.24-21.45.47:751][  0]LogPakFile: PakFile FullDirectoryIndexSize=148
[2023.09.24-21.45.47:751][  0]LogShaderLibrary: Display: ShaderCodeLibraryPakFileMountedCallback: PakFile 'C:/Program Files/Epic Games/UE_4.27/FeaturePacks/TP_TwinStickBP.upack' (chunk index -1, root 'root:/') mounted
[2023.09.24-21.45.47:751][  0]LogShaderLibrary: Display: ShaderCodeLibraryPakFileMountedCallback: pending pak file info (ChunkID:-1 Root:root:/ File:C:/Program Files/Epic Games/UE_4.27/FeaturePacks/TP_TwinStickBP.upack)
[2023.09.24-21.45.47:751][  0]LogPakFile: OnPakFileMounted2Time == 0.000171
[2023.09.24-21.45.47:752][  0]LogPakFile: PakFile PrimaryIndexSize=183
[2023.09.24-21.45.47:752][  0]LogPakFile: PakFile PathHashIndexSize=101
[2023.09.24-21.45.47:752][  0]LogPakFile: PakFile FullDirectoryIndexSize=140
[2023.09.24-21.45.47:752][  0]LogShaderLibrary: Display: ShaderCodeLibraryPakFileMountedCallback: PakFile 'C:/Program Files/Epic Games/UE_4.27/FeaturePacks/TP_Vehicle.upack' (chunk index -1, root 'root:/') mounted
[2023.09.24-21.45.47:752][  0]LogShaderLibrary: Display: ShaderCodeLibraryPakFileMountedCallback: pending pak file info (ChunkID:-1 Root:root:/ File:C:/Program Files/Epic Games/UE_4.27/FeaturePacks/TP_Vehicle.upack)
[2023.09.24-21.45.47:752][  0]LogPakFile: OnPakFileMounted2Time == 0.000205
[2023.09.24-21.45.47:753][  0]LogPakFile: PakFile PrimaryIndexSize=186
[2023.09.24-21.45.47:753][  0]LogPakFile: PakFile PathHashIndexSize=101
[2023.09.24-21.45.47:753][  0]LogPakFile: PakFile FullDirectoryIndexSize=146
[2023.09.24-21.45.47:754][  0]LogShaderLibrary: Display: ShaderCodeLibraryPakFileMountedCallback: PakFile 'C:/Program Files/Epic Games/UE_4.27/FeaturePacks/TP_VehicleAdv.upack' (chunk index -1, root 'root:/') mounted
[2023.09.24-21.45.47:754][  0]LogShaderLibrary: Display: ShaderCodeLibraryPakFileMountedCallback: pending pak file info (ChunkID:-1 Root:root:/ File:C:/Program Files/Epic Games/UE_4.27/FeaturePacks/TP_VehicleAdv.upack)
[2023.09.24-21.45.47:754][  0]LogPakFile: OnPakFileMounted2Time == 0.000433
[2023.09.24-21.45.47:755][  0]LogPakFile: PakFile PrimaryIndexSize=188
[2023.09.24-21.45.47:755][  0]LogPakFile: PakFile PathHashIndexSize=101
[2023.09.24-21.45.47:756][  0]LogPakFile: PakFile FullDirectoryIndexSize=150
[2023.09.24-21.45.47:756][  0]LogShaderLibrary: Display: ShaderCodeLibraryPakFileMountedCallback: PakFile 'C:/Program Files/Epic Games/UE_4.27/FeaturePacks/TP_VehicleAdvBP.upack' (chunk index -1, root 'root:/') mounted
[2023.09.24-21.45.47:756][  0]LogShaderLibrary: Display: ShaderCodeLibraryPakFileMountedCallback: pending pak file info (ChunkID:-1 Root:root:/ File:C:/Program Files/Epic Games/UE_4.27/FeaturePacks/TP_VehicleAdvBP.upack)
[2023.09.24-21.45.47:756][  0]LogPakFile: OnPakFileMounted2Time == 0.000191
[2023.09.24-21.45.47:757][  0]LogPakFile: PakFile PrimaryIndexSize=185
[2023.09.24-21.45.47:757][  0]LogPakFile: PakFile PathHashIndexSize=101
[2023.09.24-21.45.47:757][  0]LogPakFile: PakFile FullDirectoryIndexSize=144
[2023.09.24-21.45.47:757][  0]LogShaderLibrary: Display: ShaderCodeLibraryPakFileMountedCallback: PakFile 'C:/Program Files/Epic Games/UE_4.27/FeaturePacks/TP_VehicleBP.upack' (chunk index -1, root 'root:/') mounted
[2023.09.24-21.45.47:757][  0]LogShaderLibrary: Display: ShaderCodeLibraryPakFileMountedCallback: pending pak file info (ChunkID:-1 Root:root:/ File:C:/Program Files/Epic Games/UE_4.27/FeaturePacks/TP_VehicleBP.upack)
[2023.09.24-21.45.47:757][  0]LogPakFile: OnPakFileMounted2Time == 0.000191
[2023.09.24-21.45.47:758][  0]LogPakFile: PakFile PrimaryIndexSize=192
[2023.09.24-21.45.47:758][  0]LogPakFile: PakFile PathHashIndexSize=101
[2023.09.24-21.45.47:758][  0]LogPakFile: PakFile FullDirectoryIndexSize=158
[2023.09.24-21.45.47:758][  0]LogShaderLibrary: Display: ShaderCodeLibraryPakFileMountedCallback: PakFile 'C:/Program Files/Epic Games/UE_4.27/FeaturePacks/TP_VirtualRealityBP.upack' (chunk index -1, root 'root:/') mounted
[2023.09.24-21.45.47:758][  0]LogShaderLibrary: Display: ShaderCodeLibraryPakFileMountedCallback: pending pak file info (ChunkID:-1 Root:root:/ File:C:/Program Files/Epic Games/UE_4.27/FeaturePacks/TP_VirtualRealityBP.upack)
[2023.09.24-21.45.47:759][  0]LogPakFile: OnPakFileMounted2Time == 0.000196
[2023.09.24-21.45.47:819][  0]LogNativeClassHierarchy: Verbose: Native class hierarchy updated for 'AddContentDialog' in 0.0003 seconds. Added 0 classes and 0 folders.
[2023.09.24-21.45.47:825][  0]LogNativeClassHierarchy: Verbose: Native class hierarchy updated for 'SceneOutliner' in 0.0003 seconds. Added 2 classes and 0 folders.
[2023.09.24-21.45.47:969][  0]LogSlate: Took 0.000177 seconds to synchronously load lazily loaded font '../../../Engine/Content/Slate/Fonts/Roboto-Regular.ttf' (155K)
[2023.09.24-21.45.47:970][  0]LogSlate: Took 0.000157 seconds to synchronously load lazily loaded font '../../../Engine/Content/Editor/Slate/Fonts/FontAwesome.ttf' (139K)
[2023.09.24-21.45.47:972][  0]LogSlate: Took 0.000143 seconds to synchronously load lazily loaded font '../../../Engine/Content/Slate/Fonts/Roboto-Bold.ttf' (160K)
[2023.09.24-21.45.48:099][  0]LogRenderer: Reallocating scene render targets to support 1216x572 Format 10 NumSamples 1 (Frame:1).
[2023.09.24-21.45.48:160][  0]LogSlate: Took 0.000528 seconds to synchronously load lazily loaded font '../../../Engine/Content/Slate/Fonts/Roboto-Light.ttf' (167K)
[2023.09.24-21.45.48:262][  0]LogNativeClassHierarchy: Verbose: Native class hierarchy updated for 'HierarchicalLODOutliner' in 0.0003 seconds. Added 0 classes and 0 folders.
[2023.09.24-21.45.48:262][  0]LogLoad: (Engine Initialization) Total time: 12.56 seconds
[2023.09.24-21.45.48:262][  0]LogLoad: (Engine Initialization) Total Blueprint compile time: 0.00 seconds
[2023.09.24-21.45.48:348][  0]LogAssetRegistry: Asset discovery search completed in 5.9590 seconds
[2023.09.24-21.45.48:356][  0]LogCollectionManager: Fixed up redirectors for 0 collections in 0.000005 seconds (updated 0 objects)
[2023.09.24-21.45.48:359][  0]LogContentStreaming: Texture pool size now 1000 MB
[2023.09.24-21.46.03:212][594]LogTemp: Repeating last play command: Selected Viewport
[2023.09.24-21.46.03:218][594]LogPlayLevel: PlayLevel: No blueprints needed recompiling
[2023.09.24-21.46.03:219][594]PIE: New page: PIE session: Minimal_Default (Sep 25, 2023, 1:46:03 AM)
[2023.09.24-21.46.03:223][594]LogOnline: OSS: Creating online subsystem instance for: NULL
[2023.09.24-21.46.03:227][594]LogOnline: OSS: TryLoadSubsystemAndSetDefault: Loaded subsystem for module [NULL]
[2023.09.24-21.46.03:227][594]LogPlayLevel: Creating play world package: /Game/StarterContent/Maps/UEDPIE_0_Minimal_Default
[2023.09.24-21.46.03:230][594]LogPlayLevel: PIE: StaticDuplicateObject took: (0.003607s)
[2023.09.24-21.46.03:232][594]LogAIModule: Creating AISystem for world Minimal_Default
[2023.09.24-21.46.03:232][594]LogPlayLevel: PIE: World Init took: (0.001619s)
[2023.09.24-21.46.03:232][594]LogPlayLevel: PIE: Created PIE world by copying editor world from /Game/StarterContent/Maps/Minimal_Default.Minimal_Default to /Game/StarterContent/Maps/UEDPIE_0_Minimal_Default.Minimal_Default (0.005668s)
[2023.09.24-21.46.03:241][594]LogUObjectHash: Compacting FUObjectHashTables data took   0.78ms
[2023.09.24-21.46.03:242][594]LogAudio: Display: Creating Audio Device:                 Id: 2, Scope: Unique, Realtime: True
[2023.09.24-21.46.03:242][594]LogAudioMixer: Display: Audio Mixer Platform Settings:
[2023.09.24-21.46.03:242][594]LogAudioMixer: Display: 	Sample Rate:						  48000
[2023.09.24-21.46.03:242][594]LogAudioMixer: Display: 	Callback Buffer Frame Size Requested: 1024
[2023.09.24-21.46.03:242][594]LogAudioMixer: Display: 	Callback Buffer Frame Size To Use:	  1024
[2023.09.24-21.46.03:242][594]LogAudioMixer: Display: 	Number of buffers to queue:			  2
[2023.09.24-21.46.03:243][594]LogAudioMixer: Display: 	Max Channels (voices):				  32
[2023.09.24-21.46.03:243][594]LogAudioMixer: Display: 	Number of Async Source Workers:		  0
[2023.09.24-21.46.03:243][594]LogAudio: Display: AudioDevice MaxSources: 32
[2023.09.24-21.46.03:243][594]LogAudio: Display: Audio Spatialization Plugin: None (built-in).
[2023.09.24-21.46.03:244][594]LogAudio: Display: Audio Reverb Plugin: None (built-in).
[2023.09.24-21.46.03:244][594]LogAudio: Display: Audio Occlusion Plugin: None (built-in).
[2023.09.24-21.46.03:244][594]LogAudioMixer: Display: Initializing audio mixer.
[2023.09.24-21.46.03:246][594]LogAudioMixer: Display: 0: FrontLeft
[2023.09.24-21.46.03:246][594]LogAudioMixer: Display: 1: FrontRight
[2023.09.24-21.46.03:258][594]LogAudioMixer: Display: Using Audio Device Headphones (2- High Definition Audio Device)
[2023.09.24-21.46.03:258][594]LogAudioMixer: Display: Initializing Sound Submixes...
[2023.09.24-21.46.03:258][594]LogAudioMixer: Display: Creating Master Submix 'MasterSubmixDefault'
[2023.09.24-21.46.03:259][594]LogAudioMixer: Display: Creating Master Submix 'MasterReverbSubmixDefault'
[2023.09.24-21.46.03:259][594]LogAudioMixer: Display: Creating Master Submix 'MasterEQSubmixDefault'
[2023.09.24-21.46.03:259][594]LogAudioMixer: FMixerPlatformXAudio2::StartAudioStream() called
[2023.09.24-21.46.03:259][594]LogAudioMixer: Display: Output buffers initialized: Frames=1024, Channels=2, Samples=2048
[2023.09.24-21.46.03:262][594]LogAudioMixer: Display: Starting AudioMixerPlatformInterface::RunInternal()
[2023.09.24-21.46.03:262][594]LogAudioMixer: Display: FMixerPlatformXAudio2::SubmitBuffer() called for the first time
[2023.09.24-21.46.03:262][594]LogInit: FAudioDevice initialized.
[2023.09.24-21.46.03:262][594]LogAudio: Display: Audio Device (ID: 2) registered with world 'Minimal_Default'.
[2023.09.24-21.46.03:277][594]LogLoad: Game class is 'BP_PingPongGameModeBase_C'
[2023.09.24-21.46.03:279][594]LogWorld: Bringing World /Game/StarterContent/Maps/UEDPIE_0_Minimal_Default.Minimal_Default up for play (max tick rate 60) at 2023.09.24-23.46.03
[2023.09.24-21.46.03:279][594]LogWorld: Bringing up level for play took: 0.001120
[2023.09.24-21.46.03:280][594]LogOnline: OSS: Creating online subsystem instance for: :Context_3
[2023.09.24-21.46.03:284][594]LogNativeClassHierarchy: Verbose: Native class hierarchy updated for 'MovieSceneCapture' in 0.0004 seconds. Added 20 classes and 0 folders.
[2023.09.24-21.46.03:285][594]LogTemp: Warning: Begin
[2023.09.24-21.46.03:286][594]LogNet: ReplicationDriverClass is null! Not using ReplicationDriver.
[2023.09.24-21.46.03:286][594]LogNetCore: DDoS detection status: detection enabled: 0 analytics enabled: 0
[2023.09.24-21.46.03:286][594]LogInit: WinSock: Socket queue. Rx: 131072 (config 131072) Tx: 131072 (config 131072)
[2023.09.24-21.46.03:286][594]LogNet: Created socket for bind address: 0.0.0.0 on port 17777
[2023.09.24-21.46.03:287][594]PacketHandlerLog: Loaded PacketHandler component: Engine.EngineHandlerComponentFactory (StatelessConnectHandlerComponent)
[2023.09.24-21.46.03:287][594]LogNet: GameNetDriver IpNetDriver_0 IpNetDriver listening on port 17777
[2023.09.24-21.46.03:287][594]PIE: Server logged in
[2023.09.24-21.46.03:288][594]PIE: Play in editor total start time 0.071 seconds.
[2023.09.24-21.46.03:290][594]LogAudio: Display: Creating Audio Device:                 Id: 3, Scope: Unique, Realtime: True
[2023.09.24-21.46.03:290][594]LogAudioMixer: Display: Audio Mixer Platform Settings:
[2023.09.24-21.46.03:290][594]LogAudioMixer: Display: 	Sample Rate:						  48000
[2023.09.24-21.46.03:290][594]LogAudioMixer: Display: 	Callback Buffer Frame Size Requested: 1024
[2023.09.24-21.46.03:290][594]LogAudioMixer: Display: 	Callback Buffer Frame Size To Use:	  1024
[2023.09.24-21.46.03:290][594]LogAudioMixer: Display: 	Number of buffers to queue:			  2
[2023.09.24-21.46.03:290][594]LogAudioMixer: Display: 	Max Channels (voices):				  32
[2023.09.24-21.46.03:290][594]LogAudioMixer: Display: 	Number of Async Source Workers:		  0
[2023.09.24-21.46.03:291][594]LogAudio: Display: AudioDevice MaxSources: 32
[2023.09.24-21.46.03:291][594]LogAudio: Display: Audio Spatialization Plugin: None (built-in).
[2023.09.24-21.46.03:291][594]LogAudio: Display: Audio Reverb Plugin: None (built-in).
[2023.09.24-21.46.03:292][594]LogAudio: Display: Audio Occlusion Plugin: None (built-in).
[2023.09.24-21.46.03:292][594]LogAudioMixer: Display: Initializing audio mixer.
[2023.09.24-21.46.03:294][594]LogAudioMixer: Display: 0: FrontLeft
[2023.09.24-21.46.03:294][594]LogAudioMixer: Display: 1: FrontRight
[2023.09.24-21.46.03:304][594]LogAudioMixer: Display: Using Audio Device Headphones (2- High Definition Audio Device)
[2023.09.24-21.46.03:304][594]LogAudioMixer: Display: Initializing Sound Submixes...
[2023.09.24-21.46.03:304][594]LogAudioMixer: Display: Creating Master Submix 'MasterSubmixDefault'
[2023.09.24-21.46.03:304][594]LogAudioMixer: Display: Creating Master Submix 'MasterReverbSubmixDefault'
[2023.09.24-21.46.03:305][594]LogAudioMixer: Display: Creating Master Submix 'MasterEQSubmixDefault'
[2023.09.24-21.46.03:305][594]LogAudioMixer: FMixerPlatformXAudio2::StartAudioStream() called
[2023.09.24-21.46.03:305][594]LogAudioMixer: Display: Output buffers initialized: Frames=1024, Channels=2, Samples=2048
[2023.09.24-21.46.03:307][594]LogAudioMixer: Display: Starting AudioMixerPlatformInterface::RunInternal()
[2023.09.24-21.46.03:307][594]LogAudioMixer: Display: FMixerPlatformXAudio2::SubmitBuffer() called for the first time
[2023.09.24-21.46.03:308][594]LogInit: FAudioDevice initialized.
[2023.09.24-21.46.03:308][594]LogAudio: Display: Audio Device (ID: 3) registered with world 'Untitled'.
[2023.09.24-21.46.03:356][594]LogSlate: Updating window title bar state: overlay mode, drag disabled, window buttons hidden, title bar hidden
[2023.09.24-21.46.03:357][594]LogNet: Browse: 127.0.0.1:17777/Game/StarterContent/Maps/Minimal_Default
[2023.09.24-21.46.03:357][594]LogInit: WinSock: Socket queue. Rx: 32768 (config 32768) Tx: 32768 (config 32768)
[2023.09.24-21.46.03:357][594]LogNet: Created socket for bind address: 0.0.0.0 on port 0
[2023.09.24-21.46.03:358][594]PacketHandlerLog: Loaded PacketHandler component: Engine.EngineHandlerComponentFactory (StatelessConnectHandlerCompo