Log file open, 09/24/23 23:41:56
LogWindows: Failed to load 'aqProf.dll' (GetLastError=126)
LogWindows: File 'aqProf.dll' does not exist
LogWindows: Failed to load 'VtuneApi.dll' (GetLastError=126)
LogWindows: File 'VtuneApi.dll' does not exist
LogWindows: Failed to load 'VtuneApi32e.dll' (GetLastError=126)
LogWindows: File 'VtuneApi32e.dll' does not exist
LogConsoleResponse: Display: Failed to find resolution value strings in scalability ini. Falling back to default.
LogConsoleResponse: Display: Failed to find resolution value strings in scalability ini. Falling back to default.
LogInit: Display: Running engine for game: PingPong
LogPlatformFile: Not using cached read wrapper
LogTaskGraph: Started task graph with 5 named threads and 23 total threads with 3 sets of task threads.
LogStats: Stats thread started at 1.028999
LogICUInternationalization: ICU TimeZone Detection - Raw Offset: +1:00, Platform Override: ''
LogInit: Display: Loading text-based GConfig....
LogPluginManager: Mounting plugin MeshPainting
LogPluginManager: Mounting plugin XGEController
LogPluginManager: Mounting plugin Paper2D
LogPluginManager: Mounting plugin AISupport
LogPluginManager: Mounting plugin EnvironmentQueryEditor
LogPluginManager: Mounting plugin LiveLink
LogPluginManager: Mounting plugin LightPropagationVolume
LogPluginManager: Mounting plugin CameraShakePreviewer
LogPluginManager: Mounting plugin GameplayCameras
LogPluginManager: Mounting plugin AssetManagerEditor
LogPluginManager: Mounting plugin CryptoKeys
LogPluginManager: Mounting plugin DataValidation
LogPluginManager: Mounting plugin CurveEditorTools
LogPluginManager: Mounting plugin FacialAnimation
LogPluginManager: Mounting plugin GeometryMode
LogPluginManager: Mounting plugin GameplayTagsEditor
LogPluginManager: Mounting plugin MacGraphicsSwitching
LogPluginManager: Mounting plugin MaterialAnalyzer
LogPluginManager: Mounting plugin MobileLauncherProfileWizard
LogPluginManager: Mounting plugin PluginBrowser
LogPluginManager: Mounting plugin SpeedTreeImporter
LogPluginManager: Mounting plugin AnimationSharing
LogPluginManager: Mounting plugin CodeLiteSourceCodeAccess
LogPluginManager: Mounting plugin GitSourceControl
LogPluginManager: Mounting plugin CLionSourceCodeAccess
LogPluginManager: Mounting plugin KDevelopSourceCodeAccess
LogPluginManager: Mounting plugin PerforceSourceControl
LogPluginManager: Mounting plugin PixWinPlugin
LogPluginManager: Mounting plugin PlasticSourceControl
LogPluginManager: Mounting plugin PluginUtils
LogPluginManager: Mounting plugin PropertyAccessNode
LogPluginManager: Mounting plugin RiderSourceCodeAccess
LogPluginManager: Mounting plugin TextureFormatOodle
LogPluginManager: Mounting plugin UObjectPlugin
LogPluginManager: Mounting plugin VisualStudioSourceCodeAccess
LogPluginManager: Mounting plugin VisualStudioCodeSourceCodeAccess
LogPluginManager: Mounting plugin XCodeSourceCodeAccess
LogPluginManager: Mounting plugin DatasmithContent
LogPluginManager: Mounting plugin NullSourceCodeAccess
LogPluginManager: Mounting plugin VariantManagerContent
LogPluginManager: Mounting plugin OodleData
LogPluginManager: Mounting plugin OodleNetwork
LogPluginManager: Mounting plugin Niagara
LogPluginManager: Mounting plugin LuminPlatformFeatures
LogPluginManager: Mounting plugin MagicLeapMedia
LogPluginManager: Mounting plugin MagicLeapPassableWorld
LogPluginManager: Mounting plugin MLSDK
LogPluginManager: Mounting plugin AlembicImporter
LogPluginManager: Mounting plugin MagicLeapLightEstimation
LogPluginManager: Mounting plugin AutomationUtils
LogPluginManager: Mounting plugin BackChannel
LogPluginManager: Mounting plugin MagicLeap
LogPluginManager: Mounting plugin ChaosClothEditor
LogPluginManager: Mounting plugin ChaosNiagara
LogPluginManager: Mounting plugin ChaosSolverPlugin
LogPluginManager: Mounting plugin CharacterAI
LogPluginManager: Mounting plugin ChaosCloth
LogPluginManager: Mounting plugin GeometryCache
LogPluginManager: Mounting plugin GeometryProcessing
LogPluginManager: Mounting plugin GeometryCollectionPlugin
LogPluginManager: Mounting plugin ChaosEditor
LogPluginManager: Mounting plugin AndroidMedia
LogPluginManager: Mounting plugin AvfMedia
LogPluginManager: Mounting plugin MotoSynth
LogPluginManager: Mounting plugin OpenImageDenoise
LogPluginManager: Mounting plugin PlanarCut
LogPluginManager: Mounting plugin PlatformCrypto
LogPluginManager: Mounting plugin ImgMedia
LogPluginManager: Mounting plugin ProxyLODPlugin
LogPluginManager: Mounting plugin MediaCompositing
LogPluginManager: Mounting plugin PythonScriptPlugin
LogPluginManager: Mounting plugin SubversionSourceControl
LogPluginManager: Mounting plugin MediaPlayerEditor
LogPluginManager: Mounting plugin SkeletalReduction
LogPluginManager: Mounting plugin WebMMedia
LogPluginManager: Mounting plugin WmfMedia
LogPluginManager: Mounting plugin TcpMessaging
LogPluginManager: Mounting plugin UdpMessaging
LogPluginManager: Mounting plugin ActorSequence
LogPluginManager: Mounting plugin LevelSequenceEditor
LogPluginManager: Mounting plugin MatineeToLevelSequence
LogPluginManager: Mounting plugin TemplateSequence
LogPluginManager: Mounting plugin OnlineSubsystem
LogPluginManager: Mounting plugin OnlineSubsystemNull
LogPluginManager: Mounting plugin OnlineSubsystemUtils
LogPluginManager: Mounting plugin LauncherChunkInstaller
LogPluginManager: Mounting plugin ActorLayerUtilities
LogPluginManager: Mounting plugin AndroidMoviePlayer
LogPluginManager: Mounting plugin AndroidPermission
LogPluginManager: Mounting plugin AndroidDeviceProfileSelector
LogPluginManager: Mounting plugin AppleImageUtils
LogPluginManager: Mounting plugin AppleMoviePlayer
LogPluginManager: Mounting plugin ArchVisCharacter
LogPluginManager: Mounting plugin AudioSynesthesia
LogPluginManager: Mounting plugin AssetTags
LogPluginManager: Mounting plugin CableComponent
LogPluginManager: Mounting plugin ChunkDownloader
LogPluginManager: Mounting plugin CustomMeshComponent
LogPluginManager: Mounting plugin ExampleDeviceProfileSelector
LogPluginManager: Mounting plugin EditableMesh
LogPluginManager: Mounting plugin GoogleCloudMessaging
LogPluginManager: Mounting plugin GooglePAD
LogPluginManager: Mounting plugin IOSDeviceProfileSelector
LogPluginManager: Mounting plugin LinuxDeviceProfileSelector
LogPluginManager: Mounting plugin LocationServicesBPLibrary
LogPluginManager: Mounting plugin MobilePatchingUtils
LogPluginManager: Mounting plugin OpenXR
LogPluginManager: Mounting plugin OpenXREyeTracker
LogPluginManager: Mounting plugin OpenXRHandTracking
LogPluginManager: Mounting plugin PhysXVehicles
LogPluginManager: Mounting plugin ScreenshotTools
LogPluginManager: Mounting plugin AudioCapture
LogPluginManager: Mounting plugin PostSplashScreen
LogPluginManager: Mounting plugin ProceduralMeshComponent
LogPluginManager: Mounting plugin RuntimePhysXCooking
LogPluginManager: Mounting plugin SignificanceManager
LogPluginManager: Mounting plugin SoundFields
LogPluginManager: Mounting plugin PropertyAccessEditor
LogPluginManager: Mounting plugin Synthesis
LogPluginManager: Mounting plugin WebMMoviePlayer
LogPluginManager: Mounting plugin WindowsMoviePlayer
LogPluginManager: Mounting plugin Takes
LogPluginManager: Mounting plugin ContentBrowserAssetDataSource
LogPluginManager: Mounting plugin ContentBrowserClassDataSource
LogPluginManager: Mounting plugin ContentBrowserFileDataSource
LogPluginManager: Mounting plugin OnlineSubsystemGooglePlay
LogPluginManager: Mounting plugin OnlineSubsystemIOS
LogPluginManager: Mounting plugin OculusVR
LogPluginManager: Mounting plugin SteamVR
PixWinPlugin: PIX capture plugin failed to initialize! Check that the process is launched from PIX.
LogInit: Using libcurl 7.55.1-DEV
LogInit:  - built for x86_64-pc-win32
LogInit:  - supports SSL with OpenSSL/1.1.1
LogInit:  - supports HTTP deflate (compression) using libz 1.2.8
LogInit:  - other features:
LogInit:      CURL_VERSION_SSL
LogInit:      CURL_VERSION_LIBZ
LogInit:      CURL_VERSION_IPV6
LogInit:      CURL_VERSION_ASYNCHDNS
LogInit:      CURL_VERSION_LARGEFILE
LogInit:      CURL_VERSION_IDN
LogInit:  CurlRequestOptions (configurable via config and command line):
LogInit:  - bVerifyPeer = true  - Libcurl will verify peer certificate
LogInit:  - bUseHttpProxy = false  - Libcurl will NOT use HTTP proxy
LogInit:  - bDontReuseConnections = false  - Libcurl will reuse connections
LogInit:  - MaxHostConnections = 16  - Libcurl will limit the number of connections to a host
LogInit:  - LocalHostAddr = Default
LogInit:  - BufferSize = 65536
LogOnline: OSS: Creating online subsystem instance for: NULL
LogInit: WinSock: version 1.1 (2.2), MaxSocks=32767, MaxUdp=65467
LogOnline: OSS: TryLoadSubsystemAndSetDefault: Loaded subsystem for module [NULL]
LogOculusPluginWrapper: OculusPlugin initialized successfully
LogHMD: Failed initializing OVRPlugin 1.59.0
LogInit: Build: ++UE4+Release-4.27-CL-18319896
LogInit: Engine Version: 4.27.2-18319896+++UE4+Release-4.27
LogInit: Compatible Engine Version: 4.27.0-17155196+++UE4+Release-4.27
LogInit: Net CL: 17155196
LogInit: OS: Windows 10 (Release 2009) (), CPU: Intel(R) Core(TM) i5-8250U CPU @ 1.60GHz, GPU: Intel(R) UHD Graphics 620
LogInit: Compiled (64-bit): Nov 30 2021 07:12:08
LogInit: Compiled with Visual C++: 19.24.28315.00
LogInit: Build Configuration: Development
LogInit: Branch Name: ++UE4+Release-4.27
LogInit: Command Line:  -skipcompile
LogInit: Base Directory: C:/Program Files/Epic Games/UE_4.27/Engine/Binaries/Win64/
LogInit: Allocator: TBB
LogInit: Installed Engine Build: 1
LogDevObjectVersion: Number of dev versions registered: 29
LogDevObjectVersion:   Dev-Blueprints (B0D832E4-1F89-4F0D-ACCF-7EB736FD4AA2): 10
LogDevObjectVersion:   Dev-Build (E1C64328-A22C-4D53-A36C-8E866417BD8C): 0
LogDevObjectVersion:   Dev-Core (375EC13C-06E4-48FB-B500-84F0262A717E): 4
LogDevObjectVersion:   Dev-Editor (E4B068ED-F494-42E9-A231-DA0B2E46BB41): 40
LogDevObjectVersion:   Dev-Framework (CFFC743F-43B0-4480-9391-14DF171D2073): 37
LogDevObjectVersion:   Dev-Mobile (B02B49B5-BB20-44E9-A304-32B752E40360): 3
LogDevObjectVersion:   Dev-Networking (A4E4105C-59A1-49B5-A7C5-40C4547EDFEE): 0
LogDevObjectVersion:   Dev-Online (39C831C9-5AE6-47DC-9A44-9C173E1C8E7C): 0
LogDevObjectVersion:   Dev-Physics (78F01B33-EBEA-4F98-B9B4-84EACCB95AA2): 14
LogDevObjectVersion:   Dev-Platform (6631380F-2D4D-43E0-8009-CF276956A95A): 0
LogDevObjectVersion:   Dev-Rendering (12F88B9F-8875-4AFC-A67C-D90C383ABD29): 45
LogDevObjectVersion:   Dev-Sequencer (7B5AE74C-D270-4C10-A958-57980B212A5A): 13
LogDevObjectVersion:   Dev-VR (D7296918-1DD6-4BDD-9DE2-64A83CC13884): 3
LogDevObjectVersion:   Dev-LoadTimes (C2A15278-BFE7-4AFE-6C17-90FF531DF755): 1
LogDevObjectVersion:   Private-Geometry (6EACA3D4-40EC-4CC1-B786-8BED09428FC5): 3
LogDevObjectVersion:   Dev-AnimPhys (29E575DD-E0A3-4627-9D10-D276232CDCEA): 17
LogDevObjectVersion:   Dev-Anim (AF43A65D-7FD3-4947-9873-3E8ED9C1BB05): 15
LogDevObjectVersion:   Dev-ReflectionCapture (6B266CEC-1EC7-4B8F-A30B-E4D90942FC07): 1
LogDevObjectVersion:   Dev-Automation (0DF73D61-A23F-47EA-B727-89E90C41499A): 1
LogDevObjectVersion:   FortniteMain (601D1886-AC64-4F84-AA16-D3DE0DEAC7D6): 47
LogDevObjectVersion:   FortniteRelease (E7086368-6B23-4C58-8439-1B7016265E91): 1
LogDevObjectVersion:   Dev-Enterprise (9DFFBCD6-494F-0158-E221-12823C92A888): 10
LogDevObjectVersion:   Dev-Niagara (F2AED0AC-9AFE-416F-8664-AA7FFA26D6FC): 1
LogDevObjectVersion:   Dev-Destruction (174F1F0B-B4C6-45A5-B13F-2EE8D0FB917D): 10
LogDevObjectVersion:   Dev-Physics-Ext (35F94A83-E258-406C-A318-09F59610247C): 41
LogDevObjectVersion:   Dev-PhysicsMaterial-Chaos (B68FC16E-8B1B-42E2-B453-215C058844FE): 1
LogDevObjectVersion:   Dev-CineCamera (B2E18506-4273-CFC2-A54E-F4BB758BBA07): 1
LogDevObjectVersion:   Dev-VirtualProduction (64F58936-FD1B-42BA-BA96-7289D5D0FA4E): 1
LogDevObjectVersion:   Dev-MediaFramework (6F0ED827-A609-4895-9C91-998D90180EA4): 2
LogInit: Presizing for max 25165824 objects, including 0 objects not considered by GC, pre-allocating 0 bytes for permanent pool.
LogConfig: Applying CVar settings from Section [/Script/Engine.StreamingSettings] File [C:/Unreal/Multiplayer_PingPong_Unreal/PingPong/Saved/Config/Windows/Engine.ini]
LogConfig: Setting CVar [[s.MinBulkDataSizeForAsyncLoading:131072]]
LogConfig: Setting CVar [[s.AsyncLoadingThreadEnabled:0]]
LogConfig: Setting CVar [[s.EventDrivenLoaderEnabled:1]]
LogConfig: Setting CVar [[s.WarnIfTimeLimitExceeded:0]]
LogConfig: Setting CVar [[s.TimeLimitExceededMultiplier:1.5]]
LogConfig: Setting CVar [[s.TimeLimitExceededMinTime:0.005]]
LogConfig: Setting CVar [[s.UseBackgroundLevelStreaming:1]]
LogConfig: Setting CVar [[s.PriorityAsyncLoadingExtraTime:15.0]]
LogConfig: Setting CVar [[s.LevelStreamingActorsUpdateTimeLimit:5.0]]
LogConfig: Setting CVar [[s.PriorityLevelStreamingActorsUpdateExtraTime:5.0]]
LogConfig: Setting CVar [[s.LevelStreamingComponentsRegistrationGranularity:10]]
LogConfig: Setting CVar [[s.UnregisterComponentsTimeLimit:1.0]]
LogConfig: Setting CVar [[s.LevelStreamingComponentsUnregistrationGranularity:5]]
LogConfig: Setting CVar [[s.FlushStreamingOnExit:1]]
LogInit: Object subsystem initialized
LogConfig: Setting CVar [[con.DebugEarlyDefault:1]]
LogConfig: Setting CVar [[r.setres:1280x720]]
[2023.09.24-21.41.57:681][  0]LogConfig: Setting CVar [[r.VSync:0]]
[2023.09.24-21.41.57:681][  0]LogConfig: Setting CVar [[r.RHICmdBypass:0]]
[2023.09.24-21.41.57:681][  0]LogConfig: Applying CVar settings from Section [/Script/Engine.RendererSettings] File [C:/Unreal/Multiplayer_PingPong_Unreal/PingPong/Saved/Config/Windows/Engine.ini]
[2023.09.24-21.41.57:681][  0]LogConfig: Setting CVar [[r.GPUCrashDebugging:0]]
[2023.09.24-21.41.57:681][  0]LogConfig: Applying CVar settings from Section [/Script/Engine.RendererOverrideSettings] File [C:/Unreal/Multiplayer_PingPong_Unreal/PingPong/Saved/Config/Windows/Engine.ini]
[2023.09.24-21.41.57:681][  0]LogConfig: Applying CVar settings from Section [/Script/Engine.StreamingSettings] File [C:/Unreal/Multiplayer_PingPong_Unreal/PingPong/Saved/Config/Windows/Engine.ini]
[2023.09.24-21.41.57:681][  0]LogConfig: Setting CVar [[s.MinBulkDataSizeForAsyncLoading:131072]]
[2023.09.24-21.41.57:681][  0]LogConfig: Setting CVar [[s.AsyncLoadingThreadEnabled:0]]
[2023.09.24-21.41.57:681][  0]LogConfig: Setting CVar [[s.EventDrivenLoaderEnabled:1]]
[2023.09.24-21.41.57:681][  0]LogConfig: Setting CVar [[s.WarnIfTimeLimitExceeded:0]]
[2023.09.24-21.41.57:681][  0]LogConfig: Setting CVar [[s.TimeLimitExceededMultiplier:1.5]]
[2023.09.24-21.41.57:682][  0]LogConfig: Setting CVar [[s.TimeLimitExceededMinTime:0.005]]
[2023.09.24-21.41.57:682][  0]LogConfig: Setting CVar [[s.UseBackgroundLevelStreaming:1]]
[2023.09.24-21.41.57:682][  0]LogConfig: Setting CVar [[s.PriorityAsyncLoadingExtraTime:15.0]]
[2023.09.24-21.41.57:682][  0]LogConfig: Setting CVar [[s.LevelStreamingActorsUpdateTimeLimit:5.0]]
[2023.09.24-21.41.57:682][  0]LogConfig: Setting CVar [[s.PriorityLevelStreamingActorsUpdateExtraTime:5.0]]
[2023.09.24-21.41.57:682][  0]LogConfig: Setting CVar [[s.LevelStreamingComponentsRegistrationGranularity:10]]
[2023.09.24-21.41.57:682][  0]LogConfig: Setting CVar [[s.UnregisterComponentsTimeLimit:1.0]]
[2023.09.24-21.41.57:682][  0]LogConfig: Setting CVar [[s.LevelStreamingComponentsUnregistrationGranularity:5]]
[2023.09.24-21.41.57:682][  0]LogConfig: Setting CVar [[s.FlushStreamingOnExit:1]]
[2023.09.24-21.41.57:682][  0]LogConfig: Applying CVar settings from Section [/Script/Engine.GarbageCollectionSettings] File [C:/Unreal/Multiplayer_PingPong_Unreal/PingPong/Saved/Config/Windows/Engine.ini]
[2023.09.24-21.41.57:682][  0]LogConfig: Setting CVar [[gc.MaxObjectsNotConsideredByGC:1]]
[2023.09.24-21.41.57:683][  0]LogConfig: Setting CVar [[gc.SizeOfPermanentObjectPool:0]]
[2023.09.24-21.41.57:683][  0]LogConfig: Setting CVar [[gc.FlushStreamingOnGC:0]]
[2023.09.24-21.41.57:683][  0]LogConfig: Setting CVar [[gc.NumRetriesBeforeForcingGC:10]]
[2023.09.24-21.41.57:683][  0]LogConfig: Setting CVar [[gc.AllowParallelGC:1]]
[2023.09.24-21.41.57:683][  0]LogConfig: Setting CVar [[gc.TimeBetweenPurgingPendingKillObjects:61.1]]
[2023.09.24-21.41.57:683][  0]LogConfig: Setting CVar [[gc.MaxObjectsInEditor:25165824]]
[2023.09.24-21.41.57:683][  0]LogConfig: Setting CVar [[gc.IncrementalBeginDestroyEnabled:1]]
[2023.09.24-21.41.57:683][  0]LogConfig: Setting CVar [[gc.CreateGCClusters:1]]
[2023.09.24-21.41.57:683][  0]LogConfig: Setting CVar [[gc.MinGCClusterSize:5]]
[2023.09.24-21.41.57:683][  0]LogConfig: Setting CVar [[gc.ActorClusteringEnabled:0]]
[2023.09.24-21.41.57:683][  0]LogConfig: Setting CVar [[gc.BlueprintClusteringEnabled:0]]
[2023.09.24-21.41.57:684][  0]LogConfig: Setting CVar [[gc.UseDisregardForGCOnDedicatedServers:0]]
[2023.09.24-21.41.57:684][  0]LogConfig: Setting CVar [[gc.MultithreadedDestructionEnabled:1]]
[2023.09.24-21.41.57:684][  0]LogConfig: Applying CVar settings from Section [/Script/Engine.NetworkSettings] File [C:/Unreal/Multiplayer_PingPong_Unreal/PingPong/Saved/Config/Windows/Engine.ini]
[2023.09.24-21.41.57:684][  0]LogConfig: Applying CVar settings from Section [/Script/UnrealEd.CookerSettings] File [C:/Unreal/Multiplayer_PingPong_Unreal/PingPong/Saved/Config/Windows/Engine.ini]
[2023.09.24-21.41.57:729][  0]LogConfig: Applying CVar settings from Section [ViewDistanceQuality@3] File [C:/Unreal/Multiplayer_PingPong_Unreal/PingPong/Saved/Config/Windows/Scalability.ini]
[2023.09.24-21.41.57:729][  0]LogConfig: Setting CVar [[r.SkeletalMeshLODBias:0]]
[2023.09.24-21.41.57:729][  0]LogConfig: Setting CVar [[r.ViewDistanceScale:1.0]]
[2023.09.24-21.41.57:729][  0]LogConfig: Applying CVar settings from Section [AntiAliasingQuality@3] File [C:/Unreal/Multiplayer_PingPong_Unreal/PingPong/Saved/Config/Windows/Scalability.ini]
[2023.09.24-21.41.57:729][  0]LogConfig: Setting CVar [[r.PostProcessAAQuality:4]]
[2023.09.24-21.41.57:729][  0]LogConfig: Applying CVar settings from Section [ShadowQuality@3] File [C:/Unreal/Multiplayer_PingPong_Unreal/PingPong/Saved/Config/Windows/Scalability.ini]
[2023.09.24-21.41.57:729][  0]LogConfig: Setting CVar [[r.LightFunctionQuality:1]]
[2023.09.24-21.41.57:729][  0]LogConfig: Setting CVar [[r.ShadowQuality:5]]
[2023.09.24-21.41.57:730][  0]LogConfig: Setting CVar [[r.Shadow.CSM.MaxCascades:10]]
[2023.09.24-21.41.57:730][  0]LogConfig: Setting CVar [[r.Shadow.MaxResolution:2048]]
[2023.09.24-21.41.57:730][  0]LogConfig: Setting CVar [[r.Shadow.MaxCSMResolution:2048]]
[2023.09.24-21.41.57:730][  0]LogConfig: Setting CVar [[r.Shadow.RadiusThreshold:0.01]]
[2023.09.24-21.41.57:730][  0]LogConfig: Setting CVar [[r.Shadow.DistanceScale:1.0]]
[2023.09.24-21.41.57:730][  0]LogConfig: Setting CVar [[r.Shadow.CSM.TransitionScale:1.0]]
[2023.09.24-21.41.57:730][  0]LogConfig: Setting CVar [[r.Shadow.PreShadowResolutionFactor:1.0]]
[2023.09.24-21.41.57:730][  0]LogConfig: Setting CVar [[r.DistanceFieldShadowing:1]]
[2023.09.24-21.41.57:730][  0]LogConfig: Setting CVar [[r.DistanceFieldAO:1]]
[2023.09.24-21.41.57:730][  0]LogConfig: Setting CVar [[r.AOQuality:2]]
[2023.09.24-21.41.57:730][  0]LogConfig: Setting CVar [[r.VolumetricFog:1]]
[2023.09.24-21.41.57:731][  0]LogConfig: Setting CVar [[r.VolumetricFog.GridPixelSize:8]]
[2023.09.24-21.41.57:731][  0]LogConfig: Setting CVar [[r.VolumetricFog.GridSizeZ:128]]
[2023.09.24-21.41.57:731][  0]LogConfig: Setting CVar [[r.VolumetricFog.HistoryMissSupersampleCount:4]]
[2023.09.24-21.41.57:731][  0]LogConfig: Setting CVar [[r.LightMaxDrawDistanceScale:1]]
[2023.09.24-21.41.57:731][  0]LogConfig: Setting CVar [[r.CapsuleShadows:1]]
[2023.09.24-21.41.57:731][  0]LogConfig: Applying CVar settings from Section [PostProcessQuality@3] File [C:/Unreal/Multiplayer_PingPong_Unreal/PingPong/Saved/Config/Windows/Scalability.ini]
[2023.09.24-21.41.57:731][  0]LogConfig: Setting CVar [[r.MotionBlurQuality:4]]
[2023.09.24-21.41.57:731][  0]LogConfig: Setting CVar [[r.AmbientOcclusionMipLevelFactor:0.4]]
[2023.09.24-21.41.57:731][  0]LogConfig: Setting CVar [[r.AmbientOcclusionMaxQuality:100]]
[2023.09.24-21.41.57:731][  0]LogConfig: Setting CVar [[r.AmbientOcclusionLevels:-1]]
[2023.09.24-21.41.57:731][  0]LogConfig: Setting CVar [[r.AmbientOcclusionRadiusScale:1.0]]
[2023.09.24-21.41.57:732][  0]LogConfig: Setting CVar [[r.DepthOfFieldQuality:2]]
[2023.09.24-21.41.57:732][  0]LogConfig: Setting CVar [[r.RenderTargetPoolMin:400]]
[2023.09.24-21.41.57:732][  0]LogConfig: Setting CVar [[r.LensFlareQuality:2]]
[2023.09.24-21.41.57:732][  0]LogConfig: Setting CVar [[r.SceneColorFringeQuality:1]]
[2023.09.24-21.41.57:732][  0]LogConfig: Setting CVar [[r.EyeAdaptationQuality:2]]
[2023.09.24-21.41.57:732][  0]LogConfig: Setting CVar [[r.BloomQuality:5]]
[2023.09.24-21.41.57:732][  0]LogConfig: Setting CVar [[r.FastBlurThreshold:100]]
[2023.09.24-21.41.57:732][  0]LogConfig: Setting CVar [[r.Upscale.Quality:3]]
[2023.09.24-21.41.57:732][  0]LogConfig: Setting CVar [[r.Tonemapper.GrainQuantization:1]]
[2023.09.24-21.41.57:732][  0]LogConfig: Setting CVar [[r.LightShaftQuality:1]]
[2023.09.24-21.41.57:732][  0]LogConfig: Setting CVar [[r.Filter.SizeScale:1]]
[2023.09.24-21.41.57:733][  0]LogConfig: Setting CVar [[r.Tonemapper.Quality:5]]
[2023.09.24-21.41.57:733][  0]LogConfig: Setting CVar [[r.DOF.Gather.AccumulatorQuality:1        ; higher gathering accumulator quality]]
[2023.09.24-21.41.57:733][  0]LogConfig: Setting CVar [[r.DOF.Gather.PostfilterMethod:1          ; Median3x3 postfilering method]]
[2023.09.24-21.41.57:733][  0]LogConfig: Setting CVar [[r.DOF.Gather.EnableBokehSettings:0       ; no bokeh simulation when gathering]]
[2023.09.24-21.41.57:733][  0]LogConfig: Setting CVar [[r.DOF.Gather.RingCount:4                 ; medium number of samples when gathering]]
[2023.09.24-21.41.57:733][  0]LogConfig: Setting CVar [[r.DOF.Scatter.ForegroundCompositing:1    ; additive foreground scattering]]
[2023.09.24-21.41.57:733][  0]LogConfig: Setting CVar [[r.DOF.Scatter.BackgroundCompositing:2    ; additive background scattering]]
[2023.09.24-21.41.57:733][  0]LogConfig: Setting CVar [[r.DOF.Scatter.EnableBokehSettings:1      ; bokeh simulation when scattering]]
[2023.09.24-21.41.57:733][  0]LogConfig: Setting CVar [[r.DOF.Scatter.MaxSpriteRatio:0.1         ; only a maximum of 10% of scattered bokeh]]
[2023.09.24-21.41.57:733][  0]LogConfig: Setting CVar [[r.DOF.Recombine.Quality:1                ; cheap slight out of focus]]
[2023.09.24-21.41.57:734][  0]LogConfig: Setting CVar [[r.DOF.Recombine.EnableBokehSettings:0    ; no bokeh simulation on slight out of focus]]
[2023.09.24-21.41.57:734][  0]LogConfig: Setting CVar [[r.DOF.TemporalAAQuality:1                ; more stable temporal accumulation]]
[2023.09.24-21.41.57:734][  0]LogConfig: Setting CVar [[r.DOF.Kernel.MaxForegroundRadius:0.025]]
[2023.09.24-21.41.57:734][  0]LogConfig: Setting CVar [[r.DOF.Kernel.MaxBackgroundRadius:0.025]]
[2023.09.24-21.41.57:734][  0]LogConfig: Applying CVar settings from Section [TextureQuality@3] File [C:/Unreal/Multiplayer_PingPong_Unreal/PingPong/Saved/Config/Windows/Scalability.ini]
[2023.09.24-21.41.57:734][  0]LogConfig: Setting CVar [[r.Streaming.MipBias:0]]
[2023.09.24-21.41.57:734][  0]LogConfig: Setting CVar [[r.Streaming.AmortizeCPUToGPUCopy:0]]
[2023.09.24-21.41.57:734][  0]LogConfig: Setting CVar [[r.Streaming.MaxNumTexturesToStreamPerFrame:0]]
[2023.09.24-21.41.57:734][  0]LogConfig: Setting CVar [[r.Streaming.Boost:1]]
[2023.09.24-21.41.57:734][  0]LogConfig: Setting CVar [[r.MaxAnisotropy:8]]
[2023.09.24-21.41.57:734][  0]LogConfig: Setting CVar [[r.VT.MaxAnisotropy:8]]
[2023.09.24-21.41.57:735][  0]LogConfig: Setting CVar [[r.Streaming.LimitPoolSizeToVRAM:0]]
[2023.09.24-21.41.57:735][  0]LogConfig: Setting CVar [[r.Streaming.PoolSize:1000]]
[2023.09.24-21.41.57:735][  0]LogConfig: Setting CVar [[r.Streaming.MaxEffectiveScreenSize:0]]
[2023.09.24-21.41.57:735][  0]LogConfig: Applying CVar settings from Section [EffectsQuality@3] File [C:/Unreal/Multiplayer_PingPong_Unreal/PingPong/Saved/Config/Windows/Scalability.ini]
[2023.09.24-21.41.57:735][  0]LogConfig: Setting CVar [[r.TranslucencyLightingVolumeDim:64]]
[2023.09.24-21.41.57:735][  0]LogConfig: Setting CVar [[r.RefractionQuality:2]]
[2023.09.24-21.41.57:735][  0]LogConfig: Setting CVar [[r.SSR.Quality:3]]
[2023.09.24-21.41.57:735][  0]LogConfig: Setting CVar [[r.SSR.HalfResSceneColor:0]]
[2023.09.24-21.41.57:735][  0]LogConfig: Setting CVar [[r.SceneColorFormat:4]]
[2023.09.24-21.41.57:735][  0]LogConfig: Setting CVar [[r.DetailMode:2]]
[2023.09.24-21.41.57:735][  0]LogConfig: Setting CVar [[r.TranslucencyVolumeBlur:1]]
[2023.09.24-21.41.57:736][  0]LogConfig: Setting CVar [[r.MaterialQualityLevel:1 ; High quality]]
[2023.09.24-21.41.57:736][  0]LogConfig: Setting CVar [[r.AnisotropicMaterials:1]]
[2023.09.24-21.41.57:736][  0]LogConfig: Setting CVar [[r.SSS.Scale:1]]
[2023.09.24-21.41.57:736][  0]LogConfig: Setting CVar [[r.SSS.SampleSet:2]]
[2023.09.24-21.41.57:736][  0]LogConfig: Setting CVar [[r.SSS.Quality:1]]
[2023.09.24-21.41.57:736][  0]LogConfig: Setting CVar [[r.SSS.HalfRes:0]]
[2023.09.24-21.41.57:736][  0]LogConfig: Setting CVar [[r.SSGI.Quality:3]]
[2023.09.24-21.41.57:736][  0]LogConfig: Setting CVar [[r.EmitterSpawnRateScale:1.0]]
[2023.09.24-21.41.57:736][  0]LogConfig: Setting CVar [[r.ParticleLightQuality:2]]
[2023.09.24-21.41.57:736][  0]LogConfig: Setting CVar [[r.SkyAtmosphere.AerialPerspectiveLUT.FastApplyOnOpaque:1 ; Always have FastSkyLUT 1 in this case to avoid wrong sky]]
[2023.09.24-21.41.57:736][  0]LogConfig: Setting CVar [[r.SkyAtmosphere.AerialPerspectiveLUT.SampleCountMaxPerSlice:4]]
[2023.09.24-21.41.57:737][  0]LogConfig: Setting CVar [[r.SkyAtmosphere.AerialPerspectiveLUT.DepthResolution:16.0]]
[2023.09.24-21.41.57:737][  0]LogConfig: Setting CVar [[r.SkyAtmosphere.FastSkyLUT:1]]
[2023.09.24-21.41.57:737][  0]LogConfig: Setting CVar [[r.SkyAtmosphere.FastSkyLUT.SampleCountMin:4.0]]
[2023.09.24-21.41.57:737][  0]LogConfig: Setting CVar [[r.SkyAtmosphere.FastSkyLUT.SampleCountMax:128.0]]
[2023.09.24-21.41.57:737][  0]LogConfig: Setting CVar [[r.SkyAtmosphere.SampleCountMin:4.0]]
[2023.09.24-21.41.57:737][  0]LogConfig: Setting CVar [[r.SkyAtmosphere.SampleCountMax:128.0]]
[2023.09.24-21.41.57:737][  0]LogConfig: Setting CVar [[r.SkyAtmosphere.TransmittanceLUT.UseSmallFormat:0]]
[2023.09.24-21.41.57:737][  0]LogConfig: Setting CVar [[r.SkyAtmosphere.TransmittanceLUT.SampleCount:10.0]]
[2023.09.24-21.41.57:737][  0]LogConfig: Setting CVar [[r.SkyAtmosphere.MultiScatteringLUT.SampleCount:15.0]]
[2023.09.24-21.41.57:737][  0]LogConfig: Setting CVar [[r.SkyLight.RealTimeReflectionCapture:1]]
[2023.09.24-21.41.57:737][  0]LogConfig: Applying CVar settings from Section [FoliageQuality@3] File [C:/Unreal/Multiplayer_PingPong_Unreal/PingPong/Saved/Config/Windows/Scalability.ini]
[2023.09.24-21.41.57:737][  0]LogConfig: Setting CVar [[foliage.DensityScale:1.0]]
[2023.09.24-21.41.57:738][  0]LogConfig: Setting CVar [[grass.DensityScale:1.0]]
[2023.09.24-21.41.57:738][  0]LogConfig: Applying CVar settings from Section [ShadingQuality@3] File [C:/Unreal/Multiplayer_PingPong_Unreal/PingPong/Saved/Config/Windows/Scalability.ini]
[2023.09.24-21.41.57:738][  0]LogConfig: Setting CVar [[r.HairStrands.SkyLighting.IntegrationType:2]]
[2023.09.24-21.41.57:738][  0]LogConfig: Setting CVar [[r.HairStrands.SkyAO.SampleCount:4]]
[2023.09.24-21.41.57:738][  0]LogConfig: Setting CVar [[r.HairStrands.Visibility.MSAA.SamplePerPixel:4]]
[2023.09.24-21.41.57:738][  0]LogInit: Selected Device Profile: [Windows]
[2023.09.24-21.41.57:738][  0]LogInit: Applying CVar settings loaded from the selected device profile: [Windows]
[2023.09.24-21.41.57:738][  0]LogHAL: Display: Platform has ~ 16 GB [16919035904 / 17179869184 / 16], which maps to Larger [LargestMinGB=32, LargerMinGB=12, DefaultMinGB=8, SmallerMinGB=6, SmallestMinGB=0)
[2023.09.24-21.41.57:738][  0]LogInit: Going up to parent DeviceProfile []
[2023.09.24-21.41.57:738][  0]LogConfig: Applying CVar settings from Section [ViewDistanceQuality@3] File [C:/Unreal/Multiplayer_PingPong_Unreal/PingPong/Saved/Config/Windows/Scalability.ini]
[2023.09.24-21.41.57:739][  0]LogConfig: Setting CVar [[r.SkeletalMeshLODBias:0]]
[2023.09.24-21.41.57:739][  0]LogConfig: Setting CVar [[r.ViewDistanceScale:1.0]]
[2023.09.24-21.41.57:739][  0]LogConfig: Applying CVar settings from Section [AntiAliasingQuality@3] File [C:/Unreal/Multiplayer_PingPong_Unreal/PingPong/Saved/Config/Windows/Scalability.ini]
[2023.09.24-21.41.57:739][  0]LogConfig: Setting CVar [[r.PostProcessAAQuality:4]]
[2023.09.24-21.41.57:739][  0]LogConfig: Applying CVar settings from Section [ShadowQuality@3] File [C:/Unreal/Multiplayer_PingPong_Unreal/PingPong/Saved/Config/Windows/Scalability.ini]
[2023.09.24-21.41.57:739][  0]LogConfig: Setting CVar [[r.LightFunctionQuality:1]]
[2023.09.24-21.41.57:739][  0]LogConfig: Setting CVar [[r.ShadowQuality:5]]
[2023.09.24-21.41.57:739][  0]LogConfig: Setting CVar [[r.Shadow.CSM.MaxCascades:10]]
[2023.09.24-21.41.57:739][  0]LogConfig: Setting CVar [[r.Shadow.MaxResolution:2048]]
[2023.09.24-21.41.57:739][  0]LogConfig: Setting CVar [[r.Shadow.MaxCSMResolution:2048]]
[2023.09.24-21.41.57:739][  0]LogConfig: Setting CVar [[r.Shadow.RadiusThreshold:0.01]]
[2023.09.24-21.41.57:740][  0]LogConfig: Setting CVar [[r.Shadow.DistanceScale:1.0]]
[2023.09.24-21.41.57:740][  0]LogConfig: Setting CVar [[r.Shadow.CSM.TransitionScale:1.0]]
[2023.09.24-21.41.57:740][  0]LogConfig: Setting CVar [[r.Shadow.PreShadowResolutionFactor:1.0]]
[2023.09.24-21.41.57:740][  0]LogConfig: Setting CVar [[r.DistanceFieldShadowing:1]]
[2023.09.24-21.41.57:740][  0]LogConfig: Setting CVar [[r.DistanceFieldAO:1]]
[2023.09.24-21.41.57:740][  0]LogConfig: Setting CVar [[r.AOQuality:2]]
[2023.09.24-21.41.57:740][  0]LogConfig: Setting CVar [[r.VolumetricFog:1]]
[2023.09.24-21.41.57:740][  0]LogConfig: Setting CVar [[r.VolumetricFog.GridPixelSize:8]]
[2023.09.24-21.41.57:740][  0]LogConfig: Setting CVar [[r.VolumetricFog.GridSizeZ:128]]
[2023.09.24-21.41.57:740][  0]LogConfig: Setting CVar [[r.VolumetricFog.HistoryMissSupersampleCount:4]]
[2023.09.24-21.41.57:740][  0]LogConfig: Setting CVar [[r.LightMaxDrawDistanceScale:1]]
[2023.09.24-21.41.57:741][  0]LogConfig: Setting CVar [[r.CapsuleShadows:1]]
[2023.09.24-21.41.57:741][  0]LogConfig: Applying CVar settings from Section [PostProcessQuality@3] File [C:/Unreal/Multiplayer_PingPong_Unreal/PingPong/Saved/Config/Windows/Scalability.ini]
[2023.09.24-21.41.57:741][  0]LogConfig: Setting CVar [[r.MotionBlurQuality:4]]
[2023.09.24-21.41.57:741][  0]LogConfig: Setting CVar [[r.AmbientOcclusionMipLevelFactor:0.4]]
[2023.09.24-21.41.57:741][  0]LogConfig: Setting CVar [[r.AmbientOcclusionMaxQuality:100]]
[2023.09.24-21.41.57:741][  0]LogConfig: Setting CVar [[r.AmbientOcclusionLevels:-1]]
[2023.09.24-21.41.57:741][  0]LogConfig: Setting CVar [[r.AmbientOcclusionRadiusScale:1.0]]
[2023.09.24-21.41.57:741][  0]LogConfig: Setting CVar [[r.DepthOfFieldQuality:2]]
[2023.09.24-21.41.57:741][  0]LogConfig: Setting CVar [[r.RenderTargetPoolMin:400]]
[2023.09.24-21.41.57:741][  0]LogConfig: Setting CVar [[r.LensFlareQuality:2]]
[2023.09.24-21.41.57:741][  0]LogConfig: Setting CVar [[r.SceneColorFringeQuality:1]]
[2023.09.24-21.41.57:741][  0]LogConfig: Setting CVar [[r.EyeAdaptationQuality:2]]
[2023.09.24-21.41.57:741][  0]LogConfig: Setting CVar [[r.BloomQuality:5]]
[2023.09.24-21.41.57:742][  0]LogConfig: Setting CVar [[r.FastBlurThreshold:100]]
[2023.09.24-21.41.57:742][  0]LogConfig: Setting CVar [[r.Upscale.Quality:3]]
[2023.09.24-21.41.57:742][  0]LogConfig: Setting CVar [[r.Tonemapper.GrainQuantization:1]]
[2023.09.24-21.41.57:742][  0]LogConfig: Setting CVar [[r.LightShaftQuality:1]]
[2023.09.24-21.41.57:742][  0]LogConfig: Setting CVar [[r.Filter.SizeScale:1]]
[2023.09.24-21.41.57:742][  0]LogConfig: Setting CVar [[r.Tonemapper.Quality:5]]
[2023.09.24-21.41.57:742][  0]LogConfig: Setting CVar [[r.DOF.Gather.AccumulatorQuality:1        ; higher gathering accumulator quality]]
[2023.09.24-21.41.57:742][  0]LogConfig: Setting CVar [[r.DOF.Gather.PostfilterMethod:1          ; Median3x3 postfilering method]]
[2023.09.24-21.41.57:742][  0]LogConfig: Setting CVar [[r.DOF.Gather.EnableBokehSettings:0       ; no bokeh simulation when gathering]]
[2023.09.24-21.41.57:742][  0]LogConfig: Setting CVar [[r.DOF.Gather.RingCount:4                 ; medium number of samples when gathering]]
[2023.09.24-21.41.57:742][  0]LogConfig: Setting CVar [[r.DOF.Scatter.ForegroundCompositing:1    ; additive foreground scattering]]
[2023.09.24-21.41.57:742][  0]LogConfig: Setting CVar [[r.DOF.Scatter.BackgroundCompositing:2    ; additive background scattering]]
[2023.09.24-21.41.57:743][  0]LogConfig: Setting CVar [[r.DOF.Scatter.EnableBokehSettings:1      ; bokeh simulation when scattering]]
[2023.09.24-21.41.57:743][  0]LogConfig: Setting CVar [[r.DOF.Scatter.MaxSpriteRatio:0.1         ; only a maximum of 10% of scattered bokeh]]
[2023.09.24-21.41.57:743][  0]LogConfig: Setting CVar [[r.DOF.Recombine.Quality:1                ; cheap slight out of focus]]
[2023.09.24-21.41.57:743][  0]LogConfig: Setting CVar [[r.DOF.Recombine.EnableBokehSettings:0    ; no bokeh simulation on slight out of focus]]
[2023.09.24-21.41.57:743][  0]LogConfig: Setting CVar [[r.DOF.TemporalAAQuality:1                ; more stable temporal accumulation]]
[2023.09.24-21.41.57:743][  0]LogConfig: Setting CVar [[r.DOF.Kernel.MaxForegroundRadius:0.025]]
[2023.09.24-21.41.57:743][  0]LogConfig: Setting CVar [[r.DOF.Kernel.MaxBackgroundRadius:0.025]]
[2023.09.24-21.41.57:743][  0]LogConfig: Applying CVar settings from Section [TextureQuality@3] File [C:/Unreal/Multiplayer_PingPong_Unreal/PingPong/Saved/Config/Windows/Scalability.ini]
[2023.09.24-21.41.57:743][  0]LogConfig: Setting CVar [[r.Streaming.MipBias:0]]
[2023.09.24-21.41.57:743][  0]LogConfig: Setting CVar [[r.Streaming.AmortizeCPUToGPUCopy:0]]
[2023.09.24-21.41.57:743][  0]LogConfig: Setting CVar [[r.Streaming.MaxNumTexturesToStreamPerFrame:0]]
[2023.09.24-21.41.57:743][  0]LogConfig: Setting CVar [[r.Streaming.Boost:1]]
[2023.09.24-21.41.57:743][  0]LogConfig: Setting CVar [[r.MaxAnisotropy:8]]
[2023.09.24-21.41.57:744][  0]LogConfig: Setting CVar [[r.VT.MaxAnisotropy:8]]
[2023.09.24-21.41.57:744][  0]LogConfig: Setting CVar [[r.Streaming.LimitPoolSizeToVRAM:0]]
[2023.09.24-21.41.57:744][  0]LogConfig: Setting CVar [[r.Streaming.PoolSize:1000]]
[2023.09.24-21.41.57:744][  0]LogConfig: Setting CVar [[r.Streaming.MaxEffectiveScreenSize:0]]
[2023.09.24-21.41.57:744][  0]LogConfig: Applying CVar settings from Section [EffectsQuality@3] File [C:/Unreal/Multiplayer_PingPong_Unreal/PingPong/Saved/Config/Windows/Scalability.ini]
[2023.09.24-21.41.57:744][  0]LogConfig: Setting CVar [[r.TranslucencyLightingVolumeDim:64]]
[2023.09.24-21.41.57:744][  0]LogConfig: Setting CVar [[r.RefractionQuality:2]]
[2023.09.24-21.41.57:744][  0]LogConfig: Setting CVar [[r.SSR.Quality:3]]
[2023.09.24-21.41.57:744][  0]LogConfig: Setting CVar [[r.SSR.HalfResSceneColor:0]]
[2023.09.24-21.41.57:744][  0]LogConfig: Setting CVar [[r.SceneColorFormat:4]]
[2023.09.24-21.41.57:744][  0]LogConfig: Setting CVar [[r.DetailMode:2]]
[2023.09.24-21.41.57:744][  0]LogConfig: Setting CVar [[r.TranslucencyVolumeBlur:1]]
[2023.09.24-21.41.57:745][  0]LogConfig: Setting CVar [[r.MaterialQualityLevel:1 ; High quality]]
[2023.09.24-21.41.57:745][  0]LogConfig: Setting CVar [[r.AnisotropicMaterials:1]]
[2023.09.24-21.41.57:745][  0]LogConfig: Setting CVar [[r.SSS.Scale:1]]
[2023.09.24-21.41.57:745][  0]LogConfig: Setting CVar [[r.SSS.SampleSet:2]]
[2023.09.24-21.41.57:745][  0]LogConfig: Setting CVar [[r.SSS.Quality:1]]
[2023.09.24-21.41.57:745][  0]LogConfig: Setting CVar [[r.SSS.HalfRes:0]]
[2023.09.24-21.41.57:745][  0]LogConfig: Setting CVar [[r.SSGI.Quality:3]]
[2023.09.24-21.41.57:745][  0]LogConfig: Setting CVar [[r.EmitterSpawnRateScale:1.0]]
[2023.09.24-21.41.57:745][  0]LogConfig: Setting CVar [[r.ParticleLightQuality:2]]
[2023.09.24-21.41.57:745][  0]LogConfig: Setting CVar [[r.SkyAtmosphere.AerialPerspectiveLUT.FastApplyOnOpaque:1 ; Always have FastSkyLUT 1 in this case to avoid wrong sky]]
[2023.09.24-21.41.57:745][  0]LogConfig: Setting CVar [[r.SkyAtmosphere.AerialPerspectiveLUT.SampleCountMaxPerSlice:4]]
[2023.09.24-21.41.57:745][  0]LogConfig: Setting CVar [[r.SkyAtmosphere.AerialPerspectiveLUT.DepthResolution:16.0]]
[2023.09.24-21.41.57:745][  0]LogConfig: Setting CVar [[r.SkyAtmosphere.FastSkyLUT:1]]
[2023.09.24-21.41.57:746][  0]LogConfig: Setting CVar [[r.SkyAtmosphere.FastSkyLUT.SampleCountMin:4.0]]
[2023.09.24-21.41.57:746][  0]LogConfig: Setting CVar [[r.SkyAtmosphere.FastSkyLUT.SampleCountMax:128.0]]
[2023.09.24-21.41.57:746][  0]LogConfig: Setting CVar [[r.SkyAtmosphere.SampleCountMin:4.0]]
[2023.09.24-21.41.57:746][  0]LogConfig: Setting CVar [[r.SkyAtmosphere.SampleCountMax:128.0]]
[2023.09.24-21.41.57:746][  0]LogConfig: Setting CVar [[r.SkyAtmosphere.TransmittanceLUT.UseSmallFormat:0]]
[2023.09.24-21.41.57:746][  0]LogConfig: Setting CVar [[r.SkyAtmosphere.TransmittanceLUT.SampleCount:10.0]]
[2023.09.24-21.41.57:746][  0]LogConfig: Setting CVar [[r.SkyAtmosphere.MultiScatteringLUT.SampleCount:15.0]]
[2023.09.24-21.41.57:746][  0]LogConfig: Setting CVar [[r.SkyLight.RealTimeReflectionCapture:1]]
[2023.09.24-21.41.57:746][  0]LogConfig: Applying CVar settings from Section [FoliageQuality@3] File [C:/Unreal/Multiplayer_PingPong_Unreal/PingPong/Saved/Config/Windows/Scalability.ini]
[2023.09.24-21.41.57:746][  0]LogConfig: Setting CVar [[foliage.DensityScale:1.0]]
[2023.09.24-21.41.57:746][  0]LogConfig: Setting CVar [[grass.DensityScale:1.0]]
[2023.09.24-21.41.57:746][  0]LogConfig: Applying CVar settings from Section [ShadingQuality@3] File [C:/Unreal/Multiplayer_PingPong_Unreal/PingPong/Saved/Config/Windows/Scalability.ini]
[2023.09.24-21.41.57:746][  0]LogConfig: Setting CVar [[r.HairStrands.SkyLighting.IntegrationType:2]]
[2023.09.24-21.41.57:747][  0]LogConfig: Setting CVar [[r.HairStrands.SkyAO.SampleCount:4]]
[2023.09.24-21.41.57:747][  0]LogConfig: Setting CVar [[r.HairStrands.Visibility.MSAA.SamplePerPixel:4]]
[2023.09.24-21.41.57:747][  0]LogConfig: Applying CVar settings from Section [Startup] File [../../../Engine/Config/ConsoleVariables.ini]
[2023.09.24-21.41.57:747][  0]LogConfig: Setting CVar [[net.UseAdaptiveNetUpdateFrequency:0]]
[2023.09.24-21.41.57:747][  0]LogConfig: Setting CVar [[p.chaos.AllowCreatePhysxBodies:1]]
[2023.09.24-21.41.57:747][  0]LogConfig: Setting CVar [[fx.SkipVectorVMBackendOptimizations:1]]
[2023.09.24-21.41.57:747][  0]LogConfig: Applying CVar settings from Section [ConsoleVariables] File [C:/Unreal/Multiplayer_PingPong_Unreal/PingPong/Saved/Config/Windows/Engine.ini]
[2023.09.24-21.41.57:748][  0]LogConfig: Applying CVar settings from Section [ConsoleVariables] File [C:/Unreal/Multiplayer_PingPong_Unreal/PingPong/Saved/Config/Windows/Editor.ini]
[2023.09.24-21.41.57:748][  0]LogInit: Computer: DESKTOP-UQ10HGU
[2023.09.24-21.41.57:748][  0]LogInit: User: Golem
[2023.09.24-21.41.57:748][  0]LogInit: CPU Page size=4096, Cores=4
[2023.09.24-21.41.57:748][  0]LogInit: High frequency timer resolution =10.000000 MHz
[2023.09.24-21.41.57:748][  0]LogMemory: Memory total: Physical=15.8GB (16GB approx)
[2023.09.24-21.41.57:748][  0]LogMemory: Platform Memory Stats for Windows
[2023.09.24-21.41.57:748][  0]LogMemory: Process Physical Memory: 142.12 MB used, 142.12 MB peak
[2023.09.24-21.41.57:748][  0]LogMemory: Process Virtual Memory: 124.50 MB used, 124.50 MB peak
[2023.09.24-21.41.57:748][  0]LogMemory: Physical Memory: 11996.68 MB used,  4138.57 MB free, 16135.25 MB total
[2023.09.24-21.41.57:748][  0]LogMemory: Virtual Memory: 134205544.00 MB used,  12180.15 MB free, 134217728.00 MB total
[2023.09.24-21.41.57:767][  0]LogWindows: WindowsPlatformFeatures enabled
[2023.09.24-21.41.57:982][  0]LogInit: Physics initialised using underlying interface: PhysX
[2023.09.24-21.41.57:984][  0]LogInit: Using OS detected language (en-US).
[2023.09.24-21.41.57:984][  0]LogInit: Using OS detected locale (en-US).
[2023.09.24-21.41.57:995][  0]LogTextLocalizationManager: No specific localization for 'en-US' exists, so the 'en' localization will be used.
[2023.09.24-21.41.58:482][  0]LogInit: Setting process to per monitor DPI aware
[2023.09.24-21.41.58:528][  0]LogWindowsTextInputMethodSystem: Display: IME system deactivated.
[2023.09.24-21.41.58:562][  0]LogSlate: New Slate User Created.  User Index 0, Is Virtual User: 0
[2023.09.24-21.41.58:562][  0]LogSlate: Slate User Registered.  User Index 0, Is Virtual User: 0
[2023.09.24-21.41.58:961][  0]LogD3D11RHI: Loaded GFSDK_Aftermath_Lib.x64.dll
[2023.09.24-21.41.58:974][  0]LogHMD: Failed to initialize OpenVR with code 110
[2023.09.24-21.41.58:974][  0]LogD3D11RHI: D3D11 min allowed feature level: 11_0
[2023.09.24-21.41.58:974][  0]LogD3D11RHI: D3D11 max allowed feature level: 11_0
[2023.09.24-21.41.58:974][  0]LogD3D11RHI: D3D11 adapters:
[2023.09.24-21.41.59:805][  0]LogD3D11RHI:    0. 'Radeon (TM) 520' (Feature Level 11_0)
[2023.09.24-21.41.59:805][  0]LogD3D11RHI:       2039/0/8067 MB DedicatedVideo/DedicatedSystem/SharedSystem, Outputs:2, VendorId:0x1002
[2023.09.24-21.41.59:859][  0]LogD3D11RHI:    1. 'Intel(R) UHD Graphics 620' (Feature Level 11_0)
[2023.09.24-21.41.59:859][  0]LogD3D11RHI:       128/0/8067 MB DedicatedVideo/DedicatedSystem/SharedSystem, Outputs:0, VendorId:0x8086
[2023.09.24-21.41.59:867][  0]LogD3D11RHI:    2. 'Microsoft Basic Render Driver' (Feature Level 11_0)
[2023.09.24-21.41.59:867][  0]LogD3D11RHI:       0/0/8067 MB DedicatedVideo/DedicatedSystem/SharedSystem, Outputs:0, VendorId:0x1414
[2023.09.24-21.41.59:867][  0]LogD3D11RHI: Chosen D3D11 Adapter:
[2023.09.24-21.41.59:867][  0]LogD3D11RHI:     Description : Radeon (TM) 520
[2023.09.24-21.41.59:867][  0]LogD3D11RHI:     VendorId    : 1002
[2023.09.24-21.41.59:867][  0]LogD3D11RHI:     DeviceId    : 6665
[2023.09.24-21.41.59:868][  0]LogD3D11RHI:     SubSysId    : 83f1028
[2023.09.24-21.41.59:868][  0]LogD3D11RHI:     Revision    : 00c3
[2023.09.24-21.41.59:868][  0]LogD3D11RHI:     DedicatedVideoMemory : 2138300416 bytes
[2023.09.24-21.41.59:868][  0]LogD3D11RHI:     DedicatedSystemMemory : 0 bytes
[2023.09.24-21.41.59:868][  0]LogD3D11RHI:     SharedSystemMemory : 8459517952 bytes
[2023.09.24-21.41.59:868][  0]LogD3D11RHI:     AdapterLuid : 0 51420
[2023.09.24-21.41.59:876][  0]LogD3D11RHI: Creating new Direct3DDevice
[2023.09.24-21.41.59:876][  0]LogD3D11RHI:     GPU DeviceId: 0x6665 (for the marketing name, search the web for "GPU Device Id")
[2023.09.24-21.41.59:876][  0]LogWindows: EnumDisplayDevices:
[2023.09.24-21.41.59:876][  0]LogWindows:    0. 'Intel(R) UHD Graphics 620' (P:0 D:1)
[2023.09.24-21.41.59:877][  0]LogWindows:    1. 'Intel(R) UHD Graphics 620' (P:1 D:1)
[2023.09.24-21.41.59:877][  0]LogWindows:    2. 'Intel(R) UHD Graphics 620' (P:0 D:0)
[2023.09.24-21.41.59:877][  0]LogWindows: DebugString: PrimaryIsNotTheChoosenAdapter PrimaryIsNotTheChoosenAdapter PrimaryIsNotTheChoosenAdapter FoundDriverCount:0 
[2023.09.24-21.41.59:877][  0]LogD3D11RHI:     Adapter Name: Radeon (TM) 520
[2023.09.24-21.41.59:878][  0]LogD3D11RHI:   Driver Version: Unknown (internal:Unknown, unified:Unknown)
[2023.09.24-21.41.59:878][  0]LogD3D11RHI:      Driver Date: Unknown
[2023.09.24-21.41.59:878][  0]LogRHI: Texture pool is 1213 MB (70% of 1733 MB)
[2023.09.24-21.41.59:911][  0]LogD3D11RHI: Creating D3DDevice with AMD AGS, using adapter:
[2023.09.24-21.41.59:911][  0]LogD3D11RHI:     Description : Radeon (TM) 520
[2023.09.24-21.41.59:911][  0]LogD3D11RHI:     VendorId    : 1002
[2023.09.24-21.41.59:911][  0]LogD3D11RHI:     DeviceId    : 6665
[2023.09.24-21.41.59:912][  0]LogD3D11RHI:     SubSysId    : 83f1028
[2023.09.24-21.41.59:912][  0]LogD3D11RHI:     Revision    : 00c3
[2023.09.24-21.41.59:912][  0]LogD3D11RHI:     DedicatedVideoMemory : 2138300416 bytes
[2023.09.24-21.41.59:912][  0]LogD3D11RHI:     DedicatedSystemMemory : 0 bytes
[2023.09.24-21.41.59:912][  0]LogD3D11RHI:     SharedSystemMemory : 8459517952 bytes
[2023.09.24-21.41.59:912][  0]LogD3D11RHI:     AdapterLuid : 0 51420
[2023.09.24-21.41.59:996][  0]LogD3D11RHI: Created device via AGS, feature level 11_0, supported extensions 1fffffbf.
[2023.09.24-21.41.59:996][  0]LogD3D11RHI: RHI has support for 64 bit atomics
[2023.09.24-21.41.59:996][  0]LogD3D11RHI: Async texture creation enabled
[2023.09.24-21.41.59:996][  0]LogD3D11RHI: Array index from any shader is supported
[2023.09.24-21.42.00:015][  0]LogD3D11RHI: GPU Timing Frequency: 27.000000 (Debug: 2 1)
[2023.09.24-21.42.00:424][  0]LogTargetPlatformManager: Display: Loaded TargetPlatform 'AllDesktop'
[2023.09.24-21.42.00:452][  0]LogTargetPlatformManager: Display: Loaded TargetPlatform 'Android'
[2023.09.24-21.42.00:452][  0]LogTargetPlatformManager: Display: Loaded TargetPlatform 'Android_ASTC'
[2023.09.24-21.42.00:452][  0]LogTargetPlatformManager: Display: Loaded TargetPlatform 'Android_DXT'
[2023.09.24-21.42.00:452][  0]LogTargetPlatformManager: Display: Loaded TargetPlatform 'Android_ETC2'
[2023.09.24-21.42.00:452][  0]LogTargetPlatformManager: Display: Loaded TargetPlatform 'AndroidClient'
[2023.09.24-21.42.00:452][  0]LogTargetPlatformManager: Display: Loaded TargetPlatform 'Android_ASTCClient'
[2023.09.24-21.42.00:452][  0]LogTargetPlatformManager: Display: Loaded TargetPlatform 'Android_DXTClient'
[2023.09.24-21.42.00:453][  0]LogTargetPlatformManager: Display: Loaded TargetPlatform 'Android_ETC2Client'
[2023.09.24-21.42.00:453][  0]LogTargetPlatformManager: Display: Loaded TargetPlatform 'Android_Multi'
[2023.09.24-21.42.00:453][  0]LogTargetPlatformManager: Display: Loaded TargetPlatform 'Android_MultiClient'
[2023.09.24-21.42.00:481][  0]LogTargetPlatformManager: Display: Loaded TargetPlatform 'IOSClient'
[2023.09.24-21.42.00:481][  0]LogTargetPlatformManager: Display: Loaded TargetPlatform 'IOS'
[2023.09.24-21.42.00:495][  0]LogTargetPlatformManager: Display: Loaded TargetPlatform 'Linux'
[2023.09.24-21.42.00:502][  0]LogTargetPlatformManager: Display: Loaded TargetPlatform 'LinuxNoEditor'
[2023.09.24-21.42.00:509][  0]LogTargetPlatformManager: Display: Loaded TargetPlatform 'LinuxClient'
[2023.09.24-21.42.00:516][  0]LogTargetPlatformManager: Display: Loaded TargetPlatform 'LinuxServer'
[2023.09.24-21.42.00:527][  0]LogTargetPlatformManager: Display: Loaded TargetPlatform 'LinuxAArch64NoEditor'
[2023.09.24-21.42.00:535][  0]LogTargetPlatformManager: Display: Loaded TargetPlatform 'LinuxAArch64Client'
[2023.09.24-21.42.00:542][  0]LogTargetPlatformManager: Display: Loaded TargetPlatform 'LinuxAArch64Server'
[2023.09.24-21.42.00:572][  0]LogTargetPlatformManager: Display: Loaded TargetPlatform 'Lumin'
[2023.09.24-21.42.00:572][  0]LogTargetPlatformManager: Display: Loaded TargetPlatform 'LuminClient'
[2023.09.24-21.42.00:584][  0]LogTargetPlatformManager: Display: Loaded TargetPlatform 'MacNoEditor'
[2023.09.24-21.42.00:592][  0]LogTargetPlatformManager: Display: Loaded TargetPlatform 'Mac'
[2023.09.24-21.42.00:599][  0]LogTargetPlatformManager: Display: Loaded TargetPlatform 'MacClient'
[2023.09.24-21.42.00:606][  0]LogTargetPlatformManager: Display: Loaded TargetPlatform 'MacServer'
[2023.09.24-21.42.00:619][  0]LogTargetPlatformManager: Display: Loaded TargetPlatform 'TVOSClient'
[2023.09.24-21.42.00:620][  0]LogTargetPlatformManager: Display: Loaded TargetPlatform 'TVOS'
[2023.09.24-21.42.00:632][  0]LogTargetPlatformManager: Display: Loaded TargetPlatform 'WindowsNoEditor'
[2023.09.24-21.42.00:639][  0]LogTargetPlatformManager: Display: Loaded TargetPlatform 'Windows'
[2023.09.24-21.42.00:646][  0]LogTargetPlatformManager: Display: Loaded TargetPlatform 'WindowsClient'
[2023.09.24-21.42.00:652][  0]LogTargetPlatformManager: Display: Loaded TargetPlatform 'WindowsServer'
[2023.09.24-21.42.00:653][  0]LogTargetPlatformManager: Display: Building Assets For Windows
[2023.09.24-21.42.00:668][  0]LogAudioDebug: Display: Lib vorbis DLL was dynamically loaded.
[2023.09.24-21.42.00:727][  0]LogTextureFormatOodle: Display: Oodle Texture 2.9.0 init RDO Off
[2023.09.24-21.42.00:794][  0]LogRendererCore: Ray tracing is disabled. Reason: r.RayTracing=0.
[2023.09.24-21.42.00:795][  0]LogShaderCompilers: Guid format shader working directory is -15 characters bigger than the processId version (../../../../../../Unreal/Multiplayer_PingPong_Unreal/PingPong/Intermediate/Shaders/WorkingDirectory/8264/).
[2023.09.24-21.42.00:795][  0]LogShaderCompilers: Cleaned the shader compiler working directory 'C:/Users/Golem/AppData/Local/Temp/UnrealShaderWorkingDir/74A4C007429BC486F1718290FF138CAD/'.
[2023.09.24-21.42.00:795][  0]LogXGEController: Cannot use XGE Controller as Incredibuild is not installed on this machine.
[2023.09.24-21.42.00:795][  0]LogShaderCompilers: Cannot use XGE Shader Compiler as Incredibuild is not installed on this machine.
[2023.09.24-21.42.00:796][  0]LogShaderCompilers: Display: Using Local Shader Compiler.
[2023.09.24-21.42.01:709][  0]LogDerivedDataCache: Display: Max Cache Size: 512 MB
[2023.09.24-21.42.01:787][  0]LogDerivedDataCache: Loaded boot cache 0.08s 94MB C:/Users/Golem/AppData/Local/UnrealEngine/4.27/DerivedDataCache/Boot.ddc.
[2023.09.24-21.42.01:788][  0]LogDerivedDataCache: Display: Loaded Boot cache: C:/Users/Golem/AppData/Local/UnrealEngine/4.27/DerivedDataCache/Boot.ddc
[2023.09.24-21.42.01:788][  0]LogDerivedDataCache: FDerivedDataBackendGraph:  Pak pak cache file ../../../../../../Unreal/Multiplayer_PingPong_Unreal/PingPong/DerivedDataCache/DDC.ddp not found, will not use a pak cache.
[2023.09.24-21.42.01:788][  0]LogDerivedDataCache: Unable to find inner node Pak for hierarchical cache Hierarchy.
[2023.09.24-21.42.01:788][  0]LogDerivedDataCache: FDerivedDataBackendGraph:  CompressedPak pak cache file ../../../../../../Unreal/Multiplayer_PingPong_Unreal/PingPong/DerivedDataCache/Compressed.ddp not found, will not use a pak cache.
[2023.09.24-21.42.01:788][  0]LogDerivedDataCache: Unable to find inner node CompressedPak for hierarchical cache Hierarchy.
[2023.09.24-21.42.01:809][  0]LogDerivedDataCache: Display: Pak cache opened for reading ../../../Engine/DerivedDataCache/Compressed.ddp.
[2023.09.24-21.42.01:809][  0]LogDerivedDataCache: FDerivedDataBackendGraph:  EnterprisePak pak cache file ../../../Enterprise/DerivedDataCache/Compressed.ddp not found, will not use a pak cache.
[2023.09.24-21.42.01:809][  0]LogDerivedDataCache: Unable to find inner node EnterprisePak for hierarchical cache Hierarchy.
[2023.09.24-21.42.01:817][  0]LogDerivedDataCache: Speed tests for C:/Users/Golem/AppData/Local/UnrealEngine/Common/DerivedDataCache took 0.01 seconds
[2023.09.24-21.42.01:819][  0]LogDerivedDataCache: Display: Performance to C:/Users/Golem/AppData/Local/UnrealEngine/Common/DerivedDataCache: Latency=0.03ms. RandomReadSpeed=1327.18MBs, RandomWriteSpeed=139.73MBs. Assigned SpeedClass 'Local'
[2023.09.24-21.42.01:822][  0]LogDerivedDataCache: Using Local data cache path C:/Users/Golem/AppData/Local/UnrealEngine/Common/DerivedDataCache: Writable
[2023.09.24-21.42.01:822][  0]LogDerivedDataCache: Shared data cache path not found in *engine.ini, will not use an Shared cache.
[2023.09.24-21.42.01:822][  0]LogDerivedDataCache: Unable to find inner node Shared for hierarchical cache Hierarchy.
[2023.09.24-21.42.01:882][  0]LogSlate: Using FreeType 2.10.0
[2023.09.24-21.42.01:883][  0]LogSlate: SlateFontServices - WITH_FREETYPE: 1, WITH_HARFBUZZ: 1
[2023.09.24-21.42.01:915][  0]LogAssetRegistry: FAssetRegistry took 0.0052 seconds to start up
[2023.09.24-21.42.02:243][  0]LogInit: Selected Device Profile: [Windows]
[2023.09.24-21.42.02:243][  0]LogInit: Active device profile: [0000028740030900][0000028739BB9080 49] Windows
[2023.09.24-21.42.02:243][  0]LogInit: Profiles: [0000028740030900][0000028739BB9080 49] Windows, [000002873FFE7800][0000028739BC1200 49] WindowsNoEditor, [0000028740033500][000002873D941380 49] WindowsServer, [000002873FFE4E00][000002873D945500 49] WindowsClient, [0000028740033800][000002873D949680 49] IOS, [000002873FFE6800][000002873D94D800 49] iPadAir, [0000028740032000][000002873D689980 49] iPadAir2, [000002873FF94A00][000002873D6900C0 49] IPadPro, [000002873FF94B00][000002873D68C100 49] iPadAir3, [000002873FFE5800][000002873D694280 49] iPadAir4, [000002873FF97400][000002873D698400 49] iPadMini2, [000002873FFE6A00][000002873D69C580 49] iPadMini3, [000002873FF95700][000002873D6A0700 49] iPadMini4, [0000028740031000][000002873D6A4880 49] iPadMini5, [000002873FFC0300][000002873D6A8AC0 49] iPhone6, [000002873FFC0400][0000028739BBCB00 49] iPodTouch6, [000002873FF97600][000002873D6B0D40 49] iPhone7, [000002873FF95800][000002873D6ACD80 49] iPodTouch7, [000002873FFC3F00][000002873D6B8F00 49] iPhone5S, [000002873FFE6300][000002873FC9D080 49] iPhone6Plus, [000002873FF94200][000002873FCA1200 49] iPhone6S, [000002873FFE6200][000002873FCA5380 49] iPhone6SPlus, [000002873FF97C00][000002873FCA9500 49] iPhone7Plus, [000002873FFE4100][000002873FCAD680 49] iPhoneSE, [000002873FF97500][000002873FCB1800 49] iPhone8, [000002873FFE5E00][000002873FCB5980 49] iPhone8Plus, [000002873FF95000][000002873FCB9B00 49] iPhoneX, [000002873FFE4A00][000002873FCBC100 49] iPhoneXS, [000002873FF95200][000002873FCC0280 49] iPhoneXSMax, [000002873FFE5500][000002873FCC4400 49] iPhoneXR, [000002873FF97700][000002873FCC8580 49] iPhone11, [000002873FFE4D00][000002873FCCC700 49] iPhone11Pro, [000002873FF97800][000002873FCD0880 49] iPhone11ProMax, [000002873FFE4F00][000002873FCD4A00 49] iPhoneSE2, [000002873FF96E00][000002873D6B4B40 49] iPhone12Mini, [000002873FFE7100][000002873FCD8C80 49] iPhone12, [000002873FF96B00][000002873FCDCDC0 49] iPhone12Pro, [000002873FFE4800][000002873FCE0F00 49] iPhone12ProMax, [000002873FF96300][000002873FCE9080 49] iPadPro105, [000002873FFE6F00][000002873FCED200 49] iPadPro129, [000002873FF96000][000002873D6BD380 49] iPadPro97, [000002873FFE5300][000002873D6C9500 49] iPadPro2_129, [000002873FF95A00][000002873D875680 49] iPad5, [000002873FFE5A00][000002873D879800 49] iPad6, [000002873FF96800][000002873D87D980 49] iPad7, [000002873FFE4C00][000002873D6FBB00 49] iPad8, [000002873FF97200][000002873FD38100 49] iPadPro11, [000002873FFE5600][000002873FD46280 49] iPadPro2_11, [000002873FF95C00][000002873A0D2400 49] iPadPro3_129, [000002873FFE7900][000002873FD4A580 49] iPadPro4_129, [000002873FF95500][000002873D916700 49] AppleTV, [000002873FFE4300][000002873D91A880 49] AppleTV4K, [000002873FF94100][0000028740E36A00 49] TVOS, [000002873FFE6400][000002873D91EB80 49] Mac, [000002873FF96100][000002873D922D00 49] MacClient, [000002873FFE7400][000002873FCE4E40 49] MacNoEditor, [000002873FF95F00][000002873FD5AF80 49] MacServer, [000002873FFE4600][00000287411610C0 49] Linux, [000002873FF96200][0000028741169240 49] LinuxAArch64, [000002873FFE7600][000002874116D3C0 49] LinuxNoEditor, [000002873FF95D00][000002873FA6B540 49] LinuxAArch64NoEditor, [000002873FFE5400][000002873FA736C0 49] LinuxClient, [000002873FF97100][000002873FA77840 49] LinuxAArch64Client, [000002873FFE5900][000002873FA859C0 49] LinuxServer, [000002873FF97000][000002873FA89B40 49] LinuxAArch64Server, [000002873FFE6600][000002873FA8C140 49] Android, [000002873FF94700][000002873FA902C0 49] Android_Low, [000002873FFE5B00][000002873A082440 49] Android_Mid, [0000028740033A00][000002873A0865C0 49] Android_High, [000002873FFC1C00][000002873A09E740 49] Android_Default, [0000028740032100][000002873FB648C0 49] Android_Adreno4xx, [000002873FFC2700][000002873FB68A40 49] Android_Adreno5xx_Low, [0000028740030B00][000002873FB6CBC0 49] Android_Adreno5xx, [000002873FFC2D00][000002873FB70D40 49] Android_Adreno6xx, [0000028740031200][000002873FB78EC0 49] Android_Adreno6xx_Vulkan, [000002873FFC2800][0000028741165000 49] Android_Mali_T6xx, [0000028740033200][000002873FB81140 49] Android_Mali_T7xx, [000002873FFC2E00][000002873A0AB280 49] Android_Mali_T8xx, [0000028740032500][000002873A0AF3C0 49] Android_Mali_G71, [000002873FFC3E00][000002873A0B7540 49] Android_Mali_G72, [0000028740032A00][000002873A0BB6C0 49] Android_Mali_G72_Vulkan, [000002873FFC1B00][000002873A0BF840 49] Android_Mali_G76, [0000028740031B00][000002873A0C39C0 49] Android_Mali_G76_Vulkan, [000002873FFC3D00][000002873FB7DB40 49] Android_Mali_G77, [0000028740032D00][000002873FB74140 49] Android_Mali_G77_Vulkan, [000002873FFC3900][000002873D89E2C0 49] Android_Mali_G78, [0000028740030D00][000002873D8A2440 49] Android_Mali_G78_Vulkan, [000002873FFC0500][000002873D8D45C0 49] Android_Mali_G710, [0000028740032B00][000002873D8D8740 49] Android_Mali_G710_Vulkan, [000002873FFC3500][000002874115C8C0 49] Android_Vulkan_SM5, [0000028740033400][000002873FD56A40 49] Android_PowerVR_G6xxx, [000002873FFC2400][000002873FD52BC0 49] Android_PowerVR_GT7xxx, [0000028740033C00][000002873FD4ED40 49] Android_PowerVR_GE8xxx, [000002873FFC2200][000002873D880EC0 49] Android_PowerVR_GM9xxx, [0000028740033000][000002873D885040 49] Android_PowerVR_GM9xxx_Vulkan, [000002873FFC1500][000002873A0B3180 49] Android_TegraK1, [0000028740031100][000002873FCF12C0 49] Android_Unknown_Vulkan, [000002873FFE7D00][000002873FCF5400 49] Lumin, [0000028740032900][000002873FCF9540 49] Lumin_Desktop, [000002873FFE7E00][000002873FD016C0 49] HoloLens, 
[2023.09.24-21.42.02:457][  0]LogMeshReduction: Using QuadricMeshReduction for automatic static mesh reduction
[2023.09.24-21.42.02:457][  0]LogMeshReduction: Using SimplygonMeshReduction for automatic skeletal mesh reduction
[2023.09.24-21.42.02:457][  0]LogMeshReduction: Using ProxyLODMeshReduction for automatic mesh merging
[2023.09.24-21.42.02:457][  0]LogMeshReduction: No distributed automatic mesh merging module available
[2023.09.24-21.42.02:457][  0]LogMeshMerging: No distributed automatic mesh merging module available
[2023.09.24-21.42.02:483][  0]LogNetVersion: PingPong 1.0.0, NetCL: 17155196, EngineNetVer: 17, GameNetVer: 0 (Checksum: 166094971)
[2023.09.24-21.42.03:081][  0]LogTexture: Default maximum texture size for cubemaps generated from long-lat sources has been changed from 512 to unlimited. In order to preserve old behaiour for '/Engine/MapTemplates/Sky/DaylightAmbientCubemap.DaylightAmbientCubemap', its maximum texture size has been explicitly set to 512.
[2023.09.24-21.42.03:162][  0]LogHMD: PokeAHoleMaterial loaded successfully
[2023.09.24-21.42.03:169][  0]LogUObjectArray: 17178 objects as part of root set at end of initial load.
[2023.09.24-21.42.03:169][  0]LogUObjectAllocator: 4302048 out of 0 bytes used by permanent object pool.
[2023.09.24-21.42.03:169][  0]LogUObjectArray: CloseDisregardForGC: 0/0 objects in disregard for GC pool
[2023.09.24-21.42.03:727][  0]LogNiagaraDebuggerClient: Niagara Debugger Client Initialized | Session: 6E7730D9481361F9DF1C2291F4EDA0A2 | Instance: 5B2D944C4274C1E22BA0B89F968CCB3B (DESKTOP-UQ10HGU-8264).
[2023.09.24-21.42.03:924][  0]LogPython: Using Python 3.7.7
[2023.09.24-21.42.04:600][  0]LogTcpMessaging: Initializing TcpMessaging bridge
[2023.09.24-21.42.04:608][  0]LogUdpMessaging: Initializing bridge on interface 0.0.0.0:0 to multicast group 230.0.0.1:6666.
[2023.09.24-21.42.05:039][  0]SourceControl: Source control is disabled
[2023.09.24-21.42.05:039][  0]SourceControl: Source control is disabled
[2023.09.24-21.42.05:053][  0]SourceControl: Source control is disabled
[2023.09.24-21.42.05:059][  0]SourceControl: Source control is disabled
[2023.09.24-21.42.05:080][  0]LogUProjectInfo: Found projects:
[2023.09.24-21.42.05:457][  0]LogOpenImageDenoise: OIDN starting up
[2023.09.24-21.42.05:511][  0]SourceControl: Source control is disabled
[2023.09.24-21.42.05:537][  0]LogAndroidPermission: UAndroidPermissionCallbackProxy::GetInstance
[2023.09.24-21.42.05:718][  0]LogAudioCaptureCore: Display: No Audio Capture implementations found. Audio input will be silent.
[2023.09.24-21.42.05:719][  0]LogAudioCaptureCore: Display: No Audio Capture implementations found. Audio input will be silent.
[2023.09.24-21.42.05:794][  0]LogCollectionManager: Loaded 0 collections in 0.002332 seconds
[2023.09.24-21.42.05:830][  0]LogFileCache: Scanning file cache for directory 'C:/Unreal/Multiplayer_PingPong_Unreal/PingPong/Saved/Collections/' took 0.00s
[2023.09.24-21.42.05:830][  0]LogFileCache: Scanning file cache for directory 'C:/Unreal/Multiplayer_PingPong_Unreal/PingPong/Content/Developers/Golem/Collections/' took 0.00s
[2023.09.24-21.42.05:830][  0]LogFileCache: Scanning file cache for directory 'C:/Unreal/Multiplayer_PingPong_Unreal/PingPong/Content/Collections/' took 0.00s
[2023.09.24-21.42.05:839][  0]LogOcInput: OculusInput pre-init called
[2023.09.24-21.42.06:196][  0]LogEngine: Initializing Engine...
[2023.09.24-21.42.06:202][  0]LogHMD: Failed to enumerate extensions. Please check that you have a valid OpenXR runtime installed.
[2023.09.24-21.42.06:202][  0]LogHMD: Failed to initialize OpenVR with code 110
[2023.09.24-21.42.06:202][  0]LogMagicLeap: Warning: VR disabled because ZI is not enabled.  To enable, in the editor, Edit -> Project Settings -> Plugins -> Magic Leap Plugin -> Enable Zero Iteration
[2023.09.24-21.42.06:203][  0]LogStats: UGameplayTagsManager::InitializeManager -  0.000 s
[2023.09.24-21.42.06:398][  0]LogInit: Initializing FReadOnlyCVARCache
[2023.09.24-21.42.06:415][  0]LogAIModule: Creating AISystem for world Untitled
[2023.09.24-21.42.06:451][  0]LogAudio: Display: Initializing Audio Device Manager...
[2023.09.24-21.42.06:461][  0]LogAudio: Display: Loading Default Audio Settings Objects...
[2023.09.24-21.42.06:462][  0]LogAudio: Display: No default SoundConcurrencyObject specified (or failed to load).
[2023.09.24-21.42.06:462][  0]LogAudio: Display: Audio Device Manager Initialized
[2023.09.24-21.42.06:463][  0]LogAudio: Display: Creating Audio Device:                 Id: 1, Scope: Shared, Realtime: True
[2023.09.24-21.42.06:463][  0]LogAudioMixer: Display: Audio Mixer Platform Settings:
[2023.09.24-21.42.06:463][  0]LogAudioMixer: Display: 	Sample Rate:						  48000
[2023.09.24-21.42.06:463][  0]LogAudioMixer: Display: 	Callback Buffer Frame Size Requested: 1024
[2023.09.24-21.42.06:464][  0]LogAudioMixer: Display: 	Callback Buffer Frame Size To Use:	  1024
[2023.09.24-21.42.06:464][  0]LogAudioMixer: Display: 	Number of buffers to queue:			  2
[2023.09.24-21.42.06:464][  0]LogAudioMixer: Display: 	Max Channels (voices):				  32
[2023.09.24-21.42.06:464][  0]LogAudioMixer: Display: 	Number of Async Source Workers:		  0
[2023.09.24-21.42.06:464][  0]LogAudio: Display: AudioDevice MaxSources: 32
[2023.09.24-21.42.06:465][  0]LogAudio: Display: Audio Spatialization Plugin: None (built-in).
[2023.09.24-21.42.06:465][  0]LogAudio: Display: Audio Reverb Plugin: None (built-in).
[2023.09.24-21.42.06:465][  0]LogAudio: Display: Audio Occlusion Plugin: None (built-in).
[2023.09.24-21.42.06:465][  0]LogAudioMixer: Display: Initializing audio mixer.
[2023.09.24-21.42.06:498][  0]LogAudioMixer: Display: 0: FrontLeft
[2023.09.24-21.42.06:499][  0]LogAudioMixer: Display: 1: FrontRight
[2023.09.24-21.42.06:555][  0]LogAudioMixer: Display: Using Audio Device Headphones (2- High Definition Audio Device)
[2023.09.24-21.42.06:558][  0]LogAudioMixer: Display: Initializing Sound Submixes...
[2023.09.24-21.42.06:562][  0]LogAudioMixer: Display: Creating Master Submix 'MasterSubmixDefault'
[2023.09.24-21.42.06:562][  0]LogAudioMixer: Display: Creating Master Submix 'MasterReverbSubmixDefault'
[2023.09.24-21.42.06:563][  0]LogAudioMixer: Display: Creating Master Submix 'MasterEQSubmixDefault'
[2023.09.24-21.42.06:564][  0]LogAudioMixer: FMixerPlatformXAudio2::StartAudioStream() called
[2023.09.24-21.42.06:564][  0]LogAudioMixer: Display: Output buffers initialized: Frames=1024, Channels=2, Samples=2048
[2023.09.24-21.42.06:566][  0]LogAudioMixer: Display: Starting AudioMixerPlatformInterface::RunInternal()
[2023.09.24-21.42.06:566][  0]LogAudioMixer: Display: FMixerPlatformXAudio2::SubmitBuffer() called for the first time
[2023.09.24-21.42.06:566][  0]LogInit: FAudioDevice initialized.
[2023.09.24-21.42.06:567][  0]LogAudio: Display: Audio Device (ID: 1) registered with world 'Untitled'.
[2023.09.24-21.42.06:567][  0]LogNetVersion: Set ProjectVersion to 1.0.0.0. Version Checksum will be recalculated on next use.
[2023.09.24-21.42.06:653][  0]LogDerivedDataCache: Saved boot cache 0.09s 94MB C:/Users/Golem/AppData/Local/UnrealEngine/4.27/DerivedDataCache/Boot.ddc.
[2023.09.24-21.42.06:658][  0]LogInit: Texture streaming: Enabled
[2023.09.24-21.42.06:693][  0]LogAnalytics: Display: [UEEditor.Rocket.Release] APIServer = https://datarouter.ol.epicgames.com/. AppVersion = 4.27.2-18319896+++UE4+Release-4.27
[2023.09.24-21.42.06:710][  0]LogEngineSessionManager: EngineSessionManager initialized
[2023.09.24-21.42.06:710][  0]LogEngineSessionManager: EngineSessionManager sent abnormal shutdown report. Type=Debugger, SessionId={3AADB9AE-4A75-C999-2BB5-7FA7C7DBFB03}
[2023.09.24-21.42.06:711][  0]LogEditorSessionSummary: Verbose: Initializing EditorSessionSummaryWriter for editor session tracking
[2023.09.24-21.42.06:782][  0]LogEditorSessionSummary: EditorSessionSummaryWriter initialized
[2023.09.24-21.42.06:832][  0]LogInit: Transaction tracking system initialized
[2023.09.24-21.42.06:899][  0]BlueprintLog: New page: Editor Load
[2023.09.24-21.42.07:023][  0]LocalizationService: Localization service is disabled
[2023.09.24-21.42.07:074][  0]TimingProfiler: Initialize
[2023.09.24-21.42.07:074][  0]TimingProfiler: OnSessionChanged
[2023.09.24-21.42.07:074][  0]LoadingProfiler: Initialize
[2023.09.24-21.42.07:074][  0]LoadingProfiler: OnSessionChanged
[2023.09.24-21.42.07:074][  0]NetworkingProfiler: Initialize
[2023.09.24-21.42.07:074][  0]NetworkingProfiler: OnSessionChanged
[2023.09.24-21.42.07:075][  0]MemoryProfiler: Initialize
[2023.09.24-21.42.07:075][  0]MemoryProfiler: OnSessionChanged
[2023.09.24-21.42.07:336][  0]LogCook: Display: CookSettings for Memory: MemoryMaxUsedVirtual 0MiB, MemoryMaxUsedPhysical 16384MiB, MemoryMinFreeVirtual 0MiB, MemoryMinFreePhysical 1024MiB
[2023.09.24-21.42.07:337][  0]LogCook: Display: Mobile HDR setting 1
[2023.09.24-21.42.07:719][  0]LogFileCache: Scanning file cache for directory 'C:/Unreal/Multiplayer_PingPong_Unreal/PingPong/Content/' took 0.01s
[2023.09.24-21.42.08:014][  0]LogInit: Display: Engine is initialized. Leaving FEngineLoop::Init()
[2023.09.24-21.42.08:021][  0]SourceControl: Source control is disabled
[2023.09.24-21.42.08:021][  0]LogUnrealEdMisc: Loading editor; pre map load, took 13.865
[2023.09.24-21.42.08:021][  0]Cmd: MAP LOAD FILE="../../../../../../Unreal/Multiplayer_PingPong_Unreal/PingPong/Content/StarterContent/Maps/Minimal_Default.umap" TEMPLATE=0 SHOWPROGRESS=1 FEATURELEVEL=3
[2023.09.24-21.42.08:022][  0]LightingResults: New page: Lighting Build
[2023.09.24-21.42.08:025][  0]LogWorld: UWorld::CleanupWorld for Untitled, bSessionEnded=true, bCleanupResources=true
[2023.09.24-21.42.08:025][  0]LogSlate: InvalidateAllWidgets triggered.  All widgets were invalidated
[2023.09.24-21.42.08:025][  0]MapCheck: New page: Map Check
[2023.09.24-21.42.08:025][  0]LightingResults: New page: Lighting Build
[2023.09.24-21.42.08:032][  0]LogAudio: Display: Audio Device unregistered from world 'None'.
[2023.09.24-21.42.08:038][  0]LogUObjectHash: Compacting FUObjectHashTables data took   1.16ms
[2023.09.24-21.42.08:304][  0]LogAudio: Display: Audio Device (ID: 1) registered with world 'Minimal_Default'.
[2023.09.24-21.42.08:306][  0]LogAIModule: Creating AISystem for world Minimal_Default
[2023.09.24-21.42.08:372][  0]LogEditorServer: Finished looking for orphan Actors (0.000 secs)
[2023.09.24-21.42.08:409][  0]LogUObjectHash: Compacting FUObjectHashTables data took   1.00ms
[2023.09.24-21.42.08:413][  0]Cmd: MAP CHECKDEP NOCLEARLOG
[2023.09.24-21.42.08:414][  0]MapCheck: Map check complete: 0 Error(s), 0 Warning(s), took 0.785ms to complete.
[2023.09.24-21.42.08:414][  0]LogFileHelpers: Loading map 'Minimal_Default' took 0.393
[2023.09.24-21.42.08:477][  0]LogUnrealEdMisc: Total Editor Startup Time, took 14.322
[2023.09.24-21.42.08:776][  0]LogSlate: Updating window title bar state: overlay mode, drag disabled, window buttons hidden, title bar hidden
[2023.09.24-21.42.08:785][  0]LogSlate: Updating window title bar state: overlay mode, drag disabled, window buttons hidden, title bar hidden
[2023.09.24-21.42.08:793][  0]LogSlate: Updating window title bar state: overlay mode, drag disabled, window buttons hidden, title bar hidden
[2023.09.24-21.42.08:801][  0]LogSlate: Updating window title bar state: overlay mode, drag disabled, window buttons hidden, title bar hidden
[2023.09.24-21.42.08:866][  0]LogNativeClassHierarchy: Verbose: Native class hierarchy populated in 0.0116 seconds. Added 3828 classes and 930 folders.
[2023.09.24-21.42.08:881][  0]LogNativeClassHierarchy: Verbose: Native class hierarchy updated for 'WidgetCarousel' in 0.0003 seconds. Added 0 classes and 0 folders.
[2023.09.24-21.42.08:905][  0]LogPakFile: PakFile PrimaryIndexSize=187
[2023.09.24-21.42.08:905][  0]LogPakFile: PakFile PathHashIndexSize=101
[2023.09.24-21.42.08:905][  0]LogPakFile: PakFile FullDirectoryIndexSize=148
[2023.09.24-21.42.08:907][  0]LogShaderLibrary: Display: ShaderCodeLibraryPakFileMountedCallback: PakFile 'C:/Program Files/Epic Games/UE_4.27/FeaturePacks/FP_FirstPerson.upack' (chunk index -1, root 'root:/') mounted
[2023.09.24-21.42.08:907][  0]LogShaderLibrary: Display: ShaderCodeLibraryPakFileMountedCallback: pending pak file info (ChunkID:-1 Root:root:/ File:C:/Program Files/Epic Games/UE_4.27/FeaturePacks/FP_FirstPerson.upack)
[2023.09.24-21.42.08:907][  0]LogPakFile: OnPakFileMounted2Time == 0.002153
[2023.09.24-21.42.08:926][  0]LogPakFile: PakFile PrimaryIndexSize=189
[2023.09.24-21.42.08:926][  0]LogPakFile: PakFile PathHashIndexSize=101
[2023.09.24-21.42.08:926][  0]LogPakFile: PakFile FullDirectoryIndexSize=152
[2023.09.24-21.42.08:926][  0]LogShaderLibrary: Display: ShaderCodeLibraryPakFileMountedCallback: PakFile 'C:/Program Files/Epic Games/UE_4.27/FeaturePacks/FP_FirstPersonBP.upack' (chunk index -1, root 'root:/') mounted
[2023.09.24-21.42.08:927][  0]LogShaderLibrary: Display: ShaderCodeLibraryPakFileMountedCallback: pending pak file info (ChunkID:-1 Root:root:/ File:C:/Program Files/Epic Games/UE_4.27/FeaturePacks/FP_FirstPersonBP.upack)
[2023.09.24-21.42.08:927][  0]LogPakFile: OnPakFileMounted2Time == 0.000258
[2023.09.24-21.42.08:936][  0]LogPakFile: PakFile PrimaryIndexSize=191
[2023.09.24-21.42.08:937][  0]LogPakFile: PakFile PathHashIndexSize=101
[2023.09.24-21.42.08:937][  0]LogPakFile: PakFile FullDirectoryIndexSize=160
[2023.09.24-21.42.08:937][  0]LogShaderLibrary: Display: ShaderCodeLibraryPakFileMountedCallback: PakFile 'C:/Program Files/Epic Games/UE_4.27/FeaturePacks/MobileStarterContent.upack' (chunk index -1, root 'root:/') mounted
[2023.09.24-21.42.08:937][  0]LogShaderLibrary: Display: ShaderCodeLibraryPakFileMountedCallback: pending pak file info (ChunkID:-1 Root:root:/ File:C:/Program Files/Epic Games/UE_4.27/FeaturePacks/MobileStarterContent.upack)
[2023.09.24-21.42.08:937][  0]LogPakFile: OnPakFileMounted2Time == 0.000251
[2023.09.24-21.42.08:947][  0]LogPakFile: PakFile PrimaryIndexSize=185
[2023.09.24-21.42.08:947][  0]LogPakFile: PakFile PathHashIndexSize=101
[2023.09.24-21.42.08:947][  0]LogPakFile: PakFile FullDirectoryIndexSize=148
[2023.09.24-21.42.08:947][  0]LogShaderLibrary: Display: ShaderCodeLibraryPakFileMountedCallback: PakFile 'C:/Program Files/Epic Games/UE_4.27/FeaturePacks/StarterContent.upack' (chunk index -1, root 'root:/') mounted
[2023.09.24-21.42.08:947][  0]LogShaderLibrary: Display: ShaderCodeLibraryPakFileMountedCallback: pending pak file info (ChunkID:-1 Root:root:/ File:C:/Program Files/Epic Games/UE_4.27/FeaturePacks/StarterContent.upack)
[2023.09.24-21.42.08:947][  0]LogPakFile: OnPakFileMounted2Time == 0.000230
[2023.09.24-21.42.08:956][  0]LogPakFile: PakFile PrimaryIndexSize=190
[2023.09.24-21.42.08:956][  0]LogPakFile: PakFile PathHashIndexSize=101
[2023.09.24-21.42.08:956][  0]LogPakFile: PakFile FullDirectoryIndexSize=154
[2023.09.24-21.42.08:957][  0]LogShaderLibrary: Display: ShaderCodeLibraryPakFileMountedCallback: PakFile 'C:/Program Files/Epic Games/UE_4.27/FeaturePacks/TP_2DSideScroller.upack' (chunk index -1, root 'root:/') mounted
[2023.09.24-21.42.08:957][  0]LogShaderLibrary: Display: ShaderCodeLibraryPakFileMountedCallback: pending pak file info (ChunkID:-1 Root:root:/ File:C:/Program Files/Epic Games/UE_4.27/FeaturePacks/TP_2DSideScroller.upack)
[2023.09.24-21.42.08:957][  0]LogPakFile: OnPakFileMounted2Time == 0.000245
[2023.09.24-21.42.08:965][  0]LogPakFile: PakFile PrimaryIndexSize=192
[2023.09.24-21.42.08:965][  0]LogPakFile: PakFile PathHashIndexSize=101
[2023.09.24-21.42.08:965][  0]LogPakFile: PakFile FullDirectoryIndexSize=158
[2023.09.24-21.42.08:965][  0]LogShaderLibrary: Display: ShaderCodeLibraryPakFileMountedCallback: PakFile 'C:/Program Files/Epic Games/UE_4.27/FeaturePacks/TP_2DSideScrollerBP.upack' (chunk index -1, root 'root:/') mounted
[2023.09.24-21.42.08:965][  0]LogShaderLibrary: Display: ShaderCodeLibraryPakFileMountedCallback: pending pak file info (ChunkID:-1 Root:root:/ File:C:/Program Files/Epic Games/UE_4.27/FeaturePacks/TP_2DSideScrollerBP.upack)
[2023.09.24-21.42.08:965][  0]LogPakFile: OnPakFileMounted2Time == 0.000249
[2023.09.24-21.42.08:974][  0]LogPakFile: PakFile PrimaryIndexSize=182
[2023.09.24-21.42.08:974][  0]LogPakFile: PakFile PathHashIndexSize=101
[2023.09.24-21.42.08:974][  0]LogPakFile: PakFile FullDirectoryIndexSize=138
[2023.09.24-21.42.08:974][  0]LogShaderLibrary: Display: ShaderCodeLibraryPakFileMountedCallback: PakFile 'C:/Program Files/Epic Games/UE_4.27/FeaturePacks/TP_Flying.upack' (chunk index -1, root 'root:/') mounted
[2023.09.24-21.42.08:974][  0]LogShaderLibrary: Display: ShaderCodeLibraryPakFileMountedCallback: pending pak file info (ChunkID:-1 Root:root:/ File:C:/Program Files/Epic Games/UE_4.27/FeaturePacks/TP_Flying.upack)
[2023.09.24-21.42.08:974][  0]LogPakFile: OnPakFileMounted2Time == 0.000208
[2023.09.24-21.42.08:985][  0]LogPakFile: PakFile PrimaryIndexSize=184
[2023.09.24-21.42.08:985][  0]LogPakFile: PakFile PathHashIndexSize=101
[2023.09.24-21.42.08:985][  0]LogPakFile: PakFile FullDirectoryIndexSize=142
[2023.09.24-21.42.08:985][  0]LogShaderLibrary: Display: ShaderCodeLibraryPakFileMountedCallback: PakFile 'C:/Program Files/Epic Games/UE_4.27/FeaturePacks/TP_FlyingBP.upack' (chunk index -1, root 'root:/') mounted
[2023.09.24-21.42.08:985][  0]LogShaderLibrary: Display: ShaderCodeLibraryPakFileMountedCallback: pending pak file info (ChunkID:-1 Root:root:/ File:C:/Program Files/Epic Games/UE_4.27/FeaturePacks/TP_FlyingBP.upack)
[2023.09.24-21.42.08:985][  0]LogPakFile: OnPakFileMounted2Time == 0.000248
[2023.09.24-21.42.08:997][  0]LogPakFile: PakFile PrimaryIndexSize=188
[2023.09.24-21.42.08:998][  0]LogPakFile: PakFile PathHashIndexSize=101
[2023.09.24-21.42.08:998][  0]LogPakFile: PakFile FullDirectoryIndexSize=150
[2023.09.24-21.42.08:998][  0]LogShaderLibrary: Display: ShaderCodeLibraryPakFileMountedCallback: PakFile 'C:/Program Files/Epic Games/UE_4.27/FeaturePacks/TP_HandheldARBP.upack' (chunk index -1, root 'root:/') mounted
[2023.09.24-21.42.08:998][  0]LogShaderLibrary: Display: ShaderCodeLibraryPakFileMountedCallback: pending pak file info (ChunkID:-1 Root:root:/ File:C:/Program Files/Epic Games/UE_4.27/FeaturePacks/TP_HandheldARBP.upack)
[2023.09.24-21.42.08:998][  0]LogPakFile: OnPakFileMounted2Time == 0.000212
[2023.09.24-21.42.09:009][  0]LogPakFile: PakFile PrimaryIndexSize=182
[2023.09.24-21.42.09:009][  0]LogPakFile: PakFile PathHashIndexSize=101
[2023.09.24-21.42.09:009][  0]LogPakFile: PakFile FullDirectoryIndexSize=138
[2023.09.24-21.42.09:009][  0]LogShaderLibrary: Display: ShaderCodeLibraryPakFileMountedCallback: PakFile 'C:/Program Files/Epic Games/UE_4.27/FeaturePacks/TP_Puzzle.upack' (chunk index -1, root 'root:/') mounted
[2023.09.24-21.42.09:009][  0]LogShaderLibrary: Display: ShaderCodeLibraryPakFileMountedCallback: pending pak file info (ChunkID:-1 Root:root:/ File:C:/Program Files/Epic Games/UE_4.27/FeaturePacks/TP_Puzzle.upack)
[2023.09.24-21.42.09:009][  0]LogPakFile: OnPakFileMounted2Time == 0.000233
[2023.09.24-21.42.09:017][  0]LogPakFile: PakFile PrimaryIndexSize=184
[2023.09.24-21.42.09:018][  0]LogPakFile: PakFile PathHashIndexSize=101
[2023.09.24-21.42.09:018][  0]LogPakFile: PakFile FullDirectoryIndexSize=142
[2023.09.24-21.42.09:018][  0]LogShaderLibrary: Display: ShaderCodeLibraryPakFileMountedCallback: PakFile 'C:/Program Files/Epic Games/UE_4.27/FeaturePacks/TP_PuzzleBP.upack' (chunk index -1, root 'root:/') mounted
[2023.09.24-21.42.09:018][  0]LogShaderLibrary: Display: ShaderCodeLibraryPakFileMountedCallback: pending pak file info (ChunkID:-1 Root:root:/ File:C:/Program Files/Epic Games/UE_4.27/FeaturePacks/TP_PuzzleBP.upack)
[2023.09.24-21.42.09:018][  0]LogPakFile: OnPakFileMounted2Time == 0.000183
[2023.09.24-21.42.09:028][  0]LogPakFile: PakFile PrimaryIndexSize=183
[2023.09.24-21.42.09:028][  0]LogPakFile: PakFile PathHashIndexSize=101
[2023.09.24-21.42.09:028][  0]LogPakFile: PakFile FullDirectoryIndexSize=140
[2023.09.24-21.42.09:028][  0]LogShaderLibrary: Display: ShaderCodeLibraryPakFileMountedCallback: PakFile 'C:/Program Files/Epic Games/UE_4.27/FeaturePacks/TP_Rolling.upack' (chunk index -1, root 'root:/') mounted
[2023.09.24-21.42.09:028][  0]LogShaderLibrary: Display: ShaderCodeLibraryPakFileMountedCallback: pending pak file info (ChunkID:-1 Root:root:/ File:C:/Program Files/Epic Games/UE_4.27/FeaturePacks/TP_Rolling.upack)
[2023.09.24-21.42.09:028][  0]LogPakFile: OnPakFileMounted2Time == 0.000186
[2023.09.24-21.42.09:037][  0]LogPakFile: PakFile PrimaryIndexSize=185
[2023.09.24-21.42.09:037][  0]LogPakFile: PakFile PathHashIndexSize=101
[2023.09.24-21.42.09:037][  0]LogPakFile: PakFile FullDirectoryIndexSize=144
[2023.09.24-21.42.09:037][  0]LogShaderLibrary: Display: ShaderCodeLibraryPakFileMountedCallback: PakFile 'C:/Program Files/Epic Games/UE_4.27/FeaturePacks/TP_RollingBP.upack' (chunk index -1, root 'root:/') mounted
[2023.09.24-21.42.09:038][  0]LogShaderLibrary: Display: ShaderCodeLibraryPakFileMountedCallback: pending pak file info (ChunkID:-1 Root:root:/ File:C:/Program Files/Epic Games/UE_4.27/FeaturePacks/TP_RollingBP.upack)
[2023.09.24-21.42.09:038][  0]LogPakFile: OnPakFileMounted2Time == 0.000224
[2023.09.24-21.42.09:047][  0]LogPakFile: PakFile PrimaryIndexSize=188
[2023.09.24-21.42.09:047][  0]LogPakFile: PakFile PathHashIndexSize=101
[2023.09.24-21.42.09:047][  0]LogPakFile: PakFile FullDirectoryIndexSize=150
[2023.09.24-21.42.09:047][  0]LogShaderLibrary: Display: ShaderCodeLibraryPakFileMountedCallback: PakFile 'C:/Program Files/Epic Games/UE_4.27/FeaturePacks/TP_SideScroller.upack' (chunk index -1, root 'root:/') mounted
[2023.09.24-21.42.09:047][  0]LogShaderLibrary: Display: ShaderCodeLibraryPakFileMountedCallback: pending pak file info (ChunkID:-1 Root:root:/ File:C:/Program Files/Epic Games/UE_4.27/FeaturePacks/TP_SideScroller.upack)
[2023.09.24-21.42.09:047][  0]LogPakFile: OnPakFileMounted2Time == 0.000257
[2023.09.24-21.42.09:055][  0]LogPakFile: PakFile PrimaryIndexSize=190
[2023.09.24-21.42.09:055][  0]LogPakFile: PakFile PathHashIndexSize=101
[2023.09.24-21.42.09:055][  0]LogPakFile: PakFile FullDirectoryIndexSize=154
[2023.09.24-21.42.09:055][  0]LogShaderLibrary: Display: ShaderCodeLibraryPakFileMountedCallback: PakFile 'C:/Program Files/Epic Games/UE_4.27/FeaturePacks/TP_SideScrollerBP.upack' (chunk index -1, root 'root:/') mounted
[2023.09.24-21.42.09:055][  0]LogShaderLibrary: Display: ShaderCodeLibraryPakFileMountedCallback: pending pak file info (ChunkID:-1 Root:root:/ File:C:/Program Files/Epic Games/UE_4.27/FeaturePacks/TP_SideScrollerBP.upack)
[2023.09.24-21.42.09:055][  0]LogPakFile: OnPakFileMounted2Time == 0.000214
[2023.09.24-21.42.09:064][  0]LogPakFile: PakFile PrimaryIndexSize=187
[2023.09.24-21.42.09:064][  0]LogPakFile: PakFile PathHashIndexSize=101
[2023.09.24-21.42.09:064][  0]LogPakFile: PakFile FullDirectoryIndexSize=148
[2023.09.24-21.42.09:064][  0]LogShaderLibrary: Display: ShaderCodeLibraryPakFileMountedCallback: PakFile 'C:/Program Files/Epic Games/UE_4.27/FeaturePacks/TP_ThirdPerson.upack' (chunk index -1, root 'root:/') mounted
[2023.09.24-21.42.09:064][  0]LogShaderLibrary: Display: ShaderCodeLibraryPakFileMountedCallback: pending pak file info (ChunkID:-1 Root:root:/ File:C:/Program Files/Epic Games/UE_4.27/FeaturePacks/TP_ThirdPerson.upack)
[2023.09.24-21.42.09:064][  0]LogPakFile: OnPakFileMounted2Time == 0.000240
[2023.09.24-21.42.09:072][  0]LogPakFile: PakFile PrimaryIndexSize=189
[2023.09.24-21.42.09:073][  0]LogPakFile: PakFile PathHashIndexSize=101
[2023.09.24-21.42.09:073][  0]LogPakFile: PakFile FullDirectoryIndexSize=152
[2023.09.24-21.42.09:073][  0]LogShaderLibrary: Display: ShaderCodeLibraryPakFileMountedCallback: PakFile 'C:/Program Files/Epic Games/UE_4.27/FeaturePacks/TP_ThirdPersonBP.upack' (chunk index -1, root 'root:/') mounted
[2023.09.24-21.42.09:073][  0]LogShaderLibrary: Display: ShaderCodeLibraryPakFileMountedCallback: pending pak file info (ChunkID:-1 Root:root:/ File:C:/Program Files/Epic Games/UE_4.27/FeaturePacks/TP_ThirdPersonBP.upack)
[2023.09.24-21.42.09:073][  0]LogPakFile: OnPakFileMounted2Time == 0.000267
[2023.09.24-21.42.09:083][  0]LogPakFile: PakFile PrimaryIndexSize=183
[2023.09.24-21.42.09:083][  0]LogPakFile: PakFile PathHashIndexSize=101
[2023.09.24-21.42.09:084][  0]LogPakFile: PakFile FullDirectoryIndexSize=140
[2023.09.24-21.42.09:084][  0]LogShaderLibrary: Display: ShaderCodeLibraryPakFileMountedCallback: PakFile 'C:/Program Files/Epic Games/UE_4.27/FeaturePacks/TP_TopDown.upack' (chunk index -1, root 'root:/') mounted
[2023.09.24-21.42.09:084][  0]LogShaderLibrary: Display: ShaderCodeLibraryPakFileMountedCallback: pending pak file info (ChunkID:-1 Root:root:/ File:C:/Program Files/Epic Games/UE_4.27/FeaturePacks/TP_TopDown.upack)
[2023.09.24-21.42.09:084][  0]LogPakFile: OnPakFileMounted2Time == 0.000190
[2023.09.24-21.42.09:092][  0]LogPakFile: PakFile PrimaryIndexSize=185
[2023.09.24-21.42.09:092][  0]LogPakFile: PakFile PathHashIndexSize=101
[2023.09.24-21.42.09:092][  0]LogPakFile: PakFile FullDirectoryIndexSize=144
[2023.09.24-21.42.09:093][  0]LogShaderLibrary: Display: ShaderCodeLibraryPakFileMountedCallback: PakFile 'C:/Program Files/Epic Games/UE_4.27/FeaturePacks/TP_TopDownBP.upack' (chunk index -1, root 'root:/') mounted
[2023.09.24-21.42.09:093][  0]LogShaderLibrary: Display: ShaderCodeLibraryPakFileMountedCallback: pending pak file info (ChunkID:-1 Root:root:/ File:C:/Program Files/Epic Games/UE_4.27/FeaturePacks/TP_TopDownBP.upack)
[2023.09.24-21.42.09:093][  0]LogPakFile: OnPakFileMounted2Time == 0.000272
[2023.09.24-21.42.09:108][  0]LogPakFile: PakFile PrimaryIndexSize=185
[2023.09.24-21.42.09:108][  0]LogPakFile: PakFile PathHashIndexSize=101
[2023.09.24-21.42.09:108][  0]LogPakFile: PakFile FullDirectoryIndexSize=144
[2023.09.24-21.42.09:108][  0]LogShaderLibrary: Display: ShaderCodeLibraryPakFileMountedCallback: PakFile 'C:/Program Files/Epic Games/UE_4.27/FeaturePacks/TP_TwinStick.upack' (chunk index -1, root 'root:/') mounted
[2023.09.24-21.42.09:108][  0]LogShaderLibrary: Display: ShaderCodeLibraryPakFileMountedCallback: pending pak file info (ChunkID:-1 Root:root:/ File:C:/Program Files/Epic Games/UE_4.27/FeaturePacks/TP_TwinStick.upack)
[2023.09.24-21.42.09:109][  0]LogPakFile: OnPakFileMounted2Time == 0.000233
[2023.09.24-21.42.09:117][  0]LogPakFile: PakFile PrimaryIndexSize=187
[2023.09.24-21.42.09:117][  0]LogPakFile: PakFile PathHashIndexSize=101
[2023.09.24-21.42.09:117][  0]LogPakFile: PakFile FullDirectoryIndexSize=148
[2023.09.24-21.42.09:117][  0]LogShaderLibrary: Display: ShaderCodeLibraryPakFileMountedCallback: PakFile 'C:/Program Files/Epic Games/UE_4.27/FeaturePacks/TP_TwinStickBP.upack' (chunk index -1, root 'root:/') mounted
[2023.09.24-21.42.09:118][  0]LogShaderLibrary: Display: ShaderCodeLibraryPakFileMountedCallback: pending pak file info (ChunkID:-1 Root:root:/ File:C:/Program Files/Epic Games/UE_4.27/FeaturePacks/TP_TwinStickBP.upack)
[2023.09.24-21.42.09:118][  0]LogPakFile: OnPakFileMounted2Time == 0.000189
[2023.09.24-21.42.09:135][  0]LogPakFile: PakFile PrimaryIndexSize=183
[2023.09.24-21.42.09:135][  0]LogPakFile: PakFile PathHashIndexSize=101
[2023.09.24-21.42.09:136][  0]LogPakFile: PakFile FullDirectoryIndexSize=140
[2023.09.24-21.42.09:136][  0]LogShaderLibrary: Display: ShaderCodeLibraryPakFileMountedCallback: PakFile 'C:/Program Files/Epic Games/UE_4.27/FeaturePacks/TP_Vehicle.upack' (chunk index -1, root 'root:/') mounted
[2023.09.24-21.42.09:136][  0]LogShaderLibrary: Display: ShaderCodeLibraryPakFileMountedCallback: pending pak file info (ChunkID:-1 Root:root:/ File:C:/Program Files/Epic Games/UE_4.27/FeaturePacks/TP_Vehicle.upack)
[2023.09.24-21.42.09:136][  0]LogPakFile: OnPakFileMounted2Time == 0.000374
[2023.09.24-21.42.09:149][  0]LogPakFile: PakFile PrimaryIndexSize=186
[2023.09.24-21.42.09:149][  0]LogPakFile: PakFile PathHashIndexSize=101
[2023.09.24-21.42.09:149][  0]LogPakFile: PakFile FullDirectoryIndexSize=146
[2023.09.24-21.42.09:149][  0]LogShaderLibrary: Display: ShaderCodeLibraryPakFileMountedCallback: PakFile 'C:/Program Files/Epic Games/UE_4.27/FeaturePacks/TP_VehicleAdv.upack' (chunk index -1, root 'root:/') mounted
[2023.09.24-21.42.09:149][  0]LogShaderLibrary: Display: ShaderCodeLibraryPakFileMountedCallback: pending pak file info (ChunkID:-1 Root:root:/ File:C:/Program Files/Epic Games/UE_4.27/FeaturePacks/TP_VehicleAdv.upack)
[2023.09.24-21.42.09:149][  0]LogPakFile: OnPakFileMounted2Time == 0.000227
[2023.09.24-21.42.09:158][  0]LogPakFile: PakFile PrimaryIndexSize=188
[2023.09.24-21.42.09:158][  0]LogPakFile: PakFile PathHashIndexSize=101
[2023.09.24-21.42.09:158][  0]LogPakFile: PakFile FullDirectoryIndexSize=150
[2023.09.24-21.42.09:158][  0]LogShaderLibrary: Display: ShaderCodeLibraryPakFileMountedCallback: PakFile 'C:/Program Files/Epic Games/UE_4.27/FeaturePacks/TP_VehicleAdvBP.upack' (chunk index -1, root 'root:/') mounted
[2023.09.24-21.42.09:158][  0]LogShaderLibrary: Display: ShaderCodeLibraryPakFileMountedCallback: pending pak file info (ChunkID:-1 Root:root:/ File:C:/Program Files/Epic Games/UE_4.27/FeaturePacks/TP_VehicleAdvBP.upack)
[2023.09.24-21.42.09:158][  0]LogPakFile: OnPakFileMounted2Time == 0.000192
[2023.09.24-21.42.09:166][  0]LogPakFile: PakFile PrimaryIndexSize=185
[2023.09.24-21.42.09:166][  0]LogPakFile: PakFile PathHashIndexSize=101
[2023.09.24-21.42.09:166][  0]LogPakFile: PakFile FullDirectoryIndexSize=144
[2023.09.24-21.42.09:167][  0]LogShaderLibrary: Display: ShaderCodeLibraryPakFileMountedCallback: PakFile 'C:/Program Files/Epic Games/UE_4.27/FeaturePacks/TP_VehicleBP.upack' (chunk index -1, root 'root:/') mounted
[2023.09.24-21.42.09:167][  0]LogShaderLibrary: Display: ShaderCodeLibraryPakFileMountedCallback: pending pak file info (ChunkID:-1 Root:root:/ File:C:/Program Files/Epic Games/UE_4.27/FeaturePacks/TP_VehicleBP.upack)
[2023.09.24-21.42.09:167][  0]LogPakFile: OnPakFileMounted2Time == 0.000210
[2023.09.24-21.42.09:175][  0]LogPakFile: PakFile PrimaryIndexSize=192
[2023.09.24-21.42.09:175][  0]LogPakFile: PakFile PathHashIndexSize=101
[2023.09.24-21.42.09:175][  0]LogPakFile: PakFile FullDirectoryIndexSize=158
[2023.09.24-21.42.09:175][  0]LogShaderLibrary: Display: ShaderCodeLibraryPakFileMountedCallback: PakFile 'C:/Program Files/Epic Games/UE_4.27/FeaturePacks/TP_VirtualRealityBP.upack' (chunk index -1, root 'root:/') mounted
[2023.09.24-21.42.09:175][  0]LogShaderLibrary: Display: ShaderCodeLibraryPakFileMountedCallback: pending pak file info (ChunkID:-1 Root:root:/ File:C:/Program Files/Epic Games/UE_4.27/FeaturePacks/TP_VirtualRealityBP.upack)
[2023.09.24-21.42.09:175][  0]LogPakFile: OnPakFileMounted2Time == 0.000173
[2023.09.24-21.42.09:495][  0]LogNativeClassHierarchy: Verbose: Native class hierarchy updated for 'AddContentDialog' in 0.0004 seconds. Added 0 classes and 0 folders.
[2023.09.24-21.42.09:515][  0]LogNativeClassHierarchy: Verbose: Native class hierarchy updated for 'SceneOutliner' in 0.0003 seconds. Added 2 classes and 0 folders.
[2023.09.24-21.42.09:826][  0]LogSlate: Took 0.006827 seconds to synchronously load lazily loaded font '../../../Engine/Content/Slate/Fonts/Roboto-Regular.ttf' (155K)
[2023.09.24-21.42.09:837][  0]LogSlate: Took 0.007137 seconds to synchronously load lazily loaded font '../../../Engine/Content/Editor/Slate/Fonts/FontAwesome.ttf' (139K)
[2023.09.24-21.42.09:847][  0]LogSlate: Took 0.007778 seconds to synchronously load lazily loaded font '../../../Engine/Content/Slate/Fonts/Roboto-Bold.ttf' (160K)
[2023.09.24-21.42.10:056][  0]LogRenderer: Reallocating scene render targets to support 1216x572 Format 10 NumSamples 1 (Frame:1).
[2023.09.24-21.42.10:184][  0]LogSlate: Took 0.008144 seconds to synchronously load lazily loaded font '../../../Engine/Content/Slate/Fonts/Roboto-Light.ttf' (167K)
[2023.09.24-21.42.10:306][  0]LogNativeClassHierarchy: Verbose: Native class hierarchy updated for 'HierarchicalLODOutliner' in 0.0005 seconds. Added 0 classes and 0 folders.
[2023.09.24-21.42.10:306][  0]LogLoad: (Engine Initialization) Total time: 16.15 seconds
[2023.09.24-21.42.10:306][  0]LogLoad: (Engine Initialization) Total Blueprint compile time: 0.00 seconds
[2023.09.24-21.42.10:460][  0]LogAssetRegistry: Asset discovery search completed in 8.5485 seconds
[2023.09.24-21.42.10:475][  0]LogCollectionManager: Fixed up redirectors for 0 collections in 0.000010 seconds (updated 0 objects)
[2023.09.24-21.42.10:488][  0]LogContentStreaming: Texture pool size now 1000 MB
[2023.09.24-21.42.57:094][869]LogTemp: Repeating last play command: Selected Viewport
[2023.09.24-21.42.57:104][869]LogPlayLevel: PlayLevel: No blueprints needed recompiling
[2023.09.24-21.42.57:112][869]PIE: New page: PIE session: Minimal_Default (Sep 25, 2023, 1:42:57 AM)
[2023.09.24-21.42.57:123][869]LogOnline: OSS: Creating online subsystem instance for: NULL
[2023.09.24-21.42.57:126][869]LogOnline: OSS: TryLoadSubsystemAndSetDefault: Loaded subsystem for module [NULL]
[2023.09.24-21.42.57:128][869]LogPlayLevel: Creating play world package: /Game/StarterContent/Maps/UEDPIE_0_Minimal_Default
[2023.09.24-21.42.57:136][869]LogPlayLevel: PIE: StaticDuplicateObject took: (0.008303s)
[2023.09.24-21.42.57:138][869]LogAIModule: Creating AISystem for world Minimal_Default
[2023.09.24-21.42.57:139][869]LogPlayLevel: PIE: World Init took: (0.002732s)
[2023.09.24-21.42.57:139][869]LogPlayLevel: PIE: Created PIE world by copying editor world from /Game/StarterContent/Maps/Minimal_Default.Minimal_Default to /Game/StarterContent/Maps/UEDPIE_0_Minimal_Default.Minimal_Default (0.011857s)
[2023.09.24-21.42.57:152][869]LogUObjectHash: Compacting FUObjectHashTables data took   2.66ms
[2023.09.24-21.42.57:156][869]LogAudio: Display: Creating Audio Device:                 Id: 2, Scope: Unique, Realtime: True
[2023.09.24-21.42.57:156][869]LogAudioMixer: Display: Audio Mixer Platform Settings:
[2023.09.24-21.42.57:157][869]LogAudioMixer: Display: 	Sample Rate:						  48000
[2023.09.24-21.42.57:157][869]LogAudioMixer: Display: 	Callback Buffer Frame Size Requested: 1024
[2023.09.24-21.42.57:157][869]LogAudioMixer: Display: 	Callback Buffer Frame Size To Use:	  1024
[2023.09.24-21.42.57:157][869]LogAudioMixer: Display: 	Number of buffers to queue:			  2
[2023.09.24-21.42.57:157][869]LogAudioMixer: Display: 	Max Channels (voices):				  32
[2023.09.24-21.42.57:158][869]LogAudioMixer: Display: 	Number of Async Source Workers:		  0
[2023.09.24-21.42.57:158][869]LogAudio: Display: AudioDevice MaxSources: 32
[2023.09.24-21.42.57:159][869]LogAudio: Display: Audio Spatialization Plugin: None (built-in).
[2023.09.24-21.42.57:159][869]LogAudio: Display: Audio Reverb Plugin: None (built-in).
[2023.09.24-21.42.57:159][869]LogAudio: Display: Audio Occlusion Plugin: None (built-in).
[2023.09.24-21.42.57:159][869]LogAudioMixer: Display: Initializing audio mixer.
[2023.09.24-21.42.57:164][869]LogAudioMixer: Display: 0: FrontLeft
[2023.09.24-21.42.57:164][869]LogAudioMixer: Display: 1: FrontRight
[2023.09.24-21.42.57:177][869]LogAudioMixer: Display: Using Audio Device Headphones (2- High Definition Audio Device)
[2023.09.24-21.42.57:178][869]LogAudioMixer: Display: Initializing Sound Submixes...
[2023.09.24-21.42.57:178][869]LogAudioMixer: Display: Creating Master Submix 'MasterSubmixDefault'
[2023.09.24-21.42.57:178][869]LogAudioMixer: Display: Creating Master Submix 'MasterReverbSubmixDefault'
[2023.09.24-21.42.57:179][869]LogAudioMixer: Display: Creating Master Submix 'MasterEQSubmixDefault'
[2023.09.24-21.42.57:179][869]LogAudioMixer: FMixerPlatformXAudio2::StartAudioStream() called
[2023.09.24-21.42.57:179][869]LogAudioMixer: Display: Output buffers initialized: Frames=1024, Channels=2, Samples=2048
[2023.09.24-21.42.57:182][869]LogAudioMixer: Display: Starting AudioMixerPlatformInterface::RunInternal()
[2023.09.24-21.42.57:182][869]LogAudioMixer: Display: FMixerPlatformXAudio2::SubmitBuffer() called for the first time
[2023.09.24-21.42.57:182][869]LogInit: FAudioDevice initialized.
[2023.09.24-21.42.57:182][869]LogAudio: Display: Audio Device (ID: 2) registered with world 'Minimal_Default'.
[2023.09.24-21.42.57:200][869]LogLoad: Game class is 'BP_PingPongGameModeBase_C'
[2023.09.24-21.42.57:209][869]LogWorld: Bringing World /Game/StarterContent/Maps/UEDPIE_0_Minimal_Default.Minimal_Default up for play (max tick rate 60) at 2023.09.24-23.42.57
[2023.09.24-21.42.57:211][869]LogWorld: Bringing up level for play took: 0.002195
[2023.09.24-21.42.57:213][869]LogOnline: OSS: Creating online subsystem instance for: :Context_3
[2023.09.24-21.42.57:238][869]LogNativeClassHierarchy: Verbose: Native class hierarchy updated for 'MovieSceneCapture' in 0.0004 seconds. Added 20 classes and 0 folders.
[2023.09.24-21.42.57:248][869]LogTemp: Warning: Begin
[2023.09.24-21.42.57:255][869]LogNet: ReplicationDriverClass is null! Not using ReplicationDriver.
[2023.09.24-21.42.57:256][869]LogNetCore: DDoS detection status: detection enabled: 0 analytics enabled: 0
[2023.09.24-21.42.57:257][869]LogInit: WinSock: Socket queue. Rx: 131072 (config 131072) Tx: 131072 (config 131072)
[2023.09.24-21.42.57:258][869]LogNet: Created socket for bind address: 0.0.0.0 on port 17777
[2023.09.24-21.42.57:259][869]PacketHandlerLog: Loaded PacketHandler component: Engine.EngineHandlerComponentFactory (StatelessConnectHandlerComponent)
[2023.09.24-21.42.57:260][869]LogNet: GameNetDriver IpNetDriver_0 IpNetDriver listening on port 17777
[2023.09.24-21.42.57:262][869]PIE: Server logged in
[2023.09.24-21.42.57:264][869]PIE: Play in editor total start time 0.164 seconds.
[2023.09.24-21.42.57:266][869]LogAudio: Display: Creating Audio Device:                 Id: 3, Scope: Unique, Realtime: True
[2023.09.24-21.42.57:266][869]LogAudioMixer: Display: Audio Mixer Platform Settings:
[2023.09.24-21.42.57:266][869]LogAudioMixer: Display: 	Sample Rate:						  48000
[2023.09.24-21.42.57:266][869]LogAudioMixer: Display: 	Callback Buffer Frame Size Requested: 1024
[2023.09.24-21.42.57:266][869]LogAudioMixer: Display: 	Callback Buffer Frame Size To Use:	  1024
[2023.09.24-21.42.57:266][869]LogAudioMixer: Display: 	Number of buffers to queue:			  2
[2023.09.24-21.42.57:266][869]LogAudioMixer: Display: 	Max Channels (voices):				  32
[2023.09.24-21.42.57:266][869]LogAudioMixer: Display: 	Number of Async Source Workers:		  0
[2023.09.24-21.42.57:266][869]LogAudio: Display: AudioDevice MaxSources: 32
[2023.09.24-21.42.57:267][869]LogAudio: Display: Audio Spatialization Plugin: None (built-in).
[2023.09.24-21.42.57:268][869]LogAudio: Display: Audio Reverb Plugin: None (built-in).
[2023.09.24-21.42.57:268][869]LogAudio: Display: Audio Occlusion Plugin: None (built-in).
[2023.09.24-21.42.57:268][869]LogAudioMixer: Display: Initializing audio mixer.
[2023.09.24-21.42.57:270][869]LogAudioMixer: Display: 0: FrontLeft
[2023.09.24-21.42.57:271][869]LogAudioMixer: Display: 1: FrontRight
[2023.09.24-21.42.57:280][869]LogAudioMixer: Display: Using Audio Device Headphones (2- High Definition Audio Device)
[2023.09.24-21.42.57:281][869]LogAudioMixer: Display: Initializing Sound Submixes...
[2023.09.24-21.42.57:281][869]LogAudioMixer: Display: Creating Master Submix 'MasterSubmixDefault'
[2023.09.24-21.42.57:281][869]LogAudioMixer: Display: Creating Master Submix 'MasterReverbSubmixDefault'
[2023.09.24-21.42.57:282][869]LogAudioMixer: Display: Creating Master Submix 'MasterEQSubmixDefault'
[2023.09.24-21.42.57:282][869]LogAudioMixer: FMixerPlatformXAudio2::StartAudioStream() called
[2023.09.24-21.42.57:282][869]LogAudioMixer: Display: Output buffers initialized: Frames=1024, Channels=2, Samples=2048
[2023.09.24-21.42.57:285][869]LogAudioMixer: Display: Starting AudioMixerPlatformInterface::RunInternal()
[2023.09.24-21.42.57:285][869]LogAudioMixer: Display: FMixerPlatformXAudio2::SubmitBuffer() called for the first time
[2023.09.24-21.42.57:285][869]LogInit: FAudioDevice initialized.
[2023.09.24-21.42.57:285][869]LogAudio: Display: Audio Device (ID: 3) registered with world 'Untitled'.
[2023.09.24-21.42.57:340][869]LogSlate: Updating window title bar state: overlay mode, drag disabled, window buttons hidden, title bar hidden
[2023.09.24-21.42.57:341][869]LogNet: Browse: 127.0.0.1:17777/Game/StarterContent/Maps/Minimal_Default
[2023.09.24-21.42.57:341][869]LogInit: WinSock: Socket queue. Rx: 32768 (config 32768) Tx: 32768 (config 32768)
[2023.09.24-21.42.57:342][869]LogNet: Created socket for bind address: 0.0.0.0 on port 0
[2023.09.24-21.42.57:343][869]PacketHandlerLog: Loaded PacketHandler component: Engine.EngineHandlerComponentFactory (StatelessConnectHandlerComponent)