Log file open, 09/23/23 10:24:00
LogWindows: Failed to load 'aqProf.dll' (GetLastError=126)
LogWindows: File 'aqProf.dll' does not exist
LogWindows: Failed to load 'VtuneApi.dll' (GetLastError=126)
LogWindows: File 'VtuneApi.dll' does not exist
LogWindows: Failed to load 'VtuneApi32e.dll' (GetLastError=126)
LogWindows: File 'VtuneApi32e.dll' does not exist
LogConsoleResponse: Display: Failed to find resolution value strings in scalability ini. Falling back to default.
LogConsoleResponse: Display: Failed to find resolution value strings in scalability ini. Falling back to default.
LogInit: Display: Running engine for game: PingPong
LogPlatformFile: Not using cached read wrapper
LogTaskGraph: Started task graph with 5 named threads and 23 total threads with 3 sets of task threads.
LogStats: Stats thread started at 0.365476
LogICUInternationalization: ICU TimeZone Detection - Raw Offset: +1:00, Platform Override: ''
LogInit: Display: Loading text-based GConfig....
LogPluginManager: Mounting plugin MeshPainting
LogPluginManager: Mounting plugin XGEController
LogPluginManager: Mounting plugin EnvironmentQueryEditor
LogPluginManager: Mounting plugin LightPropagationVolume
LogPluginManager: Mounting plugin Paper2D
LogPluginManager: Mounting plugin AISupport
LogPluginManager: Mounting plugin CameraShakePreviewer
LogPluginManager: Mounting plugin GameplayCameras
LogPluginManager: Mounting plugin LiveLink
LogPluginManager: Mounting plugin OodleData
LogPluginManager: Mounting plugin AnimationSharing
LogPluginManager: Mounting plugin CLionSourceCodeAccess
LogPluginManager: Mounting plugin CodeLiteSourceCodeAccess
LogPluginManager: Mounting plugin KDevelopSourceCodeAccess
LogPluginManager: Mounting plugin NullSourceCodeAccess
LogPluginManager: Mounting plugin GitSourceControl
LogPluginManager: Mounting plugin PerforceSourceControl
LogPluginManager: Mounting plugin PixWinPlugin
LogPluginManager: Mounting plugin PlasticSourceControl
LogPluginManager: Mounting plugin PropertyAccessNode
LogPluginManager: Mounting plugin PluginUtils
LogPluginManager: Mounting plugin TextureFormatOodle
LogPluginManager: Mounting plugin RiderSourceCodeAccess
LogPluginManager: Mounting plugin SubversionSourceControl
LogPluginManager: Mounting plugin UObjectPlugin
LogPluginManager: Mounting plugin Niagara
LogPluginManager: Mounting plugin DatasmithContent
LogPluginManager: Mounting plugin AlembicImporter
LogPluginManager: Mounting plugin AutomationUtils
LogPluginManager: Mounting plugin VariantManagerContent
LogPluginManager: Mounting plugin BackChannel
LogPluginManager: Mounting plugin ChaosEditor
LogPluginManager: Mounting plugin ChaosClothEditor
LogPluginManager: Mounting plugin ChaosCloth
LogPluginManager: Mounting plugin ChaosNiagara
LogPluginManager: Mounting plugin ChaosSolverPlugin
LogPluginManager: Mounting plugin CharacterAI
LogPluginManager: Mounting plugin GeometryCache
LogPluginManager: Mounting plugin LuminPlatformFeatures
LogPluginManager: Mounting plugin MagicLeap
LogPluginManager: Mounting plugin GeometryCollectionPlugin
LogPluginManager: Mounting plugin MagicLeapLightEstimation
LogPluginManager: Mounting plugin MagicLeapMedia
LogPluginManager: Mounting plugin MagicLeapPassableWorld
LogPluginManager: Mounting plugin OodleNetwork
LogPluginManager: Mounting plugin MLSDK
LogPluginManager: Mounting plugin GeometryProcessing
LogPluginManager: Mounting plugin AndroidMedia
LogPluginManager: Mounting plugin MotoSynth
LogPluginManager: Mounting plugin OpenImageDenoise
LogPluginManager: Mounting plugin AvfMedia
LogPluginManager: Mounting plugin PlanarCut
LogPluginManager: Mounting plugin ProxyLODPlugin
LogPluginManager: Mounting plugin PlatformCrypto
LogPluginManager: Mounting plugin PythonScriptPlugin
LogPluginManager: Mounting plugin ImgMedia
LogPluginManager: Mounting plugin MediaCompositing
LogPluginManager: Mounting plugin WebMMedia
LogPluginManager: Mounting plugin MediaPlayerEditor
LogPluginManager: Mounting plugin WmfMedia
LogPluginManager: Mounting plugin SkeletalReduction
LogPluginManager: Mounting plugin ActorSequence
LogPluginManager: Mounting plugin LevelSequenceEditor
LogPluginManager: Mounting plugin MatineeToLevelSequence
LogPluginManager: Mounting plugin TcpMessaging
LogPluginManager: Mounting plugin UdpMessaging
LogPluginManager: Mounting plugin TemplateSequence
LogPluginManager: Mounting plugin OnlineSubsystem
LogPluginManager: Mounting plugin LauncherChunkInstaller
LogPluginManager: Mounting plugin OnlineSubsystemNull
LogPluginManager: Mounting plugin OnlineSubsystemUtils
LogPluginManager: Mounting plugin ActorLayerUtilities
LogPluginManager: Mounting plugin AndroidPermission
LogPluginManager: Mounting plugin AndroidMoviePlayer
LogPluginManager: Mounting plugin AndroidDeviceProfileSelector
LogPluginManager: Mounting plugin AppleImageUtils
LogPluginManager: Mounting plugin AppleMoviePlayer
LogPluginManager: Mounting plugin ArchVisCharacter
LogPluginManager: Mounting plugin AssetTags
LogPluginManager: Mounting plugin AudioCapture
LogPluginManager: Mounting plugin AudioSynesthesia
LogPluginManager: Mounting plugin CableComponent
LogPluginManager: Mounting plugin CustomMeshComponent
LogPluginManager: Mounting plugin ExampleDeviceProfileSelector
LogPluginManager: Mounting plugin ChunkDownloader
LogPluginManager: Mounting plugin EditableMesh
LogPluginManager: Mounting plugin GoogleCloudMessaging
LogPluginManager: Mounting plugin GooglePAD
LogPluginManager: Mounting plugin IOSDeviceProfileSelector
LogPluginManager: Mounting plugin LinuxDeviceProfileSelector
LogPluginManager: Mounting plugin LocationServicesBPLibrary
LogPluginManager: Mounting plugin MobilePatchingUtils
LogPluginManager: Mounting plugin OpenXR
LogPluginManager: Mounting plugin OpenXREyeTracker
LogPluginManager: Mounting plugin OpenXRHandTracking
LogPluginManager: Mounting plugin PhysXVehicles
LogPluginManager: Mounting plugin ScreenshotTools
LogPluginManager: Mounting plugin PostSplashScreen
LogPluginManager: Mounting plugin ProceduralMeshComponent
LogPluginManager: Mounting plugin PropertyAccessEditor
LogPluginManager: Mounting plugin RuntimePhysXCooking
LogPluginManager: Mounting plugin SignificanceManager
LogPluginManager: Mounting plugin SoundFields
LogPluginManager: Mounting plugin Synthesis
LogPluginManager: Mounting plugin WebMMoviePlayer
LogPluginManager: Mounting plugin WindowsMoviePlayer
LogPluginManager: Mounting plugin Takes
LogPluginManager: Mounting plugin XCodeSourceCodeAccess
LogPluginManager: Mounting plugin VisualStudioSourceCodeAccess
LogPluginManager: Mounting plugin VisualStudioCodeSourceCodeAccess
LogPluginManager: Mounting plugin AssetManagerEditor
LogPluginManager: Mounting plugin CryptoKeys
LogPluginManager: Mounting plugin CurveEditorTools
LogPluginManager: Mounting plugin DataValidation
LogPluginManager: Mounting plugin GameplayTagsEditor
LogPluginManager: Mounting plugin FacialAnimation
LogPluginManager: Mounting plugin GeometryMode
LogPluginManager: Mounting plugin MacGraphicsSwitching
LogPluginManager: Mounting plugin MaterialAnalyzer
LogPluginManager: Mounting plugin PluginBrowser
LogPluginManager: Mounting plugin MobileLauncherProfileWizard
LogPluginManager: Mounting plugin SpeedTreeImporter
LogPluginManager: Mounting plugin OnlineSubsystemGooglePlay
LogPluginManager: Mounting plugin OnlineSubsystemIOS
LogPluginManager: Mounting plugin OculusVR
LogPluginManager: Mounting plugin SteamVR
LogPluginManager: Mounting plugin ContentBrowserAssetDataSource
LogPluginManager: Mounting plugin ContentBrowserClassDataSource
LogPluginManager: Mounting plugin ContentBrowserFileDataSource
PixWinPlugin: PIX capture plugin failed to initialize! Check that the process is launched from PIX.
LogInit: Using libcurl 7.55.1-DEV
LogInit:  - built for x86_64-pc-win32
LogInit:  - supports SSL with OpenSSL/1.1.1
LogInit:  - supports HTTP deflate (compression) using libz 1.2.8
LogInit:  - other features:
LogInit:      CURL_VERSION_SSL
LogInit:      CURL_VERSION_LIBZ
LogInit:      CURL_VERSION_IPV6
LogInit:      CURL_VERSION_ASYNCHDNS
LogInit:      CURL_VERSION_LARGEFILE
LogInit:      CURL_VERSION_IDN
LogInit:  CurlRequestOptions (configurable via config and command line):
LogInit:  - bVerifyPeer = true  - Libcurl will verify peer certificate
LogInit:  - bUseHttpProxy = false  - Libcurl will NOT use HTTP proxy
LogInit:  - bDontReuseConnections = false  - Libcurl will reuse connections
LogInit:  - MaxHostConnections = 16  - Libcurl will limit the number of connections to a host
LogInit:  - LocalHostAddr = Default
LogInit:  - BufferSize = 65536
LogOnline: OSS: Creating online subsystem instance for: NULL
LogInit: WinSock: version 1.1 (2.2), MaxSocks=32767, MaxUdp=65467
LogOnline: OSS: TryLoadSubsystemAndSetDefault: Loaded subsystem for module [NULL]
LogOculusPluginWrapper: OculusPlugin initialized successfully
LogHMD: Failed initializing OVRPlugin 1.59.0
LogInit: Build: ++UE4+Release-4.27-CL-18319896
LogInit: Engine Version: 4.27.2-18319896+++UE4+Release-4.27
LogInit: Compatible Engine Version: 4.27.0-17155196+++UE4+Release-4.27
LogInit: Net CL: 17155196
LogInit: OS: Windows 10 (Release 2009) (), CPU: Intel(R) Core(TM) i5-8250U CPU @ 1.60GHz, GPU: Intel(R) UHD Graphics 620
LogInit: Compiled (64-bit): Nov 30 2021 07:12:08
LogInit: Compiled with Visual C++: 19.24.28315.00
LogInit: Build Configuration: Development
LogInit: Branch Name: ++UE4+Release-4.27
LogInit: Command Line:  -skipcompile
LogInit: Base Directory: C:/Program Files/Epic Games/UE_4.27/Engine/Binaries/Win64/
LogInit: Allocator: TBB
LogInit: Installed Engine Build: 1
LogDevObjectVersion: Number of dev versions registered: 29
LogDevObjectVersion:   Dev-Blueprints (B0D832E4-1F89-4F0D-ACCF-7EB736FD4AA2): 10
LogDevObjectVersion:   Dev-Build (E1C64328-A22C-4D53-A36C-8E866417BD8C): 0
LogDevObjectVersion:   Dev-Core (375EC13C-06E4-48FB-B500-84F0262A717E): 4
LogDevObjectVersion:   Dev-Editor (E4B068ED-F494-42E9-A231-DA0B2E46BB41): 40
LogDevObjectVersion:   Dev-Framework (CFFC743F-43B0-4480-9391-14DF171D2073): 37
LogDevObjectVersion:   Dev-Mobile (B02B49B5-BB20-44E9-A304-32B752E40360): 3
LogDevObjectVersion:   Dev-Networking (A4E4105C-59A1-49B5-A7C5-40C4547EDFEE): 0
LogDevObjectVersion:   Dev-Online (39C831C9-5AE6-47DC-9A44-9C173E1C8E7C): 0
LogDevObjectVersion:   Dev-Physics (78F01B33-EBEA-4F98-B9B4-84EACCB95AA2): 14
LogDevObjectVersion:   Dev-Platform (6631380F-2D4D-43E0-8009-CF276956A95A): 0
LogDevObjectVersion:   Dev-Rendering (12F88B9F-8875-4AFC-A67C-D90C383ABD29): 45
LogDevObjectVersion:   Dev-Sequencer (7B5AE74C-D270-4C10-A958-57980B212A5A): 13
LogDevObjectVersion:   Dev-VR (D7296918-1DD6-4BDD-9DE2-64A83CC13884): 3
LogDevObjectVersion:   Dev-LoadTimes (C2A15278-BFE7-4AFE-6C17-90FF531DF755): 1
LogDevObjectVersion:   Private-Geometry (6EACA3D4-40EC-4CC1-B786-8BED09428FC5): 3
LogDevObjectVersion:   Dev-AnimPhys (29E575DD-E0A3-4627-9D10-D276232CDCEA): 17
LogDevObjectVersion:   Dev-Anim (AF43A65D-7FD3-4947-9873-3E8ED9C1BB05): 15
LogDevObjectVersion:   Dev-ReflectionCapture (6B266CEC-1EC7-4B8F-A30B-E4D90942FC07): 1
LogDevObjectVersion:   Dev-Automation (0DF73D61-A23F-47EA-B727-89E90C41499A): 1
LogDevObjectVersion:   FortniteMain (601D1886-AC64-4F84-AA16-D3DE0DEAC7D6): 47
LogDevObjectVersion:   FortniteRelease (E7086368-6B23-4C58-8439-1B7016265E91): 1
LogDevObjectVersion:   Dev-Enterprise (9DFFBCD6-494F-0158-E221-12823C92A888): 10
LogDevObjectVersion:   Dev-Niagara (F2AED0AC-9AFE-416F-8664-AA7FFA26D6FC): 1
LogDevObjectVersion:   Dev-Destruction (174F1F0B-B4C6-45A5-B13F-2EE8D0FB917D): 10
LogDevObjectVersion:   Dev-Physics-Ext (35F94A83-E258-406C-A318-09F59610247C): 41
LogDevObjectVersion:   Dev-PhysicsMaterial-Chaos (B68FC16E-8B1B-42E2-B453-215C058844FE): 1
LogDevObjectVersion:   Dev-CineCamera (B2E18506-4273-CFC2-A54E-F4BB758BBA07): 1
LogDevObjectVersion:   Dev-VirtualProduction (64F58936-FD1B-42BA-BA96-7289D5D0FA4E): 1
LogDevObjectVersion:   Dev-MediaFramework (6F0ED827-A609-4895-9C91-998D90180EA4): 2
LogInit: Presizing for max 25165824 objects, including 0 objects not considered by GC, pre-allocating 0 bytes for permanent pool.
LogConfig: Applying CVar settings from Section [/Script/Engine.StreamingSettings] File [C:/Unreal/Multiplayer_PingPong_Unreal/PingPong/Saved/Config/Windows/Engine.ini]
LogConfig: Setting CVar [[s.MinBulkDataSizeForAsyncLoading:131072]]
LogConfig: Setting CVar [[s.AsyncLoadingThreadEnabled:0]]
LogConfig: Setting CVar [[s.EventDrivenLoaderEnabled:1]]
LogConfig: Setting CVar [[s.WarnIfTimeLimitExceeded:0]]
LogConfig: Setting CVar [[s.TimeLimitExceededMultiplier:1.5]]
LogConfig: Setting CVar [[s.TimeLimitExceededMinTime:0.005]]
LogConfig: Setting CVar [[s.UseBackgroundLevelStreaming:1]]
LogConfig: Setting CVar [[s.PriorityAsyncLoadingExtraTime:15.0]]
LogConfig: Setting CVar [[s.LevelStreamingActorsUpdateTimeLimit:5.0]]
LogConfig: Setting CVar [[s.PriorityLevelStreamingActorsUpdateExtraTime:5.0]]
LogConfig: Setting CVar [[s.LevelStreamingComponentsRegistrationGranularity:10]]
LogConfig: Setting CVar [[s.UnregisterComponentsTimeLimit:1.0]]
LogConfig: Setting CVar [[s.LevelStreamingComponentsUnregistrationGranularity:5]]
LogConfig: Setting CVar [[s.FlushStreamingOnExit:1]]
LogInit: Object subsystem initialized
LogConfig: Setting CVar [[con.DebugEarlyDefault:1]]
LogConfig: Setting CVar [[r.setres:1280x720]]
[2023.09.23-08.24.01:894][  0]LogConfig: Setting CVar [[r.VSync:0]]
[2023.09.23-08.24.01:894][  0]LogConfig: Setting CVar [[r.RHICmdBypass:0]]
[2023.09.23-08.24.01:894][  0]LogConfig: Applying CVar settings from Section [/Script/Engine.RendererSettings] File [C:/Unreal/Multiplayer_PingPong_Unreal/PingPong/Saved/Config/Windows/Engine.ini]
[2023.09.23-08.24.01:894][  0]LogConfig: Setting CVar [[r.GPUCrashDebugging:0]]
[2023.09.23-08.24.01:894][  0]LogConfig: Applying CVar settings from Section [/Script/Engine.RendererOverrideSettings] File [C:/Unreal/Multiplayer_PingPong_Unreal/PingPong/Saved/Config/Windows/Engine.ini]
[2023.09.23-08.24.01:894][  0]LogConfig: Applying CVar settings from Section [/Script/Engine.StreamingSettings] File [C:/Unreal/Multiplayer_PingPong_Unreal/PingPong/Saved/Config/Windows/Engine.ini]
[2023.09.23-08.24.01:894][  0]LogConfig: Setting CVar [[s.MinBulkDataSizeForAsyncLoading:131072]]
[2023.09.23-08.24.01:894][  0]LogConfig: Setting CVar [[s.AsyncLoadingThreadEnabled:0]]
[2023.09.23-08.24.01:894][  0]LogConfig: Setting CVar [[s.EventDrivenLoaderEnabled:1]]
[2023.09.23-08.24.01:894][  0]LogConfig: Setting CVar [[s.WarnIfTimeLimitExceeded:0]]
[2023.09.23-08.24.01:895][  0]LogConfig: Setting CVar [[s.TimeLimitExceededMultiplier:1.5]]
[2023.09.23-08.24.01:895][  0]LogConfig: Setting CVar [[s.TimeLimitExceededMinTime:0.005]]
[2023.09.23-08.24.01:895][  0]LogConfig: Setting CVar [[s.UseBackgroundLevelStreaming:1]]
[2023.09.23-08.24.01:895][  0]LogConfig: Setting CVar [[s.PriorityAsyncLoadingExtraTime:15.0]]
[2023.09.23-08.24.01:895][  0]LogConfig: Setting CVar [[s.LevelStreamingActorsUpdateTimeLimit:5.0]]
[2023.09.23-08.24.01:895][  0]LogConfig: Setting CVar [[s.PriorityLevelStreamingActorsUpdateExtraTime:5.0]]
[2023.09.23-08.24.01:895][  0]LogConfig: Setting CVar [[s.LevelStreamingComponentsRegistrationGranularity:10]]
[2023.09.23-08.24.01:895][  0]LogConfig: Setting CVar [[s.UnregisterComponentsTimeLimit:1.0]]
[2023.09.23-08.24.01:895][  0]LogConfig: Setting CVar [[s.LevelStreamingComponentsUnregistrationGranularity:5]]
[2023.09.23-08.24.01:895][  0]LogConfig: Setting CVar [[s.FlushStreamingOnExit:1]]
[2023.09.23-08.24.01:895][  0]LogConfig: Applying CVar settings from Section [/Script/Engine.GarbageCollectionSettings] File [C:/Unreal/Multiplayer_PingPong_Unreal/PingPong/Saved/Config/Windows/Engine.ini]
[2023.09.23-08.24.01:895][  0]LogConfig: Setting CVar [[gc.MaxObjectsNotConsideredByGC:1]]
[2023.09.23-08.24.01:895][  0]LogConfig: Setting CVar [[gc.SizeOfPermanentObjectPool:0]]
[2023.09.23-08.24.01:896][  0]LogConfig: Setting CVar [[gc.FlushStreamingOnGC:0]]
[2023.09.23-08.24.01:896][  0]LogConfig: Setting CVar [[gc.NumRetriesBeforeForcingGC:10]]
[2023.09.23-08.24.01:896][  0]LogConfig: Setting CVar [[gc.AllowParallelGC:1]]
[2023.09.23-08.24.01:896][  0]LogConfig: Setting CVar [[gc.TimeBetweenPurgingPendingKillObjects:61.1]]
[2023.09.23-08.24.01:896][  0]LogConfig: Setting CVar [[gc.MaxObjectsInEditor:25165824]]
[2023.09.23-08.24.01:896][  0]LogConfig: Setting CVar [[gc.IncrementalBeginDestroyEnabled:1]]
[2023.09.23-08.24.01:896][  0]LogConfig: Setting CVar [[gc.CreateGCClusters:1]]
[2023.09.23-08.24.01:896][  0]LogConfig: Setting CVar [[gc.MinGCClusterSize:5]]
[2023.09.23-08.24.01:896][  0]LogConfig: Setting CVar [[gc.ActorClusteringEnabled:0]]
[2023.09.23-08.24.01:896][  0]LogConfig: Setting CVar [[gc.BlueprintClusteringEnabled:0]]
[2023.09.23-08.24.01:896][  0]LogConfig: Setting CVar [[gc.UseDisregardForGCOnDedicatedServers:0]]
[2023.09.23-08.24.01:896][  0]LogConfig: Setting CVar [[gc.MultithreadedDestructionEnabled:1]]
[2023.09.23-08.24.01:896][  0]LogConfig: Applying CVar settings from Section [/Script/Engine.NetworkSettings] File [C:/Unreal/Multiplayer_PingPong_Unreal/PingPong/Saved/Config/Windows/Engine.ini]
[2023.09.23-08.24.01:896][  0]LogConfig: Applying CVar settings from Section [/Script/UnrealEd.CookerSettings] File [C:/Unreal/Multiplayer_PingPong_Unreal/PingPong/Saved/Config/Windows/Engine.ini]
[2023.09.23-08.24.01:930][  0]LogConfig: Applying CVar settings from Section [ViewDistanceQuality@3] File [C:/Unreal/Multiplayer_PingPong_Unreal/PingPong/Saved/Config/Windows/Scalability.ini]
[2023.09.23-08.24.01:930][  0]LogConfig: Setting CVar [[r.SkeletalMeshLODBias:0]]
[2023.09.23-08.24.01:930][  0]LogConfig: Setting CVar [[r.ViewDistanceScale:1.0]]
[2023.09.23-08.24.01:930][  0]LogConfig: Applying CVar settings from Section [AntiAliasingQuality@3] File [C:/Unreal/Multiplayer_PingPong_Unreal/PingPong/Saved/Config/Windows/Scalability.ini]
[2023.09.23-08.24.01:930][  0]LogConfig: Setting CVar [[r.PostProcessAAQuality:4]]
[2023.09.23-08.24.01:931][  0]LogConfig: Applying CVar settings from Section [ShadowQuality@3] File [C:/Unreal/Multiplayer_PingPong_Unreal/PingPong/Saved/Config/Windows/Scalability.ini]
[2023.09.23-08.24.01:931][  0]LogConfig: Setting CVar [[r.LightFunctionQuality:1]]
[2023.09.23-08.24.01:931][  0]LogConfig: Setting CVar [[r.ShadowQuality:5]]
[2023.09.23-08.24.01:931][  0]LogConfig: Setting CVar [[r.Shadow.CSM.MaxCascades:10]]
[2023.09.23-08.24.01:931][  0]LogConfig: Setting CVar [[r.Shadow.MaxResolution:2048]]
[2023.09.23-08.24.01:931][  0]LogConfig: Setting CVar [[r.Shadow.MaxCSMResolution:2048]]
[2023.09.23-08.24.01:931][  0]LogConfig: Setting CVar [[r.Shadow.RadiusThreshold:0.01]]
[2023.09.23-08.24.01:931][  0]LogConfig: Setting CVar [[r.Shadow.DistanceScale:1.0]]
[2023.09.23-08.24.01:931][  0]LogConfig: Setting CVar [[r.Shadow.CSM.TransitionScale:1.0]]
[2023.09.23-08.24.01:931][  0]LogConfig: Setting CVar [[r.Shadow.PreShadowResolutionFactor:1.0]]
[2023.09.23-08.24.01:931][  0]LogConfig: Setting CVar [[r.DistanceFieldShadowing:1]]
[2023.09.23-08.24.01:931][  0]LogConfig: Setting CVar [[r.DistanceFieldAO:1]]
[2023.09.23-08.24.01:931][  0]LogConfig: Setting CVar [[r.AOQuality:2]]
[2023.09.23-08.24.01:931][  0]LogConfig: Setting CVar [[r.VolumetricFog:1]]
[2023.09.23-08.24.01:931][  0]LogConfig: Setting CVar [[r.VolumetricFog.GridPixelSize:8]]
[2023.09.23-08.24.01:932][  0]LogConfig: Setting CVar [[r.VolumetricFog.GridSizeZ:128]]
[2023.09.23-08.24.01:932][  0]LogConfig: Setting CVar [[r.VolumetricFog.HistoryMissSupersampleCount:4]]
[2023.09.23-08.24.01:932][  0]LogConfig: Setting CVar [[r.LightMaxDrawDistanceScale:1]]
[2023.09.23-08.24.01:932][  0]LogConfig: Setting CVar [[r.CapsuleShadows:1]]
[2023.09.23-08.24.01:932][  0]LogConfig: Applying CVar settings from Section [PostProcessQuality@3] File [C:/Unreal/Multiplayer_PingPong_Unreal/PingPong/Saved/Config/Windows/Scalability.ini]
[2023.09.23-08.24.01:932][  0]LogConfig: Setting CVar [[r.MotionBlurQuality:4]]
[2023.09.23-08.24.01:932][  0]LogConfig: Setting CVar [[r.AmbientOcclusionMipLevelFactor:0.4]]
[2023.09.23-08.24.01:932][  0]LogConfig: Setting CVar [[r.AmbientOcclusionMaxQuality:100]]
[2023.09.23-08.24.01:932][  0]LogConfig: Setting CVar [[r.AmbientOcclusionLevels:-1]]
[2023.09.23-08.24.01:932][  0]LogConfig: Setting CVar [[r.AmbientOcclusionRadiusScale:1.0]]
[2023.09.23-08.24.01:932][  0]LogConfig: Setting CVar [[r.DepthOfFieldQuality:2]]
[2023.09.23-08.24.01:932][  0]LogConfig: Setting CVar [[r.RenderTargetPoolMin:400]]
[2023.09.23-08.24.01:932][  0]LogConfig: Setting CVar [[r.LensFlareQuality:2]]
[2023.09.23-08.24.01:932][  0]LogConfig: Setting CVar [[r.SceneColorFringeQuality:1]]
[2023.09.23-08.24.01:932][  0]LogConfig: Setting CVar [[r.EyeAdaptationQuality:2]]
[2023.09.23-08.24.01:932][  0]LogConfig: Setting CVar [[r.BloomQuality:5]]
[2023.09.23-08.24.01:933][  0]LogConfig: Setting CVar [[r.FastBlurThreshold:100]]
[2023.09.23-08.24.01:933][  0]LogConfig: Setting CVar [[r.Upscale.Quality:3]]
[2023.09.23-08.24.01:933][  0]LogConfig: Setting CVar [[r.Tonemapper.GrainQuantization:1]]
[2023.09.23-08.24.01:933][  0]LogConfig: Setting CVar [[r.LightShaftQuality:1]]
[2023.09.23-08.24.01:933][  0]LogConfig: Setting CVar [[r.Filter.SizeScale:1]]
[2023.09.23-08.24.01:933][  0]LogConfig: Setting CVar [[r.Tonemapper.Quality:5]]
[2023.09.23-08.24.01:933][  0]LogConfig: Setting CVar [[r.DOF.Gather.AccumulatorQuality:1        ; higher gathering accumulator quality]]
[2023.09.23-08.24.01:933][  0]LogConfig: Setting CVar [[r.DOF.Gather.PostfilterMethod:1          ; Median3x3 postfilering method]]
[2023.09.23-08.24.01:933][  0]LogConfig: Setting CVar [[r.DOF.Gather.EnableBokehSettings:0       ; no bokeh simulation when gathering]]
[2023.09.23-08.24.01:933][  0]LogConfig: Setting CVar [[r.DOF.Gather.RingCount:4                 ; medium number of samples when gathering]]
[2023.09.23-08.24.01:933][  0]LogConfig: Setting CVar [[r.DOF.Scatter.ForegroundCompositing:1    ; additive foreground scattering]]
[2023.09.23-08.24.01:933][  0]LogConfig: Setting CVar [[r.DOF.Scatter.BackgroundCompositing:2    ; additive background scattering]]
[2023.09.23-08.24.01:933][  0]LogConfig: Setting CVar [[r.DOF.Scatter.EnableBokehSettings:1      ; bokeh simulation when scattering]]
[2023.09.23-08.24.01:933][  0]LogConfig: Setting CVar [[r.DOF.Scatter.MaxSpriteRatio:0.1         ; only a maximum of 10% of scattered bokeh]]
[2023.09.23-08.24.01:933][  0]LogConfig: Setting CVar [[r.DOF.Recombine.Quality:1                ; cheap slight out of focus]]
[2023.09.23-08.24.01:933][  0]LogConfig: Setting CVar [[r.DOF.Recombine.EnableBokehSettings:0    ; no bokeh simulation on slight out of focus]]
[2023.09.23-08.24.01:933][  0]LogConfig: Setting CVar [[r.DOF.TemporalAAQuality:1                ; more stable temporal accumulation]]
[2023.09.23-08.24.01:933][  0]LogConfig: Setting CVar [[r.DOF.Kernel.MaxForegroundRadius:0.025]]
[2023.09.23-08.24.01:934][  0]LogConfig: Setting CVar [[r.DOF.Kernel.MaxBackgroundRadius:0.025]]
[2023.09.23-08.24.01:934][  0]LogConfig: Applying CVar settings from Section [TextureQuality@3] File [C:/Unreal/Multiplayer_PingPong_Unreal/PingPong/Saved/Config/Windows/Scalability.ini]
[2023.09.23-08.24.01:934][  0]LogConfig: Setting CVar [[r.Streaming.MipBias:0]]
[2023.09.23-08.24.01:934][  0]LogConfig: Setting CVar [[r.Streaming.AmortizeCPUToGPUCopy:0]]
[2023.09.23-08.24.01:934][  0]LogConfig: Setting CVar [[r.Streaming.MaxNumTexturesToStreamPerFrame:0]]
[2023.09.23-08.24.01:934][  0]LogConfig: Setting CVar [[r.Streaming.Boost:1]]
[2023.09.23-08.24.01:934][  0]LogConfig: Setting CVar [[r.MaxAnisotropy:8]]
[2023.09.23-08.24.01:934][  0]LogConfig: Setting CVar [[r.VT.MaxAnisotropy:8]]
[2023.09.23-08.24.01:934][  0]LogConfig: Setting CVar [[r.Streaming.LimitPoolSizeToVRAM:0]]
[2023.09.23-08.24.01:934][  0]LogConfig: Setting CVar [[r.Streaming.PoolSize:1000]]
[2023.09.23-08.24.01:934][  0]LogConfig: Setting CVar [[r.Streaming.MaxEffectiveScreenSize:0]]
[2023.09.23-08.24.01:934][  0]LogConfig: Applying CVar settings from Section [EffectsQuality@3] File [C:/Unreal/Multiplayer_PingPong_Unreal/PingPong/Saved/Config/Windows/Scalability.ini]
[2023.09.23-08.24.01:934][  0]LogConfig: Setting CVar [[r.TranslucencyLightingVolumeDim:64]]
[2023.09.23-08.24.01:934][  0]LogConfig: Setting CVar [[r.RefractionQuality:2]]
[2023.09.23-08.24.01:934][  0]LogConfig: Setting CVar [[r.SSR.Quality:3]]
[2023.09.23-08.24.01:934][  0]LogConfig: Setting CVar [[r.SSR.HalfResSceneColor:0]]
[2023.09.23-08.24.01:934][  0]LogConfig: Setting CVar [[r.SceneColorFormat:4]]
[2023.09.23-08.24.01:934][  0]LogConfig: Setting CVar [[r.DetailMode:2]]
[2023.09.23-08.24.01:935][  0]LogConfig: Setting CVar [[r.TranslucencyVolumeBlur:1]]
[2023.09.23-08.24.01:935][  0]LogConfig: Setting CVar [[r.MaterialQualityLevel:1 ; High quality]]
[2023.09.23-08.24.01:935][  0]LogConfig: Setting CVar [[r.AnisotropicMaterials:1]]
[2023.09.23-08.24.01:935][  0]LogConfig: Setting CVar [[r.SSS.Scale:1]]
[2023.09.23-08.24.01:935][  0]LogConfig: Setting CVar [[r.SSS.SampleSet:2]]
[2023.09.23-08.24.01:935][  0]LogConfig: Setting CVar [[r.SSS.Quality:1]]
[2023.09.23-08.24.01:935][  0]LogConfig: Setting CVar [[r.SSS.HalfRes:0]]
[2023.09.23-08.24.01:935][  0]LogConfig: Setting CVar [[r.SSGI.Quality:3]]
[2023.09.23-08.24.01:935][  0]LogConfig: Setting CVar [[r.EmitterSpawnRateScale:1.0]]
[2023.09.23-08.24.01:935][  0]LogConfig: Setting CVar [[r.ParticleLightQuality:2]]
[2023.09.23-08.24.01:935][  0]LogConfig: Setting CVar [[r.SkyAtmosphere.AerialPerspectiveLUT.FastApplyOnOpaque:1 ; Always have FastSkyLUT 1 in this case to avoid wrong sky]]
[2023.09.23-08.24.01:935][  0]LogConfig: Setting CVar [[r.SkyAtmosphere.AerialPerspectiveLUT.SampleCountMaxPerSlice:4]]
[2023.09.23-08.24.01:935][  0]LogConfig: Setting CVar [[r.SkyAtmosphere.AerialPerspectiveLUT.DepthResolution:16.0]]
[2023.09.23-08.24.01:935][  0]LogConfig: Setting CVar [[r.SkyAtmosphere.FastSkyLUT:1]]
[2023.09.23-08.24.01:935][  0]LogConfig: Setting CVar [[r.SkyAtmosphere.FastSkyLUT.SampleCountMin:4.0]]
[2023.09.23-08.24.01:935][  0]LogConfig: Setting CVar [[r.SkyAtmosphere.FastSkyLUT.SampleCountMax:128.0]]
[2023.09.23-08.24.01:935][  0]LogConfig: Setting CVar [[r.SkyAtmosphere.SampleCountMin:4.0]]
[2023.09.23-08.24.01:935][  0]LogConfig: Setting CVar [[r.SkyAtmosphere.SampleCountMax:128.0]]
[2023.09.23-08.24.01:935][  0]LogConfig: Setting CVar [[r.SkyAtmosphere.TransmittanceLUT.UseSmallFormat:0]]
[2023.09.23-08.24.01:936][  0]LogConfig: Setting CVar [[r.SkyAtmosphere.TransmittanceLUT.SampleCount:10.0]]
[2023.09.23-08.24.01:936][  0]LogConfig: Setting CVar [[r.SkyAtmosphere.MultiScatteringLUT.SampleCount:15.0]]
[2023.09.23-08.24.01:936][  0]LogConfig: Setting CVar [[r.SkyLight.RealTimeReflectionCapture:1]]
[2023.09.23-08.24.01:936][  0]LogConfig: Applying CVar settings from Section [FoliageQuality@3] File [C:/Unreal/Multiplayer_PingPong_Unreal/PingPong/Saved/Config/Windows/Scalability.ini]
[2023.09.23-08.24.01:936][  0]LogConfig: Setting CVar [[foliage.DensityScale:1.0]]
[2023.09.23-08.24.01:936][  0]LogConfig: Setting CVar [[grass.DensityScale:1.0]]
[2023.09.23-08.24.01:936][  0]LogConfig: Applying CVar settings from Section [ShadingQuality@3] File [C:/Unreal/Multiplayer_PingPong_Unreal/PingPong/Saved/Config/Windows/Scalability.ini]
[2023.09.23-08.24.01:936][  0]LogConfig: Setting CVar [[r.HairStrands.SkyLighting.IntegrationType:2]]
[2023.09.23-08.24.01:936][  0]LogConfig: Setting CVar [[r.HairStrands.SkyAO.SampleCount:4]]
[2023.09.23-08.24.01:936][  0]LogConfig: Setting CVar [[r.HairStrands.Visibility.MSAA.SamplePerPixel:4]]
[2023.09.23-08.24.01:936][  0]LogInit: Selected Device Profile: [Windows]
[2023.09.23-08.24.01:936][  0]LogInit: Applying CVar settings loaded from the selected device profile: [Windows]
[2023.09.23-08.24.01:936][  0]LogHAL: Display: Platform has ~ 16 GB [16919035904 / 17179869184 / 16], which maps to Larger [LargestMinGB=32, LargerMinGB=12, DefaultMinGB=8, SmallerMinGB=6, SmallestMinGB=0)
[2023.09.23-08.24.01:936][  0]LogInit: Going up to parent DeviceProfile []
[2023.09.23-08.24.01:937][  0]LogConfig: Applying CVar settings from Section [ViewDistanceQuality@3] File [C:/Unreal/Multiplayer_PingPong_Unreal/PingPong/Saved/Config/Windows/Scalability.ini]
[2023.09.23-08.24.01:937][  0]LogConfig: Setting CVar [[r.SkeletalMeshLODBias:0]]
[2023.09.23-08.24.01:937][  0]LogConfig: Setting CVar [[r.ViewDistanceScale:1.0]]
[2023.09.23-08.24.01:937][  0]LogConfig: Applying CVar settings from Section [AntiAliasingQuality@3] File [C:/Unreal/Multiplayer_PingPong_Unreal/PingPong/Saved/Config/Windows/Scalability.ini]
[2023.09.23-08.24.01:937][  0]LogConfig: Setting CVar [[r.PostProcessAAQuality:4]]
[2023.09.23-08.24.01:937][  0]LogConfig: Applying CVar settings from Section [ShadowQuality@3] File [C:/Unreal/Multiplayer_PingPong_Unreal/PingPong/Saved/Config/Windows/Scalability.ini]
[2023.09.23-08.24.01:937][  0]LogConfig: Setting CVar [[r.LightFunctionQuality:1]]
[2023.09.23-08.24.01:937][  0]LogConfig: Setting CVar [[r.ShadowQuality:5]]
[2023.09.23-08.24.01:937][  0]LogConfig: Setting CVar [[r.Shadow.CSM.MaxCascades:10]]
[2023.09.23-08.24.01:937][  0]LogConfig: Setting CVar [[r.Shadow.MaxResolution:2048]]
[2023.09.23-08.24.01:937][  0]LogConfig: Setting CVar [[r.Shadow.MaxCSMResolution:2048]]
[2023.09.23-08.24.01:938][  0]LogConfig: Setting CVar [[r.Shadow.RadiusThreshold:0.01]]
[2023.09.23-08.24.01:938][  0]LogConfig: Setting CVar [[r.Shadow.DistanceScale:1.0]]
[2023.09.23-08.24.01:938][  0]LogConfig: Setting CVar [[r.Shadow.CSM.TransitionScale:1.0]]
[2023.09.23-08.24.01:938][  0]LogConfig: Setting CVar [[r.Shadow.PreShadowResolutionFactor:1.0]]
[2023.09.23-08.24.01:938][  0]LogConfig: Setting CVar [[r.DistanceFieldShadowing:1]]
[2023.09.23-08.24.01:938][  0]LogConfig: Setting CVar [[r.DistanceFieldAO:1]]
[2023.09.23-08.24.01:938][  0]LogConfig: Setting CVar [[r.AOQuality:2]]
[2023.09.23-08.24.01:938][  0]LogConfig: Setting CVar [[r.VolumetricFog:1]]
[2023.09.23-08.24.01:938][  0]LogConfig: Setting CVar [[r.VolumetricFog.GridPixelSize:8]]
[2023.09.23-08.24.01:938][  0]LogConfig: Setting CVar [[r.VolumetricFog.GridSizeZ:128]]
[2023.09.23-08.24.01:938][  0]LogConfig: Setting CVar [[r.VolumetricFog.HistoryMissSupersampleCount:4]]
[2023.09.23-08.24.01:938][  0]LogConfig: Setting CVar [[r.LightMaxDrawDistanceScale:1]]
[2023.09.23-08.24.01:938][  0]LogConfig: Setting CVar [[r.CapsuleShadows:1]]
[2023.09.23-08.24.01:938][  0]LogConfig: Applying CVar settings from Section [PostProcessQuality@3] File [C:/Unreal/Multiplayer_PingPong_Unreal/PingPong/Saved/Config/Windows/Scalability.ini]
[2023.09.23-08.24.01:938][  0]LogConfig: Setting CVar [[r.MotionBlurQuality:4]]
[2023.09.23-08.24.01:939][  0]LogConfig: Setting CVar [[r.AmbientOcclusionMipLevelFactor:0.4]]
[2023.09.23-08.24.01:939][  0]LogConfig: Setting CVar [[r.AmbientOcclusionMaxQuality:100]]
[2023.09.23-08.24.01:939][  0]LogConfig: Setting CVar [[r.AmbientOcclusionLevels:-1]]
[2023.09.23-08.24.01:939][  0]LogConfig: Setting CVar [[r.AmbientOcclusionRadiusScale:1.0]]
[2023.09.23-08.24.01:939][  0]LogConfig: Setting CVar [[r.DepthOfFieldQuality:2]]
[2023.09.23-08.24.01:939][  0]LogConfig: Setting CVar [[r.RenderTargetPoolMin:400]]
[2023.09.23-08.24.01:939][  0]LogConfig: Setting CVar [[r.LensFlareQuality:2]]
[2023.09.23-08.24.01:939][  0]LogConfig: Setting CVar [[r.SceneColorFringeQuality:1]]
[2023.09.23-08.24.01:939][  0]LogConfig: Setting CVar [[r.EyeAdaptationQuality:2]]
[2023.09.23-08.24.01:939][  0]LogConfig: Setting CVar [[r.BloomQuality:5]]
[2023.09.23-08.24.01:939][  0]LogConfig: Setting CVar [[r.FastBlurThreshold:100]]
[2023.09.23-08.24.01:939][  0]LogConfig: Setting CVar [[r.Upscale.Quality:3]]
[2023.09.23-08.24.01:939][  0]LogConfig: Setting CVar [[r.Tonemapper.GrainQuantization:1]]
[2023.09.23-08.24.01:939][  0]LogConfig: Setting CVar [[r.LightShaftQuality:1]]
[2023.09.23-08.24.01:939][  0]LogConfig: Setting CVar [[r.Filter.SizeScale:1]]
[2023.09.23-08.24.01:939][  0]LogConfig: Setting CVar [[r.Tonemapper.Quality:5]]
[2023.09.23-08.24.01:939][  0]LogConfig: Setting CVar [[r.DOF.Gather.AccumulatorQuality:1        ; higher gathering accumulator quality]]
[2023.09.23-08.24.01:940][  0]LogConfig: Setting CVar [[r.DOF.Gather.PostfilterMethod:1          ; Median3x3 postfilering method]]
[2023.09.23-08.24.01:940][  0]LogConfig: Setting CVar [[r.DOF.Gather.EnableBokehSettings:0       ; no bokeh simulation when gathering]]
[2023.09.23-08.24.01:940][  0]LogConfig: Setting CVar [[r.DOF.Gather.RingCount:4                 ; medium number of samples when gathering]]
[2023.09.23-08.24.01:940][  0]LogConfig: Setting CVar [[r.DOF.Scatter.ForegroundCompositing:1    ; additive foreground scattering]]
[2023.09.23-08.24.01:940][  0]LogConfig: Setting CVar [[r.DOF.Scatter.BackgroundCompositing:2    ; additive background scattering]]
[2023.09.23-08.24.01:940][  0]LogConfig: Setting CVar [[r.DOF.Scatter.EnableBokehSettings:1      ; bokeh simulation when scattering]]
[2023.09.23-08.24.01:940][  0]LogConfig: Setting CVar [[r.DOF.Scatter.MaxSpriteRatio:0.1         ; only a maximum of 10% of scattered bokeh]]
[2023.09.23-08.24.01:940][  0]LogConfig: Setting CVar [[r.DOF.Recombine.Quality:1                ; cheap slight out of focus]]
[2023.09.23-08.24.01:940][  0]LogConfig: Setting CVar [[r.DOF.Recombine.EnableBokehSettings:0    ; no bokeh simulation on slight out of focus]]
[2023.09.23-08.24.01:940][  0]LogConfig: Setting CVar [[r.DOF.TemporalAAQuality:1                ; more stable temporal accumulation]]
[2023.09.23-08.24.01:940][  0]LogConfig: Setting CVar [[r.DOF.Kernel.MaxForegroundRadius:0.025]]
[2023.09.23-08.24.01:940][  0]LogConfig: Setting CVar [[r.DOF.Kernel.MaxBackgroundRadius:0.025]]
[2023.09.23-08.24.01:940][  0]LogConfig: Applying CVar settings from Section [TextureQuality@3] File [C:/Unreal/Multiplayer_PingPong_Unreal/PingPong/Saved/Config/Windows/Scalability.ini]
[2023.09.23-08.24.01:940][  0]LogConfig: Setting CVar [[r.Streaming.MipBias:0]]
[2023.09.23-08.24.01:941][  0]LogConfig: Setting CVar [[r.Streaming.AmortizeCPUToGPUCopy:0]]
[2023.09.23-08.24.01:941][  0]LogConfig: Setting CVar [[r.Streaming.MaxNumTexturesToStreamPerFrame:0]]
[2023.09.23-08.24.01:941][  0]LogConfig: Setting CVar [[r.Streaming.Boost:1]]
[2023.09.23-08.24.01:941][  0]LogConfig: Setting CVar [[r.MaxAnisotropy:8]]
[2023.09.23-08.24.01:941][  0]LogConfig: Setting CVar [[r.VT.MaxAnisotropy:8]]
[2023.09.23-08.24.01:941][  0]LogConfig: Setting CVar [[r.Streaming.LimitPoolSizeToVRAM:0]]
[2023.09.23-08.24.01:941][  0]LogConfig: Setting CVar [[r.Streaming.PoolSize:1000]]
[2023.09.23-08.24.01:941][  0]LogConfig: Setting CVar [[r.Streaming.MaxEffectiveScreenSize:0]]
[2023.09.23-08.24.01:941][  0]LogConfig: Applying CVar settings from Section [EffectsQuality@3] File [C:/Unreal/Multiplayer_PingPong_Unreal/PingPong/Saved/Config/Windows/Scalability.ini]
[2023.09.23-08.24.01:941][  0]LogConfig: Setting CVar [[r.TranslucencyLightingVolumeDim:64]]
[2023.09.23-08.24.01:941][  0]LogConfig: Setting CVar [[r.RefractionQuality:2]]
[2023.09.23-08.24.01:941][  0]LogConfig: Setting CVar [[r.SSR.Quality:3]]
[2023.09.23-08.24.01:941][  0]LogConfig: Setting CVar [[r.SSR.HalfResSceneColor:0]]
[2023.09.23-08.24.01:941][  0]LogConfig: Setting CVar [[r.SceneColorFormat:4]]
[2023.09.23-08.24.01:942][  0]LogConfig: Setting CVar [[r.DetailMode:2]]
[2023.09.23-08.24.01:942][  0]LogConfig: Setting CVar [[r.TranslucencyVolumeBlur:1]]
[2023.09.23-08.24.01:942][  0]LogConfig: Setting CVar [[r.MaterialQualityLevel:1 ; High quality]]
[2023.09.23-08.24.01:942][  0]LogConfig: Setting CVar [[r.AnisotropicMaterials:1]]
[2023.09.23-08.24.01:942][  0]LogConfig: Setting CVar [[r.SSS.Scale:1]]
[2023.09.23-08.24.01:942][  0]LogConfig: Setting CVar [[r.SSS.SampleSet:2]]
[2023.09.23-08.24.01:942][  0]LogConfig: Setting CVar [[r.SSS.Quality:1]]
[2023.09.23-08.24.01:942][  0]LogConfig: Setting CVar [[r.SSS.HalfRes:0]]
[2023.09.23-08.24.01:942][  0]LogConfig: Setting CVar [[r.SSGI.Quality:3]]
[2023.09.23-08.24.01:942][  0]LogConfig: Setting CVar [[r.EmitterSpawnRateScale:1.0]]
[2023.09.23-08.24.01:942][  0]LogConfig: Setting CVar [[r.ParticleLightQuality:2]]
[2023.09.23-08.24.01:942][  0]LogConfig: Setting CVar [[r.SkyAtmosphere.AerialPerspectiveLUT.FastApplyOnOpaque:1 ; Always have FastSkyLUT 1 in this case to avoid wrong sky]]
[2023.09.23-08.24.01:942][  0]LogConfig: Setting CVar [[r.SkyAtmosphere.AerialPerspectiveLUT.SampleCountMaxPerSlice:4]]
[2023.09.23-08.24.01:942][  0]LogConfig: Setting CVar [[r.SkyAtmosphere.AerialPerspectiveLUT.DepthResolution:16.0]]
[2023.09.23-08.24.01:943][  0]LogConfig: Setting CVar [[r.SkyAtmosphere.FastSkyLUT:1]]
[2023.09.23-08.24.01:943][  0]LogConfig: Setting CVar [[r.SkyAtmosphere.FastSkyLUT.SampleCountMin:4.0]]
[2023.09.23-08.24.01:943][  0]LogConfig: Setting CVar [[r.SkyAtmosphere.FastSkyLUT.SampleCountMax:128.0]]
[2023.09.23-08.24.01:943][  0]LogConfig: Setting CVar [[r.SkyAtmosphere.SampleCountMin:4.0]]
[2023.09.23-08.24.01:943][  0]LogConfig: Setting CVar [[r.SkyAtmosphere.SampleCountMax:128.0]]
[2023.09.23-08.24.01:943][  0]LogConfig: Setting CVar [[r.SkyAtmosphere.TransmittanceLUT.UseSmallFormat:0]]
[2023.09.23-08.24.01:943][  0]LogConfig: Setting CVar [[r.SkyAtmosphere.TransmittanceLUT.SampleCount:10.0]]
[2023.09.23-08.24.01:943][  0]LogConfig: Setting CVar [[r.SkyAtmosphere.MultiScatteringLUT.SampleCount:15.0]]
[2023.09.23-08.24.01:943][  0]LogConfig: Setting CVar [[r.SkyLight.RealTimeReflectionCapture:1]]
[2023.09.23-08.24.01:943][  0]LogConfig: Applying CVar settings from Section [FoliageQuality@3] File [C:/Unreal/Multiplayer_PingPong_Unreal/PingPong/Saved/Config/Windows/Scalability.ini]
[2023.09.23-08.24.01:943][  0]LogConfig: Setting CVar [[foliage.DensityScale:1.0]]
[2023.09.23-08.24.01:943][  0]LogConfig: Setting CVar [[grass.DensityScale:1.0]]
[2023.09.23-08.24.01:944][  0]LogConfig: Applying CVar settings from Section [ShadingQuality@3] File [C:/Unreal/Multiplayer_PingPong_Unreal/PingPong/Saved/Config/Windows/Scalability.ini]
[2023.09.23-08.24.01:944][  0]LogConfig: Setting CVar [[r.HairStrands.SkyLighting.IntegrationType:2]]
[2023.09.23-08.24.01:944][  0]LogConfig: Setting CVar [[r.HairStrands.SkyAO.SampleCount:4]]
[2023.09.23-08.24.01:944][  0]LogConfig: Setting CVar [[r.HairStrands.Visibility.MSAA.SamplePerPixel:4]]
[2023.09.23-08.24.01:944][  0]LogConfig: Applying CVar settings from Section [Startup] File [../../../Engine/Config/ConsoleVariables.ini]
[2023.09.23-08.24.01:944][  0]LogConfig: Setting CVar [[net.UseAdaptiveNetUpdateFrequency:0]]
[2023.09.23-08.24.01:944][  0]LogConfig: Setting CVar [[p.chaos.AllowCreatePhysxBodies:1]]
[2023.09.23-08.24.01:944][  0]LogConfig: Setting CVar [[fx.SkipVectorVMBackendOptimizations:1]]
[2023.09.23-08.24.01:945][  0]LogConfig: Applying CVar settings from Section [ConsoleVariables] File [C:/Unreal/Multiplayer_PingPong_Unreal/PingPong/Saved/Config/Windows/Engine.ini]
[2023.09.23-08.24.01:945][  0]LogConfig: Applying CVar settings from Section [ConsoleVariables] File [C:/Unreal/Multiplayer_PingPong_Unreal/PingPong/Saved/Config/Windows/Editor.ini]
[2023.09.23-08.24.01:945][  0]LogInit: Computer: DESKTOP-UQ10HGU
[2023.09.23-08.24.01:945][  0]LogInit: User: Golem
[2023.09.23-08.24.01:945][  0]LogInit: CPU Page size=4096, Cores=4
[2023.09.23-08.24.01:945][  0]LogInit: High frequency timer resolution =10.000000 MHz
[2023.09.23-08.24.01:945][  0]LogMemory: Memory total: Physical=15.8GB (16GB approx)
[2023.09.23-08.24.01:945][  0]LogMemory: Platform Memory Stats for Windows
[2023.09.23-08.24.01:945][  0]LogMemory: Process Physical Memory: 141.39 MB used, 141.40 MB peak
[2023.09.23-08.24.01:945][  0]LogMemory: Process Virtual Memory: 122.46 MB used, 122.46 MB peak
[2023.09.23-08.24.01:945][  0]LogMemory: Physical Memory: 10882.75 MB used,  5252.50 MB free, 16135.25 MB total
[2023.09.23-08.24.01:945][  0]LogMemory: Virtual Memory: 134206608.00 MB used,  11122.90 MB free, 134217728.00 MB total
[2023.09.23-08.24.01:960][  0]LogWindows: WindowsPlatformFeatures enabled
[2023.09.23-08.24.02:087][  0]LogInit: Physics initialised using underlying interface: PhysX
[2023.09.23-08.24.02:088][  0]LogInit: Using OS detected language (en-US).
[2023.09.23-08.24.02:088][  0]LogInit: Using OS detected locale (en-US).
[2023.09.23-08.24.02:095][  0]LogTextLocalizationManager: No specific localization for 'en-US' exists, so the 'en' localization will be used.
[2023.09.23-08.24.02:298][  0]LogInit: Setting process to per monitor DPI aware
[2023.09.23-08.24.02:332][  0]LogWindowsTextInputMethodSystem: Display: IME system deactivated.
[2023.09.23-08.24.02:357][  0]LogSlate: New Slate User Created.  User Index 0, Is Virtual User: 0
[2023.09.23-08.24.02:357][  0]LogSlate: Slate User Registered.  User Index 0, Is Virtual User: 0
[2023.09.23-08.24.02:558][  0]LogD3D11RHI: Loaded GFSDK_Aftermath_Lib.x64.dll
[2023.09.23-08.24.02:574][  0]LogHMD: Failed to initialize OpenVR with code 110
[2023.09.23-08.24.02:574][  0]LogD3D11RHI: D3D11 min allowed feature level: 11_0
[2023.09.23-08.24.02:574][  0]LogD3D11RHI: D3D11 max allowed feature level: 11_0
[2023.09.23-08.24.02:574][  0]LogD3D11RHI: D3D11 adapters:
[2023.09.23-08.24.03:371][  0]LogD3D11RHI:    0. 'Radeon (TM) 520' (Feature Level 11_0)
[2023.09.23-08.24.03:372][  0]LogD3D11RHI:       2039/0/8067 MB DedicatedVideo/DedicatedSystem/SharedSystem, Outputs:2, VendorId:0x1002
[2023.09.23-08.24.03:427][  0]LogD3D11RHI:    1. 'Intel(R) UHD Graphics 620' (Feature Level 11_0)
[2023.09.23-08.24.03:427][  0]LogD3D11RHI:       128/0/8067 MB DedicatedVideo/DedicatedSystem/SharedSystem, Outputs:0, VendorId:0x8086
[2023.09.23-08.24.03:432][  0]LogD3D11RHI:    2. 'Microsoft Basic Render Driver' (Feature Level 11_0)
[2023.09.23-08.24.03:433][  0]LogD3D11RHI:       0/0/8067 MB DedicatedVideo/DedicatedSystem/SharedSystem, Outputs:0, VendorId:0x1414
[2023.09.23-08.24.03:433][  0]LogD3D11RHI: Chosen D3D11 Adapter:
[2023.09.23-08.24.03:433][  0]LogD3D11RHI:     Description : Radeon (TM) 520
[2023.09.23-08.24.03:433][  0]LogD3D11RHI:     VendorId    : 1002
[2023.09.23-08.24.03:433][  0]LogD3D11RHI:     DeviceId    : 6665
[2023.09.23-08.24.03:433][  0]LogD3D11RHI:     SubSysId    : 83f1028
[2023.09.23-08.24.03:433][  0]LogD3D11RHI:     Revision    : 00c3
[2023.09.23-08.24.03:433][  0]LogD3D11RHI:     DedicatedVideoMemory : 2138300416 bytes
[2023.09.23-08.24.03:433][  0]LogD3D11RHI:     DedicatedSystemMemory : 0 bytes
[2023.09.23-08.24.03:433][  0]LogD3D11RHI:     SharedSystemMemory : 8459517952 bytes
[2023.09.23-08.24.03:433][  0]LogD3D11RHI:     AdapterLuid : 0 51420
[2023.09.23-08.24.03:440][  0]LogD3D11RHI: Creating new Direct3DDevice
[2023.09.23-08.24.03:441][  0]LogD3D11RHI:     GPU DeviceId: 0x6665 (for the marketing name, search the web for "GPU Device Id")
[2023.09.23-08.24.03:441][  0]LogWindows: EnumDisplayDevices:
[2023.09.23-08.24.03:441][  0]LogWindows:    0. 'Intel(R) UHD Graphics 620' (P:0 D:1)
[2023.09.23-08.24.03:441][  0]LogWindows:    1. 'Intel(R) UHD Graphics 620' (P:1 D:1)
[2023.09.23-08.24.03:442][  0]LogWindows:    2. 'Intel(R) UHD Graphics 620' (P:0 D:0)
[2023.09.23-08.24.03:442][  0]LogWindows: DebugString: PrimaryIsNotTheChoosenAdapter PrimaryIsNotTheChoosenAdapter PrimaryIsNotTheChoosenAdapter FoundDriverCount:0 
[2023.09.23-08.24.03:442][  0]LogD3D11RHI:     Adapter Name: Radeon (TM) 520
[2023.09.23-08.24.03:442][  0]LogD3D11RHI:   Driver Version: Unknown (internal:Unknown, unified:Unknown)
[2023.09.23-08.24.03:442][  0]LogD3D11RHI:      Driver Date: Unknown
[2023.09.23-08.24.03:442][  0]LogRHI: Texture pool is 1213 MB (70% of 1733 MB)
[2023.09.23-08.24.03:459][  0]LogD3D11RHI: Creating D3DDevice with AMD AGS, using adapter:
[2023.09.23-08.24.03:459][  0]LogD3D11RHI:     Description : Radeon (TM) 520
[2023.09.23-08.24.03:459][  0]LogD3D11RHI:     VendorId    : 1002
[2023.09.23-08.24.03:459][  0]LogD3D11RHI:     DeviceId    : 6665
[2023.09.23-08.24.03:459][  0]LogD3D11RHI:     SubSysId    : 83f1028
[2023.09.23-08.24.03:459][  0]LogD3D11RHI:     Revision    : 00c3
[2023.09.23-08.24.03:459][  0]LogD3D11RHI:     DedicatedVideoMemory : 2138300416 bytes
[2023.09.23-08.24.03:459][  0]LogD3D11RHI:     DedicatedSystemMemory : 0 bytes
[2023.09.23-08.24.03:459][  0]LogD3D11RHI:     SharedSystemMemory : 8459517952 bytes
[2023.09.23-08.24.03:460][  0]LogD3D11RHI:     AdapterLuid : 0 51420
[2023.09.23-08.24.03:542][  0]LogD3D11RHI: Created device via AGS, feature level 11_0, supported extensions 1fffffbf.
[2023.09.23-08.24.03:542][  0]LogD3D11RHI: RHI has support for 64 bit atomics
[2023.09.23-08.24.03:542][  0]LogD3D11RHI: Async texture creation enabled
[2023.09.23-08.24.03:542][  0]LogD3D11RHI: Array index from any shader is supported
[2023.09.23-08.24.03:561][  0]LogD3D11RHI: GPU Timing Frequency: 27.000000 (Debug: 2 1)
[2023.09.23-08.24.03:887][  0]LogTargetPlatformManager: Display: Loaded TargetPlatform 'AllDesktop'
[2023.09.23-08.24.03:911][  0]LogTargetPlatformManager: Display: Loaded TargetPlatform 'Android'
[2023.09.23-08.24.03:911][  0]LogTargetPlatformManager: Display: Loaded TargetPlatform 'Android_ASTC'
[2023.09.23-08.24.03:911][  0]LogTargetPlatformManager: Display: Loaded TargetPlatform 'Android_DXT'
[2023.09.23-08.24.03:911][  0]LogTargetPlatformManager: Display: Loaded TargetPlatform 'Android_ETC2'
[2023.09.23-08.24.03:912][  0]LogTargetPlatformManager: Display: Loaded TargetPlatform 'AndroidClient'
[2023.09.23-08.24.03:912][  0]LogTargetPlatformManager: Display: Loaded TargetPlatform 'Android_ASTCClient'
[2023.09.23-08.24.03:912][  0]LogTargetPlatformManager: Display: Loaded TargetPlatform 'Android_DXTClient'
[2023.09.23-08.24.03:912][  0]LogTargetPlatformManager: Display: Loaded TargetPlatform 'Android_ETC2Client'
[2023.09.23-08.24.03:912][  0]LogTargetPlatformManager: Display: Loaded TargetPlatform 'Android_Multi'
[2023.09.23-08.24.03:912][  0]LogTargetPlatformManager: Display: Loaded TargetPlatform 'Android_MultiClient'
[2023.09.23-08.24.03:937][  0]LogTargetPlatformManager: Display: Loaded TargetPlatform 'IOSClient'
[2023.09.23-08.24.03:937][  0]LogTargetPlatformManager: Display: Loaded TargetPlatform 'IOS'
[2023.09.23-08.24.03:949][  0]LogTargetPlatformManager: Display: Loaded TargetPlatform 'Linux'
[2023.09.23-08.24.03:955][  0]LogTargetPlatformManager: Display: Loaded TargetPlatform 'LinuxNoEditor'
[2023.09.23-08.24.03:961][  0]LogTargetPlatformManager: Display: Loaded TargetPlatform 'LinuxClient'
[2023.09.23-08.24.03:967][  0]LogTargetPlatformManager: Display: Loaded TargetPlatform 'LinuxServer'
[2023.09.23-08.24.03:978][  0]LogTargetPlatformManager: Display: Loaded TargetPlatform 'LinuxAArch64NoEditor'
[2023.09.23-08.24.03:984][  0]LogTargetPlatformManager: Display: Loaded TargetPlatform 'LinuxAArch64Client'
[2023.09.23-08.24.03:990][  0]LogTargetPlatformManager: Display: Loaded TargetPlatform 'LinuxAArch64Server'
[2023.09.23-08.24.04:018][  0]LogTargetPlatformManager: Display: Loaded TargetPlatform 'Lumin'
[2023.09.23-08.24.04:018][  0]LogTargetPlatformManager: Display: Loaded TargetPlatform 'LuminClient'
[2023.09.23-08.24.04:028][  0]LogTargetPlatformManager: Display: Loaded TargetPlatform 'MacNoEditor'
[2023.09.23-08.24.04:034][  0]LogTargetPlatformManager: Display: Loaded TargetPlatform 'Mac'
[2023.09.23-08.24.04:040][  0]LogTargetPlatformManager: Display: Loaded TargetPlatform 'MacClient'
[2023.09.23-08.24.04:046][  0]LogTargetPlatformManager: Display: Loaded TargetPlatform 'MacServer'
[2023.09.23-08.24.04:061][  0]LogTargetPlatformManager: Display: Loaded TargetPlatform 'TVOSClient'
[2023.09.23-08.24.04:061][  0]LogTargetPlatformManager: Display: Loaded TargetPlatform 'TVOS'
[2023.09.23-08.24.04:072][  0]LogTargetPlatformManager: Display: Loaded TargetPlatform 'WindowsNoEditor'
[2023.09.23-08.24.04:078][  0]LogTargetPlatformManager: Display: Loaded TargetPlatform 'Windows'
[2023.09.23-08.24.04:084][  0]LogTargetPlatformManager: Display: Loaded TargetPlatform 'WindowsClient'
[2023.09.23-08.24.04:090][  0]LogTargetPlatformManager: Display: Loaded TargetPlatform 'WindowsServer'
[2023.09.23-08.24.04:090][  0]LogTargetPlatformManager: Display: Building Assets For Windows
[2023.09.23-08.24.04:104][  0]LogAudioDebug: Display: Lib vorbis DLL was dynamically loaded.
[2023.09.23-08.24.04:157][  0]LogTextureFormatOodle: Display: Oodle Texture 2.9.0 init RDO Off
[2023.09.23-08.24.04:217][  0]LogRendererCore: Ray tracing is disabled. Reason: r.RayTracing=0.
[2023.09.23-08.24.04:217][  0]LogShaderCompilers: Guid format shader working directory is -16 characters bigger than the processId version (../../../../../../Unreal/Multiplayer_PingPong_Unreal/PingPong/Intermediate/Shaders/WorkingDirectory/10548/).
[2023.09.23-08.24.04:218][  0]LogShaderCompilers: Cleaned the shader compiler working directory 'C:/Users/Golem/AppData/Local/Temp/UnrealShaderWorkingDir/00C7909B4DCDCA7585D51AB9A7EBE0A5/'.
[2023.09.23-08.24.04:218][  0]LogXGEController: Cannot use XGE Controller as Incredibuild is not installed on this machine.
[2023.09.23-08.24.04:218][  0]LogShaderCompilers: Cannot use XGE Shader Compiler as Incredibuild is not installed on this machine.
[2023.09.23-08.24.04:218][  0]LogShaderCompilers: Display: Using Local Shader Compiler.
[2023.09.23-08.24.05:017][  0]LogDerivedDataCache: Display: Max Cache Size: 512 MB
[2023.09.23-08.24.05:078][  0]LogDerivedDataCache: Loaded boot cache 0.06s 94MB C:/Users/Golem/AppData/Local/UnrealEngine/4.27/DerivedDataCache/Boot.ddc.
[2023.09.23-08.24.05:078][  0]LogDerivedDataCache: Display: Loaded Boot cache: C:/Users/Golem/AppData/Local/UnrealEngine/4.27/DerivedDataCache/Boot.ddc
[2023.09.23-08.24.05:079][  0]LogDerivedDataCache: FDerivedDataBackendGraph:  Pak pak cache file ../../../../../../Unreal/Multiplayer_PingPong_Unreal/PingPong/DerivedDataCache/DDC.ddp not found, will not use a pak cache.
[2023.09.23-08.24.05:079][  0]LogDerivedDataCache: Unable to find inner node Pak for hierarchical cache Hierarchy.
[2023.09.23-08.24.05:079][  0]LogDerivedDataCache: FDerivedDataBackendGraph:  CompressedPak pak cache file ../../../../../../Unreal/Multiplayer_PingPong_Unreal/PingPong/DerivedDataCache/Compressed.ddp not found, will not use a pak cache.
[2023.09.23-08.24.05:079][  0]LogDerivedDataCache: Unable to find inner node CompressedPak for hierarchical cache Hierarchy.
[2023.09.23-08.24.05:097][  0]LogDerivedDataCache: Display: Pak cache opened for reading ../../../Engine/DerivedDataCache/Compressed.ddp.
[2023.09.23-08.24.05:097][  0]LogDerivedDataCache: FDerivedDataBackendGraph:  EnterprisePak pak cache file ../../../Enterprise/DerivedDataCache/Compressed.ddp not found, will not use a pak cache.
[2023.09.23-08.24.05:097][  0]LogDerivedDataCache: Unable to find inner node EnterprisePak for hierarchical cache Hierarchy.
[2023.09.23-08.24.05:109][  0]LogDerivedDataCache: Speed tests for C:/Users/Golem/AppData/Local/UnrealEngine/Common/DerivedDataCache took 0.01 seconds
[2023.09.23-08.24.05:109][  0]LogDerivedDataCache: Display: Performance to C:/Users/Golem/AppData/Local/UnrealEngine/Common/DerivedDataCache: Latency=0.03ms. RandomReadSpeed=1327.18MBs, RandomWriteSpeed=85.53MBs. Assigned SpeedClass 'Local'
[2023.09.23-08.24.05:113][  0]LogDerivedDataCache: Using Local data cache path C:/Users/Golem/AppData/Local/UnrealEngine/Common/DerivedDataCache: Writable
[2023.09.23-08.24.05:113][  0]LogDerivedDataCache: Shared data cache path not found in *engine.ini, will not use an Shared cache.
[2023.09.23-08.24.05:114][  0]LogDerivedDataCache: Unable to find inner node Shared for hierarchical cache Hierarchy.
[2023.09.23-08.24.05:166][  0]LogSlate: Using FreeType 2.10.0
[2023.09.23-08.24.05:166][  0]LogSlate: SlateFontServices - WITH_FREETYPE: 1, WITH_HARFBUZZ: 1
[2023.09.23-08.24.05:194][  0]LogAssetRegistry: FAssetRegistry took 0.0053 seconds to start up
[2023.09.23-08.24.05:446][  0]LogInit: Selected Device Profile: [Windows]
[2023.09.23-08.24.05:446][  0]LogInit: Active device profile: [0000015D65958900][0000015D644C6200 49] Windows
[2023.09.23-08.24.05:446][  0]LogInit: Profiles: [0000015D65958900][0000015D644C6200 49] Windows, [0000015D6590F800][0000015D644D6380 49] WindowsNoEditor, [0000015D6595B500][0000015D644DA500 49] WindowsServer, [0000015D6590CE00][0000015D64506680 49] WindowsClient, [0000015D6595B800][0000015D63BAE7C0 49] IOS, [0000015D6590E800][0000015D6450A900 49] iPadAir, [0000015D6595A000][0000015D6450EA40 49] iPadAir2, [0000015D668B4A00][0000015D5AAF0CC0 49] IPadPro, [0000015D668B4B00][0000015D5AB00D00 49] iPadAir3, [0000015D6590D800][0000015D5AAF4E80 49] iPadAir4, [0000015D668B7400][0000015D64513000 49] iPadMini2, [0000015D6590EA00][0000015D63C6D180 49] iPadMini3, [0000015D668B5700][0000015D63C71300 49] iPadMini4, [0000015D65959000][0000015D63C75480 49] iPadMini5, [0000015D668BC300][0000015D63C7D740 49] iPhone6, [0000015D668BC400][0000015D63C79780 49] iPodTouch6, [0000015D668B7600][0000015D63C85A40 49] iPhone7, [0000015D668B5800][0000015D63C81A80 49] iPodTouch7, [0000015D668BFF00][0000015D63C89C00 49] iPhone5S, [0000015D6590E300][0000015D63C8C200 49] iPhone6Plus, [0000015D668B4200][0000015D63C90380 49] iPhone6S, [0000015D6590E200][0000015D63C94500 49] iPhone6SPlus, [0000015D668B7C00][0000015D63C98680 49] iPhone7Plus, [0000015D6590C100][0000015D63C9C800 49] iPhoneSE, [0000015D668B7500][0000015D63C68940 49] iPhone8, [0000015D6590DE00][0000015D63CA0A80 49] iPhone8Plus, [0000015D668B5000][0000015D63CA4BC0 49] iPhoneX, [0000015D6590CA00][0000015D63CA8D00 49] iPhoneXS, [0000015D668B5200][0000015D63CB0E80 49] iPhoneXSMax, [0000015D6590D500][0000015D64363000 49] iPhoneXR, [0000015D668B7700][0000015D64367180 49] iPhone11, [0000015D6590CD00][0000015D6436B300 49] iPhone11Pro, [0000015D668B7800][0000015D6436F480 49] iPhone11ProMax, [0000015D6590CF00][0000015D64373600 49] iPhoneSE2, [0000015D668B6E00][0000015D64377780 49] iPhone12Mini, [0000015D6590F100][0000015D6437B900 49] iPhone12, [0000015D668B6B00][0000015D6437FA80 49] iPhone12Pro, [0000015D6590C800][0000015D64383C00 49] iPhone12ProMax, [0000015D668B6300][0000015D64386200 49] iPadPro105, [0000015D6590EF00][0000015D6438A380 49] iPadPro129, [0000015D668B6000][0000015D6438E500 49] iPadPro97, [0000015D6590D300][0000015D64392680 49] iPadPro2_129, [0000015D668B5A00][0000015D64396800 49] iPad5, [0000015D6590DA00][0000015D6439A980 49] iPad6, [0000015D668B6800][0000015D6439EB00 49] iPad7, [0000015D6590CC00][0000015D63CACC40 49] iPad8, [0000015D668B7200][0000015D643A2D80 49] iPadPro11, [0000015D6590D600][0000015D643A6EC0 49] iPadPro2_11, [0000015D668B5C00][0000015D643AF040 49] iPadPro3_129, [0000015D6590F900][0000015D643B31C0 49] iPadPro4_129, [0000015D668B5500][0000015D643B7340 49] AppleTV, [0000015D6590C300][0000015D643BB4C0 49] AppleTV4K, [0000015D668B4100][0000015D643BF640 49] TVOS, [0000015D6590E400][0000015D643C37C0 49] Mac, [0000015D668B6100][0000015D643C7940 49] MacClient, [0000015D6590F400][0000015D643CBAC0 49] MacNoEditor, [0000015D668B5F00][0000015D643CE0C0 49] MacServer, [0000015D6590C600][0000015D643D2240 49] Linux, [0000015D668B6200][0000015D643D63C0 49] LinuxAArch64, [0000015D6590F600][0000015D643DA540 49] LinuxNoEditor, [0000015D668B5D00][0000015D643DE6C0 49] LinuxAArch64NoEditor, [0000015D6590D400][0000015D643E2840 49] LinuxClient, [0000015D668B7100][0000015D643E69C0 49] LinuxAArch64Client, [0000015D6590D900][0000015D643EAB40 49] LinuxServer, [0000015D668B7000][0000015D643EECC0 49] LinuxAArch64Server, [0000015D6590E600][0000015D643AAE00 49] Android, [0000015D668B4700][0000015D643F2F40 49] Android_Low, [0000015D6590DB00][0000015D643F7080 49] Android_Mid, [0000015D6595BA00][0000015D643FB1C0 49] Android_High, [0000015D668BDC00][0000015D64403340 49] Android_Default, [0000015D6595A100][0000015D644074C0 49] Android_Adreno4xx, [0000015D668BE700][0000015D640E1640 49] Android_Adreno5xx_Low, [0000015D65958B00][0000015D640E57C0 49] Android_Adreno5xx, [0000015D668BED00][0000015D640E9940 49] Android_Adreno6xx, [0000015D65959200][0000015D640EDAC0 49] Android_Adreno6xx_Vulkan, [0000015D668BE800][0000015D640F00C0 49] Android_Mali_T6xx, [0000015D6595B200][0000015D640F4240 49] Android_Mali_T7xx, [0000015D668BEE00][0000015D640F83C0 49] Android_Mali_T8xx, [0000015D6595A500][0000015D640FC540 49] Android_Mali_G71, [0000015D668BFE00][0000015D641006C0 49] Android_Mali_G72, [0000015D6595AA00][0000015D64104840 49] Android_Mali_G72_Vulkan, [0000015D668BDB00][0000015D641089C0 49] Android_Mali_G76, [0000015D65959B00][0000015D6410CB40 49] Android_Mali_G76_Vulkan, [0000015D668BFD00][0000015D64110CC0 49] Android_Mali_G77, [0000015D6595AD00][0000015D64114E40 49] Android_Mali_G77_Vulkan, [0000015D668BF900][0000015D643FEF80 49] Android_Mali_G78, [0000015D65958D00][0000015D641190C0 49] Android_Mali_G78_Vulkan, [0000015D668BC500][0000015D6411D200 49] Android_Mali_G710, [0000015D6595AB00][0000015D64121340 49] Android_Mali_G710_Vulkan, [0000015D668BF500][0000015D641294C0 49] Android_Vulkan_SM5, [0000015D6595B400][0000015D6412D640 49] Android_PowerVR_G6xxx, [0000015D668BE400][0000015D641317C0 49] Android_PowerVR_GT7xxx, [0000015D6595BC00][0000015D64135940 49] Android_PowerVR_GE8xxx, [0000015D668BE200][0000015D64139AC0 49] Android_PowerVR_GM9xxx, [0000015D6595B000][0000015D6413C0C0 49] Android_PowerVR_GM9xxx_Vulkan, [0000015D668BD500][0000015D64140240 49] Android_TegraK1, [0000015D65959100][0000015D641443C0 49] Android_Unknown_Vulkan, [0000015D6590FD00][0000015D64148540 49] Lumin, [0000015D6595A900][0000015D6414C6C0 49] Lumin_Desktop, [0000015D6590FE00][0000015D64150840 49] HoloLens, 
[2023.09.23-08.24.05:596][  0]LogMeshReduction: Using QuadricMeshReduction for automatic static mesh reduction
[2023.09.23-08.24.05:597][  0]LogMeshReduction: Using SimplygonMeshReduction for automatic skeletal mesh reduction
[2023.09.23-08.24.05:597][  0]LogMeshReduction: Using ProxyLODMeshReduction for automatic mesh merging
[2023.09.23-08.24.05:597][  0]LogMeshReduction: No distributed automatic mesh merging module available
[2023.09.23-08.24.05:597][  0]LogMeshMerging: No distributed automatic mesh merging module available
[2023.09.23-08.24.05:615][  0]LogNetVersion: PingPong 1.0.0, NetCL: 17155196, EngineNetVer: 17, GameNetVer: 0 (Checksum: 166094971)
[2023.09.23-08.24.06:013][  0]LogTexture: Default maximum texture size for cubemaps generated from long-lat sources has been changed from 512 to unlimited. In order to preserve old behaiour for '/Engine/MapTemplates/Sky/DaylightAmbientCubemap.DaylightAmbientCubemap', its maximum texture size has been explicitly set to 512.
[2023.09.23-08.24.06:071][  0]LogHMD: PokeAHoleMaterial loaded successfully
[2023.09.23-08.24.06:078][  0]LogUObjectArray: 17178 objects as part of root set at end of initial load.
[2023.09.23-08.24.06:078][  0]LogUObjectAllocator: 4302048 out of 0 bytes used by permanent object pool.
[2023.09.23-08.24.06:078][  0]LogUObjectArray: CloseDisregardForGC: 0/0 objects in disregard for GC pool
[2023.09.23-08.24.06:342][  0]LogNiagaraDebuggerClient: Niagara Debugger Client Initialized | Session: 9FC5F7E144DAB671D60927B788777620 | Instance: 9CDC9FE9448365B1DF8677ABF62E117D (DESKTOP-UQ10HGU-10548).
[2023.09.23-08.24.06:507][  0]LogPython: Using Python 3.7.7
[2023.09.23-08.24.07:230][  0]LogTcpMessaging: Initializing TcpMessaging bridge
[2023.09.23-08.24.07:238][  0]LogUdpMessaging: Initializing bridge on interface 0.0.0.0:0 to multicast group 230.0.0.1:6666.
[2023.09.23-08.24.07:707][  0]SourceControl: Source control is disabled
[2023.09.23-08.24.07:707][  0]SourceControl: Source control is disabled
[2023.09.23-08.24.07:714][  0]SourceControl: Source control is disabled
[2023.09.23-08.24.07:719][  0]SourceControl: Source control is disabled
[2023.09.23-08.24.07:739][  0]SourceControl: Source control is disabled
[2023.09.23-08.24.08:015][  0]LogOpenImageDenoise: OIDN starting up
[2023.09.23-08.24.08:063][  0]LogAndroidPermission: UAndroidPermissionCallbackProxy::GetInstance
[2023.09.23-08.24.08:098][  0]LogAudioCaptureCore: Display: No Audio Capture implementations found. Audio input will be silent.
[2023.09.23-08.24.08:098][  0]LogAudioCaptureCore: Display: No Audio Capture implementations found. Audio input will be silent.
[2023.09.23-08.24.08:260][  0]LogUProjectInfo: Found projects:
[2023.09.23-08.24.08:378][  0]LogOcInput: OculusInput pre-init called
[2023.09.23-08.24.08:650][  0]LogCollectionManager: Loaded 0 collections in 0.002644 seconds
[2023.09.23-08.24.08:739][  0]LogFileCache: Scanning file cache for directory 'C:/Unreal/Multiplayer_PingPong_Unreal/PingPong/Saved/Collections/' took 0.00s
[2023.09.23-08.24.08:739][  0]LogFileCache: Scanning file cache for directory 'C:/Unreal/Multiplayer_PingPong_Unreal/PingPong/Content/Developers/Golem/Collections/' took 0.00s
[2023.09.23-08.24.08:739][  0]LogFileCache: Scanning file cache for directory 'C:/Unreal/Multiplayer_PingPong_Unreal/PingPong/Content/Collections/' took 0.00s
[2023.09.23-08.24.08:740][  0]LogEngine: Initializing Engine...
[2023.09.23-08.24.08:744][  0]LogHMD: Failed to enumerate extensions. Please check that you have a valid OpenXR runtime installed.
[2023.09.23-08.24.08:745][  0]LogHMD: Failed to initialize OpenVR with code 110
[2023.09.23-08.24.08:745][  0]LogMagicLeap: Warning: VR disabled because ZI is not enabled.  To enable, in the editor, Edit -> Project Settings -> Plugins -> Magic Leap Plugin -> Enable Zero Iteration
[2023.09.23-08.24.08:746][  0]LogStats: UGameplayTagsManager::InitializeManager -  0.000 s
[2023.09.23-08.24.08:900][  0]LogInit: Initializing FReadOnlyCVARCache
[2023.09.23-08.24.08:912][  0]LogAIModule: Creating AISystem for world Untitled
[2023.09.23-08.24.08:936][  0]LogAudio: Display: Initializing Audio Device Manager...
[2023.09.23-08.24.08:942][  0]LogAudio: Display: Loading Default Audio Settings Objects...
[2023.09.23-08.24.08:942][  0]LogAudio: Display: No default SoundConcurrencyObject specified (or failed to load).
[2023.09.23-08.24.08:943][  0]LogAudio: Display: Audio Device Manager Initialized
[2023.09.23-08.24.08:943][  0]LogAudio: Display: Creating Audio Device:                 Id: 1, Scope: Shared, Realtime: True
[2023.09.23-08.24.08:944][  0]LogAudioMixer: Display: Audio Mixer Platform Settings:
[2023.09.23-08.24.08:944][  0]LogAudioMixer: Display: 	Sample Rate:						  48000
[2023.09.23-08.24.08:944][  0]LogAudioMixer: Display: 	Callback Buffer Frame Size Requested: 1024
[2023.09.23-08.24.08:944][  0]LogAudioMixer: Display: 	Callback Buffer Frame Size To Use:	  1024
[2023.09.23-08.24.08:944][  0]LogAudioMixer: Display: 	Number of buffers to queue:			  2
[2023.09.23-08.24.08:944][  0]LogAudioMixer: Display: 	Max Channels (voices):				  32
[2023.09.23-08.24.08:944][  0]LogAudioMixer: Display: 	Number of Async Source Workers:		  0
[2023.09.23-08.24.08:944][  0]LogAudio: Display: AudioDevice MaxSources: 32
[2023.09.23-08.24.08:945][  0]LogAudio: Display: Audio Spatialization Plugin: None (built-in).
[2023.09.23-08.24.08:945][  0]LogAudio: Display: Audio Reverb Plugin: None (built-in).
[2023.09.23-08.24.08:945][  0]LogAudio: Display: Audio Occlusion Plugin: None (built-in).
[2023.09.23-08.24.08:945][  0]LogAudioMixer: Display: Initializing audio mixer.
[2023.09.23-08.24.08:968][  0]LogAudioMixer: Display: 0: FrontLeft
[2023.09.23-08.24.08:969][  0]LogAudioMixer: Display: 1: FrontRight
[2023.09.23-08.24.08:999][  0]LogAudioMixer: Display: Using Audio Device Headphones (2- High Definition Audio Device)
[2023.09.23-08.24.09:003][  0]LogAudioMixer: Display: Initializing Sound Submixes...
[2023.09.23-08.24.09:005][  0]LogAudioMixer: Display: Creating Master Submix 'MasterSubmixDefault'
[2023.09.23-08.24.09:005][  0]LogAudioMixer: Display: Creating Master Submix 'MasterReverbSubmixDefault'
[2023.09.23-08.24.09:007][  0]LogAudioMixer: Display: Creating Master Submix 'MasterEQSubmixDefault'
[2023.09.23-08.24.09:007][  0]LogAudioMixer: FMixerPlatformXAudio2::StartAudioStream() called
[2023.09.23-08.24.09:007][  0]LogAudioMixer: Display: Output buffers initialized: Frames=1024, Channels=2, Samples=2048
[2023.09.23-08.24.09:010][  0]LogAudioMixer: Display: Starting AudioMixerPlatformInterface::RunInternal()
[2023.09.23-08.24.09:010][  0]LogAudioMixer: Display: FMixerPlatformXAudio2::SubmitBuffer() called for the first time
[2023.09.23-08.24.09:010][  0]LogInit: FAudioDevice initialized.
[2023.09.23-08.24.09:010][  0]LogAudio: Display: Audio Device (ID: 1) registered with world 'Untitled'.
[2023.09.23-08.24.09:011][  0]LogNetVersion: Set ProjectVersion to 1.0.0.0. Version Checksum will be recalculated on next use.
[2023.09.23-08.24.09:094][  0]LogDerivedDataCache: Saved boot cache 0.08s 94MB C:/Users/Golem/AppData/Local/UnrealEngine/4.27/DerivedDataCache/Boot.ddc.
[2023.09.23-08.24.09:094][  0]LogInit: Texture streaming: Enabled
[2023.09.23-08.24.09:113][  0]LogAnalytics: Display: [UEEditor.Rocket.Release] APIServer = https://datarouter.ol.epicgames.com/. AppVersion = 4.27.2-18319896+++UE4+Release-4.27
[2023.09.23-08.24.09:119][  0]LogEngineSessionManager: EngineSessionManager initialized
[2023.09.23-08.24.09:119][  0]LogEditorSessionSummary: Verbose: Initializing EditorSessionSummaryWriter for editor session tracking
[2023.09.23-08.24.09:122][  0]LogEditorSessionSummary: EditorSessionSummaryWriter initialized
[2023.09.23-08.24.09:149][  0]LogInit: Transaction tracking system initialized
[2023.09.23-08.24.09:182][  0]BlueprintLog: New page: Editor Load
[2023.09.23-08.24.09:283][  0]LocalizationService: Localization service is disabled
[2023.09.23-08.24.09:319][  0]TimingProfiler: Initialize
[2023.09.23-08.24.09:319][  0]TimingProfiler: OnSessionChanged
[2023.09.23-08.24.09:319][  0]LoadingProfiler: Initialize
[2023.09.23-08.24.09:319][  0]LoadingProfiler: OnSessionChanged
[2023.09.23-08.24.09:319][  0]NetworkingProfiler: Initialize
[2023.09.23-08.24.09:319][  0]NetworkingProfiler: OnSessionChanged
[2023.09.23-08.24.09:320][  0]MemoryProfiler: Initialize
[2023.09.23-08.24.09:320][  0]MemoryProfiler: OnSessionChanged
[2023.09.23-08.24.09:519][  0]LogCook: Display: CookSettings for Memory: MemoryMaxUsedVirtual 0MiB, MemoryMaxUsedPhysical 16384MiB, MemoryMinFreeVirtual 0MiB, MemoryMinFreePhysical 1024MiB
[2023.09.23-08.24.09:520][  0]LogCook: Display: Mobile HDR setting 1
[2023.09.23-08.24.09:797][  0]LogFileCache: Scanning file cache for directory 'C:/Unreal/Multiplayer_PingPong_Unreal/PingPong/Content/' took 0.01s
[2023.09.23-08.24.10:087][  0]LogInit: Display: Engine is initialized. Leaving FEngineLoop::Init()
[2023.09.23-08.24.10:092][  0]SourceControl: Source control is disabled
[2023.09.23-08.24.10:092][  0]LogUnrealEdMisc: Loading editor; pre map load, took 10.181
[2023.09.23-08.24.10:092][  0]Cmd: MAP LOAD FILE="../../../../../../Unreal/Multiplayer_PingPong_Unreal/PingPong/Content/StarterContent/Maps/Minimal_Default.umap" TEMPLATE=0 SHOWPROGRESS=1 FEATURELEVEL=3
[2023.09.23-08.24.10:093][  0]LightingResults: New page: Lighting Build
[2023.09.23-08.24.10:096][  0]LogWorld: UWorld::CleanupWorld for Untitled, bSessionEnded=true, bCleanupResources=true
[2023.09.23-08.24.10:096][  0]LogSlate: InvalidateAllWidgets triggered.  All widgets were invalidated
[2023.09.23-08.24.10:096][  0]MapCheck: New page: Map Check
[2023.09.23-08.24.10:097][  0]LightingResults: New page: Lighting Build
[2023.09.23-08.24.10:104][  0]LogAudio: Display: Audio Device unregistered from world 'None'.
[2023.09.23-08.24.10:109][  0]LogUObjectHash: Compacting FUObjectHashTables data took   1.14ms
[2023.09.23-08.24.10:250][  0]LogAudio: Display: Audio Device (ID: 1) registered with world 'Minimal_Default'.
[2023.09.23-08.24.10:251][  0]LogAIModule: Creating AISystem for world Minimal_Default
[2023.09.23-08.24.10:258][  0]LogEditorServer: Finished looking for orphan Actors (0.000 secs)
[2023.09.23-08.24.10:276][  0]LogUObjectHash: Compacting FUObjectHashTables data took   1.09ms
[2023.09.23-08.24.10:276][  0]Cmd: MAP CHECKDEP NOCLEARLOG
[2023.09.23-08.24.10:277][  0]MapCheck: Map check complete: 0 Error(s), 0 Warning(s), took 0.269ms to complete.
[2023.09.23-08.24.10:277][  0]LogFileHelpers: Loading map 'Minimal_Default' took 0.185
[2023.09.23-08.24.10:281][  0]LogUnrealEdMisc: Total Editor Startup Time, took 10.370
[2023.09.23-08.24.10:420][  0]LogSlate: Updating window title bar state: overlay mode, drag disabled, window buttons hidden, title bar hidden
[2023.09.23-08.24.10:428][  0]LogSlate: Updating window title bar state: overlay mode, drag disabled, window buttons hidden, title bar hidden
[2023.09.23-08.24.10:436][  0]LogSlate: Updating window title bar state: overlay mode, drag disabled, window buttons hidden, title bar hidden
[2023.09.23-08.24.10:445][  0]LogSlate: Updating window title bar state: overlay mode, drag disabled, window buttons hidden, title bar hidden
[2023.09.23-08.24.10:462][  0]LogNativeClassHierarchy: Verbose: Native class hierarchy populated in 0.0121 seconds. Added 3828 classes and 930 folders.
[2023.09.23-08.24.10:466][  0]LogNativeClassHierarchy: Verbose: Native class hierarchy updated for 'WidgetCarousel' in 0.0003 seconds. Added 0 classes and 0 folders.
[2023.09.23-08.24.10:467][  0]LogPakFile: PakFile PrimaryIndexSize=187
[2023.09.23-08.24.10:468][  0]LogPakFile: PakFile PathHashIndexSize=101
[2023.09.23-08.24.10:468][  0]LogPakFile: PakFile FullDirectoryIndexSize=148
[2023.09.23-08.24.10:468][  0]LogShaderLibrary: Display: ShaderCodeLibraryPakFileMountedCallback: PakFile 'C:/Program Files/Epic Games/UE_4.27/FeaturePacks/FP_FirstPerson.upack' (chunk index -1, root 'root:/') mounted
[2023.09.23-08.24.10:468][  0]LogShaderLibrary: Display: ShaderCodeLibraryPakFileMountedCallback: pending pak file info (ChunkID:-1 Root:root:/ File:C:/Program Files/Epic Games/UE_4.27/FeaturePacks/FP_FirstPerson.upack)
[2023.09.23-08.24.10:468][  0]LogPakFile: OnPakFileMounted2Time == 0.000299
[2023.09.23-08.24.10:469][  0]LogPakFile: PakFile PrimaryIndexSize=189
[2023.09.23-08.24.10:469][  0]LogPakFile: PakFile PathHashIndexSize=101
[2023.09.23-08.24.10:469][  0]LogPakFile: PakFile FullDirectoryIndexSize=152
[2023.09.23-08.24.10:470][  0]LogShaderLibrary: Display: ShaderCodeLibraryPakFileMountedCallback: PakFile 'C:/Program Files/Epic Games/UE_4.27/FeaturePacks/FP_FirstPersonBP.upack' (chunk index -1, root 'root:/') mounted
[2023.09.23-08.24.10:470][  0]LogShaderLibrary: Display: ShaderCodeLibraryPakFileMountedCallback: pending pak file info (ChunkID:-1 Root:root:/ File:C:/Program Files/Epic Games/UE_4.27/FeaturePacks/FP_FirstPersonBP.upack)
[2023.09.23-08.24.10:470][  0]LogPakFile: OnPakFileMounted2Time == 0.000247
[2023.09.23-08.24.10:471][  0]LogPakFile: PakFile PrimaryIndexSize=191
[2023.09.23-08.24.10:471][  0]LogPakFile: PakFile PathHashIndexSize=101
[2023.09.23-08.24.10:471][  0]LogPakFile: PakFile FullDirectoryIndexSize=160
[2023.09.23-08.24.10:471][  0]LogShaderLibrary: Display: ShaderCodeLibraryPakFileMountedCallback: PakFile 'C:/Program Files/Epic Games/UE_4.27/FeaturePacks/MobileStarterContent.upack' (chunk index -1, root 'root:/') mounted
[2023.09.23-08.24.10:471][  0]LogShaderLibrary: Display: ShaderCodeLibraryPakFileMountedCallback: pending pak file info (ChunkID:-1 Root:root:/ File:C:/Program Files/Epic Games/UE_4.27/FeaturePacks/MobileStarterContent.upack)
[2023.09.23-08.24.10:471][  0]LogPakFile: OnPakFileMounted2Time == 0.000227
[2023.09.23-08.24.10:472][  0]LogPakFile: PakFile PrimaryIndexSize=185
[2023.09.23-08.24.10:472][  0]LogPakFile: PakFile PathHashIndexSize=101
[2023.09.23-08.24.10:472][  0]LogPakFile: PakFile FullDirectoryIndexSize=148
[2023.09.23-08.24.10:472][  0]LogShaderLibrary: Display: ShaderCodeLibraryPakFileMountedCallback: PakFile 'C:/Program Files/Epic Games/UE_4.27/FeaturePacks/StarterContent.upack' (chunk index -1, root 'root:/') mounted
[2023.09.23-08.24.10:472][  0]LogShaderLibrary: Display: ShaderCodeLibraryPakFileMountedCallback: pending pak file info (ChunkID:-1 Root:root:/ File:C:/Program Files/Epic Games/UE_4.27/FeaturePacks/StarterContent.upack)
[2023.09.23-08.24.10:472][  0]LogPakFile: OnPakFileMounted2Time == 0.000189
[2023.09.23-08.24.10:473][  0]LogPakFile: PakFile PrimaryIndexSize=190
[2023.09.23-08.24.10:473][  0]LogPakFile: PakFile PathHashIndexSize=101
[2023.09.23-08.24.10:473][  0]LogPakFile: PakFile FullDirectoryIndexSize=154
[2023.09.23-08.24.10:473][  0]LogShaderLibrary: Display: ShaderCodeLibraryPakFileMountedCallback: PakFile 'C:/Program Files/Epic Games/UE_4.27/FeaturePacks/TP_2DSideScroller.upack' (chunk index -1, root 'root:/') mounted
[2023.09.23-08.24.10:474][  0]LogShaderLibrary: Display: ShaderCodeLibraryPakFileMountedCallback: pending pak file info (ChunkID:-1 Root:root:/ File:C:/Program Files/Epic Games/UE_4.27/FeaturePacks/TP_2DSideScroller.upack)
[2023.09.23-08.24.10:474][  0]LogPakFile: OnPakFileMounted2Time == 0.000200
[2023.09.23-08.24.10:474][  0]LogPakFile: PakFile PrimaryIndexSize=192
[2023.09.23-08.24.10:474][  0]LogPakFile: PakFile PathHashIndexSize=101
[2023.09.23-08.24.10:474][  0]LogPakFile: PakFile FullDirectoryIndexSize=158
[2023.09.23-08.24.10:475][  0]LogShaderLibrary: Display: ShaderCodeLibraryPakFileMountedCallback: PakFile 'C:/Program Files/Epic Games/UE_4.27/FeaturePacks/TP_2DSideScrollerBP.upack' (chunk index -1, root 'root:/') mounted
[2023.09.23-08.24.10:475][  0]LogShaderLibrary: Display: ShaderCodeLibraryPakFileMountedCallback: pending pak file info (ChunkID:-1 Root:root:/ File:C:/Program Files/Epic Games/UE_4.27/FeaturePacks/TP_2DSideScrollerBP.upack)
[2023.09.23-08.24.10:475][  0]LogPakFile: OnPakFileMounted2Time == 0.000201
[2023.09.23-08.24.10:475][  0]LogPakFile: PakFile PrimaryIndexSize=182
[2023.09.23-08.24.10:476][  0]LogPakFile: PakFile PathHashIndexSize=101
[2023.09.23-08.24.10:476][  0]LogPakFile: PakFile FullDirectoryIndexSize=138
[2023.09.23-08.24.10:476][  0]LogShaderLibrary: Display: ShaderCodeLibraryPakFileMountedCallback: PakFile 'C:/Program Files/Epic Games/UE_4.27/FeaturePacks/TP_Flying.upack' (chunk index -1, root 'root:/') mounted
[2023.09.23-08.24.10:476][  0]LogShaderLibrary: Display: ShaderCodeLibraryPakFileMountedCallback: pending pak file info (ChunkID:-1 Root:root:/ File:C:/Program Files/Epic Games/UE_4.27/FeaturePacks/TP_Flying.upack)
[2023.09.23-08.24.10:476][  0]LogPakFile: OnPakFileMounted2Time == 0.000169
[2023.09.23-08.24.10:477][  0]LogPakFile: PakFile PrimaryIndexSize=184
[2023.09.23-08.24.10:477][  0]LogPakFile: PakFile PathHashIndexSize=101
[2023.09.23-08.24.10:477][  0]LogPakFile: PakFile FullDirectoryIndexSize=142
[2023.09.23-08.24.10:477][  0]LogShaderLibrary: Display: ShaderCodeLibraryPakFileMountedCallback: PakFile 'C:/Program Files/Epic Games/UE_4.27/FeaturePacks/TP_FlyingBP.upack' (chunk index -1, root 'root:/') mounted
[2023.09.23-08.24.10:477][  0]LogShaderLibrary: Display: ShaderCodeLibraryPakFileMountedCallback: pending pak file info (ChunkID:-1 Root:root:/ File:C:/Program Files/Epic Games/UE_4.27/FeaturePacks/TP_FlyingBP.upack)
[2023.09.23-08.24.10:477][  0]LogPakFile: OnPakFileMounted2Time == 0.000170
[2023.09.23-08.24.10:478][  0]LogPakFile: PakFile PrimaryIndexSize=188
[2023.09.23-08.24.10:478][  0]LogPakFile: PakFile PathHashIndexSize=101
[2023.09.23-08.24.10:478][  0]LogPakFile: PakFile FullDirectoryIndexSize=150
[2023.09.23-08.24.10:478][  0]LogShaderLibrary: Display: ShaderCodeLibraryPakFileMountedCallback: PakFile 'C:/Program Files/Epic Games/UE_4.27/FeaturePacks/TP_HandheldARBP.upack' (chunk index -1, root 'root:/') mounted
[2023.09.23-08.24.10:478][  0]LogShaderLibrary: Display: ShaderCodeLibraryPakFileMountedCallback: pending pak file info (ChunkID:-1 Root:root:/ File:C:/Program Files/Epic Games/UE_4.27/FeaturePacks/TP_HandheldARBP.upack)
[2023.09.23-08.24.10:478][  0]LogPakFile: OnPakFileMounted2Time == 0.000185
[2023.09.23-08.24.10:479][  0]LogPakFile: PakFile PrimaryIndexSize=182
[2023.09.23-08.24.10:479][  0]LogPakFile: PakFile PathHashIndexSize=101
[2023.09.23-08.24.10:479][  0]LogPakFile: PakFile FullDirectoryIndexSize=138
[2023.09.23-08.24.10:479][  0]LogShaderLibrary: Display: ShaderCodeLibraryPakFileMountedCallback: PakFile 'C:/Program Files/Epic Games/UE_4.27/FeaturePacks/TP_Puzzle.upack' (chunk index -1, root 'root:/') mounted
[2023.09.23-08.24.10:479][  0]LogShaderLibrary: Display: ShaderCodeLibraryPakFileMountedCallback: pending pak file info (ChunkID:-1 Root:root:/ File:C:/Program Files/Epic Games/UE_4.27/FeaturePacks/TP_Puzzle.upack)
[2023.09.23-08.24.10:480][  0]LogPakFile: OnPakFileMounted2Time == 0.000209
[2023.09.23-08.24.10:480][  0]LogPakFile: PakFile PrimaryIndexSize=184
[2023.09.23-08.24.10:481][  0]LogPakFile: PakFile PathHashIndexSize=101
[2023.09.23-08.24.10:481][  0]LogPakFile: PakFile FullDirectoryIndexSize=142
[2023.09.23-08.24.10:481][  0]LogShaderLibrary: Display: ShaderCodeLibraryPakFileMountedCallback: PakFile 'C:/Program Files/Epic Games/UE_4.27/FeaturePacks/TP_PuzzleBP.upack' (chunk index -1, root 'root:/') mounted
[2023.09.23-08.24.10:481][  0]LogShaderLibrary: Display: ShaderCodeLibraryPakFileMountedCallback: pending pak file info (ChunkID:-1 Root:root:/ File:C:/Program Files/Epic Games/UE_4.27/FeaturePacks/TP_PuzzleBP.upack)
[2023.09.23-08.24.10:481][  0]LogPakFile: OnPakFileMounted2Time == 0.000178
[2023.09.23-08.24.10:482][  0]LogPakFile: PakFile PrimaryIndexSize=183
[2023.09.23-08.24.10:482][  0]LogPakFile: PakFile PathHashIndexSize=101
[2023.09.23-08.24.10:482][  0]LogPakFile: PakFile FullDirectoryIndexSize=140
[2023.09.23-08.24.10:482][  0]LogShaderLibrary: Display: ShaderCodeLibraryPakFileMountedCallback: PakFile 'C:/Program Files/Epic Games/UE_4.27/FeaturePacks/TP_Rolling.upack' (chunk index -1, root 'root:/') mounted
[2023.09.23-08.24.10:482][  0]LogShaderLibrary: Display: ShaderCodeLibraryPakFileMountedCallback: pending pak file info (ChunkID:-1 Root:root:/ File:C:/Program Files/Epic Games/UE_4.27/FeaturePacks/TP_Rolling.upack)
[2023.09.23-08.24.10:482][  0]LogPakFile: OnPakFileMounted2Time == 0.000166
[2023.09.23-08.24.10:483][  0]LogPakFile: PakFile PrimaryIndexSize=185
[2023.09.23-08.24.10:483][  0]LogPakFile: PakFile PathHashIndexSize=101
[2023.09.23-08.24.10:483][  0]LogPakFile: PakFile FullDirectoryIndexSize=144
[2023.09.23-08.24.10:483][  0]LogShaderLibrary: Display: ShaderCodeLibraryPakFileMountedCallback: PakFile 'C:/Program Files/Epic Games/UE_4.27/FeaturePacks/TP_RollingBP.upack' (chunk index -1, root 'root:/') mounted
[2023.09.23-08.24.10:483][  0]LogShaderLibrary: Display: ShaderCodeLibraryPakFileMountedCallback: pending pak file info (ChunkID:-1 Root:root:/ File:C:/Program Files/Epic Games/UE_4.27/FeaturePacks/TP_RollingBP.upack)
[2023.09.23-08.24.10:483][  0]LogPakFile: OnPakFileMounted2Time == 0.000187
[2023.09.23-08.24.10:484][  0]LogPakFile: PakFile PrimaryIndexSize=188
[2023.09.23-08.24.10:484][  0]LogPakFile: PakFile PathHashIndexSize=101
[2023.09.23-08.24.10:484][  0]LogPakFile: PakFile FullDirectoryIndexSize=150
[2023.09.23-08.24.10:484][  0]LogShaderLibrary: Display: ShaderCodeLibraryPakFileMountedCallback: PakFile 'C:/Program Files/Epic Games/UE_4.27/FeaturePacks/TP_SideScroller.upack' (chunk index -1, root 'root:/') mounted
[2023.09.23-08.24.10:484][  0]LogShaderLibrary: Display: ShaderCodeLibraryPakFileMountedCallback: pending pak file info (ChunkID:-1 Root:root:/ File:C:/Program Files/Epic Games/UE_4.27/FeaturePacks/TP_SideScroller.upack)
[2023.09.23-08.24.10:484][  0]LogPakFile: OnPakFileMounted2Time == 0.000166
[2023.09.23-08.24.10:485][  0]LogPakFile: PakFile PrimaryIndexSize=190
[2023.09.23-08.24.10:485][  0]LogPakFile: PakFile PathHashIndexSize=101
[2023.09.23-08.24.10:485][  0]LogPakFile: PakFile FullDirectoryIndexSize=154
[2023.09.23-08.24.10:485][  0]LogShaderLibrary: Display: ShaderCodeLibraryPakFileMountedCallback: PakFile 'C:/Program Files/Epic Games/UE_4.27/FeaturePacks/TP_SideScrollerBP.upack' (chunk index -1, root 'root:/') mounted
[2023.09.23-08.24.10:485][  0]LogShaderLibrary: Display: ShaderCodeLibraryPakFileMountedCallback: pending pak file info (ChunkID:-1 Root:root:/ File:C:/Program Files/Epic Games/UE_4.27/FeaturePacks/TP_SideScrollerBP.upack)
[2023.09.23-08.24.10:485][  0]LogPakFile: OnPakFileMounted2Time == 0.000165
[2023.09.23-08.24.10:485][  0]LogPakFile: PakFile PrimaryIndexSize=187
[2023.09.23-08.24.10:485][  0]LogPakFile: PakFile PathHashIndexSize=101
[2023.09.23-08.24.10:485][  0]LogPakFile: PakFile FullDirectoryIndexSize=148
[2023.09.23-08.24.10:485][  0]LogShaderLibrary: Display: ShaderCodeLibraryPakFileMountedCallback: PakFile 'C:/Program Files/Epic Games/UE_4.27/FeaturePacks/TP_ThirdPerson.upack' (chunk index -1, root 'root:/') mounted
[2023.09.23-08.24.10:485][  0]LogShaderLibrary: Display: ShaderCodeLibraryPakFileMountedCallback: pending pak file info (ChunkID:-1 Root:root:/ File:C:/Program Files/Epic Games/UE_4.27/FeaturePacks/TP_ThirdPerson.upack)
[2023.09.23-08.24.10:485][  0]LogPakFile: OnPakFileMounted2Time == 0.000172
[2023.09.23-08.24.10:486][  0]LogPakFile: PakFile PrimaryIndexSize=189
[2023.09.23-08.24.10:486][  0]LogPakFile: PakFile PathHashIndexSize=101
[2023.09.23-08.24.10:486][  0]LogPakFile: PakFile FullDirectoryIndexSize=152
[2023.09.23-08.24.10:486][  0]LogShaderLibrary: Display: ShaderCodeLibraryPakFileMountedCallback: PakFile 'C:/Program Files/Epic Games/UE_4.27/FeaturePacks/TP_ThirdPersonBP.upack' (chunk index -1, root 'root:/') mounted
[2023.09.23-08.24.10:486][  0]LogShaderLibrary: Display: ShaderCodeLibraryPakFileMountedCallback: pending pak file info (ChunkID:-1 Root:root:/ File:C:/Program Files/Epic Games/UE_4.27/FeaturePacks/TP_ThirdPersonBP.upack)
[2023.09.23-08.24.10:487][  0]LogPakFile: OnPakFileMounted2Time == 0.000173
[2023.09.23-08.24.10:487][  0]LogPakFile: PakFile PrimaryIndexSize=183
[2023.09.23-08.24.10:487][  0]LogPakFile: PakFile PathHashIndexSize=101
[2023.09.23-08.24.10:487][  0]LogPakFile: PakFile FullDirectoryIndexSize=140
[2023.09.23-08.24.10:488][  0]LogShaderLibrary: Display: ShaderCodeLibraryPakFileMountedCallback: PakFile 'C:/Program Files/Epic Games/UE_4.27/FeaturePacks/TP_TopDown.upack' (chunk index -1, root 'root:/') mounted
[2023.09.23-08.24.10:488][  0]LogShaderLibrary: Display: ShaderCodeLibraryPakFileMountedCallback: pending pak file info (ChunkID:-1 Root:root:/ File:C:/Program Files/Epic Games/UE_4.27/FeaturePacks/TP_TopDown.upack)
[2023.09.23-08.24.10:488][  0]LogPakFile: OnPakFileMounted2Time == 0.000279
[2023.09.23-08.24.10:489][  0]LogPakFile: PakFile PrimaryIndexSize=185
[2023.09.23-08.24.10:489][  0]LogPakFile: PakFile PathHashIndexSize=101
[2023.09.23-08.24.10:489][  0]LogPakFile: PakFile FullDirectoryIndexSize=144
[2023.09.23-08.24.10:489][  0]LogShaderLibrary: Display: ShaderCodeLibraryPakFileMountedCallback: PakFile 'C:/Program Files/Epic Games/UE_4.27/FeaturePacks/TP_TopDownBP.upack' (chunk index -1, root 'root:/') mounted
[2023.09.23-08.24.10:489][  0]LogShaderLibrary: Display: ShaderCodeLibraryPakFileMountedCallback: pending pak file info (ChunkID:-1 Root:root:/ File:C:/Program Files/Epic Games/UE_4.27/FeaturePacks/TP_TopDownBP.upack)
[2023.09.23-08.24.10:489][  0]LogPakFile: OnPakFileMounted2Time == 0.000192
[2023.09.23-08.24.10:490][  0]LogPakFile: PakFile PrimaryIndexSize=185
[2023.09.23-08.24.10:490][  0]LogPakFile: PakFile PathHashIndexSize=101
[2023.09.23-08.24.10:490][  0]LogPakFile: PakFile FullDirectoryIndexSize=144
[2023.09.23-08.24.10:490][  0]LogShaderLibrary: Display: ShaderCodeLibraryPakFileMountedCallback: PakFile 'C:/Program Files/Epic Games/UE_4.27/FeaturePacks/TP_TwinStick.upack' (chunk index -1, root 'root:/') mounted
[2023.09.23-08.24.10:490][  0]LogShaderLibrary: Display: ShaderCodeLibraryPakFileMountedCallback: pending pak file info (ChunkID:-1 Root:root:/ File:C:/Program Files/Epic Games/UE_4.27/FeaturePacks/TP_TwinStick.upack)
[2023.09.23-08.24.10:490][  0]LogPakFile: OnPakFileMounted2Time == 0.000172
[2023.09.23-08.24.10:491][  0]LogPakFile: PakFile PrimaryIndexSize=187
[2023.09.23-08.24.10:491][  0]LogPakFile: PakFile PathHashIndexSize=101
[2023.09.23-08.24.10:491][  0]LogPakFile: PakFile FullDirectoryIndexSize=148
[2023.09.23-08.24.10:491][  0]LogShaderLibrary: Display: ShaderCodeLibraryPakFileMountedCallback: PakFile 'C:/Program Files/Epic Games/UE_4.27/FeaturePacks/TP_TwinStickBP.upack' (chunk index -1, root 'root:/') mounted
[2023.09.23-08.24.10:491][  0]LogShaderLibrary: Display: ShaderCodeLibraryPakFileMountedCallback: pending pak file info (ChunkID:-1 Root:root:/ File:C:/Program Files/Epic Games/UE_4.27/FeaturePacks/TP_TwinStickBP.upack)
[2023.09.23-08.24.10:491][  0]LogPakFile: OnPakFileMounted2Time == 0.000170
[2023.09.23-08.24.10:492][  0]LogPakFile: PakFile PrimaryIndexSize=183
[2023.09.23-08.24.10:492][  0]LogPakFile: PakFile PathHashIndexSize=101
[2023.09.23-08.24.10:492][  0]LogPakFile: PakFile FullDirectoryIndexSize=140
[2023.09.23-08.24.10:492][  0]LogShaderLibrary: Display: ShaderCodeLibraryPakFileMountedCallback: PakFile 'C:/Program Files/Epic Games/UE_4.27/FeaturePacks/TP_Vehicle.upack' (chunk index -1, root 'root:/') mounted
[2023.09.23-08.24.10:492][  0]LogShaderLibrary: Display: ShaderCodeLibraryPakFileMountedCallback: pending pak file info (ChunkID:-1 Root:root:/ File:C:/Program Files/Epic Games/UE_4.27/FeaturePacks/TP_Vehicle.upack)
[2023.09.23-08.24.10:493][  0]LogPakFile: OnPakFileMounted2Time == 0.000180
[2023.09.23-08.24.10:493][  0]LogPakFile: PakFile PrimaryIndexSize=186
[2023.09.23-08.24.10:493][  0]LogPakFile: PakFile PathHashIndexSize=101
[2023.09.23-08.24.10:493][  0]LogPakFile: PakFile FullDirectoryIndexSize=146
[2023.09.23-08.24.10:494][  0]LogShaderLibrary: Display: ShaderCodeLibraryPakFileMountedCallback: PakFile 'C:/Program Files/Epic Games/UE_4.27/FeaturePacks/TP_VehicleAdv.upack' (chunk index -1, root 'root:/') mounted
[2023.09.23-08.24.10:494][  0]LogShaderLibrary: Display: ShaderCodeLibraryPakFileMountedCallback: pending pak file info (ChunkID:-1 Root:root:/ File:C:/Program Files/Epic Games/UE_4.27/FeaturePacks/TP_VehicleAdv.upack)
[2023.09.23-08.24.10:494][  0]LogPakFile: OnPakFileMounted2Time == 0.000179
[2023.09.23-08.24.10:494][  0]LogPakFile: PakFile PrimaryIndexSize=188
[2023.09.23-08.24.10:495][  0]LogPakFile: PakFile PathHashIndexSize=101
[2023.09.23-08.24.10:495][  0]LogPakFile: PakFile FullDirectoryIndexSize=150
[2023.09.23-08.24.10:495][  0]LogShaderLibrary: Display: ShaderCodeLibraryPakFileMountedCallback: PakFile 'C:/Program Files/Epic Games/UE_4.27/FeaturePacks/TP_VehicleAdvBP.upack' (chunk index -1, root 'root:/') mounted
[2023.09.23-08.24.10:495][  0]LogShaderLibrary: Display: ShaderCodeLibraryPakFileMountedCallback: pending pak file info (ChunkID:-1 Root:root:/ File:C:/Program Files/Epic Games/UE_4.27/FeaturePacks/TP_VehicleAdvBP.upack)
[2023.09.23-08.24.10:495][  0]LogPakFile: OnPakFileMounted2Time == 0.000186
[2023.09.23-08.24.10:496][  0]LogPakFile: PakFile PrimaryIndexSize=185
[2023.09.23-08.24.10:496][  0]LogPakFile: PakFile PathHashIndexSize=101
[2023.09.23-08.24.10:496][  0]LogPakFile: PakFile FullDirectoryIndexSize=144
[2023.09.23-08.24.10:496][  0]LogShaderLibrary: Display: ShaderCodeLibraryPakFileMountedCallback: PakFile 'C:/Program Files/Epic Games/UE_4.27/FeaturePacks/TP_VehicleBP.upack' (chunk index -1, root 'root:/') mounted
[2023.09.23-08.24.10:496][  0]LogShaderLibrary: Display: ShaderCodeLibraryPakFileMountedCallback: pending pak file info (ChunkID:-1 Root:root:/ File:C:/Program Files/Epic Games/UE_4.27/FeaturePacks/TP_VehicleBP.upack)
[2023.09.23-08.24.10:496][  0]LogPakFile: OnPakFileMounted2Time == 0.000178
[2023.09.23-08.24.10:497][  0]LogPakFile: PakFile PrimaryIndexSize=192
[2023.09.23-08.24.10:497][  0]LogPakFile: PakFile PathHashIndexSize=101
[2023.09.23-08.24.10:497][  0]LogPakFile: PakFile FullDirectoryIndexSize=158
[2023.09.23-08.24.10:497][  0]LogShaderLibrary: Display: ShaderCodeLibraryPakFileMountedCallback: PakFile 'C:/Program Files/Epic Games/UE_4.27/FeaturePacks/TP_VirtualRealityBP.upack' (chunk index -1, root 'root:/') mounted
[2023.09.23-08.24.10:497][  0]LogShaderLibrary: Display: ShaderCodeLibraryPakFileMountedCallback: pending pak file info (ChunkID:-1 Root:root:/ File:C:/Program Files/Epic Games/UE_4.27/FeaturePacks/TP_VirtualRealityBP.upack)
[2023.09.23-08.24.10:497][  0]LogPakFile: OnPakFileMounted2Time == 0.000165
[2023.09.23-08.24.10:554][  0]LogNativeClassHierarchy: Verbose: Native class hierarchy updated for 'AddContentDialog' in 0.0003 seconds. Added 0 classes and 0 folders.
[2023.09.23-08.24.10:560][  0]LogNativeClassHierarchy: Verbose: Native class hierarchy updated for 'SceneOutliner' in 0.0003 seconds. Added 2 classes and 0 folders.
[2023.09.23-08.24.10:696][  0]LogSlate: Took 0.000180 seconds to synchronously load lazily loaded font '../../../Engine/Content/Slate/Fonts/Roboto-Regular.ttf' (155K)
[2023.09.23-08.24.10:698][  0]LogSlate: Took 0.000389 seconds to synchronously load lazily loaded font '../../../Engine/Content/Editor/Slate/Fonts/FontAwesome.ttf' (139K)
[2023.09.23-08.24.10:700][  0]LogSlate: Took 0.000226 seconds to synchronously load lazily loaded font '../../../Engine/Content/Slate/Fonts/Roboto-Bold.ttf' (160K)
[2023.09.23-08.24.10:824][  0]LogRenderer: Reallocating scene render targets to support 1208x572 Format 10 NumSamples 1 (Frame:1).
[2023.09.23-08.24.10:890][  0]LogSlate: Took 0.000149 seconds to synchronously load lazily loaded font '../../../Engine/Content/Slate/Fonts/Roboto-Light.ttf' (167K)
[2023.09.23-08.24.10:987][  0]LogNativeClassHierarchy: Verbose: Native class hierarchy updated for 'HierarchicalLODOutliner' in 0.0004 seconds. Added 0 classes and 0 folders.
[2023.09.23-08.24.10:987][  0]LogLoad: (Engine Initialization) Total time: 11.08 seconds
[2023.09.23-08.24.10:988][  0]LogLoad: (Engine Initialization) Total Blueprint compile time: 0.00 seconds
[2023.09.23-08.24.11:047][  0]LogAssetRegistry: Asset discovery search completed in 5.8565 seconds
[2023.09.23-08.24.11:054][  0]LogCollectionManager: Fixed up redirectors for 0 collections in 0.000004 seconds (updated 0 objects)
[2023.09.23-08.24.11:056][  0]LogContentStreaming: Texture pool size now 1000 MB
[2023.09.23-08.24.19:129][315]LogVSAccessor: Warning: Couldn't goto line number '1' in 'C:/Unreal/Multiplayer_PingPong_Unreal/PingPong/Source/PingPong/Second_PlayerController.cpp'
