Log file open, 09/23/23 10:19:49
LogWindows: Failed to load 'aqProf.dll' (GetLastError=126)
LogWindows: File 'aqProf.dll' does not exist
LogWindows: Failed to load 'VtuneApi.dll' (GetLastError=126)
LogWindows: File 'VtuneApi.dll' does not exist
LogWindows: Failed to load 'VtuneApi32e.dll' (GetLastError=126)
LogWindows: File 'VtuneApi32e.dll' does not exist
LogConsoleResponse: Display: Failed to find resolution value strings in scalability ini. Falling back to default.
LogConsoleResponse: Display: Failed to find resolution value strings in scalability ini. Falling back to default.
LogInit: Display: Running engine for game: PingPong
LogPlatformFile: Not using cached read wrapper
LogTaskGraph: Started task graph with 5 named threads and 23 total threads with 3 sets of task threads.
LogStats: Stats thread started at 0.978981
LogICUInternationalization: ICU TimeZone Detection - Raw Offset: +1:00, Platform Override: ''
LogInit: Display: Loading text-based GConfig....
LogPluginManager: Mounting plugin MeshPainting
LogPluginManager: Mounting plugin XGEController
LogPluginManager: Mounting plugin Paper2D
LogPluginManager: Mounting plugin AISupport
LogPluginManager: Mounting plugin EnvironmentQueryEditor
LogPluginManager: Mounting plugin LiveLink
LogPluginManager: Mounting plugin LightPropagationVolume
LogPluginManager: Mounting plugin CameraShakePreviewer
LogPluginManager: Mounting plugin GameplayCameras
LogPluginManager: Mounting plugin AssetManagerEditor
LogPluginManager: Mounting plugin CryptoKeys
LogPluginManager: Mounting plugin CurveEditorTools
LogPluginManager: Mounting plugin DataValidation
LogPluginManager: Mounting plugin GeometryMode
LogPluginManager: Mounting plugin GameplayTagsEditor
LogPluginManager: Mounting plugin MacGraphicsSwitching
LogPluginManager: Mounting plugin FacialAnimation
LogPluginManager: Mounting plugin MobileLauncherProfileWizard
LogPluginManager: Mounting plugin MaterialAnalyzer
LogPluginManager: Mounting plugin PluginBrowser
LogPluginManager: Mounting plugin DatasmithContent
LogPluginManager: Mounting plugin SpeedTreeImporter
LogPluginManager: Mounting plugin VariantManagerContent
LogPluginManager: Mounting plugin OodleData
LogPluginManager: Mounting plugin OodleNetwork
LogPluginManager: Mounting plugin AnimationSharing
LogPluginManager: Mounting plugin CodeLiteSourceCodeAccess
LogPluginManager: Mounting plugin CLionSourceCodeAccess
LogPluginManager: Mounting plugin GitSourceControl
LogPluginManager: Mounting plugin KDevelopSourceCodeAccess
LogPluginManager: Mounting plugin NullSourceCodeAccess
LogPluginManager: Mounting plugin PerforceSourceControl
LogPluginManager: Mounting plugin PlasticSourceControl
LogPluginManager: Mounting plugin PixWinPlugin
LogPluginManager: Mounting plugin PluginUtils
LogPluginManager: Mounting plugin PropertyAccessNode
LogPluginManager: Mounting plugin RiderSourceCodeAccess
LogPluginManager: Mounting plugin SubversionSourceControl
LogPluginManager: Mounting plugin TextureFormatOodle
LogPluginManager: Mounting plugin UObjectPlugin
LogPluginManager: Mounting plugin VisualStudioCodeSourceCodeAccess
LogPluginManager: Mounting plugin VisualStudioSourceCodeAccess
LogPluginManager: Mounting plugin XCodeSourceCodeAccess
LogPluginManager: Mounting plugin MagicLeap
LogPluginManager: Mounting plugin LuminPlatformFeatures
LogPluginManager: Mounting plugin MagicLeapLightEstimation
LogPluginManager: Mounting plugin Niagara
LogPluginManager: Mounting plugin MagicLeapMedia
LogPluginManager: Mounting plugin MagicLeapPassableWorld
LogPluginManager: Mounting plugin MLSDK
LogPluginManager: Mounting plugin AlembicImporter
LogPluginManager: Mounting plugin AutomationUtils
LogPluginManager: Mounting plugin BackChannel
LogPluginManager: Mounting plugin ChaosClothEditor
LogPluginManager: Mounting plugin ChaosCloth
LogPluginManager: Mounting plugin AndroidMedia
LogPluginManager: Mounting plugin ChaosNiagara
LogPluginManager: Mounting plugin ChaosSolverPlugin
LogPluginManager: Mounting plugin CharacterAI
LogPluginManager: Mounting plugin AvfMedia
LogPluginManager: Mounting plugin ImgMedia
LogPluginManager: Mounting plugin MediaCompositing
LogPluginManager: Mounting plugin MediaPlayerEditor
LogPluginManager: Mounting plugin WmfMedia
LogPluginManager: Mounting plugin WebMMedia
LogPluginManager: Mounting plugin GeometryCache
LogPluginManager: Mounting plugin TcpMessaging
LogPluginManager: Mounting plugin UdpMessaging
LogPluginManager: Mounting plugin GeometryCollectionPlugin
LogPluginManager: Mounting plugin ActorSequence
LogPluginManager: Mounting plugin MatineeToLevelSequence
LogPluginManager: Mounting plugin LevelSequenceEditor
LogPluginManager: Mounting plugin ChaosEditor
LogPluginManager: Mounting plugin TemplateSequence
LogPluginManager: Mounting plugin GeometryProcessing
LogPluginManager: Mounting plugin MotoSynth
LogPluginManager: Mounting plugin OpenImageDenoise
LogPluginManager: Mounting plugin PlanarCut
LogPluginManager: Mounting plugin ProxyLODPlugin
LogPluginManager: Mounting plugin PlatformCrypto
LogPluginManager: Mounting plugin PythonScriptPlugin
LogPluginManager: Mounting plugin OnlineSubsystem
LogPluginManager: Mounting plugin SkeletalReduction
LogPluginManager: Mounting plugin OnlineSubsystemNull
LogPluginManager: Mounting plugin OnlineSubsystemUtils
LogPluginManager: Mounting plugin LauncherChunkInstaller
LogPluginManager: Mounting plugin ActorLayerUtilities
LogPluginManager: Mounting plugin AndroidMoviePlayer
LogPluginManager: Mounting plugin AndroidDeviceProfileSelector
LogPluginManager: Mounting plugin AndroidPermission
LogPluginManager: Mounting plugin AppleImageUtils
LogPluginManager: Mounting plugin AppleMoviePlayer
LogPluginManager: Mounting plugin ArchVisCharacter
LogPluginManager: Mounting plugin AudioCapture
LogPluginManager: Mounting plugin AssetTags
LogPluginManager: Mounting plugin AudioSynesthesia
LogPluginManager: Mounting plugin CableComponent
LogPluginManager: Mounting plugin CustomMeshComponent
LogPluginManager: Mounting plugin ChunkDownloader
LogPluginManager: Mounting plugin EditableMesh
LogPluginManager: Mounting plugin ExampleDeviceProfileSelector
LogPluginManager: Mounting plugin GoogleCloudMessaging
LogPluginManager: Mounting plugin GooglePAD
LogPluginManager: Mounting plugin ScreenshotTools
LogPluginManager: Mounting plugin IOSDeviceProfileSelector
LogPluginManager: Mounting plugin LinuxDeviceProfileSelector
LogPluginManager: Mounting plugin LocationServicesBPLibrary
LogPluginManager: Mounting plugin MobilePatchingUtils
LogPluginManager: Mounting plugin OpenXREyeTracker
LogPluginManager: Mounting plugin OpenXRHandTracking
LogPluginManager: Mounting plugin OpenXR
LogPluginManager: Mounting plugin PhysXVehicles
LogPluginManager: Mounting plugin Takes
LogPluginManager: Mounting plugin PostSplashScreen
LogPluginManager: Mounting plugin ProceduralMeshComponent
LogPluginManager: Mounting plugin PropertyAccessEditor
LogPluginManager: Mounting plugin RuntimePhysXCooking
LogPluginManager: Mounting plugin SignificanceManager
LogPluginManager: Mounting plugin SoundFields
LogPluginManager: Mounting plugin Synthesis
LogPluginManager: Mounting plugin WebMMoviePlayer
LogPluginManager: Mounting plugin WindowsMoviePlayer
LogPluginManager: Mounting plugin ContentBrowserAssetDataSource
LogPluginManager: Mounting plugin ContentBrowserClassDataSource
LogPluginManager: Mounting plugin ContentBrowserFileDataSource
LogPluginManager: Mounting plugin OnlineSubsystemGooglePlay
LogPluginManager: Mounting plugin OnlineSubsystemIOS
LogPluginManager: Mounting plugin OculusVR
LogPluginManager: Mounting plugin SteamVR
PixWinPlugin: PIX capture plugin failed to initialize! Check that the process is launched from PIX.
LogInit: Using libcurl 7.55.1-DEV
LogInit:  - built for x86_64-pc-win32
LogInit:  - supports SSL with OpenSSL/1.1.1
LogInit:  - supports HTTP deflate (compression) using libz 1.2.8
LogInit:  - other features:
LogInit:      CURL_VERSION_SSL
LogInit:      CURL_VERSION_LIBZ
LogInit:      CURL_VERSION_IPV6
LogInit:      CURL_VERSION_ASYNCHDNS
LogInit:      CURL_VERSION_LARGEFILE
LogInit:      CURL_VERSION_IDN
LogInit:  CurlRequestOptions (configurable via config and command line):
LogInit:  - bVerifyPeer = true  - Libcurl will verify peer certificate
LogInit:  - bUseHttpProxy = false  - Libcurl will NOT use HTTP proxy
LogInit:  - bDontReuseConnections = false  - Libcurl will reuse connections
LogInit:  - MaxHostConnections = 16  - Libcurl will limit the number of connections to a host
LogInit:  - LocalHostAddr = Default
LogInit:  - BufferSize = 65536
LogOnline: OSS: Creating online subsystem instance for: NULL
LogInit: WinSock: version 1.1 (2.2), MaxSocks=32767, MaxUdp=65467
LogOnline: OSS: TryLoadSubsystemAndSetDefault: Loaded subsystem for module [NULL]
LogOculusPluginWrapper: OculusPlugin initialized successfully
LogHMD: Failed initializing OVRPlugin 1.59.0
LogInit: Build: ++UE4+Release-4.27-CL-18319896
LogInit: Engine Version: 4.27.2-18319896+++UE4+Release-4.27
LogInit: Compatible Engine Version: 4.27.0-17155196+++UE4+Release-4.27
LogInit: Net CL: 17155196
LogInit: OS: Windows 10 (Release 2009) (), CPU: Intel(R) Core(TM) i5-8250U CPU @ 1.60GHz, GPU: Intel(R) UHD Graphics 620
LogInit: Compiled (64-bit): Nov 30 2021 07:12:08
LogInit: Compiled with Visual C++: 19.24.28315.00
LogInit: Build Configuration: Development
LogInit: Branch Name: ++UE4+Release-4.27
LogInit: Command Line:  -skipcompile
LogInit: Base Directory: C:/Program Files/Epic Games/UE_4.27/Engine/Binaries/Win64/
LogInit: Allocator: TBB
LogInit: Installed Engine Build: 1
LogDevObjectVersion: Number of dev versions registered: 29
LogDevObjectVersion:   Dev-Blueprints (B0D832E4-1F89-4F0D-ACCF-7EB736FD4AA2): 10
LogDevObjectVersion:   Dev-Build (E1C64328-A22C-4D53-A36C-8E866417BD8C): 0
LogDevObjectVersion:   Dev-Core (375EC13C-06E4-48FB-B500-84F0262A717E): 4
LogDevObjectVersion:   Dev-Editor (E4B068ED-F494-42E9-A231-DA0B2E46BB41): 40
LogDevObjectVersion:   Dev-Framework (CFFC743F-43B0-4480-9391-14DF171D2073): 37
LogDevObjectVersion:   Dev-Mobile (B02B49B5-BB20-44E9-A304-32B752E40360): 3
LogDevObjectVersion:   Dev-Networking (A4E4105C-59A1-49B5-A7C5-40C4547EDFEE): 0
LogDevObjectVersion:   Dev-Online (39C831C9-5AE6-47DC-9A44-9C173E1C8E7C): 0
LogDevObjectVersion:   Dev-Physics (78F01B33-EBEA-4F98-B9B4-84EACCB95AA2): 14
LogDevObjectVersion:   Dev-Platform (6631380F-2D4D-43E0-8009-CF276956A95A): 0
LogDevObjectVersion:   Dev-Rendering (12F88B9F-8875-4AFC-A67C-D90C383ABD29): 45
LogDevObjectVersion:   Dev-Sequencer (7B5AE74C-D270-4C10-A958-57980B212A5A): 13
LogDevObjectVersion:   Dev-VR (D7296918-1DD6-4BDD-9DE2-64A83CC13884): 3
LogDevObjectVersion:   Dev-LoadTimes (C2A15278-BFE7-4AFE-6C17-90FF531DF755): 1
LogDevObjectVersion:   Private-Geometry (6EACA3D4-40EC-4CC1-B786-8BED09428FC5): 3
LogDevObjectVersion:   Dev-AnimPhys (29E575DD-E0A3-4627-9D10-D276232CDCEA): 17
LogDevObjectVersion:   Dev-Anim (AF43A65D-7FD3-4947-9873-3E8ED9C1BB05): 15
LogDevObjectVersion:   Dev-ReflectionCapture (6B266CEC-1EC7-4B8F-A30B-E4D90942FC07): 1
LogDevObjectVersion:   Dev-Automation (0DF73D61-A23F-47EA-B727-89E90C41499A): 1
LogDevObjectVersion:   FortniteMain (601D1886-AC64-4F84-AA16-D3DE0DEAC7D6): 47
LogDevObjectVersion:   FortniteRelease (E7086368-6B23-4C58-8439-1B7016265E91): 1
LogDevObjectVersion:   Dev-Enterprise (9DFFBCD6-494F-0158-E221-12823C92A888): 10
LogDevObjectVersion:   Dev-Niagara (F2AED0AC-9AFE-416F-8664-AA7FFA26D6FC): 1
LogDevObjectVersion:   Dev-Destruction (174F1F0B-B4C6-45A5-B13F-2EE8D0FB917D): 10
LogDevObjectVersion:   Dev-Physics-Ext (35F94A83-E258-406C-A318-09F59610247C): 41
LogDevObjectVersion:   Dev-PhysicsMaterial-Chaos (B68FC16E-8B1B-42E2-B453-215C058844FE): 1
LogDevObjectVersion:   Dev-CineCamera (B2E18506-4273-CFC2-A54E-F4BB758BBA07): 1
LogDevObjectVersion:   Dev-VirtualProduction (64F58936-FD1B-42BA-BA96-7289D5D0FA4E): 1
LogDevObjectVersion:   Dev-MediaFramework (6F0ED827-A609-4895-9C91-998D90180EA4): 2
LogInit: Presizing for max 25165824 objects, including 0 objects not considered by GC, pre-allocating 0 bytes for permanent pool.
LogConfig: Applying CVar settings from Section [/Script/Engine.StreamingSettings] File [C:/Unreal/Multiplayer_PingPong_Unreal/PingPong/Saved/Config/Windows/Engine.ini]
LogConfig: Setting CVar [[s.MinBulkDataSizeForAsyncLoading:131072]]
LogConfig: Setting CVar [[s.AsyncLoadingThreadEnabled:0]]
LogConfig: Setting CVar [[s.EventDrivenLoaderEnabled:1]]
LogConfig: Setting CVar [[s.WarnIfTimeLimitExceeded:0]]
LogConfig: Setting CVar [[s.TimeLimitExceededMultiplier:1.5]]
LogConfig: Setting CVar [[s.TimeLimitExceededMinTime:0.005]]
LogConfig: Setting CVar [[s.UseBackgroundLevelStreaming:1]]
LogConfig: Setting CVar [[s.PriorityAsyncLoadingExtraTime:15.0]]
LogConfig: Setting CVar [[s.LevelStreamingActorsUpdateTimeLimit:5.0]]
LogConfig: Setting CVar [[s.PriorityLevelStreamingActorsUpdateExtraTime:5.0]]
LogConfig: Setting CVar [[s.LevelStreamingComponentsRegistrationGranularity:10]]
LogConfig: Setting CVar [[s.UnregisterComponentsTimeLimit:1.0]]
LogConfig: Setting CVar [[s.LevelStreamingComponentsUnregistrationGranularity:5]]
LogConfig: Setting CVar [[s.FlushStreamingOnExit:1]]
LogInit: Object subsystem initialized
LogConfig: Setting CVar [[con.DebugEarlyDefault:1]]
LogConfig: Setting CVar [[r.setres:1280x720]]
[2023.09.23-08.19.50:769][  0]LogConfig: Setting CVar [[r.VSync:0]]
[2023.09.23-08.19.50:769][  0]LogConfig: Setting CVar [[r.RHICmdBypass:0]]
[2023.09.23-08.19.50:769][  0]LogConfig: Applying CVar settings from Section [/Script/Engine.RendererSettings] File [C:/Unreal/Multiplayer_PingPong_Unreal/PingPong/Saved/Config/Windows/Engine.ini]
[2023.09.23-08.19.50:769][  0]LogConfig: Setting CVar [[r.GPUCrashDebugging:0]]
[2023.09.23-08.19.50:769][  0]LogConfig: Applying CVar settings from Section [/Script/Engine.RendererOverrideSettings] File [C:/Unreal/Multiplayer_PingPong_Unreal/PingPong/Saved/Config/Windows/Engine.ini]
[2023.09.23-08.19.50:769][  0]LogConfig: Applying CVar settings from Section [/Script/Engine.StreamingSettings] File [C:/Unreal/Multiplayer_PingPong_Unreal/PingPong/Saved/Config/Windows/Engine.ini]
[2023.09.23-08.19.50:769][  0]LogConfig: Setting CVar [[s.MinBulkDataSizeForAsyncLoading:131072]]
[2023.09.23-08.19.50:769][  0]LogConfig: Setting CVar [[s.AsyncLoadingThreadEnabled:0]]
[2023.09.23-08.19.50:769][  0]LogConfig: Setting CVar [[s.EventDrivenLoaderEnabled:1]]
[2023.09.23-08.19.50:769][  0]LogConfig: Setting CVar [[s.WarnIfTimeLimitExceeded:0]]
[2023.09.23-08.19.50:769][  0]LogConfig: Setting CVar [[s.TimeLimitExceededMultiplier:1.5]]
[2023.09.23-08.19.50:769][  0]LogConfig: Setting CVar [[s.TimeLimitExceededMinTime:0.005]]
[2023.09.23-08.19.50:769][  0]LogConfig: Setting CVar [[s.UseBackgroundLevelStreaming:1]]
[2023.09.23-08.19.50:770][  0]LogConfig: Setting CVar [[s.PriorityAsyncLoadingExtraTime:15.0]]
[2023.09.23-08.19.50:770][  0]LogConfig: Setting CVar [[s.LevelStreamingActorsUpdateTimeLimit:5.0]]
[2023.09.23-08.19.50:770][  0]LogConfig: Setting CVar [[s.PriorityLevelStreamingActorsUpdateExtraTime:5.0]]
[2023.09.23-08.19.50:770][  0]LogConfig: Setting CVar [[s.LevelStreamingComponentsRegistrationGranularity:10]]
[2023.09.23-08.19.50:770][  0]LogConfig: Setting CVar [[s.UnregisterComponentsTimeLimit:1.0]]
[2023.09.23-08.19.50:770][  0]LogConfig: Setting CVar [[s.LevelStreamingComponentsUnregistrationGranularity:5]]
[2023.09.23-08.19.50:770][  0]LogConfig: Setting CVar [[s.FlushStreamingOnExit:1]]
[2023.09.23-08.19.50:770][  0]LogConfig: Applying CVar settings from Section [/Script/Engine.GarbageCollectionSettings] File [C:/Unreal/Multiplayer_PingPong_Unreal/PingPong/Saved/Config/Windows/Engine.ini]
[2023.09.23-08.19.50:770][  0]LogConfig: Setting CVar [[gc.MaxObjectsNotConsideredByGC:1]]
[2023.09.23-08.19.50:770][  0]LogConfig: Setting CVar [[gc.SizeOfPermanentObjectPool:0]]
[2023.09.23-08.19.50:770][  0]LogConfig: Setting CVar [[gc.FlushStreamingOnGC:0]]
[2023.09.23-08.19.50:770][  0]LogConfig: Setting CVar [[gc.NumRetriesBeforeForcingGC:10]]
[2023.09.23-08.19.50:770][  0]LogConfig: Setting CVar [[gc.AllowParallelGC:1]]
[2023.09.23-08.19.50:770][  0]LogConfig: Setting CVar [[gc.TimeBetweenPurgingPendingKillObjects:61.1]]
[2023.09.23-08.19.50:770][  0]LogConfig: Setting CVar [[gc.MaxObjectsInEditor:25165824]]
[2023.09.23-08.19.50:770][  0]LogConfig: Setting CVar [[gc.IncrementalBeginDestroyEnabled:1]]
[2023.09.23-08.19.50:770][  0]LogConfig: Setting CVar [[gc.CreateGCClusters:1]]
[2023.09.23-08.19.50:771][  0]LogConfig: Setting CVar [[gc.MinGCClusterSize:5]]
[2023.09.23-08.19.50:771][  0]LogConfig: Setting CVar [[gc.ActorClusteringEnabled:0]]
[2023.09.23-08.19.50:771][  0]LogConfig: Setting CVar [[gc.BlueprintClusteringEnabled:0]]
[2023.09.23-08.19.50:771][  0]LogConfig: Setting CVar [[gc.UseDisregardForGCOnDedicatedServers:0]]
[2023.09.23-08.19.50:771][  0]LogConfig: Setting CVar [[gc.MultithreadedDestructionEnabled:1]]
[2023.09.23-08.19.50:771][  0]LogConfig: Applying CVar settings from Section [/Script/Engine.NetworkSettings] File [C:/Unreal/Multiplayer_PingPong_Unreal/PingPong/Saved/Config/Windows/Engine.ini]
[2023.09.23-08.19.50:771][  0]LogConfig: Applying CVar settings from Section [/Script/UnrealEd.CookerSettings] File [C:/Unreal/Multiplayer_PingPong_Unreal/PingPong/Saved/Config/Windows/Engine.ini]
[2023.09.23-08.19.50:815][  0]LogConfig: Applying CVar settings from Section [ViewDistanceQuality@3] File [C:/Unreal/Multiplayer_PingPong_Unreal/PingPong/Saved/Config/Windows/Scalability.ini]
[2023.09.23-08.19.50:815][  0]LogConfig: Setting CVar [[r.SkeletalMeshLODBias:0]]
[2023.09.23-08.19.50:815][  0]LogConfig: Setting CVar [[r.ViewDistanceScale:1.0]]
[2023.09.23-08.19.50:815][  0]LogConfig: Applying CVar settings from Section [AntiAliasingQuality@3] File [C:/Unreal/Multiplayer_PingPong_Unreal/PingPong/Saved/Config/Windows/Scalability.ini]
[2023.09.23-08.19.50:815][  0]LogConfig: Setting CVar [[r.PostProcessAAQuality:4]]
[2023.09.23-08.19.50:815][  0]LogConfig: Applying CVar settings from Section [ShadowQuality@3] File [C:/Unreal/Multiplayer_PingPong_Unreal/PingPong/Saved/Config/Windows/Scalability.ini]
[2023.09.23-08.19.50:815][  0]LogConfig: Setting CVar [[r.LightFunctionQuality:1]]
[2023.09.23-08.19.50:815][  0]LogConfig: Setting CVar [[r.ShadowQuality:5]]
[2023.09.23-08.19.50:815][  0]LogConfig: Setting CVar [[r.Shadow.CSM.MaxCascades:10]]
[2023.09.23-08.19.50:815][  0]LogConfig: Setting CVar [[r.Shadow.MaxResolution:2048]]
[2023.09.23-08.19.50:815][  0]LogConfig: Setting CVar [[r.Shadow.MaxCSMResolution:2048]]
[2023.09.23-08.19.50:816][  0]LogConfig: Setting CVar [[r.Shadow.RadiusThreshold:0.01]]
[2023.09.23-08.19.50:816][  0]LogConfig: Setting CVar [[r.Shadow.DistanceScale:1.0]]
[2023.09.23-08.19.50:816][  0]LogConfig: Setting CVar [[r.Shadow.CSM.TransitionScale:1.0]]
[2023.09.23-08.19.50:816][  0]LogConfig: Setting CVar [[r.Shadow.PreShadowResolutionFactor:1.0]]
[2023.09.23-08.19.50:816][  0]LogConfig: Setting CVar [[r.DistanceFieldShadowing:1]]
[2023.09.23-08.19.50:816][  0]LogConfig: Setting CVar [[r.DistanceFieldAO:1]]
[2023.09.23-08.19.50:816][  0]LogConfig: Setting CVar [[r.AOQuality:2]]
[2023.09.23-08.19.50:816][  0]LogConfig: Setting CVar [[r.VolumetricFog:1]]
[2023.09.23-08.19.50:816][  0]LogConfig: Setting CVar [[r.VolumetricFog.GridPixelSize:8]]
[2023.09.23-08.19.50:816][  0]LogConfig: Setting CVar [[r.VolumetricFog.GridSizeZ:128]]
[2023.09.23-08.19.50:816][  0]LogConfig: Setting CVar [[r.VolumetricFog.HistoryMissSupersampleCount:4]]
[2023.09.23-08.19.50:816][  0]LogConfig: Setting CVar [[r.LightMaxDrawDistanceScale:1]]
[2023.09.23-08.19.50:816][  0]LogConfig: Setting CVar [[r.CapsuleShadows:1]]
[2023.09.23-08.19.50:816][  0]LogConfig: Applying CVar settings from Section [PostProcessQuality@3] File [C:/Unreal/Multiplayer_PingPong_Unreal/PingPong/Saved/Config/Windows/Scalability.ini]
[2023.09.23-08.19.50:817][  0]LogConfig: Setting CVar [[r.MotionBlurQuality:4]]
[2023.09.23-08.19.50:817][  0]LogConfig: Setting CVar [[r.AmbientOcclusionMipLevelFactor:0.4]]
[2023.09.23-08.19.50:817][  0]LogConfig: Setting CVar [[r.AmbientOcclusionMaxQuality:100]]
[2023.09.23-08.19.50:817][  0]LogConfig: Setting CVar [[r.AmbientOcclusionLevels:-1]]
[2023.09.23-08.19.50:817][  0]LogConfig: Setting CVar [[r.AmbientOcclusionRadiusScale:1.0]]
[2023.09.23-08.19.50:817][  0]LogConfig: Setting CVar [[r.DepthOfFieldQuality:2]]
[2023.09.23-08.19.50:817][  0]LogConfig: Setting CVar [[r.RenderTargetPoolMin:400]]
[2023.09.23-08.19.50:817][  0]LogConfig: Setting CVar [[r.LensFlareQuality:2]]
[2023.09.23-08.19.50:817][  0]LogConfig: Setting CVar [[r.SceneColorFringeQuality:1]]
[2023.09.23-08.19.50:817][  0]LogConfig: Setting CVar [[r.EyeAdaptationQuality:2]]
[2023.09.23-08.19.50:817][  0]LogConfig: Setting CVar [[r.BloomQuality:5]]
[2023.09.23-08.19.50:817][  0]LogConfig: Setting CVar [[r.FastBlurThreshold:100]]
[2023.09.23-08.19.50:817][  0]LogConfig: Setting CVar [[r.Upscale.Quality:3]]
[2023.09.23-08.19.50:817][  0]LogConfig: Setting CVar [[r.Tonemapper.GrainQuantization:1]]
[2023.09.23-08.19.50:818][  0]LogConfig: Setting CVar [[r.LightShaftQuality:1]]
[2023.09.23-08.19.50:818][  0]LogConfig: Setting CVar [[r.Filter.SizeScale:1]]
[2023.09.23-08.19.50:818][  0]LogConfig: Setting CVar [[r.Tonemapper.Quality:5]]
[2023.09.23-08.19.50:818][  0]LogConfig: Setting CVar [[r.DOF.Gather.AccumulatorQuality:1        ; higher gathering accumulator quality]]
[2023.09.23-08.19.50:818][  0]LogConfig: Setting CVar [[r.DOF.Gather.PostfilterMethod:1          ; Median3x3 postfilering method]]
[2023.09.23-08.19.50:818][  0]LogConfig: Setting CVar [[r.DOF.Gather.EnableBokehSettings:0       ; no bokeh simulation when gathering]]
[2023.09.23-08.19.50:818][  0]LogConfig: Setting CVar [[r.DOF.Gather.RingCount:4                 ; medium number of samples when gathering]]
[2023.09.23-08.19.50:818][  0]LogConfig: Setting CVar [[r.DOF.Scatter.ForegroundCompositing:1    ; additive foreground scattering]]
[2023.09.23-08.19.50:818][  0]LogConfig: Setting CVar [[r.DOF.Scatter.BackgroundCompositing:2    ; additive background scattering]]
[2023.09.23-08.19.50:818][  0]LogConfig: Setting CVar [[r.DOF.Scatter.EnableBokehSettings:1      ; bokeh simulation when scattering]]
[2023.09.23-08.19.50:819][  0]LogConfig: Setting CVar [[r.DOF.Scatter.MaxSpriteRatio:0.1         ; only a maximum of 10% of scattered bokeh]]
[2023.09.23-08.19.50:819][  0]LogConfig: Setting CVar [[r.DOF.Recombine.Quality:1                ; cheap slight out of focus]]
[2023.09.23-08.19.50:819][  0]LogConfig: Setting CVar [[r.DOF.Recombine.EnableBokehSettings:0    ; no bokeh simulation on slight out of focus]]
[2023.09.23-08.19.50:819][  0]LogConfig: Setting CVar [[r.DOF.TemporalAAQuality:1                ; more stable temporal accumulation]]
[2023.09.23-08.19.50:819][  0]LogConfig: Setting CVar [[r.DOF.Kernel.MaxForegroundRadius:0.025]]
[2023.09.23-08.19.50:819][  0]LogConfig: Setting CVar [[r.DOF.Kernel.MaxBackgroundRadius:0.025]]
[2023.09.23-08.19.50:819][  0]LogConfig: Applying CVar settings from Section [TextureQuality@3] File [C:/Unreal/Multiplayer_PingPong_Unreal/PingPong/Saved/Config/Windows/Scalability.ini]
[2023.09.23-08.19.50:819][  0]LogConfig: Setting CVar [[r.Streaming.MipBias:0]]
[2023.09.23-08.19.50:819][  0]LogConfig: Setting CVar [[r.Streaming.AmortizeCPUToGPUCopy:0]]
[2023.09.23-08.19.50:819][  0]LogConfig: Setting CVar [[r.Streaming.MaxNumTexturesToStreamPerFrame:0]]
[2023.09.23-08.19.50:819][  0]LogConfig: Setting CVar [[r.Streaming.Boost:1]]
[2023.09.23-08.19.50:819][  0]LogConfig: Setting CVar [[r.MaxAnisotropy:8]]
[2023.09.23-08.19.50:820][  0]LogConfig: Setting CVar [[r.VT.MaxAnisotropy:8]]
[2023.09.23-08.19.50:820][  0]LogConfig: Setting CVar [[r.Streaming.LimitPoolSizeToVRAM:0]]
[2023.09.23-08.19.50:820][  0]LogConfig: Setting CVar [[r.Streaming.PoolSize:1000]]
[2023.09.23-08.19.50:820][  0]LogConfig: Setting CVar [[r.Streaming.MaxEffectiveScreenSize:0]]
[2023.09.23-08.19.50:820][  0]LogConfig: Applying CVar settings from Section [EffectsQuality@3] File [C:/Unreal/Multiplayer_PingPong_Unreal/PingPong/Saved/Config/Windows/Scalability.ini]
[2023.09.23-08.19.50:820][  0]LogConfig: Setting CVar [[r.TranslucencyLightingVolumeDim:64]]
[2023.09.23-08.19.50:820][  0]LogConfig: Setting CVar [[r.RefractionQuality:2]]
[2023.09.23-08.19.50:820][  0]LogConfig: Setting CVar [[r.SSR.Quality:3]]
[2023.09.23-08.19.50:820][  0]LogConfig: Setting CVar [[r.SSR.HalfResSceneColor:0]]
[2023.09.23-08.19.50:820][  0]LogConfig: Setting CVar [[r.SceneColorFormat:4]]
[2023.09.23-08.19.50:820][  0]LogConfig: Setting CVar [[r.DetailMode:2]]
[2023.09.23-08.19.50:820][  0]LogConfig: Setting CVar [[r.TranslucencyVolumeBlur:1]]
[2023.09.23-08.19.50:820][  0]LogConfig: Setting CVar [[r.MaterialQualityLevel:1 ; High quality]]
[2023.09.23-08.19.50:821][  0]LogConfig: Setting CVar [[r.AnisotropicMaterials:1]]
[2023.09.23-08.19.50:821][  0]LogConfig: Setting CVar [[r.SSS.Scale:1]]
[2023.09.23-08.19.50:821][  0]LogConfig: Setting CVar [[r.SSS.SampleSet:2]]
[2023.09.23-08.19.50:821][  0]LogConfig: Setting CVar [[r.SSS.Quality:1]]
[2023.09.23-08.19.50:821][  0]LogConfig: Setting CVar [[r.SSS.HalfRes:0]]
[2023.09.23-08.19.50:821][  0]LogConfig: Setting CVar [[r.SSGI.Quality:3]]
[2023.09.23-08.19.50:821][  0]LogConfig: Setting CVar [[r.EmitterSpawnRateScale:1.0]]
[2023.09.23-08.19.50:821][  0]LogConfig: Setting CVar [[r.ParticleLightQuality:2]]
[2023.09.23-08.19.50:821][  0]LogConfig: Setting CVar [[r.SkyAtmosphere.AerialPerspectiveLUT.FastApplyOnOpaque:1 ; Always have FastSkyLUT 1 in this case to avoid wrong sky]]
[2023.09.23-08.19.50:821][  0]LogConfig: Setting CVar [[r.SkyAtmosphere.AerialPerspectiveLUT.SampleCountMaxPerSlice:4]]
[2023.09.23-08.19.50:821][  0]LogConfig: Setting CVar [[r.SkyAtmosphere.AerialPerspectiveLUT.DepthResolution:16.0]]
[2023.09.23-08.19.50:821][  0]LogConfig: Setting CVar [[r.SkyAtmosphere.FastSkyLUT:1]]
[2023.09.23-08.19.50:821][  0]LogConfig: Setting CVar [[r.SkyAtmosphere.FastSkyLUT.SampleCountMin:4.0]]
[2023.09.23-08.19.50:821][  0]LogConfig: Setting CVar [[r.SkyAtmosphere.FastSkyLUT.SampleCountMax:128.0]]
[2023.09.23-08.19.50:821][  0]LogConfig: Setting CVar [[r.SkyAtmosphere.SampleCountMin:4.0]]
[2023.09.23-08.19.50:821][  0]LogConfig: Setting CVar [[r.SkyAtmosphere.SampleCountMax:128.0]]
[2023.09.23-08.19.50:822][  0]LogConfig: Setting CVar [[r.SkyAtmosphere.TransmittanceLUT.UseSmallFormat:0]]
[2023.09.23-08.19.50:822][  0]LogConfig: Setting CVar [[r.SkyAtmosphere.TransmittanceLUT.SampleCount:10.0]]
[2023.09.23-08.19.50:822][  0]LogConfig: Setting CVar [[r.SkyAtmosphere.MultiScatteringLUT.SampleCount:15.0]]
[2023.09.23-08.19.50:822][  0]LogConfig: Setting CVar [[r.SkyLight.RealTimeReflectionCapture:1]]
[2023.09.23-08.19.50:822][  0]LogConfig: Applying CVar settings from Section [FoliageQuality@3] File [C:/Unreal/Multiplayer_PingPong_Unreal/PingPong/Saved/Config/Windows/Scalability.ini]
[2023.09.23-08.19.50:822][  0]LogConfig: Setting CVar [[foliage.DensityScale:1.0]]
[2023.09.23-08.19.50:822][  0]LogConfig: Setting CVar [[grass.DensityScale:1.0]]
[2023.09.23-08.19.50:822][  0]LogConfig: Applying CVar settings from Section [ShadingQuality@3] File [C:/Unreal/Multiplayer_PingPong_Unreal/PingPong/Saved/Config/Windows/Scalability.ini]
[2023.09.23-08.19.50:822][  0]LogConfig: Setting CVar [[r.HairStrands.SkyLighting.IntegrationType:2]]
[2023.09.23-08.19.50:822][  0]LogConfig: Setting CVar [[r.HairStrands.SkyAO.SampleCount:4]]
[2023.09.23-08.19.50:822][  0]LogConfig: Setting CVar [[r.HairStrands.Visibility.MSAA.SamplePerPixel:4]]
[2023.09.23-08.19.50:822][  0]LogInit: Selected Device Profile: [Windows]
[2023.09.23-08.19.50:822][  0]LogInit: Applying CVar settings loaded from the selected device profile: [Windows]
[2023.09.23-08.19.50:822][  0]LogHAL: Display: Platform has ~ 16 GB [16919035904 / 17179869184 / 16], which maps to Larger [LargestMinGB=32, LargerMinGB=12, DefaultMinGB=8, SmallerMinGB=6, SmallestMinGB=0)
[2023.09.23-08.19.50:823][  0]LogInit: Going up to parent DeviceProfile []
[2023.09.23-08.19.50:823][  0]LogConfig: Applying CVar settings from Section [ViewDistanceQuality@3] File [C:/Unreal/Multiplayer_PingPong_Unreal/PingPong/Saved/Config/Windows/Scalability.ini]
[2023.09.23-08.19.50:823][  0]LogConfig: Setting CVar [[r.SkeletalMeshLODBias:0]]
[2023.09.23-08.19.50:823][  0]LogConfig: Setting CVar [[r.ViewDistanceScale:1.0]]
[2023.09.23-08.19.50:823][  0]LogConfig: Applying CVar settings from Section [AntiAliasingQuality@3] File [C:/Unreal/Multiplayer_PingPong_Unreal/PingPong/Saved/Config/Windows/Scalability.ini]
[2023.09.23-08.19.50:823][  0]LogConfig: Setting CVar [[r.PostProcessAAQuality:4]]
[2023.09.23-08.19.50:823][  0]LogConfig: Applying CVar settings from Section [ShadowQuality@3] File [C:/Unreal/Multiplayer_PingPong_Unreal/PingPong/Saved/Config/Windows/Scalability.ini]
[2023.09.23-08.19.50:823][  0]LogConfig: Setting CVar [[r.LightFunctionQuality:1]]
[2023.09.23-08.19.50:823][  0]LogConfig: Setting CVar [[r.ShadowQuality:5]]
[2023.09.23-08.19.50:823][  0]LogConfig: Setting CVar [[r.Shadow.CSM.MaxCascades:10]]
[2023.09.23-08.19.50:823][  0]LogConfig: Setting CVar [[r.Shadow.MaxResolution:2048]]
[2023.09.23-08.19.50:823][  0]LogConfig: Setting CVar [[r.Shadow.MaxCSMResolution:2048]]
[2023.09.23-08.19.50:823][  0]LogConfig: Setting CVar [[r.Shadow.RadiusThreshold:0.01]]
[2023.09.23-08.19.50:823][  0]LogConfig: Setting CVar [[r.Shadow.DistanceScale:1.0]]
[2023.09.23-08.19.50:823][  0]LogConfig: Setting CVar [[r.Shadow.CSM.TransitionScale:1.0]]
[2023.09.23-08.19.50:824][  0]LogConfig: Setting CVar [[r.Shadow.PreShadowResolutionFactor:1.0]]
[2023.09.23-08.19.50:824][  0]LogConfig: Setting CVar [[r.DistanceFieldShadowing:1]]
[2023.09.23-08.19.50:824][  0]LogConfig: Setting CVar [[r.DistanceFieldAO:1]]
[2023.09.23-08.19.50:824][  0]LogConfig: Setting CVar [[r.AOQuality:2]]
[2023.09.23-08.19.50:824][  0]LogConfig: Setting CVar [[r.VolumetricFog:1]]
[2023.09.23-08.19.50:824][  0]LogConfig: Setting CVar [[r.VolumetricFog.GridPixelSize:8]]
[2023.09.23-08.19.50:824][  0]LogConfig: Setting CVar [[r.VolumetricFog.GridSizeZ:128]]
[2023.09.23-08.19.50:824][  0]LogConfig: Setting CVar [[r.VolumetricFog.HistoryMissSupersampleCount:4]]
[2023.09.23-08.19.50:824][  0]LogConfig: Setting CVar [[r.LightMaxDrawDistanceScale:1]]
[2023.09.23-08.19.50:824][  0]LogConfig: Setting CVar [[r.CapsuleShadows:1]]
[2023.09.23-08.19.50:824][  0]LogConfig: Applying CVar settings from Section [PostProcessQuality@3] File [C:/Unreal/Multiplayer_PingPong_Unreal/PingPong/Saved/Config/Windows/Scalability.ini]
[2023.09.23-08.19.50:824][  0]LogConfig: Setting CVar [[r.MotionBlurQuality:4]]
[2023.09.23-08.19.50:824][  0]LogConfig: Setting CVar [[r.AmbientOcclusionMipLevelFactor:0.4]]
[2023.09.23-08.19.50:825][  0]LogConfig: Setting CVar [[r.AmbientOcclusionMaxQuality:100]]
[2023.09.23-08.19.50:825][  0]LogConfig: Setting CVar [[r.AmbientOcclusionLevels:-1]]
[2023.09.23-08.19.50:825][  0]LogConfig: Setting CVar [[r.AmbientOcclusionRadiusScale:1.0]]
[2023.09.23-08.19.50:825][  0]LogConfig: Setting CVar [[r.DepthOfFieldQuality:2]]
[2023.09.23-08.19.50:825][  0]LogConfig: Setting CVar [[r.RenderTargetPoolMin:400]]
[2023.09.23-08.19.50:825][  0]LogConfig: Setting CVar [[r.LensFlareQuality:2]]
[2023.09.23-08.19.50:825][  0]LogConfig: Setting CVar [[r.SceneColorFringeQuality:1]]
[2023.09.23-08.19.50:825][  0]LogConfig: Setting CVar [[r.EyeAdaptationQuality:2]]
[2023.09.23-08.19.50:825][  0]LogConfig: Setting CVar [[r.BloomQuality:5]]
[2023.09.23-08.19.50:825][  0]LogConfig: Setting CVar [[r.FastBlurThreshold:100]]
[2023.09.23-08.19.50:825][  0]LogConfig: Setting CVar [[r.Upscale.Quality:3]]
[2023.09.23-08.19.50:825][  0]LogConfig: Setting CVar [[r.Tonemapper.GrainQuantization:1]]
[2023.09.23-08.19.50:825][  0]LogConfig: Setting CVar [[r.LightShaftQuality:1]]
[2023.09.23-08.19.50:825][  0]LogConfig: Setting CVar [[r.Filter.SizeScale:1]]
[2023.09.23-08.19.50:825][  0]LogConfig: Setting CVar [[r.Tonemapper.Quality:5]]
[2023.09.23-08.19.50:825][  0]LogConfig: Setting CVar [[r.DOF.Gather.AccumulatorQuality:1        ; higher gathering accumulator quality]]
[2023.09.23-08.19.50:826][  0]LogConfig: Setting CVar [[r.DOF.Gather.PostfilterMethod:1          ; Median3x3 postfilering method]]
[2023.09.23-08.19.50:826][  0]LogConfig: Setting CVar [[r.DOF.Gather.EnableBokehSettings:0       ; no bokeh simulation when gathering]]
[2023.09.23-08.19.50:826][  0]LogConfig: Setting CVar [[r.DOF.Gather.RingCount:4                 ; medium number of samples when gathering]]
[2023.09.23-08.19.50:826][  0]LogConfig: Setting CVar [[r.DOF.Scatter.ForegroundCompositing:1    ; additive foreground scattering]]
[2023.09.23-08.19.50:826][  0]LogConfig: Setting CVar [[r.DOF.Scatter.BackgroundCompositing:2    ; additive background scattering]]
[2023.09.23-08.19.50:826][  0]LogConfig: Setting CVar [[r.DOF.Scatter.EnableBokehSettings:1      ; bokeh simulation when scattering]]
[2023.09.23-08.19.50:826][  0]LogConfig: Setting CVar [[r.DOF.Scatter.MaxSpriteRatio:0.1         ; only a maximum of 10% of scattered bokeh]]
[2023.09.23-08.19.50:826][  0]LogConfig: Setting CVar [[r.DOF.Recombine.Quality:1                ; cheap slight out of focus]]
[2023.09.23-08.19.50:826][  0]LogConfig: Setting CVar [[r.DOF.Recombine.EnableBokehSettings:0    ; no bokeh simulation on slight out of focus]]
[2023.09.23-08.19.50:826][  0]LogConfig: Setting CVar [[r.DOF.TemporalAAQuality:1                ; more stable temporal accumulation]]
[2023.09.23-08.19.50:826][  0]LogConfig: Setting CVar [[r.DOF.Kernel.MaxForegroundRadius:0.025]]
[2023.09.23-08.19.50:826][  0]LogConfig: Setting CVar [[r.DOF.Kernel.MaxBackgroundRadius:0.025]]
[2023.09.23-08.19.50:826][  0]LogConfig: Applying CVar settings from Section [TextureQuality@3] File [C:/Unreal/Multiplayer_PingPong_Unreal/PingPong/Saved/Config/Windows/Scalability.ini]
[2023.09.23-08.19.50:826][  0]LogConfig: Setting CVar [[r.Streaming.MipBias:0]]
[2023.09.23-08.19.50:826][  0]LogConfig: Setting CVar [[r.Streaming.AmortizeCPUToGPUCopy:0]]
[2023.09.23-08.19.50:827][  0]LogConfig: Setting CVar [[r.Streaming.MaxNumTexturesToStreamPerFrame:0]]
[2023.09.23-08.19.50:827][  0]LogConfig: Setting CVar [[r.Streaming.Boost:1]]
[2023.09.23-08.19.50:827][  0]LogConfig: Setting CVar [[r.MaxAnisotropy:8]]
[2023.09.23-08.19.50:827][  0]LogConfig: Setting CVar [[r.VT.MaxAnisotropy:8]]
[2023.09.23-08.19.50:827][  0]LogConfig: Setting CVar [[r.Streaming.LimitPoolSizeToVRAM:0]]
[2023.09.23-08.19.50:827][  0]LogConfig: Setting CVar [[r.Streaming.PoolSize:1000]]
[2023.09.23-08.19.50:827][  0]LogConfig: Setting CVar [[r.Streaming.MaxEffectiveScreenSize:0]]
[2023.09.23-08.19.50:827][  0]LogConfig: Applying CVar settings from Section [EffectsQuality@3] File [C:/Unreal/Multiplayer_PingPong_Unreal/PingPong/Saved/Config/Windows/Scalability.ini]
[2023.09.23-08.19.50:827][  0]LogConfig: Setting CVar [[r.TranslucencyLightingVolumeDim:64]]
[2023.09.23-08.19.50:827][  0]LogConfig: Setting CVar [[r.RefractionQuality:2]]
[2023.09.23-08.19.50:827][  0]LogConfig: Setting CVar [[r.SSR.Quality:3]]
[2023.09.23-08.19.50:827][  0]LogConfig: Setting CVar [[r.SSR.HalfResSceneColor:0]]
[2023.09.23-08.19.50:827][  0]LogConfig: Setting CVar [[r.SceneColorFormat:4]]
[2023.09.23-08.19.50:827][  0]LogConfig: Setting CVar [[r.DetailMode:2]]
[2023.09.23-08.19.50:827][  0]LogConfig: Setting CVar [[r.TranslucencyVolumeBlur:1]]
[2023.09.23-08.19.50:828][  0]LogConfig: Setting CVar [[r.MaterialQualityLevel:1 ; High quality]]
[2023.09.23-08.19.50:828][  0]LogConfig: Setting CVar [[r.AnisotropicMaterials:1]]
[2023.09.23-08.19.50:828][  0]LogConfig: Setting CVar [[r.SSS.Scale:1]]
[2023.09.23-08.19.50:828][  0]LogConfig: Setting CVar [[r.SSS.SampleSet:2]]
[2023.09.23-08.19.50:828][  0]LogConfig: Setting CVar [[r.SSS.Quality:1]]
[2023.09.23-08.19.50:828][  0]LogConfig: Setting CVar [[r.SSS.HalfRes:0]]
[2023.09.23-08.19.50:828][  0]LogConfig: Setting CVar [[r.SSGI.Quality:3]]
[2023.09.23-08.19.50:828][  0]LogConfig: Setting CVar [[r.EmitterSpawnRateScale:1.0]]
[2023.09.23-08.19.50:828][  0]LogConfig: Setting CVar [[r.ParticleLightQuality:2]]
[2023.09.23-08.19.50:828][  0]LogConfig: Setting CVar [[r.SkyAtmosphere.AerialPerspectiveLUT.FastApplyOnOpaque:1 ; Always have FastSkyLUT 1 in this case to avoid wrong sky]]
[2023.09.23-08.19.50:828][  0]LogConfig: Setting CVar [[r.SkyAtmosphere.AerialPerspectiveLUT.SampleCountMaxPerSlice:4]]
[2023.09.23-08.19.50:828][  0]LogConfig: Setting CVar [[r.SkyAtmosphere.AerialPerspectiveLUT.DepthResolution:16.0]]
[2023.09.23-08.19.50:828][  0]LogConfig: Setting CVar [[r.SkyAtmosphere.FastSkyLUT:1]]
[2023.09.23-08.19.50:828][  0]LogConfig: Setting CVar [[r.SkyAtmosphere.FastSkyLUT.SampleCountMin:4.0]]
[2023.09.23-08.19.50:829][  0]LogConfig: Setting CVar [[r.SkyAtmosphere.FastSkyLUT.SampleCountMax:128.0]]
[2023.09.23-08.19.50:829][  0]LogConfig: Setting CVar [[r.SkyAtmosphere.SampleCountMin:4.0]]
[2023.09.23-08.19.50:829][  0]LogConfig: Setting CVar [[r.SkyAtmosphere.SampleCountMax:128.0]]
[2023.09.23-08.19.50:829][  0]LogConfig: Setting CVar [[r.SkyAtmosphere.TransmittanceLUT.UseSmallFormat:0]]
[2023.09.23-08.19.50:829][  0]LogConfig: Setting CVar [[r.SkyAtmosphere.TransmittanceLUT.SampleCount:10.0]]
[2023.09.23-08.19.50:829][  0]LogConfig: Setting CVar [[r.SkyAtmosphere.MultiScatteringLUT.SampleCount:15.0]]
[2023.09.23-08.19.50:829][  0]LogConfig: Setting CVar [[r.SkyLight.RealTimeReflectionCapture:1]]
[2023.09.23-08.19.50:829][  0]LogConfig: Applying CVar settings from Section [FoliageQuality@3] File [C:/Unreal/Multiplayer_PingPong_Unreal/PingPong/Saved/Config/Windows/Scalability.ini]
[2023.09.23-08.19.50:829][  0]LogConfig: Setting CVar [[foliage.DensityScale:1.0]]
[2023.09.23-08.19.50:829][  0]LogConfig: Setting CVar [[grass.DensityScale:1.0]]
[2023.09.23-08.19.50:829][  0]LogConfig: Applying CVar settings from Section [ShadingQuality@3] File [C:/Unreal/Multiplayer_PingPong_Unreal/PingPong/Saved/Config/Windows/Scalability.ini]
[2023.09.23-08.19.50:829][  0]LogConfig: Setting CVar [[r.HairStrands.SkyLighting.IntegrationType:2]]
[2023.09.23-08.19.50:829][  0]LogConfig: Setting CVar [[r.HairStrands.SkyAO.SampleCount:4]]
[2023.09.23-08.19.50:829][  0]LogConfig: Setting CVar [[r.HairStrands.Visibility.MSAA.SamplePerPixel:4]]
[2023.09.23-08.19.50:830][  0]LogConfig: Applying CVar settings from Section [Startup] File [../../../Engine/Config/ConsoleVariables.ini]
[2023.09.23-08.19.50:830][  0]LogConfig: Setting CVar [[net.UseAdaptiveNetUpdateFrequency:0]]
[2023.09.23-08.19.50:830][  0]LogConfig: Setting CVar [[p.chaos.AllowCreatePhysxBodies:1]]
[2023.09.23-08.19.50:830][  0]LogConfig: Setting CVar [[fx.SkipVectorVMBackendOptimizations:1]]
[2023.09.23-08.19.50:830][  0]LogConfig: Applying CVar settings from Section [ConsoleVariables] File [C:/Unreal/Multiplayer_PingPong_Unreal/PingPong/Saved/Config/Windows/Engine.ini]
[2023.09.23-08.19.50:830][  0]LogConfig: Applying CVar settings from Section [ConsoleVariables] File [C:/Unreal/Multiplayer_PingPong_Unreal/PingPong/Saved/Config/Windows/Editor.ini]
[2023.09.23-08.19.50:831][  0]LogInit: Computer: DESKTOP-UQ10HGU
[2023.09.23-08.19.50:831][  0]LogInit: User: Golem
[2023.09.23-08.19.50:831][  0]LogInit: CPU Page size=4096, Cores=4
[2023.09.23-08.19.50:831][  0]LogInit: High frequency timer resolution =10.000000 MHz
[2023.09.23-08.19.50:831][  0]LogMemory: Memory total: Physical=15.8GB (16GB approx)
[2023.09.23-08.19.50:831][  0]LogMemory: Platform Memory Stats for Windows
[2023.09.23-08.19.50:831][  0]LogMemory: Process Physical Memory: 141.57 MB used, 141.57 MB peak
[2023.09.23-08.19.50:831][  0]LogMemory: Process Virtual Memory: 112.52 MB used, 112.52 MB peak
[2023.09.23-08.19.50:831][  0]LogMemory: Physical Memory: 11051.96 MB used,  5083.29 MB free, 16135.25 MB total
[2023.09.23-08.19.50:831][  0]LogMemory: Virtual Memory: 134207088.00 MB used,  10638.21 MB free, 134217728.00 MB total
[2023.09.23-08.19.50:847][  0]LogWindows: WindowsPlatformFeatures enabled
[2023.09.23-08.19.51:343][  0]LogInit: Physics initialised using underlying interface: PhysX
[2023.09.23-08.19.51:347][  0]LogInit: Using OS detected language (en-US).
[2023.09.23-08.19.51:347][  0]LogInit: Using OS detected locale (en-US).
[2023.09.23-08.19.51:364][  0]LogTextLocalizationManager: No specific localization for 'en-US' exists, so the 'en' localization will be used.
[2023.09.23-08.19.51:751][  0]LogInit: Setting process to per monitor DPI aware
[2023.09.23-08.19.51:804][  0]LogWindowsTextInputMethodSystem: Display: IME system deactivated.
[2023.09.23-08.19.51:876][  0]LogSlate: New Slate User Created.  User Index 0, Is Virtual User: 0
[2023.09.23-08.19.51:876][  0]LogSlate: Slate User Registered.  User Index 0, Is Virtual User: 0
[2023.09.23-08.19.55:071][  0]LogD3D11RHI: Loaded GFSDK_Aftermath_Lib.x64.dll
[2023.09.23-08.19.55:091][  0]LogHMD: Failed to initialize OpenVR with code 110
[2023.09.23-08.19.55:091][  0]LogD3D11RHI: D3D11 min allowed feature level: 11_0
[2023.09.23-08.19.55:092][  0]LogD3D11RHI: D3D11 max allowed feature level: 11_0
[2023.09.23-08.19.55:092][  0]LogD3D11RHI: D3D11 adapters:
[2023.09.23-08.19.55:968][  0]LogD3D11RHI:    0. 'Radeon (TM) 520' (Feature Level 11_0)
[2023.09.23-08.19.55:969][  0]LogD3D11RHI:       2039/0/8067 MB DedicatedVideo/DedicatedSystem/SharedSystem, Outputs:2, VendorId:0x1002
[2023.09.23-08.19.56:030][  0]LogD3D11RHI:    1. 'Intel(R) UHD Graphics 620' (Feature Level 11_0)
[2023.09.23-08.19.56:030][  0]LogD3D11RHI:       128/0/8067 MB DedicatedVideo/DedicatedSystem/SharedSystem, Outputs:0, VendorId:0x8086
[2023.09.23-08.19.56:042][  0]LogD3D11RHI:    2. 'Microsoft Basic Render Driver' (Feature Level 11_0)
[2023.09.23-08.19.56:043][  0]LogD3D11RHI:       0/0/8067 MB DedicatedVideo/DedicatedSystem/SharedSystem, Outputs:0, VendorId:0x1414
[2023.09.23-08.19.56:043][  0]LogD3D11RHI: Chosen D3D11 Adapter:
[2023.09.23-08.19.56:043][  0]LogD3D11RHI:     Description : Radeon (TM) 520
[2023.09.23-08.19.56:043][  0]LogD3D11RHI:     VendorId    : 1002
[2023.09.23-08.19.56:043][  0]LogD3D11RHI:     DeviceId    : 6665
[2023.09.23-08.19.56:043][  0]LogD3D11RHI:     SubSysId    : 83f1028
[2023.09.23-08.19.56:043][  0]LogD3D11RHI:     Revision    : 00c3
[2023.09.23-08.19.56:043][  0]LogD3D11RHI:     DedicatedVideoMemory : 2138300416 bytes
[2023.09.23-08.19.56:043][  0]LogD3D11RHI:     DedicatedSystemMemory : 0 bytes
[2023.09.23-08.19.56:043][  0]LogD3D11RHI:     SharedSystemMemory : 8459517952 bytes
[2023.09.23-08.19.56:043][  0]LogD3D11RHI:     AdapterLuid : 0 51420
[2023.09.23-08.19.56:052][  0]LogD3D11RHI: Creating new Direct3DDevice
[2023.09.23-08.19.56:052][  0]LogD3D11RHI:     GPU DeviceId: 0x6665 (for the marketing name, search the web for "GPU Device Id")
[2023.09.23-08.19.56:052][  0]LogWindows: EnumDisplayDevices:
[2023.09.23-08.19.56:052][  0]LogWindows:    0. 'Intel(R) UHD Graphics 620' (P:0 D:1)
[2023.09.23-08.19.56:053][  0]LogWindows:    1. 'Intel(R) UHD Graphics 620' (P:1 D:1)
[2023.09.23-08.19.56:053][  0]LogWindows:    2. 'Intel(R) UHD Graphics 620' (P:0 D:0)
[2023.09.23-08.19.56:053][  0]LogWindows: DebugString: PrimaryIsNotTheChoosenAdapter PrimaryIsNotTheChoosenAdapter PrimaryIsNotTheChoosenAdapter FoundDriverCount:0 
[2023.09.23-08.19.56:053][  0]LogD3D11RHI:     Adapter Name: Radeon (TM) 520
[2023.09.23-08.19.56:053][  0]LogD3D11RHI:   Driver Version: Unknown (internal:Unknown, unified:Unknown)
[2023.09.23-08.19.56:053][  0]LogD3D11RHI:      Driver Date: Unknown
[2023.09.23-08.19.56:053][  0]LogRHI: Texture pool is 1213 MB (70% of 1733 MB)
[2023.09.23-08.19.56:173][  0]LogD3D11RHI: Creating D3DDevice with AMD AGS, using adapter:
[2023.09.23-08.19.56:174][  0]LogD3D11RHI:     Description : Radeon (TM) 520
[2023.09.23-08.19.56:174][  0]LogD3D11RHI:     VendorId    : 1002
[2023.09.23-08.19.56:174][  0]LogD3D11RHI:     DeviceId    : 6665
[2023.09.23-08.19.56:174][  0]LogD3D11RHI:     SubSysId    : 83f1028
[2023.09.23-08.19.56:174][  0]LogD3D11RHI:     Revision    : 00c3
[2023.09.23-08.19.56:174][  0]LogD3D11RHI:     DedicatedVideoMemory : 2138300416 bytes
[2023.09.23-08.19.56:174][  0]LogD3D11RHI:     DedicatedSystemMemory : 0 bytes
[2023.09.23-08.19.56:174][  0]LogD3D11RHI:     SharedSystemMemory : 8459517952 bytes
[2023.09.23-08.19.56:174][  0]LogD3D11RHI:     AdapterLuid : 0 51420
[2023.09.23-08.19.56:269][  0]LogD3D11RHI: Created device via AGS, feature level 11_0, supported extensions 1fffffbf.
[2023.09.23-08.19.56:269][  0]LogD3D11RHI: RHI has support for 64 bit atomics
[2023.09.23-08.19.56:269][  0]LogD3D11RHI: Async texture creation enabled
[2023.09.23-08.19.56:269][  0]LogD3D11RHI: Array index from any shader is supported
[2023.09.23-08.19.56:293][  0]LogD3D11RHI: GPU Timing Frequency: 27.000000 (Debug: 2 1)
[2023.09.23-08.19.56:653][  0]LogTargetPlatformManager: Display: Loaded TargetPlatform 'AllDesktop'
[2023.09.23-08.19.56:679][  0]LogTargetPlatformManager: Display: Loaded TargetPlatform 'Android'
[2023.09.23-08.19.56:679][  0]LogTargetPlatformManager: Display: Loaded TargetPlatform 'Android_ASTC'
[2023.09.23-08.19.56:679][  0]LogTargetPlatformManager: Display: Loaded TargetPlatform 'Android_DXT'
[2023.09.23-08.19.56:679][  0]LogTargetPlatformManager: Display: Loaded TargetPlatform 'Android_ETC2'
[2023.09.23-08.19.56:680][  0]LogTargetPlatformManager: Display: Loaded TargetPlatform 'AndroidClient'
[2023.09.23-08.19.56:680][  0]LogTargetPlatformManager: Display: Loaded TargetPlatform 'Android_ASTCClient'
[2023.09.23-08.19.56:680][  0]LogTargetPlatformManager: Display: Loaded TargetPlatform 'Android_DXTClient'
[2023.09.23-08.19.56:680][  0]LogTargetPlatformManager: Display: Loaded TargetPlatform 'Android_ETC2Client'
[2023.09.23-08.19.56:680][  0]LogTargetPlatformManager: Display: Loaded TargetPlatform 'Android_Multi'
[2023.09.23-08.19.56:680][  0]LogTargetPlatformManager: Display: Loaded TargetPlatform 'Android_MultiClient'
[2023.09.23-08.19.56:712][  0]LogTargetPlatformManager: Display: Loaded TargetPlatform 'IOSClient'
[2023.09.23-08.19.56:712][  0]LogTargetPlatformManager: Display: Loaded TargetPlatform 'IOS'
[2023.09.23-08.19.56:736][  0]LogTargetPlatformManager: Display: Loaded TargetPlatform 'Linux'
[2023.09.23-08.19.56:745][  0]LogTargetPlatformManager: Display: Loaded TargetPlatform 'LinuxNoEditor'
[2023.09.23-08.19.56:753][  0]LogTargetPlatformManager: Display: Loaded TargetPlatform 'LinuxClient'
[2023.09.23-08.19.56:761][  0]LogTargetPlatformManager: Display: Loaded TargetPlatform 'LinuxServer'
[2023.09.23-08.19.56:794][  0]LogTargetPlatformManager: Display: Loaded TargetPlatform 'LinuxAArch64NoEditor'
[2023.09.23-08.19.56:803][  0]LogTargetPlatformManager: Display: Loaded TargetPlatform 'LinuxAArch64Client'
[2023.09.23-08.19.56:811][  0]LogTargetPlatformManager: Display: Loaded TargetPlatform 'LinuxAArch64Server'
[2023.09.23-08.19.56:848][  0]LogTargetPlatformManager: Display: Loaded TargetPlatform 'Lumin'
[2023.09.23-08.19.56:849][  0]LogTargetPlatformManager: Display: Loaded TargetPlatform 'LuminClient'
[2023.09.23-08.19.56:871][  0]LogTargetPlatformManager: Display: Loaded TargetPlatform 'MacNoEditor'
[2023.09.23-08.19.56:880][  0]LogTargetPlatformManager: Display: Loaded TargetPlatform 'Mac'
[2023.09.23-08.19.56:888][  0]LogTargetPlatformManager: Display: Loaded TargetPlatform 'MacClient'
[2023.09.23-08.19.56:895][  0]LogTargetPlatformManager: Display: Loaded TargetPlatform 'MacServer'
[2023.09.23-08.19.56:908][  0]LogTargetPlatformManager: Display: Loaded TargetPlatform 'TVOSClient'
[2023.09.23-08.19.56:908][  0]LogTargetPlatformManager: Display: Loaded TargetPlatform 'TVOS'
[2023.09.23-08.19.56:920][  0]LogTargetPlatformManager: Display: Loaded TargetPlatform 'WindowsNoEditor'
[2023.09.23-08.19.56:929][  0]LogTargetPlatformManager: Display: Loaded TargetPlatform 'Windows'
[2023.09.23-08.19.56:937][  0]LogTargetPlatformManager: Display: Loaded TargetPlatform 'WindowsClient'
[2023.09.23-08.19.56:945][  0]LogTargetPlatformManager: Display: Loaded TargetPlatform 'WindowsServer'
[2023.09.23-08.19.56:946][  0]LogTargetPlatformManager: Display: Building Assets For Windows
[2023.09.23-08.19.57:018][  0]LogAudioDebug: Display: Lib vorbis DLL was dynamically loaded.
[2023.09.23-08.19.57:155][  0]LogTextureFormatOodle: Display: Oodle Texture 2.9.0 init RDO Off
[2023.09.23-08.19.57:342][  0]LogRendererCore: Ray tracing is disabled. Reason: r.RayTracing=0.
[2023.09.23-08.19.57:342][  0]LogShaderCompilers: Guid format shader working directory is -15 characters bigger than the processId version (../../../../../../Unreal/Multiplayer_PingPong_Unreal/PingPong/Intermediate/Shaders/WorkingDirectory/6080/).
[2023.09.23-08.19.57:342][  0]LogShaderCompilers: Cleaned the shader compiler working directory 'C:/Users/Golem/AppData/Local/Temp/UnrealShaderWorkingDir/DE52921B4C892BE8E7FABDB756D360F9/'.
[2023.09.23-08.19.57:342][  0]LogXGEController: Cannot use XGE Controller as Incredibuild is not installed on this machine.
[2023.09.23-08.19.57:343][  0]LogShaderCompilers: Cannot use XGE Shader Compiler as Incredibuild is not installed on this machine.
[2023.09.23-08.19.57:343][  0]LogShaderCompilers: Display: Using Local Shader Compiler.
[2023.09.23-08.20.01:409][  0]LogDerivedDataCache: Display: Max Cache Size: 512 MB
[2023.09.23-08.20.01:654][  0]LogDerivedDataCache: Loaded boot cache 0.25s 94MB C:/Users/Golem/AppData/Local/UnrealEngine/4.27/DerivedDataCache/Boot.ddc.
[2023.09.23-08.20.01:654][  0]LogDerivedDataCache: Display: Loaded Boot cache: C:/Users/Golem/AppData/Local/UnrealEngine/4.27/DerivedDataCache/Boot.ddc
[2023.09.23-08.20.01:654][  0]LogDerivedDataCache: FDerivedDataBackendGraph:  Pak pak cache file ../../../../../../Unreal/Multiplayer_PingPong_Unreal/PingPong/DerivedDataCache/DDC.ddp not found, will not use a pak cache.
[2023.09.23-08.20.01:654][  0]LogDerivedDataCache: Unable to find inner node Pak for hierarchical cache Hierarchy.
[2023.09.23-08.20.01:654][  0]LogDerivedDataCache: FDerivedDataBackendGraph:  CompressedPak pak cache file ../../../../../../Unreal/Multiplayer_PingPong_Unreal/PingPong/DerivedDataCache/Compressed.ddp not found, will not use a pak cache.
[2023.09.23-08.20.01:654][  0]LogDerivedDataCache: Unable to find inner node CompressedPak for hierarchical cache Hierarchy.
[2023.09.23-08.20.01:685][  0]LogDerivedDataCache: Display: Pak cache opened for reading ../../../Engine/DerivedDataCache/Compressed.ddp.
[2023.09.23-08.20.01:685][  0]LogDerivedDataCache: FDerivedDataBackendGraph:  EnterprisePak pak cache file ../../../Enterprise/DerivedDataCache/Compressed.ddp not found, will not use a pak cache.
[2023.09.23-08.20.01:685][  0]LogDerivedDataCache: Unable to find inner node EnterprisePak for hierarchical cache Hierarchy.
[2023.09.23-08.20.01:754][  0]LogDerivedDataCache: Speed tests for C:/Users/Golem/AppData/Local/UnrealEngine/Common/DerivedDataCache took 0.07 seconds
[2023.09.23-08.20.01:754][  0]LogDerivedDataCache: Display: Performance to C:/Users/Golem/AppData/Local/UnrealEngine/Common/DerivedDataCache: Latency=0.28ms. RandomReadSpeed=15.93MBs, RandomWriteSpeed=148.08MBs. Assigned SpeedClass 'Local'
[2023.09.23-08.20.01:757][  0]LogDerivedDataCache: Using Local data cache path C:/Users/Golem/AppData/Local/UnrealEngine/Common/DerivedDataCache: Writable
[2023.09.23-08.20.01:757][  0]LogDerivedDataCache: Shared data cache path not found in *engine.ini, will not use an Shared cache.
[2023.09.23-08.20.01:758][  0]LogDerivedDataCache: Unable to find inner node Shared for hierarchical cache Hierarchy.
[2023.09.23-08.20.01:814][  0]LogSlate: Using FreeType 2.10.0
[2023.09.23-08.20.01:837][  0]LogSlate: SlateFontServices - WITH_FREETYPE: 1, WITH_HARFBUZZ: 1
[2023.09.23-08.20.01:887][  0]LogAssetRegistry: FAssetRegistry took 0.0062 seconds to start up
[2023.09.23-08.20.02:211][  0]LogInit: Selected Device Profile: [Windows]
[2023.09.23-08.20.02:211][  0]LogInit: Active device profile: [000001591B370900][0000015917DE2100 49] Windows
[2023.09.23-08.20.02:211][  0]LogInit: Profiles: [000001591B370900][0000015917DE2100 49] Windows, [000001591B2DB800][000001591A754280 49] WindowsNoEditor, [000001591B373500][000001591A758400 49] WindowsServer, [000001591B2D8E00][000001591A75C580 49] WindowsClient, [000001591B373800][000001591A760700 49] IOS, [000001591B2DA800][0000015917DE6840 49] iPadAir, [000001591B372000][000001591A764980 49] iPadAir2, [000001591B1FCA00][000001591A76CBC0 49] IPadPro, [000001591B1FCB00][000001591A768C00 49] iPadAir3, [000001591B2D9800][000001591A774D80 49] iPadAir4, [000001591B1FF400][000001591A778F00 49] iPadMini2, [000001591B2DAA00][000001591A77D080 49] iPadMini3, [000001591B1FD700][000001591B875200 49] iPadMini4, [000001591B371000][000001591B879380 49] iPadMini5, [000001591B204300][000001591B881640 49] iPhone6, [000001591B204400][000001591B87D680 49] iPodTouch6, [000001591B1FF600][000001591B889940 49] iPhone7, [000001591B1FD800][000001591B885980 49] iPodTouch7, [000001591B207F00][000001591B88DB00 49] iPhone5S, [000001591B2DA300][000001591B890100 49] iPhone6Plus, [000001591B1FC200][000001591B894280 49] iPhone6S, [000001591B2DA200][000001591B898400 49] iPhone6SPlus, [000001591B1FFC00][000001591B89C580 49] iPhone7Plus, [000001591B2D8100][000001591B8A0700 49] iPhoneSE, [000001591B1FF500][000001591B8A4880 49] iPhone8, [000001591B2D9E00][000001591A7709C0 49] iPhone8Plus, [000001591B1FD000][000001591B8A8B00 49] iPhoneX, [000001591B2D8A00][000001591B8ACC40 49] iPhoneXS, [000001591B1FD200][000001591B8B0D80 49] iPhoneXSMax, [000001591B2D9500][000001591B8B8F00 49] iPhoneXR, [000001591B1FF700][000001591B8BD080 49] iPhone11, [000001591B2D8D00][000001591B8C1200 49] iPhone11Pro, [000001591B1FF800][000001591B8C5380 49] iPhone11ProMax, [000001591B2D8F00][000001591B8C9500 49] iPhoneSE2, [000001591B1FEE00][000001591B8CD680 49] iPhone12Mini, [000001591B2DB100][000001591B8D1800 49] iPhone12, [000001591B1FEB00][000001591B8D5980 49] iPhone12Pro, [000001591B2D8800][000001591B8D9B00 49] iPhone12ProMax, [000001591B1FE300][000001591B8DC100 49] iPadPro105, [000001591B2DAF00][000001591B8E0280 49] iPadPro129, [000001591B1FE000][000001591B8E4400 49] iPadPro97, [000001591B2D9300][000001591B8E8580 49] iPadPro2_129, [000001591B1FDA00][000001591B8EC700 49] iPad5, [000001591B2D9A00][000001591B8F0880 49] iPad6, [000001591B1FE800][000001591B8F4A00 49] iPad7, [000001591B2D8C00][000001591B8B4B40 49] iPad8, [000001591B1FF200][000001591B8F8C80 49] iPadPro11, [000001591B2D9600][000001591B8FCDC0 49] iPadPro2_11, [000001591B1FDC00][000001591B900F00 49] iPadPro3_129, [000001591B2DB900][000001591B909080 49] iPadPro4_129, [000001591B1FD500][000001591B90D200 49] AppleTV, [000001591B2D8300][000001591B911380 49] AppleTV4K, [000001591B1FC100][000001591B915500 49] TVOS, [000001591B2DA400][000001591B919680 49] Mac, [000001591B1FE100][000001591B91D800 49] MacClient, [000001591B2DB400][000001591B921980 49] MacNoEditor, [000001591B1FDF00][000001591B925B00 49] MacServer, [000001591B2D8600][000001591B928100 49] Linux, [000001591B1FE200][000001591B92C280 49] LinuxAArch64, [000001591B2DB600][000001591B930400 49] LinuxNoEditor, [000001591B1FDD00][000001591B934580 49] LinuxAArch64NoEditor, [000001591B2D9400][000001591B938700 49] LinuxClient, [000001591B1FF100][000001591B93C880 49] LinuxAArch64Client, [000001591B2D9900][000001591B940A00 49] LinuxServer, [000001591B1FF000][000001591B944B80 49] LinuxAArch64Server, [000001591B2DA600][000001591B948D00 49] Android, [000001591B1FC700][000001591B904E40 49] Android_Low, [000001591B2D9B00][000001591B94CF80 49] Android_Mid, [000001591B373A00][000001591B9510C0 49] Android_High, [000001591B205C00][000001591B959240 49] Android_Default, [000001591B372100][000001591B95D3C0 49] Android_Adreno4xx, [000001591B206700][000001591B961540 49] Android_Adreno5xx_Low, [000001591B370B00][000001591B9656C0 49] Android_Adreno5xx, [000001591B206D00][000001591B969840 49] Android_Adreno6xx, [000001591B371200][000001591B96D9C0 49] Android_Adreno6xx_Vulkan, [000001591B206800][000001591B971B40 49] Android_Mali_T6xx, [000001591B373200][000001591B974140 49] Android_Mali_T7xx, [000001591B206E00][000001591B9782C0 49] Android_Mali_T8xx, [000001591B372500][000001591B97C440 49] Android_Mali_G71, [000001591B207E00][000001591B9805C0 49] Android_Mali_G72, [000001591B372A00][000001591B984740 49] Android_Mali_G72_Vulkan, [000001591B205B00][000001591B9888C0 49] Android_Mali_G76, [000001591B371B00][000001591B98CA40 49] Android_Mali_G76_Vulkan, [000001591B207D00][000001591B990BC0 49] Android_Mali_G77, [000001591B372D00][000001591B994D40 49] Android_Mali_G77_Vulkan, [000001591B207900][000001591B998EC0 49] Android_Mali_G78, [000001591B370D00][000001591B955000 49] Android_Mali_G78_Vulkan, [000001591B204500][000001591B99D140 49] Android_Mali_G710, [000001591B372B00][000001591B9A1280 49] Android_Mali_G710_Vulkan, [000001591B207500][000001591B9A53C0 49] Android_Vulkan_SM5, [000001591B373400][000001591B9AD540 49] Android_PowerVR_G6xxx, [000001591B206400][000001591B9B16C0 49] Android_PowerVR_GT7xxx, [000001591B373C00][000001591B9B5840 49] Android_PowerVR_GE8xxx, [000001591B206200][000001591B9B99C0 49] Android_PowerVR_GM9xxx, [000001591B373000][000001591B9BDB40 49] Android_PowerVR_GM9xxx_Vulkan, [000001591B205500][000001591B9C0140 49] Android_TegraK1, [000001591B371100][000001591B9C42C0 49] Android_Unknown_Vulkan, [000001591B2DBD00][000001591B9C8440 49] Lumin, [000001591B372900][000001591B9CC5C0 49] Lumin_Desktop, [000001591B2DBE00][000001591B9D0740 49] HoloLens, 
[2023.09.23-08.20.02:530][  0]LogMeshReduction: Using QuadricMeshReduction for automatic static mesh reduction
[2023.09.23-08.20.02:530][  0]LogMeshReduction: Using SimplygonMeshReduction for automatic skeletal mesh reduction
[2023.09.23-08.20.02:530][  0]LogMeshReduction: Using ProxyLODMeshReduction for automatic mesh merging
[2023.09.23-08.20.02:530][  0]LogMeshReduction: No distributed automatic mesh merging module available
[2023.09.23-08.20.02:531][  0]LogMeshMerging: No distributed automatic mesh merging module available
[2023.09.23-08.20.02:590][  0]LogNetVersion: PingPong 1.0.0, NetCL: 17155196, EngineNetVer: 17, GameNetVer: 0 (Checksum: 166094971)
[2023.09.23-08.20.03:968][  0]LogTexture: Default maximum texture size for cubemaps generated from long-lat sources has been changed from 512 to unlimited. In order to preserve old behaiour for '/Engine/MapTemplates/Sky/DaylightAmbientCubemap.DaylightAmbientCubemap', its maximum texture size has been explicitly set to 512.
[2023.09.23-08.20.04:123][  0]LogHMD: PokeAHoleMaterial loaded successfully
[2023.09.23-08.20.04:129][  0]LogUObjectArray: 17178 objects as part of root set at end of initial load.
[2023.09.23-08.20.04:130][  0]LogUObjectAllocator: 4302048 out of 0 bytes used by permanent object pool.
[2023.09.23-08.20.04:130][  0]LogUObjectArray: CloseDisregardForGC: 0/0 objects in disregard for GC pool
[2023.09.23-08.20.05:163][  0]LogNiagaraDebuggerClient: Niagara Debugger Client Initialized | Session: CC032CE2472D895E8A5D9ABB9D31658F | Instance: 93466BE8405C64B83BCFB7828DC5B82B (DESKTOP-UQ10HGU-6080).
[2023.09.23-08.20.05:311][  0]LogTcpMessaging: Initializing TcpMessaging bridge
[2023.09.23-08.20.05:324][  0]LogUdpMessaging: Initializing bridge on interface 0.0.0.0:0 to multicast group 230.0.0.1:6666.
[2023.09.23-08.20.05:365][  0]LogPython: Using Python 3.7.7
[2023.09.23-08.20.06:775][  0]SourceControl: Source control is disabled
[2023.09.23-08.20.06:776][  0]SourceControl: Source control is disabled
[2023.09.23-08.20.06:783][  0]SourceControl: Source control is disabled
[2023.09.23-08.20.06:789][  0]SourceControl: Source control is disabled
[2023.09.23-08.20.06:808][  0]SourceControl: Source control is disabled
[2023.09.23-08.20.06:819][  0]LogUProjectInfo: Found projects:
[2023.09.23-08.20.07:291][  0]LogOpenImageDenoise: OIDN starting up
[2023.09.23-08.20.07:323][  0]LogAndroidPermission: UAndroidPermissionCallbackProxy::GetInstance
[2023.09.23-08.20.07:361][  0]LogAudioCaptureCore: Display: No Audio Capture implementations found. Audio input will be silent.
[2023.09.23-08.20.07:361][  0]LogAudioCaptureCore: Display: No Audio Capture implementations found. Audio input will be silent.
[2023.09.23-08.20.07:820][  0]LogCollectionManager: Loaded 0 collections in 0.002571 seconds
[2023.09.23-08.20.07:884][  0]LogFileCache: Scanning file cache for directory 'C:/Unreal/Multiplayer_PingPong_Unreal/PingPong/Saved/Collections/' took 0.00s
[2023.09.23-08.20.07:884][  0]LogFileCache: Scanning file cache for directory 'C:/Unreal/Multiplayer_PingPong_Unreal/PingPong/Content/Developers/Golem/Collections/' took 0.00s
[2023.09.23-08.20.07:884][  0]LogFileCache: Scanning file cache for directory 'C:/Unreal/Multiplayer_PingPong_Unreal/PingPong/Content/Collections/' took 0.00s
[2023.09.23-08.20.07:884][  0]LogOcInput: OculusInput pre-init called
[2023.09.23-08.20.08:289][  0]LogEngine: Initializing Engine...
[2023.09.23-08.20.08:373][  0]LogHMD: Failed to enumerate extensions. Please check that you have a valid OpenXR runtime installed.
[2023.09.23-08.20.08:373][  0]LogHMD: Failed to initialize OpenVR with code 110
[2023.09.23-08.20.08:373][  0]LogMagicLeap: Warning: VR disabled because ZI is not enabled.  To enable, in the editor, Edit -> Project Settings -> Plugins -> Magic Leap Plugin -> Enable Zero Iteration
[2023.09.23-08.20.08:374][  0]LogStats: UGameplayTagsManager::InitializeManager -  0.000 s
[2023.09.23-08.20.08:747][  0]LogInit: Initializing FReadOnlyCVARCache
[2023.09.23-08.20.08:765][  0]LogAIModule: Creating AISystem for world Untitled
[2023.09.23-08.20.08:766][  0]LogAudio: Display: Initializing Audio Device Manager...
[2023.09.23-08.20.08:773][  0]LogAudio: Display: Loading Default Audio Settings Objects...
[2023.09.23-08.20.08:778][  0]LogAudio: Display: No default SoundConcurrencyObject specified (or failed to load).
[2023.09.23-08.20.08:780][  0]LogAudio: Display: Audio Device Manager Initialized
[2023.09.23-08.20.08:780][  0]LogAudio: Display: Creating Audio Device:                 Id: 1, Scope: Shared, Realtime: True
[2023.09.23-08.20.08:780][  0]LogAudioMixer: Display: Audio Mixer Platform Settings:
[2023.09.23-08.20.08:781][  0]LogAudioMixer: Display: 	Sample Rate:						  48000
[2023.09.23-08.20.08:781][  0]LogAudioMixer: Display: 	Callback Buffer Frame Size Requested: 1024
[2023.09.23-08.20.08:781][  0]LogAudioMixer: Display: 	Callback Buffer Frame Size To Use:	  1024
[2023.09.23-08.20.08:781][  0]LogAudioMixer: Display: 	Number of buffers to queue:			  2
[2023.09.23-08.20.08:781][  0]LogAudioMixer: Display: 	Max Channels (voices):				  32
[2023.09.23-08.20.08:781][  0]LogAudioMixer: Display: 	Number of Async Source Workers:		  0
[2023.09.23-08.20.08:781][  0]LogAudio: Display: AudioDevice MaxSources: 32
[2023.09.23-08.20.08:782][  0]LogAudio: Display: Audio Spatialization Plugin: None (built-in).
[2023.09.23-08.20.08:782][  0]LogAudio: Display: Audio Reverb Plugin: None (built-in).
[2023.09.23-08.20.08:782][  0]LogAudio: Display: Audio Occlusion Plugin: None (built-in).
[2023.09.23-08.20.08:782][  0]LogAudioMixer: Display: Initializing audio mixer.
[2023.09.23-08.20.08:836][  0]LogAudioMixer: Display: 0: FrontLeft
[2023.09.23-08.20.08:836][  0]LogAudioMixer: Display: 1: FrontRight
[2023.09.23-08.20.08:868][  0]LogAudioMixer: Display: Using Audio Device Headphones (2- High Definition Audio Device)
[2023.09.23-08.20.08:871][  0]LogAudioMixer: Display: Initializing Sound Submixes...
[2023.09.23-08.20.08:898][  0]LogAudioMixer: Display: Creating Master Submix 'MasterSubmixDefault'
[2023.09.23-08.20.08:898][  0]LogAudioMixer: Display: Creating Master Submix 'MasterReverbSubmixDefault'
[2023.09.23-08.20.08:899][  0]LogAudioMixer: Display: Creating Master Submix 'MasterEQSubmixDefault'
[2023.09.23-08.20.08:899][  0]LogAudioMixer: FMixerPlatformXAudio2::StartAudioStream() called
[2023.09.23-08.20.08:900][  0]LogAudioMixer: Display: Output buffers initialized: Frames=1024, Channels=2, Samples=2048
[2023.09.23-08.20.08:902][  0]LogAudioMixer: Display: Starting AudioMixerPlatformInterface::RunInternal()
[2023.09.23-08.20.08:902][  0]LogAudioMixer: Display: FMixerPlatformXAudio2::SubmitBuffer() called for the first time
[2023.09.23-08.20.08:902][  0]LogInit: FAudioDevice initialized.
[2023.09.23-08.20.08:902][  0]LogAudio: Display: Audio Device (ID: 1) registered with world 'Untitled'.
[2023.09.23-08.20.08:902][  0]LogNetVersion: Set ProjectVersion to 1.0.0.0. Version Checksum will be recalculated on next use.
[2023.09.23-08.20.08:981][  0]LogDerivedDataCache: Saved boot cache 0.08s 94MB C:/Users/Golem/AppData/Local/UnrealEngine/4.27/DerivedDataCache/Boot.ddc.
[2023.09.23-08.20.08:981][  0]LogInit: Texture streaming: Enabled
[2023.09.23-08.20.09:011][  0]LogAnalytics: Display: [UEEditor.Rocket.Release] APIServer = https://datarouter.ol.epicgames.com/. AppVersion = 4.27.2-18319896+++UE4+Release-4.27
[2023.09.23-08.20.09:019][  0]LogEngineSessionManager: EngineSessionManager initialized
[2023.09.23-08.20.09:020][  0]LogEngineSessionManager: EngineSessionManager sent abnormal shutdown report. Type=Debugger, SessionId={27E0572A-4C1D-B1B1-878B-FE8B9E373DAC}
[2023.09.23-08.20.09:020][  0]LogEditorSessionSummary: Verbose: Initializing EditorSessionSummaryWriter for editor session tracking
[2023.09.23-08.20.09:024][  0]LogEditorSessionSummary: EditorSessionSummaryWriter initialized
[2023.09.23-08.20.09:064][  0]LogInit: Transaction tracking system initialized
[2023.09.23-08.20.09:132][  0]BlueprintLog: New page: Editor Load
[2023.09.23-08.20.09:280][  0]LocalizationService: Localization service is disabled
[2023.09.23-08.20.09:339][  0]TimingProfiler: Initialize
[2023.09.23-08.20.09:340][  0]TimingProfiler: OnSessionChanged
[2023.09.23-08.20.09:340][  0]LoadingProfiler: Initialize
[2023.09.23-08.20.09:340][  0]LoadingProfiler: OnSessionChanged
[2023.09.23-08.20.09:340][  0]NetworkingProfiler: Initialize
[2023.09.23-08.20.09:340][  0]NetworkingProfiler: OnSessionChanged
[2023.09.23-08.20.09:340][  0]MemoryProfiler: Initialize
[2023.09.23-08.20.09:341][  0]MemoryProfiler: OnSessionChanged
[2023.09.23-08.20.09:823][  0]LogCook: Display: CookSettings for Memory: MemoryMaxUsedVirtual 0MiB, MemoryMaxUsedPhysical 16384MiB, MemoryMinFreeVirtual 0MiB, MemoryMinFreePhysical 1024MiB
[2023.09.23-08.20.09:823][  0]LogCook: Display: Mobile HDR setting 1
[2023.09.23-08.20.10:304][  0]LogFileCache: Scanning file cache for directory 'C:/Unreal/Multiplayer_PingPong_Unreal/PingPong/Content/' took 0.01s
[2023.09.23-08.20.10:521][  0]LogInit: Display: Engine is initialized. Leaving FEngineLoop::Init()
[2023.09.23-08.20.10:527][  0]SourceControl: Source control is disabled
[2023.09.23-08.20.10:528][  0]LogUnrealEdMisc: Loading editor; pre map load, took 22.558
[2023.09.23-08.20.10:528][  0]Cmd: MAP LOAD FILE="../../../../../../Unreal/Multiplayer_PingPong_Unreal/PingPong/Content/StarterContent/Maps/Minimal_Default.umap" TEMPLATE=0 SHOWPROGRESS=1 FEATURELEVEL=3
[2023.09.23-08.20.10:534][  0]LightingResults: New page: Lighting Build
[2023.09.23-08.20.10:538][  0]LogWorld: UWorld::CleanupWorld for Untitled, bSessionEnded=true, bCleanupResources=true
[2023.09.23-08.20.10:538][  0]LogSlate: InvalidateAllWidgets triggered.  All widgets were invalidated
[2023.09.23-08.20.10:539][  0]MapCheck: New page: Map Check
[2023.09.23-08.20.10:539][  0]LightingResults: New page: Lighting Build
[2023.09.23-08.20.10:544][  0]LogAudio: Display: Audio Device unregistered from world 'None'.
[2023.09.23-08.20.10:549][  0]LogUObjectHash: Compacting FUObjectHashTables data took   0.80ms
[2023.09.23-08.20.10:846][  0]LogAudio: Display: Audio Device (ID: 1) registered with world 'Minimal_Default'.
[2023.09.23-08.20.10:847][  0]LogAIModule: Creating AISystem for world Minimal_Default
[2023.09.23-08.20.10:865][  0]LogEditorServer: Finished looking for orphan Actors (0.000 secs)
[2023.09.23-08.20.10:881][  0]LogUObjectHash: Compacting FUObjectHashTables data took   1.24ms
[2023.09.23-08.20.10:882][  0]Cmd: MAP CHECKDEP NOCLEARLOG
[2023.09.23-08.20.10:882][  0]MapCheck: Map check complete: 0 Error(s), 0 Warning(s), took 0.228ms to complete.
[2023.09.23-08.20.10:882][  0]LogFileHelpers: Loading map 'Minimal_Default' took 0.354
[2023.09.23-08.20.10:900][  0]LogUnrealEdMisc: Total Editor Startup Time, took 22.930
[2023.09.23-08.20.11:084][  0]LogSlate: Updating window title bar state: overlay mode, drag disabled, window buttons hidden, title bar hidden
[2023.09.23-08.20.11:091][  0]LogSlate: Updating window title bar state: overlay mode, drag disabled, window buttons hidden, title bar hidden
[2023.09.23-08.20.11:099][  0]LogSlate: Updating window title bar state: overlay mode, drag disabled, window buttons hidden, title bar hidden
[2023.09.23-08.20.11:106][  0]LogSlate: Updating window title bar state: overlay mode, drag disabled, window buttons hidden, title bar hidden
[2023.09.23-08.20.11:137][  0]LogNativeClassHierarchy: Verbose: Native class hierarchy populated in 0.0104 seconds. Added 3827 classes and 930 folders.
[2023.09.23-08.20.11:146][  0]LogNativeClassHierarchy: Verbose: Native class hierarchy updated for 'WidgetCarousel' in 0.0003 seconds. Added 0 classes and 0 folders.
[2023.09.23-08.20.11:161][  0]LogPakFile: PakFile PrimaryIndexSize=187
[2023.09.23-08.20.11:161][  0]LogPakFile: PakFile PathHashIndexSize=101
[2023.09.23-08.20.11:161][  0]LogPakFile: PakFile FullDirectoryIndexSize=148
[2023.09.23-08.20.11:161][  0]LogShaderLibrary: Display: ShaderCodeLibraryPakFileMountedCallback: PakFile 'C:/Program Files/Epic Games/UE_4.27/FeaturePacks/FP_FirstPerson.upack' (chunk index -1, root 'root:/') mounted
[2023.09.23-08.20.11:161][  0]LogShaderLibrary: Display: ShaderCodeLibraryPakFileMountedCallback: pending pak file info (ChunkID:-1 Root:root:/ File:C:/Program Files/Epic Games/UE_4.27/FeaturePacks/FP_FirstPerson.upack)
[2023.09.23-08.20.11:161][  0]LogPakFile: OnPakFileMounted2Time == 0.000428
[2023.09.23-08.20.11:172][  0]LogPakFile: PakFile PrimaryIndexSize=189
[2023.09.23-08.20.11:172][  0]LogPakFile: PakFile PathHashIndexSize=101
[2023.09.23-08.20.11:172][  0]LogPakFile: PakFile FullDirectoryIndexSize=152
[2023.09.23-08.20.11:173][  0]LogShaderLibrary: Display: ShaderCodeLibraryPakFileMountedCallback: PakFile 'C:/Program Files/Epic Games/UE_4.27/FeaturePacks/FP_FirstPersonBP.upack' (chunk index -1, root 'root:/') mounted
[2023.09.23-08.20.11:173][  0]LogShaderLibrary: Display: ShaderCodeLibraryPakFileMountedCallback: pending pak file info (ChunkID:-1 Root:root:/ File:C:/Program Files/Epic Games/UE_4.27/FeaturePacks/FP_FirstPersonBP.upack)
[2023.09.23-08.20.11:173][  0]LogPakFile: OnPakFileMounted2Time == 0.000183
[2023.09.23-08.20.11:181][  0]LogPakFile: PakFile PrimaryIndexSize=191
[2023.09.23-08.20.11:182][  0]LogPakFile: PakFile PathHashIndexSize=101
[2023.09.23-08.20.11:182][  0]LogPakFile: PakFile FullDirectoryIndexSize=160
[2023.09.23-08.20.11:182][  0]LogShaderLibrary: Display: ShaderCodeLibraryPakFileMountedCallback: PakFile 'C:/Program Files/Epic Games/UE_4.27/FeaturePacks/MobileStarterContent.upack' (chunk index -1, root 'root:/') mounted
[2023.09.23-08.20.11:182][  0]LogShaderLibrary: Display: ShaderCodeLibraryPakFileMountedCallback: pending pak file info (ChunkID:-1 Root:root:/ File:C:/Program Files/Epic Games/UE_4.27/FeaturePacks/MobileStarterContent.upack)
[2023.09.23-08.20.11:182][  0]LogPakFile: OnPakFileMounted2Time == 0.000153
[2023.09.23-08.20.11:190][  0]LogPakFile: PakFile PrimaryIndexSize=185
[2023.09.23-08.20.11:191][  0]LogPakFile: PakFile PathHashIndexSize=101
[2023.09.23-08.20.11:191][  0]LogPakFile: PakFile FullDirectoryIndexSize=148
[2023.09.23-08.20.11:191][  0]LogShaderLibrary: Display: ShaderCodeLibraryPakFileMountedCallback: PakFile 'C:/Program Files/Epic Games/UE_4.27/FeaturePacks/StarterContent.upack' (chunk index -1, root 'root:/') mounted
[2023.09.23-08.20.11:191][  0]LogShaderLibrary: Display: ShaderCodeLibraryPakFileMountedCallback: pending pak file info (ChunkID:-1 Root:root:/ File:C:/Program Files/Epic Games/UE_4.27/FeaturePacks/StarterContent.upack)
[2023.09.23-08.20.11:191][  0]LogPakFile: OnPakFileMounted2Time == 0.000257
[2023.09.23-08.20.11:199][  0]LogPakFile: PakFile PrimaryIndexSize=190
[2023.09.23-08.20.11:199][  0]LogPakFile: PakFile PathHashIndexSize=101
[2023.09.23-08.20.11:199][  0]LogPakFile: PakFile FullDirectoryIndexSize=154
[2023.09.23-08.20.11:200][  0]LogShaderLibrary: Display: ShaderCodeLibraryPakFileMountedCallback: PakFile 'C:/Program Files/Epic Games/UE_4.27/FeaturePacks/TP_2DSideScroller.upack' (chunk index -1, root 'root:/') mounted
[2023.09.23-08.20.11:200][  0]LogShaderLibrary: Display: ShaderCodeLibraryPakFileMountedCallback: pending pak file info (ChunkID:-1 Root:root:/ File:C:/Program Files/Epic Games/UE_4.27/FeaturePacks/TP_2DSideScroller.upack)
[2023.09.23-08.20.11:200][  0]LogPakFile: OnPakFileMounted2Time == 0.000263
[2023.09.23-08.20.11:208][  0]LogPakFile: PakFile PrimaryIndexSize=192
[2023.09.23-08.20.11:208][  0]LogPakFile: PakFile PathHashIndexSize=101
[2023.09.23-08.20.11:209][  0]LogPakFile: PakFile FullDirectoryIndexSize=158
[2023.09.23-08.20.11:209][  0]LogShaderLibrary: Display: ShaderCodeLibraryPakFileMountedCallback: PakFile 'C:/Program Files/Epic Games/UE_4.27/FeaturePacks/TP_2DSideScrollerBP.upack' (chunk index -1, root 'root:/') mounted
[2023.09.23-08.20.11:209][  0]LogShaderLibrary: Display: ShaderCodeLibraryPakFileMountedCallback: pending pak file info (ChunkID:-1 Root:root:/ File:C:/Program Files/Epic Games/UE_4.27/FeaturePacks/TP_2DSideScrollerBP.upack)
[2023.09.23-08.20.11:209][  0]LogPakFile: OnPakFileMounted2Time == 0.000341
[2023.09.23-08.20.11:216][  0]LogPakFile: PakFile PrimaryIndexSize=182
[2023.09.23-08.20.11:216][  0]LogPakFile: PakFile PathHashIndexSize=101
[2023.09.23-08.20.11:216][  0]LogPakFile: PakFile FullDirectoryIndexSize=138
[2023.09.23-08.20.11:216][  0]LogShaderLibrary: Display: ShaderCodeLibraryPakFileMountedCallback: PakFile 'C:/Program Files/Epic Games/UE_4.27/FeaturePacks/TP_Flying.upack' (chunk index -1, root 'root:/') mounted
[2023.09.23-08.20.11:216][  0]LogShaderLibrary: Display: ShaderCodeLibraryPakFileMountedCallback: pending pak file info (ChunkID:-1 Root:root:/ File:C:/Program Files/Epic Games/UE_4.27/FeaturePacks/TP_Flying.upack)
[2023.09.23-08.20.11:217][  0]LogPakFile: OnPakFileMounted2Time == 0.000208
[2023.09.23-08.20.11:227][  0]LogPakFile: PakFile PrimaryIndexSize=184
[2023.09.23-08.20.11:227][  0]LogPakFile: PakFile PathHashIndexSize=101
[2023.09.23-08.20.11:227][  0]LogPakFile: PakFile FullDirectoryIndexSize=142
[2023.09.23-08.20.11:227][  0]LogShaderLibrary: Display: ShaderCodeLibraryPakFileMountedCallback: PakFile 'C:/Program Files/Epic Games/UE_4.27/FeaturePacks/TP_FlyingBP.upack' (chunk index -1, root 'root:/') mounted
[2023.09.23-08.20.11:227][  0]LogShaderLibrary: Display: ShaderCodeLibraryPakFileMountedCallback: pending pak file info (ChunkID:-1 Root:root:/ File:C:/Program Files/Epic Games/UE_4.27/FeaturePacks/TP_FlyingBP.upack)
[2023.09.23-08.20.11:227][  0]LogPakFile: OnPakFileMounted2Time == 0.000179
[2023.09.23-08.20.11:236][  0]LogPakFile: PakFile PrimaryIndexSize=188
[2023.09.23-08.20.11:236][  0]LogPakFile: PakFile PathHashIndexSize=101
[2023.09.23-08.20.11:236][  0]LogPakFile: PakFile FullDirectoryIndexSize=150
[2023.09.23-08.20.11:236][  0]LogShaderLibrary: Display: ShaderCodeLibraryPakFileMountedCallback: PakFile 'C:/Program Files/Epic Games/UE_4.27/FeaturePacks/TP_HandheldARBP.upack' (chunk index -1, root 'root:/') mounted
[2023.09.23-08.20.11:236][  0]LogShaderLibrary: Display: ShaderCodeLibraryPakFileMountedCallback: pending pak file info (ChunkID:-1 Root:root:/ File:C:/Program Files/Epic Games/UE_4.27/FeaturePacks/TP_HandheldARBP.upack)
[2023.09.23-08.20.11:236][  0]LogPakFile: OnPakFileMounted2Time == 0.000208
[2023.09.23-08.20.11:247][  0]LogPakFile: PakFile PrimaryIndexSize=182
[2023.09.23-08.20.11:247][  0]LogPakFile: PakFile PathHashIndexSize=101
[2023.09.23-08.20.11:247][  0]LogPakFile: PakFile FullDirectoryIndexSize=138
[2023.09.23-08.20.11:247][  0]LogShaderLibrary: Display: ShaderCodeLibraryPakFileMountedCallback: PakFile 'C:/Program Files/Epic Games/UE_4.27/FeaturePacks/TP_Puzzle.upack' (chunk index -1, root 'root:/') mounted
[2023.09.23-08.20.11:248][  0]LogShaderLibrary: Display: ShaderCodeLibraryPakFileMountedCallback: pending pak file info (ChunkID:-1 Root:root:/ File:C:/Program Files/Epic Games/UE_4.27/FeaturePacks/TP_Puzzle.upack)
[2023.09.23-08.20.11:248][  0]LogPakFile: OnPakFileMounted2Time == 0.000175
[2023.09.23-08.20.11:255][  0]LogPakFile: PakFile PrimaryIndexSize=184
[2023.09.23-08.20.11:256][  0]LogPakFile: PakFile PathHashIndexSize=101
[2023.09.23-08.20.11:256][  0]LogPakFile: PakFile FullDirectoryIndexSize=142
[2023.09.23-08.20.11:256][  0]LogShaderLibrary: Display: ShaderCodeLibraryPakFileMountedCallback: PakFile 'C:/Program Files/Epic Games/UE_4.27/FeaturePacks/TP_PuzzleBP.upack' (chunk index -1, root 'root:/') mounted
[2023.09.23-08.20.11:256][  0]LogShaderLibrary: Display: ShaderCodeLibraryPakFileMountedCallback: pending pak file info (ChunkID:-1 Root:root:/ File:C:/Program Files/Epic Games/UE_4.27/FeaturePacks/TP_PuzzleBP.upack)
[2023.09.23-08.20.11:256][  0]LogPakFile: OnPakFileMounted2Time == 0.000191
[2023.09.23-08.20.11:265][  0]LogPakFile: PakFile PrimaryIndexSize=183
[2023.09.23-08.20.11:265][  0]LogPakFile: PakFile PathHashIndexSize=101
[2023.09.23-08.20.11:265][  0]LogPakFile: PakFile FullDirectoryIndexSize=140
[2023.09.23-08.20.11:265][  0]LogShaderLibrary: Display: ShaderCodeLibraryPakFileMountedCallback: PakFile 'C:/Program Files/Epic Games/UE_4.27/FeaturePacks/TP_Rolling.upack' (chunk index -1, root 'root:/') mounted
[2023.09.23-08.20.11:266][  0]LogShaderLibrary: Display: ShaderCodeLibraryPakFileMountedCallback: pending pak file info (ChunkID:-1 Root:root:/ File:C:/Program Files/Epic Games/UE_4.27/FeaturePacks/TP_Rolling.upack)
[2023.09.23-08.20.11:266][  0]LogPakFile: OnPakFileMounted2Time == 0.000177
[2023.09.23-08.20.11:274][  0]LogPakFile: PakFile PrimaryIndexSize=185
[2023.09.23-08.20.11:274][  0]LogPakFile: PakFile PathHashIndexSize=101
[2023.09.23-08.20.11:274][  0]LogPakFile: PakFile FullDirectoryIndexSize=144
[2023.09.23-08.20.11:274][  0]LogShaderLibrary: Display: ShaderCodeLibraryPakFileMountedCallback: PakFile 'C:/Program Files/Epic Games/UE_4.27/FeaturePacks/TP_RollingBP.upack' (chunk index -1, root 'root:/') mounted
[2023.09.23-08.20.11:274][  0]LogShaderLibrary: Display: ShaderCodeLibraryPakFileMountedCallback: pending pak file info (ChunkID:-1 Root:root:/ File:C:/Program Files/Epic Games/UE_4.27/FeaturePacks/TP_RollingBP.upack)
[2023.09.23-08.20.11:274][  0]LogPakFile: OnPakFileMounted2Time == 0.000186
[2023.09.23-08.20.11:282][  0]LogPakFile: PakFile PrimaryIndexSize=188
[2023.09.23-08.20.11:283][  0]LogPakFile: PakFile PathHashIndexSize=101
[2023.09.23-08.20.11:283][  0]LogPakFile: PakFile FullDirectoryIndexSize=150
[2023.09.23-08.20.11:283][  0]LogShaderLibrary: Display: ShaderCodeLibraryPakFileMountedCallback: PakFile 'C:/Program Files/Epic Games/UE_4.27/FeaturePacks/TP_SideScroller.upack' (chunk index -1, root 'root:/') mounted
[2023.09.23-08.20.11:283][  0]LogShaderLibrary: Display: ShaderCodeLibraryPakFileMountedCallback: pending pak file info (ChunkID:-1 Root:root:/ File:C:/Program Files/Epic Games/UE_4.27/FeaturePacks/TP_SideScroller.upack)
[2023.09.23-08.20.11:283][  0]LogPakFile: OnPakFileMounted2Time == 0.000165
[2023.09.23-08.20.11:292][  0]LogPakFile: PakFile PrimaryIndexSize=190
[2023.09.23-08.20.11:292][  0]LogPakFile: PakFile PathHashIndexSize=101
[2023.09.23-08.20.11:293][  0]LogPakFile: PakFile FullDirectoryIndexSize=154
[2023.09.23-08.20.11:293][  0]LogShaderLibrary: Display: ShaderCodeLibraryPakFileMountedCallback: PakFile 'C:/Program Files/Epic Games/UE_4.27/FeaturePacks/TP_SideScrollerBP.upack' (chunk index -1, root 'root:/') mounted
[2023.09.23-08.20.11:293][  0]LogShaderLibrary: Display: ShaderCodeLibraryPakFileMountedCallback: pending pak file info (ChunkID:-1 Root:root:/ File:C:/Program Files/Epic Games/UE_4.27/FeaturePacks/TP_SideScrollerBP.upack)
[2023.09.23-08.20.11:293][  0]LogPakFile: OnPakFileMounted2Time == 0.000179
[2023.09.23-08.20.11:303][  0]LogPakFile: PakFile PrimaryIndexSize=187
[2023.09.23-08.20.11:304][  0]LogPakFile: PakFile PathHashIndexSize=101
[2023.09.23-08.20.11:304][  0]LogPakFile: PakFile FullDirectoryIndexSize=148
[2023.09.23-08.20.11:304][  0]LogShaderLibrary: Display: ShaderCodeLibraryPakFileMountedCallback: PakFile 'C:/Program Files/Epic Games/UE_4.27/FeaturePacks/TP_ThirdPerson.upack' (chunk index -1, root 'root:/') mounted
[2023.09.23-08.20.11:304][  0]LogShaderLibrary: Display: ShaderCodeLibraryPakFileMountedCallback: pending pak file info (ChunkID:-1 Root:root:/ File:C:/Program Files/Epic Games/UE_4.27/FeaturePacks/TP_ThirdPerson.upack)
[2023.09.23-08.20.11:304][  0]LogPakFile: OnPakFileMounted2Time == 0.000207
[2023.09.23-08.20.11:312][  0]LogPakFile: PakFile PrimaryIndexSize=189
[2023.09.23-08.20.11:312][  0]LogPakFile: PakFile PathHashIndexSize=101
[2023.09.23-08.20.11:313][  0]LogPakFile: PakFile FullDirectoryIndexSize=152
[2023.09.23-08.20.11:313][  0]LogShaderLibrary: Display: ShaderCodeLibraryPakFileMountedCallback: PakFile 'C:/Program Files/Epic Games/UE_4.27/FeaturePacks/TP_ThirdPersonBP.upack' (chunk index -1, root 'root:/') mounted
[2023.09.23-08.20.11:313][  0]LogShaderLibrary: Display: ShaderCodeLibraryPakFileMountedCallback: pending pak file info (ChunkID:-1 Root:root:/ File:C:/Program Files/Epic Games/UE_4.27/FeaturePacks/TP_ThirdPersonBP.upack)
[2023.09.23-08.20.11:313][  0]LogPakFile: OnPakFileMounted2Time == 0.000186
[2023.09.23-08.20.11:322][  0]LogPakFile: PakFile PrimaryIndexSize=183
[2023.09.23-08.20.11:322][  0]LogPakFile: PakFile PathHashIndexSize=101
[2023.09.23-08.20.11:322][  0]LogPakFile: PakFile FullDirectoryIndexSize=140
[2023.09.23-08.20.11:322][  0]LogShaderLibrary: Display: ShaderCodeLibraryPakFileMountedCallback: PakFile 'C:/Program Files/Epic Games/UE_4.27/FeaturePacks/TP_TopDown.upack' (chunk index -1, root 'root:/') mounted
[2023.09.23-08.20.11:322][  0]LogShaderLibrary: Display: ShaderCodeLibraryPakFileMountedCallback: pending pak file info (ChunkID:-1 Root:root:/ File:C:/Program Files/Epic Games/UE_4.27/FeaturePacks/TP_TopDown.upack)
[2023.09.23-08.20.11:322][  0]LogPakFile: OnPakFileMounted2Time == 0.000205
[2023.09.23-08.20.11:332][  0]LogPakFile: PakFile PrimaryIndexSize=185
[2023.09.23-08.20.11:332][  0]LogPakFile: PakFile PathHashIndexSize=101
[2023.09.23-08.20.11:332][  0]LogPakFile: PakFile FullDirectoryIndexSize=144
[2023.09.23-08.20.11:332][  0]LogShaderLibrary: Display: ShaderCodeLibraryPakFileMountedCallback: PakFile 'C:/Program Files/Epic Games/UE_4.27/FeaturePacks/TP_TopDownBP.upack' (chunk index -1, root 'root:/') mounted
[2023.09.23-08.20.11:332][  0]LogShaderLibrary: Display: ShaderCodeLibraryPakFileMountedCallback: pending pak file info (ChunkID:-1 Root:root:/ File:C:/Program Files/Epic Games/UE_4.27/FeaturePacks/TP_TopDownBP.upack)
[2023.09.23-08.20.11:332][  0]LogPakFile: OnPakFileMounted2Time == 0.000219
[2023.09.23-08.20.11:347][  0]LogPakFile: PakFile PrimaryIndexSize=185
[2023.09.23-08.20.11:347][  0]LogPakFile: PakFile PathHashIndexSize=101
[2023.09.23-08.20.11:348][  0]LogPakFile: PakFile FullDirectoryIndexSize=144
[2023.09.23-08.20.11:348][  0]LogShaderLibrary: Display: ShaderCodeLibraryPakFileMountedCallback: PakFile 'C:/Program Files/Epic Games/UE_4.27/FeaturePacks/TP_TwinStick.upack' (chunk index -1, root 'root:/') mounted
[2023.09.23-08.20.11:348][  0]LogShaderLibrary: Display: ShaderCodeLibraryPakFileMountedCallback: pending pak file info (ChunkID:-1 Root:root:/ File:C:/Program Files/Epic Games/UE_4.27/FeaturePacks/TP_TwinStick.upack)
[2023.09.23-08.20.11:348][  0]LogPakFile: OnPakFileMounted2Time == 0.000247
[2023.09.23-08.20.11:356][  0]LogPakFile: PakFile PrimaryIndexSize=187
[2023.09.23-08.20.11:356][  0]LogPakFile: PakFile PathHashIndexSize=101
[2023.09.23-08.20.11:356][  0]LogPakFile: PakFile FullDirectoryIndexSize=148
[2023.09.23-08.20.11:356][  0]LogShaderLibrary: Display: ShaderCodeLibraryPakFileMountedCallback: PakFile 'C:/Program Files/Epic Games/UE_4.27/FeaturePacks/TP_TwinStickBP.upack' (chunk index -1, root 'root:/') mounted
[2023.09.23-08.20.11:356][  0]LogShaderLibrary: Display: ShaderCodeLibraryPakFileMountedCallback: pending pak file info (ChunkID:-1 Root:root:/ File:C:/Program Files/Epic Games/UE_4.27/FeaturePacks/TP_TwinStickBP.upack)
[2023.09.23-08.20.11:356][  0]LogPakFile: OnPakFileMounted2Time == 0.000217
[2023.09.23-08.20.11:365][  0]LogPakFile: PakFile PrimaryIndexSize=183
[2023.09.23-08.20.11:365][  0]LogPakFile: PakFile PathHashIndexSize=101
[2023.09.23-08.20.11:365][  0]LogPakFile: PakFile FullDirectoryIndexSize=140
[2023.09.23-08.20.11:365][  0]LogShaderLibrary: Display: ShaderCodeLibraryPakFileMountedCallback: PakFile 'C:/Program Files/Epic Games/UE_4.27/FeaturePacks/TP_Vehicle.upack' (chunk index -1, root 'root:/') mounted
[2023.09.23-08.20.11:365][  0]LogShaderLibrary: Display: ShaderCodeLibraryPakFileMountedCallback: pending pak file info (ChunkID:-1 Root:root:/ File:C:/Program Files/Epic Games/UE_4.27/FeaturePacks/TP_Vehicle.upack)
[2023.09.23-08.20.11:365][  0]LogPakFile: OnPakFileMounted2Time == 0.000259
[2023.09.23-08.20.11:374][  0]LogPakFile: PakFile PrimaryIndexSize=186
[2023.09.23-08.20.11:374][  0]LogPakFile: PakFile PathHashIndexSize=101
[2023.09.23-08.20.11:374][  0]LogPakFile: PakFile FullDirectoryIndexSize=146
[2023.09.23-08.20.11:374][  0]LogShaderLibrary: Display: ShaderCodeLibraryPakFileMountedCallback: PakFile 'C:/Program Files/Epic Games/UE_4.27/FeaturePacks/TP_VehicleAdv.upack' (chunk index -1, root 'root:/') mounted
[2023.09.23-08.20.11:374][  0]LogShaderLibrary: Display: ShaderCodeLibraryPakFileMountedCallback: pending pak file info (ChunkID:-1 Root:root:/ File:C:/Program Files/Epic Games/UE_4.27/FeaturePacks/TP_VehicleAdv.upack)
[2023.09.23-08.20.11:374][  0]LogPakFile: OnPakFileMounted2Time == 0.000193
[2023.09.23-08.20.11:382][  0]LogPakFile: PakFile PrimaryIndexSize=188
[2023.09.23-08.20.11:383][  0]LogPakFile: PakFile PathHashIndexSize=101
[2023.09.23-08.20.11:383][  0]LogPakFile: PakFile FullDirectoryIndexSize=150
[2023.09.23-08.20.11:383][  0]LogShaderLibrary: Display: ShaderCodeLibraryPakFileMountedCallback: PakFile 'C:/Program Files/Epic Games/UE_4.27/FeaturePacks/TP_VehicleAdvBP.upack' (chunk index -1, root 'root:/') mounted
[2023.09.23-08.20.11:383][  0]LogShaderLibrary: Display: ShaderCodeLibraryPakFileMountedCallback: pending pak file info (ChunkID:-1 Root:root:/ File:C:/Program Files/Epic Games/UE_4.27/FeaturePacks/TP_VehicleAdvBP.upack)
[2023.09.23-08.20.11:383][  0]LogPakFile: OnPakFileMounted2Time == 0.000226
[2023.09.23-08.20.11:391][  0]LogPakFile: PakFile PrimaryIndexSize=185
[2023.09.23-08.20.11:392][  0]LogPakFile: PakFile PathHashIndexSize=101
[2023.09.23-08.20.11:392][  0]LogPakFile: PakFile FullDirectoryIndexSize=144
[2023.09.23-08.20.11:392][  0]LogShaderLibrary: Display: ShaderCodeLibraryPakFileMountedCallback: PakFile 'C:/Program Files/Epic Games/UE_4.27/FeaturePacks/TP_VehicleBP.upack' (chunk index -1, root 'root:/') mounted
[2023.09.23-08.20.11:392][  0]LogShaderLibrary: Display: ShaderCodeLibraryPakFileMountedCallback: pending pak file info (ChunkID:-1 Root:root:/ File:C:/Program Files/Epic Games/UE_4.27/FeaturePacks/TP_VehicleBP.upack)
[2023.09.23-08.20.11:392][  0]LogPakFile: OnPakFileMounted2Time == 0.000356
[2023.09.23-08.20.11:439][  0]LogPakFile: PakFile PrimaryIndexSize=192
[2023.09.23-08.20.11:439][  0]LogPakFile: PakFile PathHashIndexSize=101
[2023.09.23-08.20.11:440][  0]LogPakFile: PakFile FullDirectoryIndexSize=158
[2023.09.23-08.20.11:440][  0]LogShaderLibrary: Display: ShaderCodeLibraryPakFileMountedCallback: PakFile 'C:/Program Files/Epic Games/UE_4.27/FeaturePacks/TP_VirtualRealityBP.upack' (chunk index -1, root 'root:/') mounted
[2023.09.23-08.20.11:440][  0]LogShaderLibrary: Display: ShaderCodeLibraryPakFileMountedCallback: pending pak file info (ChunkID:-1 Root:root:/ File:C:/Program Files/Epic Games/UE_4.27/FeaturePacks/TP_VirtualRealityBP.upack)
[2023.09.23-08.20.11:440][  0]LogPakFile: OnPakFileMounted2Time == 0.000391
[2023.09.23-08.20.11:790][  0]LogNativeClassHierarchy: Verbose: Native class hierarchy updated for 'AddContentDialog' in 0.0003 seconds. Added 0 classes and 0 folders.
[2023.09.23-08.20.11:798][  0]LogNativeClassHierarchy: Verbose: Native class hierarchy updated for 'SceneOutliner' in 0.0003 seconds. Added 2 classes and 0 folders.
[2023.09.23-08.20.11:965][  0]LogSlate: Took 0.007955 seconds to synchronously load lazily loaded font '../../../Engine/Content/Slate/Fonts/Roboto-Regular.ttf' (155K)
[2023.09.23-08.20.11:973][  0]LogSlate: Took 0.006831 seconds to synchronously load lazily loaded font '../../../Engine/Content/Editor/Slate/Fonts/FontAwesome.ttf' (139K)
[2023.09.23-08.20.11:983][  0]LogSlate: Took 0.008622 seconds to synchronously load lazily loaded font '../../../Engine/Content/Slate/Fonts/Roboto-Bold.ttf' (160K)
[2023.09.23-08.20.12:193][  0]LogRenderer: Reallocating scene render targets to support 1208x572 Format 10 NumSamples 1 (Frame:1).
[2023.09.23-08.20.12:257][  0]LogSlate: Took 0.004864 seconds to synchronously load lazily loaded font '../../../Engine/Content/Slate/Fonts/Roboto-Light.ttf' (167K)
[2023.09.23-08.20.12:369][  0]LogNativeClassHierarchy: Verbose: Native class hierarchy updated for 'HierarchicalLODOutliner' in 0.0003 seconds. Added 0 classes and 0 folders.
[2023.09.23-08.20.12:369][  0]LogLoad: (Engine Initialization) Total time: 24.40 seconds
[2023.09.23-08.20.12:369][  0]LogLoad: (Engine Initialization) Total Blueprint compile time: 0.00 seconds
[2023.09.23-08.20.12:428][  0]LogAssetRegistry: Asset discovery search completed in 10.5446 seconds
[2023.09.23-08.20.12:462][  0]LogCollectionManager: Fixed up redirectors for 0 collections in 0.000004 seconds (updated 0 objects)
[2023.09.23-08.20.12:464][  0]LogContentStreaming: Texture pool size now 1000 MB
[2023.09.23-08.20.23:740][478]LogSlate: Took 0.000314 seconds to synchronously load lazily loaded font '../../../Engine/Content/Slate/Fonts/Roboto-Light.ttf' (167K)
[2023.09.23-08.20.23:782][478]LogEditorClassViewer: Warning: Class /Engine/Tutorial/InWorldBlueprintEditing/TutorialAssets/IWBE_Blutility.IWBE_Blutility_C has parent /Script/Blutility.PlacedEditorUtilityBase, but this parent is not found. The Class will not be shown in ClassViewer.
[2023.09.23-08.20.23:873][478]LogSlate: Took 0.010757 seconds to synchronously load lazily loaded font '../../../Engine/Content/Slate/Fonts/Roboto-BoldCondensed.ttf' (158K)
[2023.09.23-08.20.40:182][129]LogSlate: Window 'Add C++ Class' being destroyed
[2023.09.23-08.21.24:135][901]Running C:/Program Files/Epic Games/UE_4.27/Engine/Binaries/DotNET/UnrealBuildTool.exe  -projectfiles -project="C:/Unreal/Multiplayer_PingPong_Unreal/PingPong/PingPong.uproject" -game -rocket -progress
[2023.09.23-08.21.24:543][901]Discovering modules, targets and source code for project...
[2023.09.23-08.21.28:266][901]Binding IntelliSense data...
[2023.09.23-08.21.38:952][901]Binding IntelliSense data... 50%
[2023.09.23-08.21.38:953][901]Binding IntelliSense data... 100%
[2023.09.23-08.21.38:953][901]Writing project files...
[2023.09.23-08.21.48:904][901]Writing project files... 100%
[2023.09.23-08.21.49:091][901]Candidate modules for hot reload:
[2023.09.23-08.21.49:091][901]  PingPong
[2023.09.23-08.21.49:091][901]Launching UnrealBuildTool... [C:/Program Files/Epic Games/UE_4.27/Engine/Binaries/DotNET/UnrealBuildTool.exe  -ModuleWithSuffix=PingPong,9112 PingPongEditor Win64 Development -Project="C:/Unreal/Multiplayer_PingPong_Unreal/PingPong/PingPong.uproject" "C:/Unreal/Multiplayer_PingPong_Unreal/PingPong/PingPong.uproject"  -IgnoreJunk]
[2023.09.23-08.21.58:813][901]CompilerResultsLog: New page: Compilation - Sep 23, 2023, 12:21:58 PM
[2023.09.23-08.21.58:813][901]CompilerResultsLog: Using 'git status' to determine working set for adaptive non-unity build (C:\Unreal\Multiplayer_PingPong_Unreal).
[2023.09.23-08.21.58:813][901]CompilerResultsLog: Creating makefile for PingPongEditor (no existing makefile)
[2023.09.23-08.21.58:814][901]CompilerResultsLog: Parsing headers for PingPongEditor
[2023.09.23-08.21.58:814][901]CompilerResultsLog:   Running UnrealHeaderTool "C:\Unreal\Multiplayer_PingPong_Unreal\PingPong\PingPong.uproject" "C:\Unreal\Multiplayer_PingPong_Unreal\PingPong\Intermediate\Build\Win64\PingPongEditor\Development\PingPongEditor.uhtmanifest" -LogCmds="loginit warning, logexit warning, logdatabase error" -Unattended -WarningsAsErrors -abslog="C:\Users\Golem\AppData\Local\UnrealBuildTool\Log_UHT.txt" -installed
[2023.09.23-08.21.58:814][901]CompilerResultsLog: LogInit: Display: Loading text-based GConfig....
[2023.09.23-08.21.58:814][901]CompilerResultsLog: Reflection code generated for PingPongEditor in 4.8432755 seconds
[2023.09.23-08.21.58:814][901]CompilerResultsLog: Building PingPongEditor...
[2023.09.23-08.21.58:814][901]CompilerResultsLog: Using Visual Studio 2022 14.36.32535 toolchain (C:\Program Files\Microsoft Visual Studio\2022\Community\VC\Tools\MSVC\14.36.32532) and Windows 10.0.18362.0 SDK (C:\Program Files (x86)\Windows Kits\10).
[2023.09.23-08.21.58:814][901]CompilerResultsLog: Building 6 actions with 8 processes...
[2023.09.23-08.21.58:814][901]CompilerResultsLog:   [1/6] Second_PlayerController.cpp
[2023.09.23-08.21.58:814][901]CompilerResultsLog:   [2/6] PingPong.init.gen.cpp
[2023.09.23-08.21.58:815][901]CompilerResultsLog:   [3/6] Second_PlayerController.gen.cpp
[2023.09.23-08.21.58:815][901]CompilerResultsLog:   [4/6] UE4Editor-PingPong-9112.lib
[2023.09.23-08.21.58:815][901]CompilerResultsLog:      Creating library C:\Unreal\Multiplayer_PingPong_Unreal\PingPong\Intermediate\Build\Win64\UE4Editor\Development\PingPong\UE4Editor-PingPong-9112.lib and object C:\Unreal\Multiplayer_PingPong_Unreal\PingPong\Intermediate\Build\Win64\UE4Editor\Development\PingPong\UE4Editor-PingPong-9112.exp
[2023.09.23-08.21.58:815][901]CompilerResultsLog:   [5/6] UE4Editor-PingPong-9112.dll
[2023.09.23-08.21.58:815][901]CompilerResultsLog:      Creating library C:\Unreal\Multiplayer_PingPong_Unreal\PingPong\Intermediate\Build\Win64\UE4Editor\Development\PingPong\UE4Editor-PingPong-9112.suppressed.lib and object C:\Unreal\Multiplayer_PingPong_Unreal\PingPong\Intermediate\Build\Win64\UE4Editor\Development\PingPong\UE4Editor-PingPong-9112.suppressed.exp
[2023.09.23-08.21.58:815][901]CompilerResultsLog:   [6/6] PingPongEditor.target
[2023.09.23-08.21.58:815][901]CompilerResultsLog: Total time in Parallel executor: 2.24 seconds
[2023.09.23-08.21.58:815][901]CompilerResultsLog: Total execution time: 9.62 seconds
[2023.09.23-08.21.58:816][901]LogMainFrame: MainFrame: Module compiling took 9.752 seconds
[2023.09.23-08.21.58:870][901]LogClass: Could not find existing class Second_PlayerController in package /Script/PingPong for HotReload, assuming new class
[2023.09.23-08.21.58:877][901]LogNativeClassHierarchy: Verbose: Native class hierarchy updated for 'PingPong' in 0.0004 seconds. Added 6 classes and 2 folders.
[2023.09.23-08.21.58:881][901]Display: HotReload successful (0 functions remapped  0 scriptstructs remapped)
[2023.09.23-08.21.58:964][901]LogNativeClassHierarchy: Verbose: Native class hierarchy populated in 0.0121 seconds. Added 3828 classes and 930 folders.
[2023.09.23-08.21.58:966][901]Display: HotReload took 10.0s.
[2023.09.23-08.21.58:966][901]Warning: HotReload operation took 10.0s.
[2023.09.23-08.21.59:390][901]LogVSAccessor: Warning: Couldn't goto line number '1' in 'C:/Unreal/Multiplayer_PingPong_Unreal/PingPong/Source/PingPong/Second_PlayerController.h'
[2023.09.23-08.21.59:396][901]LogVSAccessor: Warning: Couldn't open file 'C:/Unreal/Multiplayer_PingPong_Unreal/PingPong/Source/PingPong/Second_PlayerController.cpp'.
[2023.09.23-08.21.59:407][901]LogSlate: Window 'Add C++ Class' being destroyed
[2023.09.23-08.21.59:428][901]LogHotReload: New module detected: UE4Editor-PingPong-9112.dll
[2023.09.23-08.21.59:535][902]LogHotReload: Starting Hot-Reload from IDE
[2023.09.23-08.21.59:653][902]LogNativeClassHierarchy: Verbose: Native class hierarchy updated for 'PingPong' in 0.0006 seconds. Added 6 classes and 2 folders.
[2023.09.23-08.21.59:657][902]Display: HotReload successful (0 functions remapped  0 scriptstructs remapped)
[2023.09.23-08.21.59:671][902]LogNativeClassHierarchy: Verbose: Native class hierarchy populated in 0.0110 seconds. Added 3828 classes and 930 folders.
[2023.09.23-08.21.59:676][902]Display: HotReload took  0.1s.
