Log file open, 09/25/23 11:07:36
LogWindows: Failed to load 'aqProf.dll' (GetLastError=126)
LogWindows: File 'aqProf.dll' does not exist
LogWindows: Failed to load 'VtuneApi.dll' (GetLastError=126)
LogWindows: File 'VtuneApi.dll' does not exist
LogWindows: Failed to load 'VtuneApi32e.dll' (GetLastError=126)
LogWindows: File 'VtuneApi32e.dll' does not exist
LogConsoleResponse: Display: Failed to find resolution value strings in scalability ini. Falling back to default.
LogConsoleResponse: Display: Failed to find resolution value strings in scalability ini. Falling back to default.
LogInit: Display: Running engine for game: PingPong
LogPlatformFile: Not using cached read wrapper
LogTaskGraph: Started task graph with 5 named threads and 23 total threads with 3 sets of task threads.
LogStats: Stats thread started at 0.743637
LogICUInternationalization: ICU TimeZone Detection - Raw Offset: +1:00, Platform Override: ''
LogInit: Display: Loading text-based GConfig....
LogPluginManager: Mounting plugin MeshPainting
LogPluginManager: Mounting plugin XGEController
LogPluginManager: Mounting plugin Paper2D
LogPluginManager: Mounting plugin LiveLink
LogPluginManager: Mounting plugin AISupport
LogPluginManager: Mounting plugin EnvironmentQueryEditor
LogPluginManager: Mounting plugin LightPropagationVolume
LogPluginManager: Mounting plugin AnimationSharing
LogPluginManager: Mounting plugin CLionSourceCodeAccess
LogPluginManager: Mounting plugin CodeLiteSourceCodeAccess
LogPluginManager: Mounting plugin GitSourceControl
LogPluginManager: Mounting plugin KDevelopSourceCodeAccess
LogPluginManager: Mounting plugin NullSourceCodeAccess
LogPluginManager: Mounting plugin PerforceSourceControl
LogPluginManager: Mounting plugin PixWinPlugin
LogPluginManager: Mounting plugin PlasticSourceControl
LogPluginManager: Mounting plugin PropertyAccessNode
LogPluginManager: Mounting plugin PluginUtils
LogPluginManager: Mounting plugin RiderSourceCodeAccess
LogPluginManager: Mounting plugin SubversionSourceControl
LogPluginManager: Mounting plugin TextureFormatOodle
LogPluginManager: Mounting plugin UObjectPlugin
LogPluginManager: Mounting plugin VisualStudioCodeSourceCodeAccess
LogPluginManager: Mounting plugin VisualStudioSourceCodeAccess
LogPluginManager: Mounting plugin XCodeSourceCodeAccess
LogPluginManager: Mounting plugin AssetManagerEditor
LogPluginManager: Mounting plugin CryptoKeys
LogPluginManager: Mounting plugin CurveEditorTools
LogPluginManager: Mounting plugin DataValidation
LogPluginManager: Mounting plugin FacialAnimation
LogPluginManager: Mounting plugin GameplayTagsEditor
LogPluginManager: Mounting plugin GeometryMode
LogPluginManager: Mounting plugin MacGraphicsSwitching
LogPluginManager: Mounting plugin MaterialAnalyzer
LogPluginManager: Mounting plugin MobileLauncherProfileWizard
LogPluginManager: Mounting plugin PluginBrowser
LogPluginManager: Mounting plugin SpeedTreeImporter
LogPluginManager: Mounting plugin OodleData
LogPluginManager: Mounting plugin OodleNetwork
LogPluginManager: Mounting plugin CameraShakePreviewer
LogPluginManager: Mounting plugin GameplayCameras
LogPluginManager: Mounting plugin DatasmithContent
LogPluginManager: Mounting plugin VariantManagerContent
LogPluginManager: Mounting plugin Niagara
LogPluginManager: Mounting plugin AlembicImporter
LogPluginManager: Mounting plugin AutomationUtils
LogPluginManager: Mounting plugin BackChannel
LogPluginManager: Mounting plugin ChaosCloth
LogPluginManager: Mounting plugin ChaosClothEditor
LogPluginManager: Mounting plugin ChaosEditor
LogPluginManager: Mounting plugin ChaosNiagara
LogPluginManager: Mounting plugin ChaosSolverPlugin
LogPluginManager: Mounting plugin CharacterAI
LogPluginManager: Mounting plugin LuminPlatformFeatures
LogPluginManager: Mounting plugin MagicLeap
LogPluginManager: Mounting plugin MagicLeapLightEstimation
LogPluginManager: Mounting plugin GeometryCache
LogPluginManager: Mounting plugin MagicLeapMedia
LogPluginManager: Mounting plugin GeometryCollectionPlugin
LogPluginManager: Mounting plugin MagicLeapPassableWorld
LogPluginManager: Mounting plugin MLSDK
LogPluginManager: Mounting plugin GeometryProcessing
LogPluginManager: Mounting plugin MotoSynth
LogPluginManager: Mounting plugin OpenImageDenoise
LogPluginManager: Mounting plugin PlanarCut
LogPluginManager: Mounting plugin PlatformCrypto
LogPluginManager: Mounting plugin ProxyLODPlugin
LogPluginManager: Mounting plugin PythonScriptPlugin
LogPluginManager: Mounting plugin SkeletalReduction
LogPluginManager: Mounting plugin AndroidMedia
LogPluginManager: Mounting plugin AvfMedia
LogPluginManager: Mounting plugin ImgMedia
LogPluginManager: Mounting plugin MediaCompositing
LogPluginManager: Mounting plugin MediaPlayerEditor
LogPluginManager: Mounting plugin WebMMedia
LogPluginManager: Mounting plugin WmfMedia
LogPluginManager: Mounting plugin TcpMessaging
LogPluginManager: Mounting plugin UdpMessaging
LogPluginManager: Mounting plugin ActorSequence
LogPluginManager: Mounting plugin LevelSequenceEditor
LogPluginManager: Mounting plugin TemplateSequence
LogPluginManager: Mounting plugin OnlineSubsystem
LogPluginManager: Mounting plugin OnlineSubsystemNull
LogPluginManager: Mounting plugin LauncherChunkInstaller
LogPluginManager: Mounting plugin OnlineSubsystemUtils
LogPluginManager: Mounting plugin ActorLayerUtilities
LogPluginManager: Mounting plugin AndroidDeviceProfileSelector
LogPluginManager: Mounting plugin AndroidMoviePlayer
LogPluginManager: Mounting plugin AndroidPermission
LogPluginManager: Mounting plugin MatineeToLevelSequence
LogPluginManager: Mounting plugin AppleImageUtils
LogPluginManager: Mounting plugin ArchVisCharacter
LogPluginManager: Mounting plugin AppleMoviePlayer
LogPluginManager: Mounting plugin AssetTags
LogPluginManager: Mounting plugin AudioCapture
LogPluginManager: Mounting plugin CableComponent
LogPluginManager: Mounting plugin AudioSynesthesia
LogPluginManager: Mounting plugin ChunkDownloader
LogPluginManager: Mounting plugin EditableMesh
LogPluginManager: Mounting plugin ExampleDeviceProfileSelector
LogPluginManager: Mounting plugin GoogleCloudMessaging
LogPluginManager: Mounting plugin GooglePAD
LogPluginManager: Mounting plugin IOSDeviceProfileSelector
LogPluginManager: Mounting plugin LinuxDeviceProfileSelector
LogPluginManager: Mounting plugin LocationServicesBPLibrary
LogPluginManager: Mounting plugin MobilePatchingUtils
LogPluginManager: Mounting plugin OpenXREyeTracker
LogPluginManager: Mounting plugin OpenXRHandTracking
LogPluginManager: Mounting plugin PhysXVehicles
LogPluginManager: Mounting plugin ScreenshotTools
LogPluginManager: Mounting plugin ProceduralMeshComponent
LogPluginManager: Mounting plugin PropertyAccessEditor
LogPluginManager: Mounting plugin PostSplashScreen
LogPluginManager: Mounting plugin RuntimePhysXCooking
LogPluginManager: Mounting plugin SignificanceManager
LogPluginManager: Mounting plugin SoundFields
LogPluginManager: Mounting plugin OpenXR
LogPluginManager: Mounting plugin WebMMoviePlayer
LogPluginManager: Mounting plugin Takes
LogPluginManager: Mounting plugin CustomMeshComponent
LogPluginManager: Mounting plugin Synthesis
LogPluginManager: Mounting plugin WindowsMoviePlayer
LogPluginManager: Mounting plugin ContentBrowserClassDataSource
LogPluginManager: Mounting plugin ContentBrowserAssetDataSource
LogPluginManager: Mounting plugin ContentBrowserFileDataSource
LogPluginManager: Mounting plugin OnlineSubsystemGooglePlay
LogPluginManager: Mounting plugin OnlineSubsystemIOS
LogPluginManager: Mounting plugin OculusVR
LogPluginManager: Mounting plugin SteamVR
PixWinPlugin: PIX capture plugin failed to initialize! Check that the process is launched from PIX.
LogInit: Using libcurl 7.55.1-DEV
LogInit:  - built for x86_64-pc-win32
LogInit:  - supports SSL with OpenSSL/1.1.1
LogInit:  - supports HTTP deflate (compression) using libz 1.2.8
LogInit:  - other features:
LogInit:      CURL_VERSION_SSL
LogInit:      CURL_VERSION_LIBZ
LogInit:      CURL_VERSION_IPV6
LogInit:      CURL_VERSION_ASYNCHDNS
LogInit:      CURL_VERSION_LARGEFILE
LogInit:      CURL_VERSION_IDN
LogInit:  CurlRequestOptions (configurable via config and command line):
LogInit:  - bVerifyPeer = true  - Libcurl will verify peer certificate
LogInit:  - bUseHttpProxy = false  - Libcurl will NOT use HTTP proxy
LogInit:  - bDontReuseConnections = false  - Libcurl will reuse connections
LogInit:  - MaxHostConnections = 16  - Libcurl will limit the number of connections to a host
LogInit:  - LocalHostAddr = Default
LogInit:  - BufferSize = 65536
LogOnline: OSS: Creating online subsystem instance for: NULL
LogInit: WinSock: version 1.1 (2.2), MaxSocks=32767, MaxUdp=65467
LogOnline: OSS: TryLoadSubsystemAndSetDefault: Loaded subsystem for module [NULL]
LogOculusPluginWrapper: OculusPlugin initialized successfully
LogHMD: Failed initializing OVRPlugin 1.59.0
LogInit: Build: ++UE4+Release-4.27-CL-18319896
LogInit: Engine Version: 4.27.2-18319896+++UE4+Release-4.27
LogInit: Compatible Engine Version: 4.27.0-17155196+++UE4+Release-4.27
LogInit: Net CL: 17155196
LogInit: OS: Windows 10 (Release 2009) (), CPU: Intel(R) Core(TM) i5-8250U CPU @ 1.60GHz, GPU: Intel(R) UHD Graphics 620
LogInit: Compiled (64-bit): Nov 30 2021 07:12:08
LogInit: Compiled with Visual C++: 19.24.28315.00
LogInit: Build Configuration: Development
LogInit: Branch Name: ++UE4+Release-4.27
LogInit: Command Line:  -skipcompile
LogInit: Base Directory: C:/Program Files/Epic Games/UE_4.27/Engine/Binaries/Win64/
LogInit: Allocator: TBB
LogInit: Installed Engine Build: 1
LogDevObjectVersion: Number of dev versions registered: 29
LogDevObjectVersion:   Dev-Blueprints (B0D832E4-1F89-4F0D-ACCF-7EB736FD4AA2): 10
LogDevObjectVersion:   Dev-Build (E1C64328-A22C-4D53-A36C-8E866417BD8C): 0
LogDevObjectVersion:   Dev-Core (375EC13C-06E4-48FB-B500-84F0262A717E): 4
LogDevObjectVersion:   Dev-Editor (E4B068ED-F494-42E9-A231-DA0B2E46BB41): 40
LogDevObjectVersion:   Dev-Framework (CFFC743F-43B0-4480-9391-14DF171D2073): 37
LogDevObjectVersion:   Dev-Mobile (B02B49B5-BB20-44E9-A304-32B752E40360): 3
LogDevObjectVersion:   Dev-Networking (A4E4105C-59A1-49B5-A7C5-40C4547EDFEE): 0
LogDevObjectVersion:   Dev-Online (39C831C9-5AE6-47DC-9A44-9C173E1C8E7C): 0
LogDevObjectVersion:   Dev-Physics (78F01B33-EBEA-4F98-B9B4-84EACCB95AA2): 14
LogDevObjectVersion:   Dev-Platform (6631380F-2D4D-43E0-8009-CF276956A95A): 0
LogDevObjectVersion:   Dev-Rendering (12F88B9F-8875-4AFC-A67C-D90C383ABD29): 45
LogDevObjectVersion:   Dev-Sequencer (7B5AE74C-D270-4C10-A958-57980B212A5A): 13
LogDevObjectVersion:   Dev-VR (D7296918-1DD6-4BDD-9DE2-64A83CC13884): 3
LogDevObjectVersion:   Dev-LoadTimes (C2A15278-BFE7-4AFE-6C17-90FF531DF755): 1
LogDevObjectVersion:   Private-Geometry (6EACA3D4-40EC-4CC1-B786-8BED09428FC5): 3
LogDevObjectVersion:   Dev-AnimPhys (29E575DD-E0A3-4627-9D10-D276232CDCEA): 17
LogDevObjectVersion:   Dev-Anim (AF43A65D-7FD3-4947-9873-3E8ED9C1BB05): 15
LogDevObjectVersion:   Dev-ReflectionCapture (6B266CEC-1EC7-4B8F-A30B-E4D90942FC07): 1
LogDevObjectVersion:   Dev-Automation (0DF73D61-A23F-47EA-B727-89E90C41499A): 1
LogDevObjectVersion:   FortniteMain (601D1886-AC64-4F84-AA16-D3DE0DEAC7D6): 47
LogDevObjectVersion:   FortniteRelease (E7086368-6B23-4C58-8439-1B7016265E91): 1
LogDevObjectVersion:   Dev-Enterprise (9DFFBCD6-494F-0158-E221-12823C92A888): 10
LogDevObjectVersion:   Dev-Niagara (F2AED0AC-9AFE-416F-8664-AA7FFA26D6FC): 1
LogDevObjectVersion:   Dev-Destruction (174F1F0B-B4C6-45A5-B13F-2EE8D0FB917D): 10
LogDevObjectVersion:   Dev-Physics-Ext (35F94A83-E258-406C-A318-09F59610247C): 41
LogDevObjectVersion:   Dev-PhysicsMaterial-Chaos (B68FC16E-8B1B-42E2-B453-215C058844FE): 1
LogDevObjectVersion:   Dev-CineCamera (B2E18506-4273-CFC2-A54E-F4BB758BBA07): 1
LogDevObjectVersion:   Dev-VirtualProduction (64F58936-FD1B-42BA-BA96-7289D5D0FA4E): 1
LogDevObjectVersion:   Dev-MediaFramework (6F0ED827-A609-4895-9C91-998D90180EA4): 2
LogInit: Presizing for max 25165824 objects, including 0 objects not considered by GC, pre-allocating 0 bytes for permanent pool.
LogConfig: Applying CVar settings from Section [/Script/Engine.StreamingSettings] File [C:/Unreal/Multiplayer_PingPong_Unreal/PingPong/Saved/Config/Windows/Engine.ini]
LogConfig: Setting CVar [[s.MinBulkDataSizeForAsyncLoading:131072]]
LogConfig: Setting CVar [[s.AsyncLoadingThreadEnabled:0]]
LogConfig: Setting CVar [[s.EventDrivenLoaderEnabled:1]]
LogConfig: Setting CVar [[s.WarnIfTimeLimitExceeded:0]]
LogConfig: Setting CVar [[s.TimeLimitExceededMultiplier:1.5]]
LogConfig: Setting CVar [[s.TimeLimitExceededMinTime:0.005]]
LogConfig: Setting CVar [[s.UseBackgroundLevelStreaming:1]]
LogConfig: Setting CVar [[s.PriorityAsyncLoadingExtraTime:15.0]]
LogConfig: Setting CVar [[s.LevelStreamingActorsUpdateTimeLimit:5.0]]
LogConfig: Setting CVar [[s.PriorityLevelStreamingActorsUpdateExtraTime:5.0]]
LogConfig: Setting CVar [[s.LevelStreamingComponentsRegistrationGranularity:10]]
LogConfig: Setting CVar [[s.UnregisterComponentsTimeLimit:1.0]]
LogConfig: Setting CVar [[s.LevelStreamingComponentsUnregistrationGranularity:5]]
LogConfig: Setting CVar [[s.FlushStreamingOnExit:1]]
LogInit: Object subsystem initialized
LogConfig: Setting CVar [[con.DebugEarlyDefault:1]]
LogConfig: Setting CVar [[r.setres:1280x720]]
[2023.09.25-09.07.38:138][  0]LogConfig: Setting CVar [[r.VSync:0]]
[2023.09.25-09.07.38:138][  0]LogConfig: Setting CVar [[r.RHICmdBypass:0]]
[2023.09.25-09.07.38:138][  0]LogConfig: Applying CVar settings from Section [/Script/Engine.RendererSettings] File [C:/Unreal/Multiplayer_PingPong_Unreal/PingPong/Saved/Config/Windows/Engine.ini]
[2023.09.25-09.07.38:138][  0]LogConfig: Setting CVar [[r.GPUCrashDebugging:0]]
[2023.09.25-09.07.38:138][  0]LogConfig: Applying CVar settings from Section [/Script/Engine.RendererOverrideSettings] File [C:/Unreal/Multiplayer_PingPong_Unreal/PingPong/Saved/Config/Windows/Engine.ini]
[2023.09.25-09.07.38:138][  0]LogConfig: Applying CVar settings from Section [/Script/Engine.StreamingSettings] File [C:/Unreal/Multiplayer_PingPong_Unreal/PingPong/Saved/Config/Windows/Engine.ini]
[2023.09.25-09.07.38:138][  0]LogConfig: Setting CVar [[s.MinBulkDataSizeForAsyncLoading:131072]]
[2023.09.25-09.07.38:138][  0]LogConfig: Setting CVar [[s.AsyncLoadingThreadEnabled:0]]
[2023.09.25-09.07.38:138][  0]LogConfig: Setting CVar [[s.EventDrivenLoaderEnabled:1]]
[2023.09.25-09.07.38:138][  0]LogConfig: Setting CVar [[s.WarnIfTimeLimitExceeded:0]]
[2023.09.25-09.07.38:139][  0]LogConfig: Setting CVar [[s.TimeLimitExceededMultiplier:1.5]]
[2023.09.25-09.07.38:139][  0]LogConfig: Setting CVar [[s.TimeLimitExceededMinTime:0.005]]
[2023.09.25-09.07.38:139][  0]LogConfig: Setting CVar [[s.UseBackgroundLevelStreaming:1]]
[2023.09.25-09.07.38:139][  0]LogConfig: Setting CVar [[s.PriorityAsyncLoadingExtraTime:15.0]]
[2023.09.25-09.07.38:139][  0]LogConfig: Setting CVar [[s.LevelStreamingActorsUpdateTimeLimit:5.0]]
[2023.09.25-09.07.38:139][  0]LogConfig: Setting CVar [[s.PriorityLevelStreamingActorsUpdateExtraTime:5.0]]
[2023.09.25-09.07.38:139][  0]LogConfig: Setting CVar [[s.LevelStreamingComponentsRegistrationGranularity:10]]
[2023.09.25-09.07.38:139][  0]LogConfig: Setting CVar [[s.UnregisterComponentsTimeLimit:1.0]]
[2023.09.25-09.07.38:139][  0]LogConfig: Setting CVar [[s.LevelStreamingComponentsUnregistrationGranularity:5]]
[2023.09.25-09.07.38:139][  0]LogConfig: Setting CVar [[s.FlushStreamingOnExit:1]]
[2023.09.25-09.07.38:139][  0]LogConfig: Applying CVar settings from Section [/Script/Engine.GarbageCollectionSettings] File [C:/Unreal/Multiplayer_PingPong_Unreal/PingPong/Saved/Config/Windows/Engine.ini]
[2023.09.25-09.07.38:140][  0]LogConfig: Setting CVar [[gc.MaxObjectsNotConsideredByGC:1]]
[2023.09.25-09.07.38:140][  0]LogConfig: Setting CVar [[gc.SizeOfPermanentObjectPool:0]]
[2023.09.25-09.07.38:140][  0]LogConfig: Setting CVar [[gc.FlushStreamingOnGC:0]]
[2023.09.25-09.07.38:140][  0]LogConfig: Setting CVar [[gc.NumRetriesBeforeForcingGC:10]]
[2023.09.25-09.07.38:140][  0]LogConfig: Setting CVar [[gc.AllowParallelGC:1]]
[2023.09.25-09.07.38:140][  0]LogConfig: Setting CVar [[gc.TimeBetweenPurgingPendingKillObjects:61.1]]
[2023.09.25-09.07.38:140][  0]LogConfig: Setting CVar [[gc.MaxObjectsInEditor:25165824]]
[2023.09.25-09.07.38:140][  0]LogConfig: Setting CVar [[gc.IncrementalBeginDestroyEnabled:1]]
[2023.09.25-09.07.38:140][  0]LogConfig: Setting CVar [[gc.CreateGCClusters:1]]
[2023.09.25-09.07.38:140][  0]LogConfig: Setting CVar [[gc.MinGCClusterSize:5]]
[2023.09.25-09.07.38:140][  0]LogConfig: Setting CVar [[gc.ActorClusteringEnabled:0]]
[2023.09.25-09.07.38:140][  0]LogConfig: Setting CVar [[gc.BlueprintClusteringEnabled:0]]
[2023.09.25-09.07.38:141][  0]LogConfig: Setting CVar [[gc.UseDisregardForGCOnDedicatedServers:0]]
[2023.09.25-09.07.38:141][  0]LogConfig: Setting CVar [[gc.MultithreadedDestructionEnabled:1]]
[2023.09.25-09.07.38:141][  0]LogConfig: Applying CVar settings from Section [/Script/Engine.NetworkSettings] File [C:/Unreal/Multiplayer_PingPong_Unreal/PingPong/Saved/Config/Windows/Engine.ini]
[2023.09.25-09.07.38:141][  0]LogConfig: Applying CVar settings from Section [/Script/UnrealEd.CookerSettings] File [C:/Unreal/Multiplayer_PingPong_Unreal/PingPong/Saved/Config/Windows/Engine.ini]
[2023.09.25-09.07.38:186][  0]LogConfig: Applying CVar settings from Section [ViewDistanceQuality@3] File [C:/Unreal/Multiplayer_PingPong_Unreal/PingPong/Saved/Config/Windows/Scalability.ini]
[2023.09.25-09.07.38:186][  0]LogConfig: Setting CVar [[r.SkeletalMeshLODBias:0]]
[2023.09.25-09.07.38:186][  0]LogConfig: Setting CVar [[r.ViewDistanceScale:1.0]]
[2023.09.25-09.07.38:186][  0]LogConfig: Applying CVar settings from Section [AntiAliasingQuality@3] File [C:/Unreal/Multiplayer_PingPong_Unreal/PingPong/Saved/Config/Windows/Scalability.ini]
[2023.09.25-09.07.38:186][  0]LogConfig: Setting CVar [[r.PostProcessAAQuality:4]]
[2023.09.25-09.07.38:187][  0]LogConfig: Applying CVar settings from Section [ShadowQuality@3] File [C:/Unreal/Multiplayer_PingPong_Unreal/PingPong/Saved/Config/Windows/Scalability.ini]
[2023.09.25-09.07.38:187][  0]LogConfig: Setting CVar [[r.LightFunctionQuality:1]]
[2023.09.25-09.07.38:187][  0]LogConfig: Setting CVar [[r.ShadowQuality:5]]
[2023.09.25-09.07.38:187][  0]LogConfig: Setting CVar [[r.Shadow.CSM.MaxCascades:10]]
[2023.09.25-09.07.38:187][  0]LogConfig: Setting CVar [[r.Shadow.MaxResolution:2048]]
[2023.09.25-09.07.38:187][  0]LogConfig: Setting CVar [[r.Shadow.MaxCSMResolution:2048]]
[2023.09.25-09.07.38:187][  0]LogConfig: Setting CVar [[r.Shadow.RadiusThreshold:0.01]]
[2023.09.25-09.07.38:187][  0]LogConfig: Setting CVar [[r.Shadow.DistanceScale:1.0]]
[2023.09.25-09.07.38:187][  0]LogConfig: Setting CVar [[r.Shadow.CSM.TransitionScale:1.0]]
[2023.09.25-09.07.38:187][  0]LogConfig: Setting CVar [[r.Shadow.PreShadowResolutionFactor:1.0]]
[2023.09.25-09.07.38:188][  0]LogConfig: Setting CVar [[r.DistanceFieldShadowing:1]]
[2023.09.25-09.07.38:188][  0]LogConfig: Setting CVar [[r.DistanceFieldAO:1]]
[2023.09.25-09.07.38:188][  0]LogConfig: Setting CVar [[r.AOQuality:2]]
[2023.09.25-09.07.38:188][  0]LogConfig: Setting CVar [[r.VolumetricFog:1]]
[2023.09.25-09.07.38:188][  0]LogConfig: Setting CVar [[r.VolumetricFog.GridPixelSize:8]]
[2023.09.25-09.07.38:188][  0]LogConfig: Setting CVar [[r.VolumetricFog.GridSizeZ:128]]
[2023.09.25-09.07.38:188][  0]LogConfig: Setting CVar [[r.VolumetricFog.HistoryMissSupersampleCount:4]]
[2023.09.25-09.07.38:188][  0]LogConfig: Setting CVar [[r.LightMaxDrawDistanceScale:1]]
[2023.09.25-09.07.38:188][  0]LogConfig: Setting CVar [[r.CapsuleShadows:1]]
[2023.09.25-09.07.38:188][  0]LogConfig: Applying CVar settings from Section [PostProcessQuality@3] File [C:/Unreal/Multiplayer_PingPong_Unreal/PingPong/Saved/Config/Windows/Scalability.ini]
[2023.09.25-09.07.38:188][  0]LogConfig: Setting CVar [[r.MotionBlurQuality:4]]
[2023.09.25-09.07.38:189][  0]LogConfig: Setting CVar [[r.AmbientOcclusionMipLevelFactor:0.4]]
[2023.09.25-09.07.38:189][  0]LogConfig: Setting CVar [[r.AmbientOcclusionMaxQuality:100]]
[2023.09.25-09.07.38:189][  0]LogConfig: Setting CVar [[r.AmbientOcclusionLevels:-1]]
[2023.09.25-09.07.38:189][  0]LogConfig: Setting CVar [[r.AmbientOcclusionRadiusScale:1.0]]
[2023.09.25-09.07.38:189][  0]LogConfig: Setting CVar [[r.DepthOfFieldQuality:2]]
[2023.09.25-09.07.38:189][  0]LogConfig: Setting CVar [[r.RenderTargetPoolMin:400]]
[2023.09.25-09.07.38:189][  0]LogConfig: Setting CVar [[r.LensFlareQuality:2]]
[2023.09.25-09.07.38:189][  0]LogConfig: Setting CVar [[r.SceneColorFringeQuality:1]]
[2023.09.25-09.07.38:189][  0]LogConfig: Setting CVar [[r.EyeAdaptationQuality:2]]
[2023.09.25-09.07.38:189][  0]LogConfig: Setting CVar [[r.BloomQuality:5]]
[2023.09.25-09.07.38:189][  0]LogConfig: Setting CVar [[r.FastBlurThreshold:100]]
[2023.09.25-09.07.38:189][  0]LogConfig: Setting CVar [[r.Upscale.Quality:3]]
[2023.09.25-09.07.38:189][  0]LogConfig: Setting CVar [[r.Tonemapper.GrainQuantization:1]]
[2023.09.25-09.07.38:190][  0]LogConfig: Setting CVar [[r.LightShaftQuality:1]]
[2023.09.25-09.07.38:190][  0]LogConfig: Setting CVar [[r.Filter.SizeScale:1]]
[2023.09.25-09.07.38:190][  0]LogConfig: Setting CVar [[r.Tonemapper.Quality:5]]
[2023.09.25-09.07.38:190][  0]LogConfig: Setting CVar [[r.DOF.Gather.AccumulatorQuality:1        ; higher gathering accumulator quality]]
[2023.09.25-09.07.38:190][  0]LogConfig: Setting CVar [[r.DOF.Gather.PostfilterMethod:1          ; Median3x3 postfilering method]]
[2023.09.25-09.07.38:190][  0]LogConfig: Setting CVar [[r.DOF.Gather.EnableBokehSettings:0       ; no bokeh simulation when gathering]]
[2023.09.25-09.07.38:190][  0]LogConfig: Setting CVar [[r.DOF.Gather.RingCount:4                 ; medium number of samples when gathering]]
[2023.09.25-09.07.38:190][  0]LogConfig: Setting CVar [[r.DOF.Scatter.ForegroundCompositing:1    ; additive foreground scattering]]
[2023.09.25-09.07.38:190][  0]LogConfig: Setting CVar [[r.DOF.Scatter.BackgroundCompositing:2    ; additive background scattering]]
[2023.09.25-09.07.38:190][  0]LogConfig: Setting CVar [[r.DOF.Scatter.EnableBokehSettings:1      ; bokeh simulation when scattering]]
[2023.09.25-09.07.38:190][  0]LogConfig: Setting CVar [[r.DOF.Scatter.MaxSpriteRatio:0.1         ; only a maximum of 10% of scattered bokeh]]
[2023.09.25-09.07.38:190][  0]LogConfig: Setting CVar [[r.DOF.Recombine.Quality:1                ; cheap slight out of focus]]
[2023.09.25-09.07.38:191][  0]LogConfig: Setting CVar [[r.DOF.Recombine.EnableBokehSettings:0    ; no bokeh simulation on slight out of focus]]
[2023.09.25-09.07.38:191][  0]LogConfig: Setting CVar [[r.DOF.TemporalAAQuality:1                ; more stable temporal accumulation]]
[2023.09.25-09.07.38:191][  0]LogConfig: Setting CVar [[r.DOF.Kernel.MaxForegroundRadius:0.025]]
[2023.09.25-09.07.38:191][  0]LogConfig: Setting CVar [[r.DOF.Kernel.MaxBackgroundRadius:0.025]]
[2023.09.25-09.07.38:191][  0]LogConfig: Applying CVar settings from Section [TextureQuality@3] File [C:/Unreal/Multiplayer_PingPong_Unreal/PingPong/Saved/Config/Windows/Scalability.ini]
[2023.09.25-09.07.38:191][  0]LogConfig: Setting CVar [[r.Streaming.MipBias:0]]
[2023.09.25-09.07.38:191][  0]LogConfig: Setting CVar [[r.Streaming.AmortizeCPUToGPUCopy:0]]
[2023.09.25-09.07.38:191][  0]LogConfig: Setting CVar [[r.Streaming.MaxNumTexturesToStreamPerFrame:0]]
[2023.09.25-09.07.38:191][  0]LogConfig: Setting CVar [[r.Streaming.Boost:1]]
[2023.09.25-09.07.38:191][  0]LogConfig: Setting CVar [[r.MaxAnisotropy:8]]
[2023.09.25-09.07.38:191][  0]LogConfig: Setting CVar [[r.VT.MaxAnisotropy:8]]
[2023.09.25-09.07.38:191][  0]LogConfig: Setting CVar [[r.Streaming.LimitPoolSizeToVRAM:0]]
[2023.09.25-09.07.38:192][  0]LogConfig: Setting CVar [[r.Streaming.PoolSize:1000]]
[2023.09.25-09.07.38:192][  0]LogConfig: Setting CVar [[r.Streaming.MaxEffectiveScreenSize:0]]
[2023.09.25-09.07.38:192][  0]LogConfig: Applying CVar settings from Section [EffectsQuality@3] File [C:/Unreal/Multiplayer_PingPong_Unreal/PingPong/Saved/Config/Windows/Scalability.ini]
[2023.09.25-09.07.38:192][  0]LogConfig: Setting CVar [[r.TranslucencyLightingVolumeDim:64]]
[2023.09.25-09.07.38:192][  0]LogConfig: Setting CVar [[r.RefractionQuality:2]]
[2023.09.25-09.07.38:192][  0]LogConfig: Setting CVar [[r.SSR.Quality:3]]
[2023.09.25-09.07.38:192][  0]LogConfig: Setting CVar [[r.SSR.HalfResSceneColor:0]]
[2023.09.25-09.07.38:192][  0]LogConfig: Setting CVar [[r.SceneColorFormat:4]]
[2023.09.25-09.07.38:192][  0]LogConfig: Setting CVar [[r.DetailMode:2]]
[2023.09.25-09.07.38:192][  0]LogConfig: Setting CVar [[r.TranslucencyVolumeBlur:1]]
[2023.09.25-09.07.38:192][  0]LogConfig: Setting CVar [[r.MaterialQualityLevel:1 ; High quality]]
[2023.09.25-09.07.38:192][  0]LogConfig: Setting CVar [[r.AnisotropicMaterials:1]]
[2023.09.25-09.07.38:192][  0]LogConfig: Setting CVar [[r.SSS.Scale:1]]
[2023.09.25-09.07.38:192][  0]LogConfig: Setting CVar [[r.SSS.SampleSet:2]]
[2023.09.25-09.07.38:193][  0]LogConfig: Setting CVar [[r.SSS.Quality:1]]
[2023.09.25-09.07.38:193][  0]LogConfig: Setting CVar [[r.SSS.HalfRes:0]]
[2023.09.25-09.07.38:193][  0]LogConfig: Setting CVar [[r.SSGI.Quality:3]]
[2023.09.25-09.07.38:193][  0]LogConfig: Setting CVar [[r.EmitterSpawnRateScale:1.0]]
[2023.09.25-09.07.38:193][  0]LogConfig: Setting CVar [[r.ParticleLightQuality:2]]
[2023.09.25-09.07.38:193][  0]LogConfig: Setting CVar [[r.SkyAtmosphere.AerialPerspectiveLUT.FastApplyOnOpaque:1 ; Always have FastSkyLUT 1 in this case to avoid wrong sky]]
[2023.09.25-09.07.38:193][  0]LogConfig: Setting CVar [[r.SkyAtmosphere.AerialPerspectiveLUT.SampleCountMaxPerSlice:4]]
[2023.09.25-09.07.38:193][  0]LogConfig: Setting CVar [[r.SkyAtmosphere.AerialPerspectiveLUT.DepthResolution:16.0]]
[2023.09.25-09.07.38:193][  0]LogConfig: Setting CVar [[r.SkyAtmosphere.FastSkyLUT:1]]
[2023.09.25-09.07.38:193][  0]LogConfig: Setting CVar [[r.SkyAtmosphere.FastSkyLUT.SampleCountMin:4.0]]
[2023.09.25-09.07.38:193][  0]LogConfig: Setting CVar [[r.SkyAtmosphere.FastSkyLUT.SampleCountMax:128.0]]
[2023.09.25-09.07.38:193][  0]LogConfig: Setting CVar [[r.SkyAtmosphere.SampleCountMin:4.0]]
[2023.09.25-09.07.38:193][  0]LogConfig: Setting CVar [[r.SkyAtmosphere.SampleCountMax:128.0]]
[2023.09.25-09.07.38:193][  0]LogConfig: Setting CVar [[r.SkyAtmosphere.TransmittanceLUT.UseSmallFormat:0]]
[2023.09.25-09.07.38:194][  0]LogConfig: Setting CVar [[r.SkyAtmosphere.TransmittanceLUT.SampleCount:10.0]]
[2023.09.25-09.07.38:194][  0]LogConfig: Setting CVar [[r.SkyAtmosphere.MultiScatteringLUT.SampleCount:15.0]]
[2023.09.25-09.07.38:194][  0]LogConfig: Setting CVar [[r.SkyLight.RealTimeReflectionCapture:1]]
[2023.09.25-09.07.38:194][  0]LogConfig: Applying CVar settings from Section [FoliageQuality@3] File [C:/Unreal/Multiplayer_PingPong_Unreal/PingPong/Saved/Config/Windows/Scalability.ini]
[2023.09.25-09.07.38:194][  0]LogConfig: Setting CVar [[foliage.DensityScale:1.0]]
[2023.09.25-09.07.38:194][  0]LogConfig: Setting CVar [[grass.DensityScale:1.0]]
[2023.09.25-09.07.38:194][  0]LogConfig: Applying CVar settings from Section [ShadingQuality@3] File [C:/Unreal/Multiplayer_PingPong_Unreal/PingPong/Saved/Config/Windows/Scalability.ini]
[2023.09.25-09.07.38:194][  0]LogConfig: Setting CVar [[r.HairStrands.SkyLighting.IntegrationType:2]]
[2023.09.25-09.07.38:194][  0]LogConfig: Setting CVar [[r.HairStrands.SkyAO.SampleCount:4]]
[2023.09.25-09.07.38:194][  0]LogConfig: Setting CVar [[r.HairStrands.Visibility.MSAA.SamplePerPixel:4]]
[2023.09.25-09.07.38:194][  0]LogInit: Selected Device Profile: [Windows]
[2023.09.25-09.07.38:194][  0]LogInit: Applying CVar settings loaded from the selected device profile: [Windows]
[2023.09.25-09.07.38:194][  0]LogHAL: Display: Platform has ~ 16 GB [16919035904 / 17179869184 / 16], which maps to Larger [LargestMinGB=32, LargerMinGB=12, DefaultMinGB=8, SmallerMinGB=6, SmallestMinGB=0)
[2023.09.25-09.07.38:195][  0]LogInit: Going up to parent DeviceProfile []
[2023.09.25-09.07.38:195][  0]LogConfig: Applying CVar settings from Section [ViewDistanceQuality@3] File [C:/Unreal/Multiplayer_PingPong_Unreal/PingPong/Saved/Config/Windows/Scalability.ini]
[2023.09.25-09.07.38:195][  0]LogConfig: Setting CVar [[r.SkeletalMeshLODBias:0]]
[2023.09.25-09.07.38:195][  0]LogConfig: Setting CVar [[r.ViewDistanceScale:1.0]]
[2023.09.25-09.07.38:195][  0]LogConfig: Applying CVar settings from Section [AntiAliasingQuality@3] File [C:/Unreal/Multiplayer_PingPong_Unreal/PingPong/Saved/Config/Windows/Scalability.ini]
[2023.09.25-09.07.38:195][  0]LogConfig: Setting CVar [[r.PostProcessAAQuality:4]]
[2023.09.25-09.07.38:195][  0]LogConfig: Applying CVar settings from Section [ShadowQuality@3] File [C:/Unreal/Multiplayer_PingPong_Unreal/PingPong/Saved/Config/Windows/Scalability.ini]
[2023.09.25-09.07.38:195][  0]LogConfig: Setting CVar [[r.LightFunctionQuality:1]]
[2023.09.25-09.07.38:195][  0]LogConfig: Setting CVar [[r.ShadowQuality:5]]
[2023.09.25-09.07.38:195][  0]LogConfig: Setting CVar [[r.Shadow.CSM.MaxCascades:10]]
[2023.09.25-09.07.38:195][  0]LogConfig: Setting CVar [[r.Shadow.MaxResolution:2048]]
[2023.09.25-09.07.38:195][  0]LogConfig: Setting CVar [[r.Shadow.MaxCSMResolution:2048]]
[2023.09.25-09.07.38:195][  0]LogConfig: Setting CVar [[r.Shadow.RadiusThreshold:0.01]]
[2023.09.25-09.07.38:196][  0]LogConfig: Setting CVar [[r.Shadow.DistanceScale:1.0]]
[2023.09.25-09.07.38:196][  0]LogConfig: Setting CVar [[r.Shadow.CSM.TransitionScale:1.0]]
[2023.09.25-09.07.38:196][  0]LogConfig: Setting CVar [[r.Shadow.PreShadowResolutionFactor:1.0]]
[2023.09.25-09.07.38:196][  0]LogConfig: Setting CVar [[r.DistanceFieldShadowing:1]]
[2023.09.25-09.07.38:196][  0]LogConfig: Setting CVar [[r.DistanceFieldAO:1]]
[2023.09.25-09.07.38:196][  0]LogConfig: Setting CVar [[r.AOQuality:2]]
[2023.09.25-09.07.38:196][  0]LogConfig: Setting CVar [[r.VolumetricFog:1]]
[2023.09.25-09.07.38:196][  0]LogConfig: Setting CVar [[r.VolumetricFog.GridPixelSize:8]]
[2023.09.25-09.07.38:196][  0]LogConfig: Setting CVar [[r.VolumetricFog.GridSizeZ:128]]
[2023.09.25-09.07.38:196][  0]LogConfig: Setting CVar [[r.VolumetricFog.HistoryMissSupersampleCount:4]]
[2023.09.25-09.07.38:196][  0]LogConfig: Setting CVar [[r.LightMaxDrawDistanceScale:1]]
[2023.09.25-09.07.38:196][  0]LogConfig: Setting CVar [[r.CapsuleShadows:1]]
[2023.09.25-09.07.38:196][  0]LogConfig: Applying CVar settings from Section [PostProcessQuality@3] File [C:/Unreal/Multiplayer_PingPong_Unreal/PingPong/Saved/Config/Windows/Scalability.ini]
[2023.09.25-09.07.38:197][  0]LogConfig: Setting CVar [[r.MotionBlurQuality:4]]
[2023.09.25-09.07.38:197][  0]LogConfig: Setting CVar [[r.AmbientOcclusionMipLevelFactor:0.4]]
[2023.09.25-09.07.38:197][  0]LogConfig: Setting CVar [[r.AmbientOcclusionMaxQuality:100]]
[2023.09.25-09.07.38:197][  0]LogConfig: Setting CVar [[r.AmbientOcclusionLevels:-1]]
[2023.09.25-09.07.38:197][  0]LogConfig: Setting CVar [[r.AmbientOcclusionRadiusScale:1.0]]
[2023.09.25-09.07.38:197][  0]LogConfig: Setting CVar [[r.DepthOfFieldQuality:2]]
[2023.09.25-09.07.38:197][  0]LogConfig: Setting CVar [[r.RenderTargetPoolMin:400]]
[2023.09.25-09.07.38:197][  0]LogConfig: Setting CVar [[r.LensFlareQuality:2]]
[2023.09.25-09.07.38:197][  0]LogConfig: Setting CVar [[r.SceneColorFringeQuality:1]]
[2023.09.25-09.07.38:197][  0]LogConfig: Setting CVar [[r.EyeAdaptationQuality:2]]
[2023.09.25-09.07.38:197][  0]LogConfig: Setting CVar [[r.BloomQuality:5]]
[2023.09.25-09.07.38:198][  0]LogConfig: Setting CVar [[r.FastBlurThreshold:100]]
[2023.09.25-09.07.38:198][  0]LogConfig: Setting CVar [[r.Upscale.Quality:3]]
[2023.09.25-09.07.38:198][  0]LogConfig: Setting CVar [[r.Tonemapper.GrainQuantization:1]]
[2023.09.25-09.07.38:198][  0]LogConfig: Setting CVar [[r.LightShaftQuality:1]]
[2023.09.25-09.07.38:198][  0]LogConfig: Setting CVar [[r.Filter.SizeScale:1]]
[2023.09.25-09.07.38:198][  0]LogConfig: Setting CVar [[r.Tonemapper.Quality:5]]
[2023.09.25-09.07.38:198][  0]LogConfig: Setting CVar [[r.DOF.Gather.AccumulatorQuality:1        ; higher gathering accumulator quality]]
[2023.09.25-09.07.38:198][  0]LogConfig: Setting CVar [[r.DOF.Gather.PostfilterMethod:1          ; Median3x3 postfilering method]]
[2023.09.25-09.07.38:198][  0]LogConfig: Setting CVar [[r.DOF.Gather.EnableBokehSettings:0       ; no bokeh simulation when gathering]]
[2023.09.25-09.07.38:198][  0]LogConfig: Setting CVar [[r.DOF.Gather.RingCount:4                 ; medium number of samples when gathering]]
[2023.09.25-09.07.38:198][  0]LogConfig: Setting CVar [[r.DOF.Scatter.ForegroundCompositing:1    ; additive foreground scattering]]
[2023.09.25-09.07.38:198][  0]LogConfig: Setting CVar [[r.DOF.Scatter.BackgroundCompositing:2    ; additive background scattering]]
[2023.09.25-09.07.38:198][  0]LogConfig: Setting CVar [[r.DOF.Scatter.EnableBokehSettings:1      ; bokeh simulation when scattering]]
[2023.09.25-09.07.38:199][  0]LogConfig: Setting CVar [[r.DOF.Scatter.MaxSpriteRatio:0.1         ; only a maximum of 10% of scattered bokeh]]
[2023.09.25-09.07.38:199][  0]LogConfig: Setting CVar [[r.DOF.Recombine.Quality:1                ; cheap slight out of focus]]
[2023.09.25-09.07.38:199][  0]LogConfig: Setting CVar [[r.DOF.Recombine.EnableBokehSettings:0    ; no bokeh simulation on slight out of focus]]
[2023.09.25-09.07.38:199][  0]LogConfig: Setting CVar [[r.DOF.TemporalAAQuality:1                ; more stable temporal accumulation]]
[2023.09.25-09.07.38:199][  0]LogConfig: Setting CVar [[r.DOF.Kernel.MaxForegroundRadius:0.025]]
[2023.09.25-09.07.38:199][  0]LogConfig: Setting CVar [[r.DOF.Kernel.MaxBackgroundRadius:0.025]]
[2023.09.25-09.07.38:199][  0]LogConfig: Applying CVar settings from Section [TextureQuality@3] File [C:/Unreal/Multiplayer_PingPong_Unreal/PingPong/Saved/Config/Windows/Scalability.ini]
[2023.09.25-09.07.38:199][  0]LogConfig: Setting CVar [[r.Streaming.MipBias:0]]
[2023.09.25-09.07.38:199][  0]LogConfig: Setting CVar [[r.Streaming.AmortizeCPUToGPUCopy:0]]
[2023.09.25-09.07.38:199][  0]LogConfig: Setting CVar [[r.Streaming.MaxNumTexturesToStreamPerFrame:0]]
[2023.09.25-09.07.38:199][  0]LogConfig: Setting CVar [[r.Streaming.Boost:1]]
[2023.09.25-09.07.38:199][  0]LogConfig: Setting CVar [[r.MaxAnisotropy:8]]
[2023.09.25-09.07.38:199][  0]LogConfig: Setting CVar [[r.VT.MaxAnisotropy:8]]
[2023.09.25-09.07.38:199][  0]LogConfig: Setting CVar [[r.Streaming.LimitPoolSizeToVRAM:0]]
[2023.09.25-09.07.38:200][  0]LogConfig: Setting CVar [[r.Streaming.PoolSize:1000]]
[2023.09.25-09.07.38:200][  0]LogConfig: Setting CVar [[r.Streaming.MaxEffectiveScreenSize:0]]
[2023.09.25-09.07.38:200][  0]LogConfig: Applying CVar settings from Section [EffectsQuality@3] File [C:/Unreal/Multiplayer_PingPong_Unreal/PingPong/Saved/Config/Windows/Scalability.ini]
[2023.09.25-09.07.38:200][  0]LogConfig: Setting CVar [[r.TranslucencyLightingVolumeDim:64]]
[2023.09.25-09.07.38:200][  0]LogConfig: Setting CVar [[r.RefractionQuality:2]]
[2023.09.25-09.07.38:200][  0]LogConfig: Setting CVar [[r.SSR.Quality:3]]
[2023.09.25-09.07.38:200][  0]LogConfig: Setting CVar [[r.SSR.HalfResSceneColor:0]]
[2023.09.25-09.07.38:200][  0]LogConfig: Setting CVar [[r.SceneColorFormat:4]]
[2023.09.25-09.07.38:200][  0]LogConfig: Setting CVar [[r.DetailMode:2]]
[2023.09.25-09.07.38:200][  0]LogConfig: Setting CVar [[r.TranslucencyVolumeBlur:1]]
[2023.09.25-09.07.38:200][  0]LogConfig: Setting CVar [[r.MaterialQualityLevel:1 ; High quality]]
[2023.09.25-09.07.38:200][  0]LogConfig: Setting CVar [[r.AnisotropicMaterials:1]]
[2023.09.25-09.07.38:200][  0]LogConfig: Setting CVar [[r.SSS.Scale:1]]
[2023.09.25-09.07.38:200][  0]LogConfig: Setting CVar [[r.SSS.SampleSet:2]]
[2023.09.25-09.07.38:201][  0]LogConfig: Setting CVar [[r.SSS.Quality:1]]
[2023.09.25-09.07.38:201][  0]LogConfig: Setting CVar [[r.SSS.HalfRes:0]]
[2023.09.25-09.07.38:201][  0]LogConfig: Setting CVar [[r.SSGI.Quality:3]]
[2023.09.25-09.07.38:201][  0]LogConfig: Setting CVar [[r.EmitterSpawnRateScale:1.0]]
[2023.09.25-09.07.38:201][  0]LogConfig: Setting CVar [[r.ParticleLightQuality:2]]
[2023.09.25-09.07.38:201][  0]LogConfig: Setting CVar [[r.SkyAtmosphere.AerialPerspectiveLUT.FastApplyOnOpaque:1 ; Always have FastSkyLUT 1 in this case to avoid wrong sky]]
[2023.09.25-09.07.38:201][  0]LogConfig: Setting CVar [[r.SkyAtmosphere.AerialPerspectiveLUT.SampleCountMaxPerSlice:4]]
[2023.09.25-09.07.38:201][  0]LogConfig: Setting CVar [[r.SkyAtmosphere.AerialPerspectiveLUT.DepthResolution:16.0]]
[2023.09.25-09.07.38:201][  0]LogConfig: Setting CVar [[r.SkyAtmosphere.FastSkyLUT:1]]
[2023.09.25-09.07.38:201][  0]LogConfig: Setting CVar [[r.SkyAtmosphere.FastSkyLUT.SampleCountMin:4.0]]
[2023.09.25-09.07.38:201][  0]LogConfig: Setting CVar [[r.SkyAtmosphere.FastSkyLUT.SampleCountMax:128.0]]
[2023.09.25-09.07.38:201][  0]LogConfig: Setting CVar [[r.SkyAtmosphere.SampleCountMin:4.0]]
[2023.09.25-09.07.38:201][  0]LogConfig: Setting CVar [[r.SkyAtmosphere.SampleCountMax:128.0]]
[2023.09.25-09.07.38:201][  0]LogConfig: Setting CVar [[r.SkyAtmosphere.TransmittanceLUT.UseSmallFormat:0]]
[2023.09.25-09.07.38:202][  0]LogConfig: Setting CVar [[r.SkyAtmosphere.TransmittanceLUT.SampleCount:10.0]]
[2023.09.25-09.07.38:202][  0]LogConfig: Setting CVar [[r.SkyAtmosphere.MultiScatteringLUT.SampleCount:15.0]]
[2023.09.25-09.07.38:202][  0]LogConfig: Setting CVar [[r.SkyLight.RealTimeReflectionCapture:1]]
[2023.09.25-09.07.38:202][  0]LogConfig: Applying CVar settings from Section [FoliageQuality@3] File [C:/Unreal/Multiplayer_PingPong_Unreal/PingPong/Saved/Config/Windows/Scalability.ini]
[2023.09.25-09.07.38:202][  0]LogConfig: Setting CVar [[foliage.DensityScale:1.0]]
[2023.09.25-09.07.38:202][  0]LogConfig: Setting CVar [[grass.DensityScale:1.0]]
[2023.09.25-09.07.38:202][  0]LogConfig: Applying CVar settings from Section [ShadingQuality@3] File [C:/Unreal/Multiplayer_PingPong_Unreal/PingPong/Saved/Config/Windows/Scalability.ini]
[2023.09.25-09.07.38:202][  0]LogConfig: Setting CVar [[r.HairStrands.SkyLighting.IntegrationType:2]]
[2023.09.25-09.07.38:202][  0]LogConfig: Setting CVar [[r.HairStrands.SkyAO.SampleCount:4]]
[2023.09.25-09.07.38:202][  0]LogConfig: Setting CVar [[r.HairStrands.Visibility.MSAA.SamplePerPixel:4]]
[2023.09.25-09.07.38:202][  0]LogConfig: Applying CVar settings from Section [Startup] File [../../../Engine/Config/ConsoleVariables.ini]
[2023.09.25-09.07.38:203][  0]LogConfig: Setting CVar [[net.UseAdaptiveNetUpdateFrequency:0]]
[2023.09.25-09.07.38:203][  0]LogConfig: Setting CVar [[p.chaos.AllowCreatePhysxBodies:1]]
[2023.09.25-09.07.38:203][  0]LogConfig: Setting CVar [[fx.SkipVectorVMBackendOptimizations:1]]
[2023.09.25-09.07.38:203][  0]LogConfig: Applying CVar settings from Section [ConsoleVariables] File [C:/Unreal/Multiplayer_PingPong_Unreal/PingPong/Saved/Config/Windows/Engine.ini]
[2023.09.25-09.07.38:203][  0]LogConfig: Applying CVar settings from Section [ConsoleVariables] File [C:/Unreal/Multiplayer_PingPong_Unreal/PingPong/Saved/Config/Windows/Editor.ini]
[2023.09.25-09.07.38:203][  0]LogInit: Computer: DESKTOP-UQ10HGU
[2023.09.25-09.07.38:203][  0]LogInit: User: Golem
[2023.09.25-09.07.38:203][  0]LogInit: CPU Page size=4096, Cores=4
[2023.09.25-09.07.38:203][  0]LogInit: High frequency timer resolution =10.000000 MHz
[2023.09.25-09.07.38:204][  0]LogMemory: Memory total: Physical=15.8GB (16GB approx)
[2023.09.25-09.07.38:204][  0]LogMemory: Platform Memory Stats for Windows
[2023.09.25-09.07.38:204][  0]LogMemory: Process Physical Memory: 142.18 MB used, 142.19 MB peak
[2023.09.25-09.07.38:204][  0]LogMemory: Process Virtual Memory: 124.36 MB used, 124.36 MB peak
[2023.09.25-09.07.38:204][  0]LogMemory: Physical Memory: 11490.05 MB used,  4645.20 MB free, 16135.25 MB total
[2023.09.25-09.07.38:204][  0]LogMemory: Virtual Memory: 134204936.00 MB used,  12794.00 MB free, 134217728.00 MB total
[2023.09.25-09.07.38:217][  0]LogWindows: WindowsPlatformFeatures enabled
[2023.09.25-09.07.38:388][  0]LogInit: Physics initialised using underlying interface: PhysX
[2023.09.25-09.07.38:389][  0]LogInit: Using OS detected language (en-US).
[2023.09.25-09.07.38:389][  0]LogInit: Using OS detected locale (en-US).
[2023.09.25-09.07.38:397][  0]LogTextLocalizationManager: No specific localization for 'en-US' exists, so the 'en' localization will be used.
[2023.09.25-09.07.38:670][  0]LogInit: Setting process to per monitor DPI aware
[2023.09.25-09.07.38:707][  0]LogWindowsTextInputMethodSystem: Display: IME system deactivated.
[2023.09.25-09.07.38:737][  0]LogSlate: New Slate User Created.  User Index 0, Is Virtual User: 0
[2023.09.25-09.07.38:737][  0]LogSlate: Slate User Registered.  User Index 0, Is Virtual User: 0
[2023.09.25-09.07.39:004][  0]LogD3D11RHI: Loaded GFSDK_Aftermath_Lib.x64.dll
[2023.09.25-09.07.39:017][  0]LogHMD: Failed to initialize OpenVR with code 110
[2023.09.25-09.07.39:017][  0]LogD3D11RHI: D3D11 min allowed feature level: 11_0
[2023.09.25-09.07.39:017][  0]LogD3D11RHI: D3D11 max allowed feature level: 11_0
[2023.09.25-09.07.39:017][  0]LogD3D11RHI: D3D11 adapters:
[2023.09.25-09.07.39:838][  0]LogD3D11RHI:    0. 'Radeon (TM) 520' (Feature Level 11_0)
[2023.09.25-09.07.39:838][  0]LogD3D11RHI:       2039/0/8067 MB DedicatedVideo/DedicatedSystem/SharedSystem, Outputs:2, VendorId:0x1002
[2023.09.25-09.07.39:893][  0]LogD3D11RHI:    1. 'Intel(R) UHD Graphics 620' (Feature Level 11_0)
[2023.09.25-09.07.39:893][  0]LogD3D11RHI:       128/0/8067 MB DedicatedVideo/DedicatedSystem/SharedSystem, Outputs:0, VendorId:0x8086
[2023.09.25-09.07.39:898][  0]LogD3D11RHI:    2. 'Microsoft Basic Render Driver' (Feature Level 11_0)
[2023.09.25-09.07.39:898][  0]LogD3D11RHI:       0/0/8067 MB DedicatedVideo/DedicatedSystem/SharedSystem, Outputs:0, VendorId:0x1414
[2023.09.25-09.07.39:898][  0]LogD3D11RHI: Chosen D3D11 Adapter:
[2023.09.25-09.07.39:898][  0]LogD3D11RHI:     Description : Radeon (TM) 520
[2023.09.25-09.07.39:898][  0]LogD3D11RHI:     VendorId    : 1002
[2023.09.25-09.07.39:899][  0]LogD3D11RHI:     DeviceId    : 6665
[2023.09.25-09.07.39:899][  0]LogD3D11RHI:     SubSysId    : 83f1028
[2023.09.25-09.07.39:899][  0]LogD3D11RHI:     Revision    : 00c3
[2023.09.25-09.07.39:899][  0]LogD3D11RHI:     DedicatedVideoMemory : 2138300416 bytes
[2023.09.25-09.07.39:899][  0]LogD3D11RHI:     DedicatedSystemMemory : 0 bytes
[2023.09.25-09.07.39:899][  0]LogD3D11RHI:     SharedSystemMemory : 8459517952 bytes
[2023.09.25-09.07.39:899][  0]LogD3D11RHI:     AdapterLuid : 0 51420
[2023.09.25-09.07.39:908][  0]LogD3D11RHI: Creating new Direct3DDevice
[2023.09.25-09.07.39:908][  0]LogD3D11RHI:     GPU DeviceId: 0x6665 (for the marketing name, search the web for "GPU Device Id")
[2023.09.25-09.07.39:908][  0]LogWindows: EnumDisplayDevices:
[2023.09.25-09.07.39:908][  0]LogWindows:    0. 'Intel(R) UHD Graphics 620' (P:0 D:1)
[2023.09.25-09.07.39:909][  0]LogWindows:    1. 'Intel(R) UHD Graphics 620' (P:1 D:1)
[2023.09.25-09.07.39:909][  0]LogWindows:    2. 'Intel(R) UHD Graphics 620' (P:0 D:0)
[2023.09.25-09.07.39:909][  0]LogWindows: DebugString: PrimaryIsNotTheChoosenAdapter PrimaryIsNotTheChoosenAdapter PrimaryIsNotTheChoosenAdapter FoundDriverCount:0 
[2023.09.25-09.07.39:909][  0]LogD3D11RHI:     Adapter Name: Radeon (TM) 520
[2023.09.25-09.07.39:910][  0]LogD3D11RHI:   Driver Version: Unknown (internal:Unknown, unified:Unknown)
[2023.09.25-09.07.39:910][  0]LogD3D11RHI:      Driver Date: Unknown
[2023.09.25-09.07.39:910][  0]LogRHI: Texture pool is 1213 MB (70% of 1733 MB)
[2023.09.25-09.07.39:929][  0]LogD3D11RHI: Creating D3DDevice with AMD AGS, using adapter:
[2023.09.25-09.07.39:929][  0]LogD3D11RHI:     Description : Radeon (TM) 520
[2023.09.25-09.07.39:929][  0]LogD3D11RHI:     VendorId    : 1002
[2023.09.25-09.07.39:929][  0]LogD3D11RHI:     DeviceId    : 6665
[2023.09.25-09.07.39:930][  0]LogD3D11RHI:     SubSysId    : 83f1028
[2023.09.25-09.07.39:930][  0]LogD3D11RHI:     Revision    : 00c3
[2023.09.25-09.07.39:930][  0]LogD3D11RHI:     DedicatedVideoMemory : 2138300416 bytes
[2023.09.25-09.07.39:930][  0]LogD3D11RHI:     DedicatedSystemMemory : 0 bytes
[2023.09.25-09.07.39:930][  0]LogD3D11RHI:     SharedSystemMemory : 8459517952 bytes
[2023.09.25-09.07.39:930][  0]LogD3D11RHI:     AdapterLuid : 0 51420
[2023.09.25-09.07.40:029][  0]LogD3D11RHI: Created device via AGS, feature level 11_0, supported extensions 1fffffbf.
[2023.09.25-09.07.40:029][  0]LogD3D11RHI: RHI has support for 64 bit atomics
[2023.09.25-09.07.40:029][  0]LogD3D11RHI: Async texture creation enabled
[2023.09.25-09.07.40:030][  0]LogD3D11RHI: Array index from any shader is supported
[2023.09.25-09.07.40:055][  0]LogD3D11RHI: GPU Timing Frequency: 27.000000 (Debug: 2 1)
[2023.09.25-09.07.40:454][  0]LogTargetPlatformManager: Display: Loaded TargetPlatform 'AllDesktop'
[2023.09.25-09.07.40:485][  0]LogTargetPlatformManager: Display: Loaded TargetPlatform 'Android'
[2023.09.25-09.07.40:485][  0]LogTargetPlatformManager: Display: Loaded TargetPlatform 'Android_ASTC'
[2023.09.25-09.07.40:485][  0]LogTargetPlatformManager: Display: Loaded TargetPlatform 'Android_DXT'
[2023.09.25-09.07.40:485][  0]LogTargetPlatformManager: Display: Loaded TargetPlatform 'Android_ETC2'
[2023.09.25-09.07.40:485][  0]LogTargetPlatformManager: Display: Loaded TargetPlatform 'AndroidClient'
[2023.09.25-09.07.40:485][  0]LogTargetPlatformManager: Display: Loaded TargetPlatform 'Android_ASTCClient'
[2023.09.25-09.07.40:487][  0]LogTargetPlatformManager: Display: Loaded TargetPlatform 'Android_DXTClient'
[2023.09.25-09.07.40:487][  0]LogTargetPlatformManager: Display: Loaded TargetPlatform 'Android_ETC2Client'
[2023.09.25-09.07.40:487][  0]LogTargetPlatformManager: Display: Loaded TargetPlatform 'Android_Multi'
[2023.09.25-09.07.40:487][  0]LogTargetPlatformManager: Display: Loaded TargetPlatform 'Android_MultiClient'
[2023.09.25-09.07.40:517][  0]LogTargetPlatformManager: Display: Loaded TargetPlatform 'IOSClient'
[2023.09.25-09.07.40:517][  0]LogTargetPlatformManager: Display: Loaded TargetPlatform 'IOS'
[2023.09.25-09.07.40:530][  0]LogTargetPlatformManager: Display: Loaded TargetPlatform 'Linux'
[2023.09.25-09.07.40:538][  0]LogTargetPlatformManager: Display: Loaded TargetPlatform 'LinuxNoEditor'
[2023.09.25-09.07.40:545][  0]LogTargetPlatformManager: Display: Loaded TargetPlatform 'LinuxClient'
[2023.09.25-09.07.40:553][  0]LogTargetPlatformManager: Display: Loaded TargetPlatform 'LinuxServer'
[2023.09.25-09.07.40:567][  0]LogTargetPlatformManager: Display: Loaded TargetPlatform 'LinuxAArch64NoEditor'
[2023.09.25-09.07.40:576][  0]LogTargetPlatformManager: Display: Loaded TargetPlatform 'LinuxAArch64Client'
[2023.09.25-09.07.40:583][  0]LogTargetPlatformManager: Display: Loaded TargetPlatform 'LinuxAArch64Server'
[2023.09.25-09.07.40:617][  0]LogTargetPlatformManager: Display: Loaded TargetPlatform 'Lumin'
[2023.09.25-09.07.40:618][  0]LogTargetPlatformManager: Display: Loaded TargetPlatform 'LuminClient'
[2023.09.25-09.07.40:629][  0]LogTargetPlatformManager: Display: Loaded TargetPlatform 'MacNoEditor'
[2023.09.25-09.07.40:637][  0]LogTargetPlatformManager: Display: Loaded TargetPlatform 'Mac'
[2023.09.25-09.07.40:644][  0]LogTargetPlatformManager: Display: Loaded TargetPlatform 'MacClient'
[2023.09.25-09.07.40:652][  0]LogTargetPlatformManager: Display: Loaded TargetPlatform 'MacServer'
[2023.09.25-09.07.40:666][  0]LogTargetPlatformManager: Display: Loaded TargetPlatform 'TVOSClient'
[2023.09.25-09.07.40:666][  0]LogTargetPlatformManager: Display: Loaded TargetPlatform 'TVOS'
[2023.09.25-09.07.40:680][  0]LogTargetPlatformManager: Display: Loaded TargetPlatform 'WindowsNoEditor'
[2023.09.25-09.07.40:688][  0]LogTargetPlatformManager: Display: Loaded TargetPlatform 'Windows'
[2023.09.25-09.07.40:694][  0]LogTargetPlatformManager: Display: Loaded TargetPlatform 'WindowsClient'
[2023.09.25-09.07.40:701][  0]LogTargetPlatformManager: Display: Loaded TargetPlatform 'WindowsServer'
[2023.09.25-09.07.40:702][  0]LogTargetPlatformManager: Display: Building Assets For Windows
[2023.09.25-09.07.40:718][  0]LogAudioDebug: Display: Lib vorbis DLL was dynamically loaded.
[2023.09.25-09.07.40:781][  0]LogTextureFormatOodle: Display: Oodle Texture 2.9.0 init RDO Off
[2023.09.25-09.07.40:853][  0]LogRendererCore: Ray tracing is disabled. Reason: r.RayTracing=0.
[2023.09.25-09.07.40:853][  0]LogShaderCompilers: Guid format shader working directory is -15 characters bigger than the processId version (../../../../../../Unreal/Multiplayer_PingPong_Unreal/PingPong/Intermediate/Shaders/WorkingDirectory/6040/).
[2023.09.25-09.07.40:853][  0]LogShaderCompilers: Cleaned the shader compiler working directory 'C:/Users/Golem/AppData/Local/Temp/UnrealShaderWorkingDir/C913652F4E4E5712217D44970D3F89C3/'.
[2023.09.25-09.07.40:854][  0]LogXGEController: Cannot use XGE Controller as Incredibuild is not installed on this machine.
[2023.09.25-09.07.40:854][  0]LogShaderCompilers: Cannot use XGE Shader Compiler as Incredibuild is not installed on this machine.
[2023.09.25-09.07.40:854][  0]LogShaderCompilers: Display: Using Local Shader Compiler.
[2023.09.25-09.07.41:782][  0]LogDerivedDataCache: Display: Max Cache Size: 512 MB
[2023.09.25-09.07.41:849][  0]LogDerivedDataCache: Loaded boot cache 0.07s 94MB C:/Users/Golem/AppData/Local/UnrealEngine/4.27/DerivedDataCache/Boot.ddc.
[2023.09.25-09.07.41:849][  0]LogDerivedDataCache: Display: Loaded Boot cache: C:/Users/Golem/AppData/Local/UnrealEngine/4.27/DerivedDataCache/Boot.ddc
[2023.09.25-09.07.41:850][  0]LogDerivedDataCache: FDerivedDataBackendGraph:  Pak pak cache file ../../../../../../Unreal/Multiplayer_PingPong_Unreal/PingPong/DerivedDataCache/DDC.ddp not found, will not use a pak cache.
[2023.09.25-09.07.41:850][  0]LogDerivedDataCache: Unable to find inner node Pak for hierarchical cache Hierarchy.
[2023.09.25-09.07.41:850][  0]LogDerivedDataCache: FDerivedDataBackendGraph:  CompressedPak pak cache file ../../../../../../Unreal/Multiplayer_PingPong_Unreal/PingPong/DerivedDataCache/Compressed.ddp not found, will not use a pak cache.
[2023.09.25-09.07.41:850][  0]LogDerivedDataCache: Unable to find inner node CompressedPak for hierarchical cache Hierarchy.
[2023.09.25-09.07.41:872][  0]LogDerivedDataCache: Display: Pak cache opened for reading ../../../Engine/DerivedDataCache/Compressed.ddp.
[2023.09.25-09.07.41:873][  0]LogDerivedDataCache: FDerivedDataBackendGraph:  EnterprisePak pak cache file ../../../Enterprise/DerivedDataCache/Compressed.ddp not found, will not use a pak cache.
[2023.09.25-09.07.41:873][  0]LogDerivedDataCache: Unable to find inner node EnterprisePak for hierarchical cache Hierarchy.
[2023.09.25-09.07.41:891][  0]LogDerivedDataCache: Speed tests for C:/Users/Golem/AppData/Local/UnrealEngine/Common/DerivedDataCache took 0.02 seconds
[2023.09.25-09.07.41:892][  0]LogDerivedDataCache: Display: Performance to C:/Users/Golem/AppData/Local/UnrealEngine/Common/DerivedDataCache: Latency=0.04ms. RandomReadSpeed=938.60MBs, RandomWriteSpeed=54.13MBs. Assigned SpeedClass 'Local'
[2023.09.25-09.07.41:895][  0]LogDerivedDataCache: Using Local data cache path C:/Users/Golem/AppData/Local/UnrealEngine/Common/DerivedDataCache: Writable
[2023.09.25-09.07.41:895][  0]LogDerivedDataCache: Shared data cache path not found in *engine.ini, will not use an Shared cache.
[2023.09.25-09.07.41:895][  0]LogDerivedDataCache: Unable to find inner node Shared for hierarchical cache Hierarchy.
[2023.09.25-09.07.41:963][  0]LogSlate: Using FreeType 2.10.0
[2023.09.25-09.07.41:964][  0]LogSlate: SlateFontServices - WITH_FREETYPE: 1, WITH_HARFBUZZ: 1
[2023.09.25-09.07.41:995][  0]LogAssetRegistry: FAssetRegistry took 0.0053 seconds to start up
[2023.09.25-09.07.42:325][  0]LogInit: Selected Device Profile: [Windows]
[2023.09.25-09.07.42:325][  0]LogInit: Active device profile: [000001AA52CF4900][000001AA5160A740 49] Windows
[2023.09.25-09.07.42:325][  0]LogInit: Profiles: [000001AA52CF4900][000001AA5160A740 49] Windows, [000001AA52CCF800][000001AA51606880 49] WindowsNoEditor, [000001AA52CF7500][000001AA513DA9C0 49] WindowsServer, [000001AA52CCCE00][000001AA513DEB00 49] WindowsClient, [000001AA52CF7800][000001AA513E6C80 49] IOS, [000001AA52CCE800][000001AA513EAE00 49] iPadAir, [000001AA52CF6000][000001AA4B3AAF80 49] iPadAir2, [000001AA52C78A00][000001AA4B3B3240 49] IPadPro, [000001AA52C78B00][000001AA4B3AF280 49] iPadAir3, [000001AA52CCD800][000001AA4B3B7400 49] iPadAir4, [000001AA52C7B400][000001AA4B3BB580 49] iPadMini2, [000001AA52CCEA00][000001AA4B3BF700 49] iPadMini3, [000001AA52C79700][000001AA4B40D880 49] iPadMini4, [000001AA52CF5000][000001AA4B411A00 49] iPadMini5, [000001AA52C90300][000001AA4B418140 49] iPhone6, [000001AA52C90400][000001AA4B414180 49] iPodTouch6, [000001AA52C7B600][000001AA4B420440 49] iPhone7, [000001AA52C79800][000001AA4B41C480 49] iPodTouch7, [000001AA52C93F00][000001AA4B424600 49] iPhone5S, [000001AA52CCE300][000001AA4B428780 49] iPhone6Plus, [000001AA52C78200][000001AA4B42C900 49] iPhone6S, [000001AA52CCE200][000001AA513E2A40 49] iPhone6SPlus, [000001AA52C7BC00][000001AA4B430B80 49] iPhone7Plus, [000001AA52CCC100][000001AA4B434CC0 49] iPhoneSE, [000001AA52C7B500][000001AA52982E40 49] iPhone8, [000001AA52CCDE00][000001AA52986FC0 49] iPhone8Plus, [000001AA52C79000][000001AA5298B140 49] iPhoneX, [000001AA52CCCA00][000001AA5298F2C0 49] iPhoneXS, [000001AA52C79200][000001AA52993440 49] iPhoneXSMax, [000001AA52CCD500][000001AA529975C0 49] iPhoneXR, [000001AA52C7B700][000001AA5299B740 49] iPhone11, [000001AA52CCCD00][000001AA5299F8C0 49] iPhone11Pro, [000001AA52C7B800][000001AA529AFA40 49] iPhone11ProMax, [000001AA52CCCF00][000001AA529B3BC0 49] iPhoneSE2, [000001AA52C7AE00][000001AA529B61C0 49] iPhone12Mini, [000001AA52CCF100][000001AA53E2C340 49] iPhone12, [000001AA52C7AB00][000001AA529EE4C0 49] iPhone12Pro, [000001AA52CCC800][000001AA52A0C640 49] iPhone12ProMax, [000001AA52C7A300][000001AA52A1A7C0 49] iPadPro105, [000001AA52CCEF00][000001AA5151C940 49] iPadPro129, [000001AA52C7A000][000001AA51520AC0 49] iPadPro97, [000001AA52CCD300][000001AA4B438C00 49] iPadPro2_129, [000001AA52C79A00][000001AA51544D40 49] iPad5, [000001AA52CCDA00][000001AA515B6E80 49] iPad6, [000001AA52C7A800][000001AA515BAFC0 49] iPad7, [000001AA52CCCC00][000001AA515EF140 49] iPad8, [000001AA52C7B200][000001AA515F32C0 49] iPadPro11, [000001AA52CCD600][000001AA515F7440 49] iPadPro2_11, [000001AA52C79C00][000001AA515FB5C0 49] iPadPro3_129, [000001AA52CCF900][000001AA515FF740 49] iPadPro4_129, [000001AA52C79500][000001AA527238C0 49] AppleTV, [000001AA52CCC300][000001AA52737A40 49] AppleTV4K, [000001AA52C78100][000001AA5273BBC0 49] TVOS, [000001AA52CCE400][000001AA527621C0 49] Mac, [000001AA52C7A100][000001AA52766340 49] MacClient, [000001AA52CCF400][000001AA53B564C0 49] MacNoEditor, [000001AA52C79F00][000001AA53B5A640 49] MacServer, [000001AA52CCC600][000001AA53B687C0 49] Linux, [000001AA52C7A200][000001AA53B6C940 49] LinuxAArch64, [000001AA52CCF600][000001AA53B70AC0 49] LinuxNoEditor, [000001AA52C79D00][000001AA53B74C40 49] LinuxAArch64NoEditor, [000001AA52CCD400][000001AA515EAD80 49] LinuxClient, [000001AA52C7B100][000001AA53B78EC0 49] LinuxAArch64Client, [000001AA52CCD900][000001AA53B7D000 49] LinuxServer, [000001AA52C7B000][000001AA53B81140 49] LinuxAArch64Server, [000001AA52CCE600][000001AA53B9D2C0 49] Android, [000001AA52C78700][000001AA53BA1440 49] Android_Low, [000001AA52CCDB00][000001AA53E6D5C0 49] Android_Mid, [000001AA52CF7A00][000001AA53E71740 49] Android_High, [000001AA52C91C00][000001AA53E758C0 49] Android_Default, [000001AA52CF6100][000001AA53E79A40 49] Android_Adreno4xx, [000001AA52C92700][000001AA53E81BC0 49] Android_Adreno5xx_Low, [000001AA52CF4B00][000001AA53E841C0 49] Android_Adreno5xx, [000001AA52C92D00][000001AA53E8C340 49] Android_Adreno6xx, [000001AA52CF5200][000001AA542044C0 49] Android_Adreno6xx_Vulkan, [000001AA52C92800][000001AA54208640 49] Android_Mali_T6xx, [000001AA52CF7200][000001AA515247C0 49] Android_Mali_T7xx, [000001AA52C92E00][000001AA51528940 49] Android_Mali_T8xx, [000001AA52CF6500][000001AA53E88AC0 49] Android_Mali_G71, [000001AA52C93E00][000001AA53E7CC40 49] Android_Mali_G72, [000001AA52CF6A00][000001AA51538DC0 49] Android_Mali_G72_Vulkan, [000001AA52C91B00][000001AA5153CF40 49] Android_Mali_G76, [000001AA52CF5B00][000001AA53B99080 49] Android_Mali_G76_Vulkan, [000001AA52C93D00][000001AA515411C0 49] Android_Mali_G77, [000001AA52CF6D00][000001AA54223300 49] Android_Mali_G77_Vulkan, [000001AA52C93900][000001AA5422B480 49] Android_Mali_G78, [000001AA52CF4D00][000001AA5422F600 49] Android_Mali_G78_Vulkan, [000001AA52C90500][000001AA54233780 49] Android_Mali_G710, [000001AA52CF6B00][000001AA52733900 49] Android_Mali_G710_Vulkan, [000001AA52C93500][000001AA5272FA80 49] Android_Vulkan_SM5, [000001AA52CF7400][000001AA5272BC00 49] Android_PowerVR_G6xxx, [000001AA52C92400][000001AA52726200 49] Android_PowerVR_GT7xxx, [000001AA52CF7C00][000001AA53E28380 49] Android_PowerVR_GE8xxx, [000001AA52C92200][000001AA529BA500 49] Android_PowerVR_GM9xxx, [000001AA52CF7000][000001AA54236680 49] Android_PowerVR_GM9xxx_Vulkan, [000001AA52C91500][000001AA5423A800 49] Android_TegraK1, [000001AA52CF5100][000001AA529C6980 49] Android_Unknown_Vulkan, [000001AA52CCFD00][000001AA529CAB00 49] Lumin, [000001AA52CF6900][000001AA529CEC80 49] Lumin_Desktop, [000001AA52CCFE00][000001AA529D2E00 49] HoloLens, 
[2023.09.25-09.07.42:511][  0]LogMeshReduction: Using QuadricMeshReduction for automatic static mesh reduction
[2023.09.25-09.07.42:511][  0]LogMeshReduction: Using SimplygonMeshReduction for automatic skeletal mesh reduction
[2023.09.25-09.07.42:511][  0]LogMeshReduction: Using ProxyLODMeshReduction for automatic mesh merging
[2023.09.25-09.07.42:511][  0]LogMeshReduction: No distributed automatic mesh merging module available
[2023.09.25-09.07.42:511][  0]LogMeshMerging: No distributed automatic mesh merging module available
[2023.09.25-09.07.42:533][  0]LogNetVersion: PingPong 1.0.0, NetCL: 17155196, EngineNetVer: 17, GameNetVer: 0 (Checksum: 166094971)
[2023.09.25-09.07.43:042][  0]LogTexture: Default maximum texture size for cubemaps generated from long-lat sources has been changed from 512 to unlimited. In order to preserve old behaiour for '/Engine/MapTemplates/Sky/DaylightAmbientCubemap.DaylightAmbientCubemap', its maximum texture size has been explicitly set to 512.
[2023.09.25-09.07.43:128][  0]LogHMD: PokeAHoleMaterial loaded successfully
[2023.09.25-09.07.43:137][  0]LogUObjectArray: 17178 objects as part of root set at end of initial load.
[2023.09.25-09.07.43:137][  0]LogUObjectAllocator: 4302048 out of 0 bytes used by permanent object pool.
[2023.09.25-09.07.43:138][  0]LogUObjectArray: CloseDisregardForGC: 0/0 objects in disregard for GC pool
[2023.09.25-09.07.43:607][  0]LogNiagaraDebuggerClient: Niagara Debugger Client Initialized | Session: B7135D434D377585932221845DC71320 | Instance: 54991F0C4CC453274CF20F9D69ADCD53 (DESKTOP-UQ10HGU-6040).
[2023.09.25-09.07.43:803][  0]LogPython: Using Python 3.7.7
[2023.09.25-09.07.44:531][  0]LogTcpMessaging: Initializing TcpMessaging bridge
[2023.09.25-09.07.44:541][  0]LogUdpMessaging: Initializing bridge on interface 0.0.0.0:0 to multicast group 230.0.0.1:6666.
[2023.09.25-09.07.44:834][  0]SourceControl: Source control is disabled
[2023.09.25-09.07.44:834][  0]SourceControl: Source control is disabled
[2023.09.25-09.07.44:841][  0]SourceControl: Source control is disabled
[2023.09.25-09.07.44:846][  0]SourceControl: Source control is disabled
[2023.09.25-09.07.44:862][  0]SourceControl: Source control is disabled
[2023.09.25-09.07.44:873][  0]LogUProjectInfo: Found projects:
[2023.09.25-09.07.45:244][  0]LogOpenImageDenoise: OIDN starting up
[2023.09.25-09.07.45:298][  0]LogAndroidPermission: UAndroidPermissionCallbackProxy::GetInstance
[2023.09.25-09.07.45:339][  0]LogAudioCaptureCore: Display: No Audio Capture implementations found. Audio input will be silent.
[2023.09.25-09.07.45:339][  0]LogAudioCaptureCore: Display: No Audio Capture implementations found. Audio input will be silent.
[2023.09.25-09.07.45:526][  0]LogCollectionManager: Loaded 0 collections in 0.002920 seconds
[2023.09.25-09.07.45:555][  0]LogFileCache: Scanning file cache for directory 'C:/Unreal/Multiplayer_PingPong_Unreal/PingPong/Saved/Collections/' took 0.00s
[2023.09.25-09.07.45:555][  0]LogFileCache: Scanning file cache for directory 'C:/Unreal/Multiplayer_PingPong_Unreal/PingPong/Content/Developers/Golem/Collections/' took 0.00s
[2023.09.25-09.07.45:555][  0]LogFileCache: Scanning file cache for directory 'C:/Unreal/Multiplayer_PingPong_Unreal/PingPong/Content/Collections/' took 0.00s
[2023.09.25-09.07.45:566][  0]LogOcInput: OculusInput pre-init called
[2023.09.25-09.07.45:923][  0]LogEngine: Initializing Engine...
[2023.09.25-09.07.45:928][  0]LogHMD: Failed to enumerate extensions. Please check that you have a valid OpenXR runtime installed.
[2023.09.25-09.07.45:928][  0]LogHMD: Failed to initialize OpenVR with code 110
[2023.09.25-09.07.45:928][  0]LogMagicLeap: Warning: VR disabled because ZI is not enabled.  To enable, in the editor, Edit -> Project Settings -> Plugins -> Magic Leap Plugin -> Enable Zero Iteration
[2023.09.25-09.07.45:930][  0]LogStats: UGameplayTagsManager::InitializeManager -  0.000 s
[2023.09.25-09.07.46:096][  0]LogInit: Initializing FReadOnlyCVARCache
[2023.09.25-09.07.46:110][  0]LogAIModule: Creating AISystem for world Untitled
[2023.09.25-09.07.46:135][  0]LogAudio: Display: Initializing Audio Device Manager...
[2023.09.25-09.07.46:142][  0]LogAudio: Display: Loading Default Audio Settings Objects...
[2023.09.25-09.07.46:143][  0]LogAudio: Display: No default SoundConcurrencyObject specified (or failed to load).
[2023.09.25-09.07.46:143][  0]LogAudio: Display: Audio Device Manager Initialized
[2023.09.25-09.07.46:143][  0]LogAudio: Display: Creating Audio Device:                 Id: 1, Scope: Shared, Realtime: True
[2023.09.25-09.07.46:144][  0]LogAudioMixer: Display: Audio Mixer Platform Settings:
[2023.09.25-09.07.46:144][  0]LogAudioMixer: Display: 	Sample Rate:						  48000
[2023.09.25-09.07.46:144][  0]LogAudioMixer: Display: 	Callback Buffer Frame Size Requested: 1024
[2023.09.25-09.07.46:144][  0]LogAudioMixer: Display: 	Callback Buffer Frame Size To Use:	  1024
[2023.09.25-09.07.46:144][  0]LogAudioMixer: Display: 	Number of buffers to queue:			  2
[2023.09.25-09.07.46:144][  0]LogAudioMixer: Display: 	Max Channels (voices):				  32
[2023.09.25-09.07.46:144][  0]LogAudioMixer: Display: 	Number of Async Source Workers:		  0
[2023.09.25-09.07.46:144][  0]LogAudio: Display: AudioDevice MaxSources: 32
[2023.09.25-09.07.46:145][  0]LogAudio: Display: Audio Spatialization Plugin: None (built-in).
[2023.09.25-09.07.46:145][  0]LogAudio: Display: Audio Reverb Plugin: None (built-in).
[2023.09.25-09.07.46:145][  0]LogAudio: Display: Audio Occlusion Plugin: None (built-in).
[2023.09.25-09.07.46:145][  0]LogAudioMixer: Display: Initializing audio mixer.
[2023.09.25-09.07.46:171][  0]LogAudioMixer: Display: 0: FrontLeft
[2023.09.25-09.07.46:171][  0]LogAudioMixer: Display: 1: FrontRight
[2023.09.25-09.07.46:211][  0]LogAudioMixer: Display: Using Audio Device Headphones (2- High Definition Audio Device)
[2023.09.25-09.07.46:215][  0]LogAudioMixer: Display: Initializing Sound Submixes...
[2023.09.25-09.07.46:218][  0]LogAudioMixer: Display: Creating Master Submix 'MasterSubmixDefault'
[2023.09.25-09.07.46:218][  0]LogAudioMixer: Display: Creating Master Submix 'MasterReverbSubmixDefault'
[2023.09.25-09.07.46:219][  0]LogAudioMixer: Display: Creating Master Submix 'MasterEQSubmixDefault'
[2023.09.25-09.07.46:219][  0]LogAudioMixer: FMixerPlatformXAudio2::StartAudioStream() called
[2023.09.25-09.07.46:220][  0]LogAudioMixer: Display: Output buffers initialized: Frames=1024, Channels=2, Samples=2048
[2023.09.25-09.07.46:222][  0]LogAudioMixer: Display: Starting AudioMixerPlatformInterface::RunInternal()
[2023.09.25-09.07.46:222][  0]LogAudioMixer: Display: FMixerPlatformXAudio2::SubmitBuffer() called for the first time
[2023.09.25-09.07.46:222][  0]LogInit: FAudioDevice initialized.
[2023.09.25-09.07.46:223][  0]LogAudio: Display: Audio Device (ID: 1) registered with world 'Untitled'.
[2023.09.25-09.07.46:223][  0]LogNetVersion: Set ProjectVersion to 1.0.0.0. Version Checksum will be recalculated on next use.
[2023.09.25-09.07.46:307][  0]LogDerivedDataCache: Saved boot cache 0.08s 94MB C:/Users/Golem/AppData/Local/UnrealEngine/4.27/DerivedDataCache/Boot.ddc.
[2023.09.25-09.07.46:307][  0]LogInit: Texture streaming: Enabled
[2023.09.25-09.07.46:328][  0]LogAnalytics: Display: [UEEditor.Rocket.Release] APIServer = https://datarouter.ol.epicgames.com/. AppVersion = 4.27.2-18319896+++UE4+Release-4.27
[2023.09.25-09.07.46:336][  0]LogEngineSessionManager: EngineSessionManager initialized
[2023.09.25-09.07.46:336][  0]LogEngineSessionManager: EngineSessionManager sent abnormal shutdown report. Type=Debugger, SessionId={E9466FBB-45DE-8FE6-8C31-9ABF6A6AB0D2}
[2023.09.25-09.07.46:336][  0]LogEditorSessionSummary: Verbose: Initializing EditorSessionSummaryWriter for editor session tracking
[2023.09.25-09.07.46:346][  0]LogEditorSessionSummary: EditorSessionSummaryWriter initialized
[2023.09.25-09.07.46:379][  0]LogInit: Transaction tracking system initialized
[2023.09.25-09.07.46:415][  0]BlueprintLog: New page: Editor Load
[2023.09.25-09.07.46:515][  0]LocalizationService: Localization service is disabled
[2023.09.25-09.07.46:554][  0]TimingProfiler: Initialize
[2023.09.25-09.07.46:554][  0]TimingProfiler: OnSessionChanged
[2023.09.25-09.07.46:555][  0]LoadingProfiler: Initialize
[2023.09.25-09.07.46:555][  0]LoadingProfiler: OnSessionChanged
[2023.09.25-09.07.46:555][  0]NetworkingProfiler: Initialize
[2023.09.25-09.07.46:555][  0]NetworkingProfiler: OnSessionChanged
[2023.09.25-09.07.46:555][  0]MemoryProfiler: Initialize
[2023.09.25-09.07.46:555][  0]MemoryProfiler: OnSessionChanged
[2023.09.25-09.07.46:780][  0]LogCook: Display: CookSettings for Memory: MemoryMaxUsedVirtual 0MiB, MemoryMaxUsedPhysical 16384MiB, MemoryMinFreeVirtual 0MiB, MemoryMinFreePhysical 1024MiB
[2023.09.25-09.07.46:780][  0]LogCook: Display: Mobile HDR setting 1
[2023.09.25-09.07.47:100][  0]LogFileCache: Scanning file cache for directory 'C:/Unreal/Multiplayer_PingPong_Unreal/PingPong/Content/' took 0.01s
[2023.09.25-09.07.47:398][  0]LogInit: Display: Engine is initialized. Leaving FEngineLoop::Init()
[2023.09.25-09.07.47:402][  0]SourceControl: Source control is disabled
[2023.09.25-09.07.47:402][  0]LogUnrealEdMisc: Loading editor; pre map load, took 12.555
[2023.09.25-09.07.47:403][  0]Cmd: MAP LOAD FILE="../../../../../../Unreal/Multiplayer_PingPong_Unreal/PingPong/Content/StarterContent/Maps/Minimal_Default.umap" TEMPLATE=0 SHOWPROGRESS=1 FEATURELEVEL=3
[2023.09.25-09.07.47:403][  0]LightingResults: New page: Lighting Build
[2023.09.25-09.07.47:405][  0]LogWorld: UWorld::CleanupWorld for Untitled, bSessionEnded=true, bCleanupResources=true
[2023.09.25-09.07.47:405][  0]LogSlate: InvalidateAllWidgets triggered.  All widgets were invalidated
[2023.09.25-09.07.47:406][  0]MapCheck: New page: Map Check
[2023.09.25-09.07.47:406][  0]LightingResults: New page: Lighting Build
[2023.09.25-09.07.47:414][  0]LogAudio: Display: Audio Device unregistered from world 'None'.
[2023.09.25-09.07.47:420][  0]LogUObjectHash: Compacting FUObjectHashTables data took   1.11ms
[2023.09.25-09.07.47:554][  0]LogAudio: Display: Audio Device (ID: 1) registered with world 'Minimal_Default'.
[2023.09.25-09.07.47:555][  0]LogAIModule: Creating AISystem for world Minimal_Default
[2023.09.25-09.07.47:563][  0]LogEditorServer: Finished looking for orphan Actors (0.000 secs)
[2023.09.25-09.07.47:581][  0]LogUObjectHash: Compacting FUObjectHashTables data took   1.06ms
[2023.09.25-09.07.47:582][  0]Cmd: MAP CHECKDEP NOCLEARLOG
[2023.09.25-09.07.47:582][  0]MapCheck: Map check complete: 0 Error(s), 0 Warning(s), took 0.204ms to complete.
[2023.09.25-09.07.47:582][  0]LogFileHelpers: Loading map 'Minimal_Default' took 0.180
[2023.09.25-09.07.47:585][  0]LogUnrealEdMisc: Total Editor Startup Time, took 12.738
[2023.09.25-09.07.47:736][  0]LogSlate: Updating window title bar state: overlay mode, drag disabled, window buttons hidden, title bar hidden
[2023.09.25-09.07.47:744][  0]LogSlate: Updating window title bar state: overlay mode, drag disabled, window buttons hidden, title bar hidden
[2023.09.25-09.07.47:752][  0]LogSlate: Updating window title bar state: overlay mode, drag disabled, window buttons hidden, title bar hidden
[2023.09.25-09.07.47:761][  0]LogSlate: Updating window title bar state: overlay mode, drag disabled, window buttons hidden, title bar hidden
[2023.09.25-09.07.47:779][  0]LogNativeClassHierarchy: Verbose: Native class hierarchy populated in 0.0120 seconds. Added 3828 classes and 930 folders.
[2023.09.25-09.07.47:783][  0]LogNativeClassHierarchy: Verbose: Native class hierarchy updated for 'WidgetCarousel' in 0.0003 seconds. Added 0 classes and 0 folders.
[2023.09.25-09.07.47:784][  0]LogPakFile: PakFile PrimaryIndexSize=187
[2023.09.25-09.07.47:784][  0]LogPakFile: PakFile PathHashIndexSize=101
[2023.09.25-09.07.47:785][  0]LogPakFile: PakFile FullDirectoryIndexSize=148
[2023.09.25-09.07.47:785][  0]LogShaderLibrary: Display: ShaderCodeLibraryPakFileMountedCallback: PakFile 'C:/Program Files/Epic Games/UE_4.27/FeaturePacks/FP_FirstPerson.upack' (chunk index -1, root 'root:/') mounted
[2023.09.25-09.07.47:785][  0]LogShaderLibrary: Display: ShaderCodeLibraryPakFileMountedCallback: pending pak file info (ChunkID:-1 Root:root:/ File:C:/Program Files/Epic Games/UE_4.27/FeaturePacks/FP_FirstPerson.upack)
[2023.09.25-09.07.47:785][  0]LogPakFile: OnPakFileMounted2Time == 0.000254
[2023.09.25-09.07.47:786][  0]LogPakFile: PakFile PrimaryIndexSize=189
[2023.09.25-09.07.47:786][  0]LogPakFile: PakFile PathHashIndexSize=101
[2023.09.25-09.07.47:786][  0]LogPakFile: PakFile FullDirectoryIndexSize=152
[2023.09.25-09.07.47:786][  0]LogShaderLibrary: Display: ShaderCodeLibraryPakFileMountedCallback: PakFile 'C:/Program Files/Epic Games/UE_4.27/FeaturePacks/FP_FirstPersonBP.upack' (chunk index -1, root 'root:/') mounted
[2023.09.25-09.07.47:786][  0]LogShaderLibrary: Display: ShaderCodeLibraryPakFileMountedCallback: pending pak file info (ChunkID:-1 Root:root:/ File:C:/Program Files/Epic Games/UE_4.27/FeaturePacks/FP_FirstPersonBP.upack)
[2023.09.25-09.07.47:786][  0]LogPakFile: OnPakFileMounted2Time == 0.000227
[2023.09.25-09.07.47:787][  0]LogPakFile: PakFile PrimaryIndexSize=191
[2023.09.25-09.07.47:787][  0]LogPakFile: PakFile PathHashIndexSize=101
[2023.09.25-09.07.47:787][  0]LogPakFile: PakFile FullDirectoryIndexSize=160
[2023.09.25-09.07.47:788][  0]LogShaderLibrary: Display: ShaderCodeLibraryPakFileMountedCallback: PakFile 'C:/Program Files/Epic Games/UE_4.27/FeaturePacks/MobileStarterContent.upack' (chunk index -1, root 'root:/') mounted
[2023.09.25-09.07.47:788][  0]LogShaderLibrary: Display: ShaderCodeLibraryPakFileMountedCallback: pending pak file info (ChunkID:-1 Root:root:/ File:C:/Program Files/Epic Games/UE_4.27/FeaturePacks/MobileStarterContent.upack)
[2023.09.25-09.07.47:788][  0]LogPakFile: OnPakFileMounted2Time == 0.000191
[2023.09.25-09.07.47:788][  0]LogPakFile: PakFile PrimaryIndexSize=185
[2023.09.25-09.07.47:789][  0]LogPakFile: PakFile PathHashIndexSize=101
[2023.09.25-09.07.47:789][  0]LogPakFile: PakFile FullDirectoryIndexSize=148
[2023.09.25-09.07.47:789][  0]LogShaderLibrary: Display: ShaderCodeLibraryPakFileMountedCallback: PakFile 'C:/Program Files/Epic Games/UE_4.27/FeaturePacks/StarterContent.upack' (chunk index -1, root 'root:/') mounted
[2023.09.25-09.07.47:789][  0]LogShaderLibrary: Display: ShaderCodeLibraryPakFileMountedCallback: pending pak file info (ChunkID:-1 Root:root:/ File:C:/Program Files/Epic Games/UE_4.27/FeaturePacks/StarterContent.upack)
[2023.09.25-09.07.47:789][  0]LogPakFile: OnPakFileMounted2Time == 0.000172
[2023.09.25-09.07.47:790][  0]LogPakFile: PakFile PrimaryIndexSize=190
[2023.09.25-09.07.47:790][  0]LogPakFile: PakFile PathHashIndexSize=101
[2023.09.25-09.07.47:790][  0]LogPakFile: PakFile FullDirectoryIndexSize=154
[2023.09.25-09.07.47:790][  0]LogShaderLibrary: Display: ShaderCodeLibraryPakFileMountedCallback: PakFile 'C:/Program Files/Epic Games/UE_4.27/FeaturePacks/TP_2DSideScroller.upack' (chunk index -1, root 'root:/') mounted
[2023.09.25-09.07.47:790][  0]LogShaderLibrary: Display: ShaderCodeLibraryPakFileMountedCallback: pending pak file info (ChunkID:-1 Root:root:/ File:C:/Program Files/Epic Games/UE_4.27/FeaturePacks/TP_2DSideScroller.upack)
[2023.09.25-09.07.47:790][  0]LogPakFile: OnPakFileMounted2Time == 0.000208
[2023.09.25-09.07.47:791][  0]LogPakFile: PakFile PrimaryIndexSize=192
[2023.09.25-09.07.47:791][  0]LogPakFile: PakFile PathHashIndexSize=101
[2023.09.25-09.07.47:791][  0]LogPakFile: PakFile FullDirectoryIndexSize=158
[2023.09.25-09.07.47:791][  0]LogShaderLibrary: Display: ShaderCodeLibraryPakFileMountedCallback: PakFile 'C:/Program Files/Epic Games/UE_4.27/FeaturePacks/TP_2DSideScrollerBP.upack' (chunk index -1, root 'root:/') mounted
[2023.09.25-09.07.47:791][  0]LogShaderLibrary: Display: ShaderCodeLibraryPakFileMountedCallback: pending pak file info (ChunkID:-1 Root:root:/ File:C:/Program Files/Epic Games/UE_4.27/FeaturePacks/TP_2DSideScrollerBP.upack)
[2023.09.25-09.07.47:792][  0]LogPakFile: OnPakFileMounted2Time == 0.000221
[2023.09.25-09.07.47:793][  0]LogPakFile: PakFile PrimaryIndexSize=182
[2023.09.25-09.07.47:793][  0]LogPakFile: PakFile PathHashIndexSize=101
[2023.09.25-09.07.47:793][  0]LogPakFile: PakFile FullDirectoryIndexSize=138
[2023.09.25-09.07.47:793][  0]LogShaderLibrary: Display: ShaderCodeLibraryPakFileMountedCallback: PakFile 'C:/Program Files/Epic Games/UE_4.27/FeaturePacks/TP_Flying.upack' (chunk index -1, root 'root:/') mounted
[2023.09.25-09.07.47:794][  0]LogShaderLibrary: Display: ShaderCodeLibraryPakFileMountedCallback: pending pak file info (ChunkID:-1 Root:root:/ File:C:/Program Files/Epic Games/UE_4.27/FeaturePacks/TP_Flying.upack)
[2023.09.25-09.07.47:794][  0]LogPakFile: OnPakFileMounted2Time == 0.000301
[2023.09.25-09.07.47:795][  0]LogPakFile: PakFile PrimaryIndexSize=184
[2023.09.25-09.07.47:795][  0]LogPakFile: PakFile PathHashIndexSize=101
[2023.09.25-09.07.47:795][  0]LogPakFile: PakFile FullDirectoryIndexSize=142
[2023.09.25-09.07.47:795][  0]LogShaderLibrary: Display: ShaderCodeLibraryPakFileMountedCallback: PakFile 'C:/Program Files/Epic Games/UE_4.27/FeaturePacks/TP_FlyingBP.upack' (chunk index -1, root 'root:/') mounted
[2023.09.25-09.07.47:795][  0]LogShaderLibrary: Display: ShaderCodeLibraryPakFileMountedCallback: pending pak file info (ChunkID:-1 Root:root:/ File:C:/Program Files/Epic Games/UE_4.27/FeaturePacks/TP_FlyingBP.upack)
[2023.09.25-09.07.47:795][  0]LogPakFile: OnPakFileMounted2Time == 0.000193
[2023.09.25-09.07.47:796][  0]LogPakFile: PakFile PrimaryIndexSize=188
[2023.09.25-09.07.47:796][  0]LogPakFile: PakFile PathHashIndexSize=101
[2023.09.25-09.07.47:796][  0]LogPakFile: PakFile FullDirectoryIndexSize=150
[2023.09.25-09.07.47:796][  0]LogShaderLibrary: Display: ShaderCodeLibraryPakFileMountedCallback: PakFile 'C:/Program Files/Epic Games/UE_4.27/FeaturePacks/TP_HandheldARBP.upack' (chunk index -1, root 'root:/') mounted
[2023.09.25-09.07.47:796][  0]LogShaderLibrary: Display: ShaderCodeLibraryPakFileMountedCallback: pending pak file info (ChunkID:-1 Root:root:/ File:C:/Program Files/Epic Games/UE_4.27/FeaturePacks/TP_HandheldARBP.upack)
[2023.09.25-09.07.47:796][  0]LogPakFile: OnPakFileMounted2Time == 0.000208
[2023.09.25-09.07.47:797][  0]LogPakFile: PakFile PrimaryIndexSize=182
[2023.09.25-09.07.47:798][  0]LogPakFile: PakFile PathHashIndexSize=101
[2023.09.25-09.07.47:798][  0]LogPakFile: PakFile FullDirectoryIndexSize=138
[2023.09.25-09.07.47:798][  0]LogShaderLibrary: Display: ShaderCodeLibraryPakFileMountedCallback: PakFile 'C:/Program Files/Epic Games/UE_4.27/FeaturePacks/TP_Puzzle.upack' (chunk index -1, root 'root:/') mounted
[2023.09.25-09.07.47:798][  0]LogShaderLibrary: Display: ShaderCodeLibraryPakFileMountedCallback: pending pak file info (ChunkID:-1 Root:root:/ File:C:/Program Files/Epic Games/UE_4.27/FeaturePacks/TP_Puzzle.upack)
[2023.09.25-09.07.47:798][  0]LogPakFile: OnPakFileMounted2Time == 0.000178
[2023.09.25-09.07.47:799][  0]LogPakFile: PakFile PrimaryIndexSize=184
[2023.09.25-09.07.47:799][  0]LogPakFile: PakFile PathHashIndexSize=101
[2023.09.25-09.07.47:799][  0]LogPakFile: PakFile FullDirectoryIndexSize=142
[2023.09.25-09.07.47:799][  0]LogShaderLibrary: Display: ShaderCodeLibraryPakFileMountedCallback: PakFile 'C:/Program Files/Epic Games/UE_4.27/FeaturePacks/TP_PuzzleBP.upack' (chunk index -1, root 'root:/') mounted
[2023.09.25-09.07.47:799][  0]LogShaderLibrary: Display: ShaderCodeLibraryPakFileMountedCallback: pending pak file info (ChunkID:-1 Root:root:/ File:C:/Program Files/Epic Games/UE_4.27/FeaturePacks/TP_PuzzleBP.upack)
[2023.09.25-09.07.47:799][  0]LogPakFile: OnPakFileMounted2Time == 0.000221
[2023.09.25-09.07.47:800][  0]LogPakFile: PakFile PrimaryIndexSize=183
[2023.09.25-09.07.47:800][  0]LogPakFile: PakFile PathHashIndexSize=101
[2023.09.25-09.07.47:800][  0]LogPakFile: PakFile FullDirectoryIndexSize=140
[2023.09.25-09.07.47:800][  0]LogShaderLibrary: Display: ShaderCodeLibraryPakFileMountedCallback: PakFile 'C:/Program Files/Epic Games/UE_4.27/FeaturePacks/TP_Rolling.upack' (chunk index -1, root 'root:/') mounted
[2023.09.25-09.07.47:800][  0]LogShaderLibrary: Display: ShaderCodeLibraryPakFileMountedCallback: pending pak file info (ChunkID:-1 Root:root:/ File:C:/Program Files/Epic Games/UE_4.27/FeaturePacks/TP_Rolling.upack)
[2023.09.25-09.07.47:800][  0]LogPakFile: OnPakFileMounted2Time == 0.000203
[2023.09.25-09.07.47:801][  0]LogPakFile: PakFile PrimaryIndexSize=185
[2023.09.25-09.07.47:801][  0]LogPakFile: PakFile PathHashIndexSize=101
[2023.09.25-09.07.47:801][  0]LogPakFile: PakFile FullDirectoryIndexSize=144
[2023.09.25-09.07.47:801][  0]LogShaderLibrary: Display: ShaderCodeLibraryPakFileMountedCallback: PakFile 'C:/Program Files/Epic Games/UE_4.27/FeaturePacks/TP_RollingBP.upack' (chunk index -1, root 'root:/') mounted
[2023.09.25-09.07.47:801][  0]LogShaderLibrary: Display: ShaderCodeLibraryPakFileMountedCallback: pending pak file info (ChunkID:-1 Root:root:/ File:C:/Program Files/Epic Games/UE_4.27/FeaturePacks/TP_RollingBP.upack)
[2023.09.25-09.07.47:802][  0]LogPakFile: OnPakFileMounted2Time == 0.000178
[2023.09.25-09.07.47:802][  0]LogPakFile: PakFile PrimaryIndexSize=188
[2023.09.25-09.07.47:802][  0]LogPakFile: PakFile PathHashIndexSize=101
[2023.09.25-09.07.47:802][  0]LogPakFile: PakFile FullDirectoryIndexSize=150
[2023.09.25-09.07.47:802][  0]LogShaderLibrary: Display: ShaderCodeLibraryPakFileMountedCallback: PakFile 'C:/Program Files/Epic Games/UE_4.27/FeaturePacks/TP_SideScroller.upack' (chunk index -1, root 'root:/') mounted
[2023.09.25-09.07.47:803][  0]LogShaderLibrary: Display: ShaderCodeLibraryPakFileMountedCallback: pending pak file info (ChunkID:-1 Root:root:/ File:C:/Program Files/Epic Games/UE_4.27/FeaturePacks/TP_SideScroller.upack)
[2023.09.25-09.07.47:803][  0]LogPakFile: OnPakFileMounted2Time == 0.000177
[2023.09.25-09.07.47:803][  0]LogPakFile: PakFile PrimaryIndexSize=190
[2023.09.25-09.07.47:803][  0]LogPakFile: PakFile PathHashIndexSize=101
[2023.09.25-09.07.47:804][  0]LogPakFile: PakFile FullDirectoryIndexSize=154
[2023.09.25-09.07.47:804][  0]LogShaderLibrary: Display: ShaderCodeLibraryPakFileMountedCallback: PakFile 'C:/Program Files/Epic Games/UE_4.27/FeaturePacks/TP_SideScrollerBP.upack' (chunk index -1, root 'root:/') mounted
[2023.09.25-09.07.47:804][  0]LogShaderLibrary: Display: ShaderCodeLibraryPakFileMountedCallback: pending pak file info (ChunkID:-1 Root:root:/ File:C:/Program Files/Epic Games/UE_4.27/FeaturePacks/TP_SideScrollerBP.upack)
[2023.09.25-09.07.47:804][  0]LogPakFile: OnPakFileMounted2Time == 0.000173
[2023.09.25-09.07.47:804][  0]LogPakFile: PakFile PrimaryIndexSize=187
[2023.09.25-09.07.47:805][  0]LogPakFile: PakFile PathHashIndexSize=101
[2023.09.25-09.07.47:805][  0]LogPakFile: PakFile FullDirectoryIndexSize=148
[2023.09.25-09.07.47:805][  0]LogShaderLibrary: Display: ShaderCodeLibraryPakFileMountedCallback: PakFile 'C:/Program Files/Epic Games/UE_4.27/FeaturePacks/TP_ThirdPerson.upack' (chunk index -1, root 'root:/') mounted
[2023.09.25-09.07.47:805][  0]LogShaderLibrary: Display: ShaderCodeLibraryPakFileMountedCallback: pending pak file info (ChunkID:-1 Root:root:/ File:C:/Program Files/Epic Games/UE_4.27/FeaturePacks/TP_ThirdPerson.upack)
[2023.09.25-09.07.47:805][  0]LogPakFile: OnPakFileMounted2Time == 0.000177
[2023.09.25-09.07.47:806][  0]LogPakFile: PakFile PrimaryIndexSize=189
[2023.09.25-09.07.47:806][  0]LogPakFile: PakFile PathHashIndexSize=101
[2023.09.25-09.07.47:806][  0]LogPakFile: PakFile FullDirectoryIndexSize=152
[2023.09.25-09.07.47:806][  0]LogShaderLibrary: Display: ShaderCodeLibraryPakFileMountedCallback: PakFile 'C:/Program Files/Epic Games/UE_4.27/FeaturePacks/TP_ThirdPersonBP.upack' (chunk index -1, root 'root:/') mounted
[2023.09.25-09.07.47:806][  0]LogShaderLibrary: Display: ShaderCodeLibraryPakFileMountedCallback: pending pak file info (ChunkID:-1 Root:root:/ File:C:/Program Files/Epic Games/UE_4.27/FeaturePacks/TP_ThirdPersonBP.upack)
[2023.09.25-09.07.47:806][  0]LogPakFile: OnPakFileMounted2Time == 0.000163
[2023.09.25-09.07.47:807][  0]LogPakFile: PakFile PrimaryIndexSize=183
[2023.09.25-09.07.47:807][  0]LogPakFile: PakFile PathHashIndexSize=101
[2023.09.25-09.07.47:807][  0]LogPakFile: PakFile FullDirectoryIndexSize=140
[2023.09.25-09.07.47:807][  0]LogShaderLibrary: Display: ShaderCodeLibraryPakFileMountedCallback: PakFile 'C:/Program Files/Epic Games/UE_4.27/FeaturePacks/TP_TopDown.upack' (chunk index -1, root 'root:/') mounted
[2023.09.25-09.07.47:807][  0]LogShaderLibrary: Display: ShaderCodeLibraryPakFileMountedCallback: pending pak file info (ChunkID:-1 Root:root:/ File:C:/Program Files/Epic Games/UE_4.27/FeaturePacks/TP_TopDown.upack)
[2023.09.25-09.07.47:808][  0]LogPakFile: OnPakFileMounted2Time == 0.000233
[2023.09.25-09.07.47:809][  0]LogPakFile: PakFile PrimaryIndexSize=185
[2023.09.25-09.07.47:809][  0]LogPakFile: PakFile PathHashIndexSize=101
[2023.09.25-09.07.47:809][  0]LogPakFile: PakFile FullDirectoryIndexSize=144
[2023.09.25-09.07.47:809][  0]LogShaderLibrary: Display: ShaderCodeLibraryPakFileMountedCallback: PakFile 'C:/Program Files/Epic Games/UE_4.27/FeaturePacks/TP_TopDownBP.upack' (chunk index -1, root 'root:/') mounted
[2023.09.25-09.07.47:809][  0]LogShaderLibrary: Display: ShaderCodeLibraryPakFileMountedCallback: pending pak file info (ChunkID:-1 Root:root:/ File:C:/Program Files/Epic Games/UE_4.27/FeaturePacks/TP_TopDownBP.upack)
[2023.09.25-09.07.47:809][  0]LogPakFile: OnPakFileMounted2Time == 0.000192
[2023.09.25-09.07.47:810][  0]LogPakFile: PakFile PrimaryIndexSize=185
[2023.09.25-09.07.47:810][  0]LogPakFile: PakFile PathHashIndexSize=101
[2023.09.25-09.07.47:810][  0]LogPakFile: PakFile FullDirectoryIndexSize=144
[2023.09.25-09.07.47:810][  0]LogShaderLibrary: Display: ShaderCodeLibraryPakFileMountedCallback: PakFile 'C:/Program Files/Epic Games/UE_4.27/FeaturePacks/TP_TwinStick.upack' (chunk index -1, root 'root:/') mounted
[2023.09.25-09.07.47:810][  0]LogShaderLibrary: Display: ShaderCodeLibraryPakFileMountedCallback: pending pak file info (ChunkID:-1 Root:root:/ File:C:/Program Files/Epic Games/UE_4.27/FeaturePacks/TP_TwinStick.upack)
[2023.09.25-09.07.47:810][  0]LogPakFile: OnPakFileMounted2Time == 0.000174
[2023.09.25-09.07.47:810][  0]LogPakFile: PakFile PrimaryIndexSize=187
[2023.09.25-09.07.47:810][  0]LogPakFile: PakFile PathHashIndexSize=101
[2023.09.25-09.07.47:810][  0]LogPakFile: PakFile FullDirectoryIndexSize=148
[2023.09.25-09.07.47:810][  0]LogShaderLibrary: Display: ShaderCodeLibraryPakFileMountedCallback: PakFile 'C:/Program Files/Epic Games/UE_4.27/FeaturePacks/TP_TwinStickBP.upack' (chunk index -1, root 'root:/') mounted
[2023.09.25-09.07.47:810][  0]LogShaderLibrary: Display: ShaderCodeLibraryPakFileMountedCallback: pending pak file info (ChunkID:-1 Root:root:/ File:C:/Program Files/Epic Games/UE_4.27/FeaturePacks/TP_TwinStickBP.upack)
[2023.09.25-09.07.47:810][  0]LogPakFile: OnPakFileMounted2Time == 0.000169
[2023.09.25-09.07.47:811][  0]LogPakFile: PakFile PrimaryIndexSize=183
[2023.09.25-09.07.47:812][  0]LogPakFile: PakFile PathHashIndexSize=101
[2023.09.25-09.07.47:812][  0]LogPakFile: PakFile FullDirectoryIndexSize=140
[2023.09.25-09.07.47:812][  0]LogShaderLibrary: Display: ShaderCodeLibraryPakFileMountedCallback: PakFile 'C:/Program Files/Epic Games/UE_4.27/FeaturePacks/TP_Vehicle.upack' (chunk index -1, root 'root:/') mounted
[2023.09.25-09.07.47:812][  0]LogShaderLibrary: Display: ShaderCodeLibraryPakFileMountedCallback: pending pak file info (ChunkID:-1 Root:root:/ File:C:/Program Files/Epic Games/UE_4.27/FeaturePacks/TP_Vehicle.upack)
[2023.09.25-09.07.47:812][  0]LogPakFile: OnPakFileMounted2Time == 0.000196
[2023.09.25-09.07.47:813][  0]LogPakFile: PakFile PrimaryIndexSize=186
[2023.09.25-09.07.47:813][  0]LogPakFile: PakFile PathHashIndexSize=101
[2023.09.25-09.07.47:813][  0]LogPakFile: PakFile FullDirectoryIndexSize=146
[2023.09.25-09.07.47:813][  0]LogShaderLibrary: Display: ShaderCodeLibraryPakFileMountedCallback: PakFile 'C:/Program Files/Epic Games/UE_4.27/FeaturePacks/TP_VehicleAdv.upack' (chunk index -1, root 'root:/') mounted
[2023.09.25-09.07.47:813][  0]LogShaderLibrary: Display: ShaderCodeLibraryPakFileMountedCallback: pending pak file info (ChunkID:-1 Root:root:/ File:C:/Program Files/Epic Games/UE_4.27/FeaturePacks/TP_VehicleAdv.upack)
[2023.09.25-09.07.47:813][  0]LogPakFile: OnPakFileMounted2Time == 0.000205
[2023.09.25-09.07.47:814][  0]LogPakFile: PakFile PrimaryIndexSize=188
[2023.09.25-09.07.47:814][  0]LogPakFile: PakFile PathHashIndexSize=101
[2023.09.25-09.07.47:814][  0]LogPakFile: PakFile FullDirectoryIndexSize=150
[2023.09.25-09.07.47:814][  0]LogShaderLibrary: Display: ShaderCodeLibraryPakFileMountedCallback: PakFile 'C:/Program Files/Epic Games/UE_4.27/FeaturePacks/TP_VehicleAdvBP.upack' (chunk index -1, root 'root:/') mounted
[2023.09.25-09.07.47:814][  0]LogShaderLibrary: Display: ShaderCodeLibraryPakFileMountedCallback: pending pak file info (ChunkID:-1 Root:root:/ File:C:/Program Files/Epic Games/UE_4.27/FeaturePacks/TP_VehicleAdvBP.upack)
[2023.09.25-09.07.47:815][  0]LogPakFile: OnPakFileMounted2Time == 0.000187
[2023.09.25-09.07.47:815][  0]LogPakFile: PakFile PrimaryIndexSize=185
[2023.09.25-09.07.47:815][  0]LogPakFile: PakFile PathHashIndexSize=101
[2023.09.25-09.07.47:816][  0]LogPakFile: PakFile FullDirectoryIndexSize=144
[2023.09.25-09.07.47:816][  0]LogShaderLibrary: Display: ShaderCodeLibraryPakFileMountedCallback: PakFile 'C:/Program Files/Epic Games/UE_4.27/FeaturePacks/TP_VehicleBP.upack' (chunk index -1, root 'root:/') mounted
[2023.09.25-09.07.47:816][  0]LogShaderLibrary: Display: ShaderCodeLibraryPakFileMountedCallback: pending pak file info (ChunkID:-1 Root:root:/ File:C:/Program Files/Epic Games/UE_4.27/FeaturePacks/TP_VehicleBP.upack)
[2023.09.25-09.07.47:816][  0]LogPakFile: OnPakFileMounted2Time == 0.000233
[2023.09.25-09.07.47:817][  0]LogPakFile: PakFile PrimaryIndexSize=192
[2023.09.25-09.07.47:817][  0]LogPakFile: PakFile PathHashIndexSize=101
[2023.09.25-09.07.47:817][  0]LogPakFile: PakFile FullDirectoryIndexSize=158
[2023.09.25-09.07.47:817][  0]LogShaderLibrary: Display: ShaderCodeLibraryPakFileMountedCallback: PakFile 'C:/Program Files/Epic Games/UE_4.27/FeaturePacks/TP_VirtualRealityBP.upack' (chunk index -1, root 'root:/') mounted
[2023.09.25-09.07.47:817][  0]LogShaderLibrary: Display: ShaderCodeLibraryPakFileMountedCallback: pending pak file info (ChunkID:-1 Root:root:/ File:C:/Program Files/Epic Games/UE_4.27/FeaturePacks/TP_VirtualRealityBP.upack)
[2023.09.25-09.07.47:817][  0]LogPakFile: OnPakFileMounted2Time == 0.000191
[2023.09.25-09.07.47:884][  0]LogNativeClassHierarchy: Verbose: Native class hierarchy updated for 'AddContentDialog' in 0.0003 seconds. Added 0 classes and 0 folders.
[2023.09.25-09.07.47:890][  0]LogNativeClassHierarchy: Verbose: Native class hierarchy updated for 'SceneOutliner' in 0.0003 seconds. Added 2 classes and 0 folders.
[2023.09.25-09.07.48:041][  0]LogSlate: Took 0.000254 seconds to synchronously load lazily loaded font '../../../Engine/Content/Slate/Fonts/Roboto-Regular.ttf' (155K)
[2023.09.25-09.07.48:042][  0]LogSlate: Took 0.000269 seconds to synchronously load lazily loaded font '../../../Engine/Content/Editor/Slate/Fonts/FontAwesome.ttf' (139K)
[2023.09.25-09.07.48:044][  0]LogSlate: Took 0.000205 seconds to synchronously load lazily loaded font '../../../Engine/Content/Slate/Fonts/Roboto-Bold.ttf' (160K)
[2023.09.25-09.07.48:173][  0]LogRenderer: Reallocating scene render targets to support 1216x572 Format 10 NumSamples 1 (Frame:1).
[2023.09.25-09.07.48:237][  0]LogSlate: Took 0.000175 seconds to synchronously load lazily loaded font '../../../Engine/Content/Slate/Fonts/Roboto-Light.ttf' (167K)
[2023.09.25-09.07.48:337][  0]LogNativeClassHierarchy: Verbose: Native class hierarchy updated for 'HierarchicalLODOutliner' in 0.0003 seconds. Added 0 classes and 0 folders.
[2023.09.25-09.07.48:338][  0]LogLoad: (Engine Initialization) Total time: 13.49 seconds
[2023.09.25-09.07.48:338][  0]LogLoad: (Engine Initialization) Total Blueprint compile time: 0.00 seconds
[2023.09.25-09.07.48:466][  0]LogContentStreaming: Texture pool size now 1000 MB
[2023.09.25-09.07.48:499][  1]LogAssetRegistry: Asset discovery search completed in 6.5060 seconds
[2023.09.25-09.07.48:507][  1]LogCollectionManager: Fixed up redirectors for 0 collections in 0.000005 seconds (updated 0 objects)
[2023.09.25-09.07.51:206][106]LogTemp: Repeating last play command: Selected Viewport
[2023.09.25-09.07.51:212][106]LogPlayLevel: PlayLevel: No blueprints needed recompiling
[2023.09.25-09.07.51:213][106]PIE: New page: PIE session: Minimal_Default (Sep 25, 2023, 1:07:51 PM)
[2023.09.25-09.07.51:217][106]LogOnline: OSS: Creating online subsystem instance for: NULL
[2023.09.25-09.07.51:220][106]LogOnline: OSS: TryLoadSubsystemAndSetDefault: Loaded subsystem for module [NULL]
[2023.09.25-09.07.51:221][106]LogPlayLevel: Creating play world package: /Game/StarterContent/Maps/UEDPIE_0_Minimal_Default
[2023.09.25-09.07.51:225][106]LogPlayLevel: PIE: StaticDuplicateObject took: (0.003856s)
[2023.09.25-09.07.51:226][106]LogAIModule: Creating AISystem for world Minimal_Default
[2023.09.25-09.07.51:226][106]LogPlayLevel: PIE: World Init took: (0.001696s)
[2023.09.25-09.07.51:226][106]LogPlayLevel: PIE: Created PIE world by copying editor world from /Game/StarterContent/Maps/Minimal_Default.Minimal_Default to /Game/StarterContent/Maps/UEDPIE_0_Minimal_Default.Minimal_Default (0.006155s)
[2023.09.25-09.07.51:236][106]LogUObjectHash: Compacting FUObjectHashTables data took   0.74ms
[2023.09.25-09.07.51:236][106]LogAudio: Display: Creating Audio Device:                 Id: 2, Scope: Unique, Realtime: True
[2023.09.25-09.07.51:237][106]LogAudioMixer: Display: Audio Mixer Platform Settings:
[2023.09.25-09.07.51:237][106]LogAudioMixer: Display: 	Sample Rate:						  48000
[2023.09.25-09.07.51:237][106]LogAudioMixer: Display: 	Callback Buffer Frame Size Requested: 1024
[2023.09.25-09.07.51:237][106]LogAudioMixer: Display: 	Callback Buffer Frame Size To Use:	  1024
[2023.09.25-09.07.51:237][106]LogAudioMixer: Display: 	Number of buffers to queue:			  2
[2023.09.25-09.07.51:237][106]LogAudioMixer: Display: 	Max Channels (voices):				  32
[2023.09.25-09.07.51:237][106]LogAudioMixer: Display: 	Number of Async Source Workers:		  0
[2023.09.25-09.07.51:237][106]LogAudio: Display: AudioDevice MaxSources: 32
[2023.09.25-09.07.51:238][106]LogAudio: Display: Audio Spatialization Plugin: None (built-in).
[2023.09.25-09.07.51:238][106]LogAudio: Display: Audio Reverb Plugin: None (built-in).
[2023.09.25-09.07.51:238][106]LogAudio: Display: Audio Occlusion Plugin: None (built-in).
[2023.09.25-09.07.51:238][106]LogAudioMixer: Display: Initializing audio mixer.
[2023.09.25-09.07.51:241][106]LogAudioMixer: Display: 0: FrontLeft
[2023.09.25-09.07.51:241][106]LogAudioMixer: Display: 1: FrontRight
[2023.09.25-09.07.51:254][106]LogAudioMixer: Display: Using Audio Device Headphones (2- High Definition Audio Device)
[2023.09.25-09.07.51:254][106]LogAudioMixer: Display: Initializing Sound Submixes...
[2023.09.25-09.07.51:254][106]LogAudioMixer: Display: Creating Master Submix 'MasterSubmixDefault'
[2023.09.25-09.07.51:254][106]LogAudioMixer: Display: Creating Master Submix 'MasterReverbSubmixDefault'
[2023.09.25-09.07.51:255][106]LogAudioMixer: Display: Creating Master Submix 'MasterEQSubmixDefault'
[2023.09.25-09.07.51:255][106]LogAudioMixer: FMixerPlatformXAudio2::StartAudioStream() called
[2023.09.25-09.07.51:255][106]LogAudioMixer: Display: Output buffers initialized: Frames=1024, Channels=2, Samples=2048
[2023.09.25-09.07.51:257][106]LogAudioMixer: Display: Starting AudioMixerPlatformInterface::RunInternal()
[2023.09.25-09.07.51:257][106]LogAudioMixer: Display: FMixerPlatformXAudio2::SubmitBuffer() called for the first time
[2023.09.25-09.07.51:258][106]LogInit: FAudioDevice initialized.
[2023.09.25-09.07.51:258][106]LogAudio: Display: Audio Device (ID: 2) registered with world 'Minimal_Default'.
[2023.09.25-09.07.51:272][106]LogLoad: Game class is 'BP_PingPongGameModeBase_C'
[2023.09.25-09.07.51:274][106]LogWorld: Bringing World /Game/StarterContent/Maps/UEDPIE_0_Minimal_Default.Minimal_Default up for play (max tick rate 60) at 2023.09.25-11.07.51
[2023.09.25-09.07.51:275][106]LogWorld: Bringing up level for play took: 0.000926
[2023.09.25-09.07.51:275][106]LogOnline: OSS: Creating online subsystem instance for: :Context_3
[2023.09.25-09.07.51:280][106]LogNativeClassHierarchy: Verbose: Native class hierarchy updated for 'MovieSceneCapture' in 0.0004 seconds. Added 20 classes and 0 folders.
[2023.09.25-09.07.51:281][106]LogTemp: Warning: Begin
[2023.09.25-09.07.51:282][106]LogNet: Replicat