Log file open, 09/25/23 11:55:43
LogWindows: Failed to load 'aqProf.dll' (GetLastError=126)
LogWindows: File 'aqProf.dll' does not exist
LogWindows: Failed to load 'VtuneApi.dll' (GetLastError=126)
LogWindows: File 'VtuneApi.dll' does not exist
LogWindows: Failed to load 'VtuneApi32e.dll' (GetLastError=126)
LogWindows: File 'VtuneApi32e.dll' does not exist
LogConsoleResponse: Display: Failed to find resolution value strings in scalability ini. Falling back to default.
LogConsoleResponse: Display: Failed to find resolution value strings in scalability ini. Falling back to default.
LogInit: Display: Running engine for game: PingPong
LogPlatformFile: Not using cached read wrapper
LogTaskGraph: Started task graph with 5 named threads and 23 total threads with 3 sets of task threads.
LogStats: Stats thread started at 0.471359
LogICUInternationalization: ICU TimeZone Detection - Raw Offset: +1:00, Platform Override: ''
LogInit: Display: Loading text-based GConfig....
LogPluginManager: Mounting plugin MeshPainting
LogPluginManager: Mounting plugin XGEController
LogPluginManager: Mounting plugin AISupport
LogPluginManager: Mounting plugin Paper2D
LogPluginManager: Mounting plugin EnvironmentQueryEditor
LogPluginManager: Mounting plugin LiveLink
LogPluginManager: Mounting plugin LightPropagationVolume
LogPluginManager: Mounting plugin CameraShakePreviewer
LogPluginManager: Mounting plugin GameplayCameras
LogPluginManager: Mounting plugin OodleData
LogPluginManager: Mounting plugin OodleNetwork
LogPluginManager: Mounting plugin CLionSourceCodeAccess
LogPluginManager: Mounting plugin CodeLiteSourceCodeAccess
LogPluginManager: Mounting plugin GitSourceControl
LogPluginManager: Mounting plugin KDevelopSourceCodeAccess
LogPluginManager: Mounting plugin NullSourceCodeAccess
LogPluginManager: Mounting plugin PerforceSourceControl
LogPluginManager: Mounting plugin PixWinPlugin
LogPluginManager: Mounting plugin PlasticSourceControl
LogPluginManager: Mounting plugin PluginUtils
LogPluginManager: Mounting plugin PropertyAccessNode
LogPluginManager: Mounting plugin RiderSourceCodeAccess
LogPluginManager: Mounting plugin SubversionSourceControl
LogPluginManager: Mounting plugin TextureFormatOodle
LogPluginManager: Mounting plugin UObjectPlugin
LogPluginManager: Mounting plugin VisualStudioCodeSourceCodeAccess
LogPluginManager: Mounting plugin VisualStudioSourceCodeAccess
LogPluginManager: Mounting plugin XCodeSourceCodeAccess
LogPluginManager: Mounting plugin AssetManagerEditor
LogPluginManager: Mounting plugin CryptoKeys
LogPluginManager: Mounting plugin CurveEditorTools
LogPluginManager: Mounting plugin DataValidation
LogPluginManager: Mounting plugin FacialAnimation
LogPluginManager: Mounting plugin GameplayTagsEditor
LogPluginManager: Mounting plugin GeometryMode
LogPluginManager: Mounting plugin MacGraphicsSwitching
LogPluginManager: Mounting plugin MaterialAnalyzer
LogPluginManager: Mounting plugin MobileLauncherProfileWizard
LogPluginManager: Mounting plugin PluginBrowser
LogPluginManager: Mounting plugin SpeedTreeImporter
LogPluginManager: Mounting plugin DatasmithContent
LogPluginManager: Mounting plugin VariantManagerContent
LogPluginManager: Mounting plugin AlembicImporter
LogPluginManager: Mounting plugin AnimationSharing
LogPluginManager: Mounting plugin AutomationUtils
LogPluginManager: Mounting plugin BackChannel
LogPluginManager: Mounting plugin ChaosCloth
LogPluginManager: Mounting plugin ChaosClothEditor
LogPluginManager: Mounting plugin ChaosNiagara
LogPluginManager: Mounting plugin ChaosEditor
LogPluginManager: Mounting plugin ChaosSolverPlugin
LogPluginManager: Mounting plugin CharacterAI
LogPluginManager: Mounting plugin GeometryCache
LogPluginManager: Mounting plugin GeometryCollectionPlugin
LogPluginManager: Mounting plugin GeometryProcessing
LogPluginManager: Mounting plugin MotoSynth
LogPluginManager: Mounting plugin OpenImageDenoise
LogPluginManager: Mounting plugin PlanarCut
LogPluginManager: Mounting plugin ProxyLODPlugin
LogPluginManager: Mounting plugin PlatformCrypto
LogPluginManager: Mounting plugin PythonScriptPlugin
LogPluginManager: Mounting plugin SkeletalReduction
LogPluginManager: Mounting plugin Niagara
LogPluginManager: Mounting plugin MagicLeap
LogPluginManager: Mounting plugin MagicLeapLightEstimation
LogPluginManager: Mounting plugin MagicLeapMedia
LogPluginManager: Mounting plugin LuminPlatformFeatures
LogPluginManager: Mounting plugin MagicLeapPassableWorld
LogPluginManager: Mounting plugin MLSDK
LogPluginManager: Mounting plugin AndroidMedia
LogPluginManager: Mounting plugin AvfMedia
LogPluginManager: Mounting plugin ImgMedia
LogPluginManager: Mounting plugin MediaCompositing
LogPluginManager: Mounting plugin MediaPlayerEditor
LogPluginManager: Mounting plugin WebMMedia
LogPluginManager: Mounting plugin WmfMedia
LogPluginManager: Mounting plugin TcpMessaging
LogPluginManager: Mounting plugin UdpMessaging
LogPluginManager: Mounting plugin ActorSequence
LogPluginManager: Mounting plugin LevelSequenceEditor
LogPluginManager: Mounting plugin MatineeToLevelSequence
LogPluginManager: Mounting plugin TemplateSequence
LogPluginManager: Mounting plugin OnlineSubsystem
LogPluginManager: Mounting plugin OnlineSubsystemNull
LogPluginManager: Mounting plugin OnlineSubsystemUtils
LogPluginManager: Mounting plugin LauncherChunkInstaller
LogPluginManager: Mounting plugin ActorLayerUtilities
LogPluginManager: Mounting plugin AndroidDeviceProfileSelector
LogPluginManager: Mounting plugin AndroidMoviePlayer
LogPluginManager: Mounting plugin AndroidPermission
LogPluginManager: Mounting plugin AppleMoviePlayer
LogPluginManager: Mounting plugin AppleImageUtils
LogPluginManager: Mounting plugin ArchVisCharacter
LogPluginManager: Mounting plugin AssetTags
LogPluginManager: Mounting plugin CableComponent
LogPluginManager: Mounting plugin AudioSynesthesia
LogPluginManager: Mounting plugin ChunkDownloader
LogPluginManager: Mounting plugin CustomMeshComponent
LogPluginManager: Mounting plugin EditableMesh
LogPluginManager: Mounting plugin ExampleDeviceProfileSelector
LogPluginManager: Mounting plugin GoogleCloudMessaging
LogPluginManager: Mounting plugin GooglePAD
LogPluginManager: Mounting plugin IOSDeviceProfileSelector
LogPluginManager: Mounting plugin LinuxDeviceProfileSelector
LogPluginManager: Mounting plugin LocationServicesBPLibrary
LogPluginManager: Mounting plugin AudioCapture
LogPluginManager: Mounting plugin OpenXR
LogPluginManager: Mounting plugin OpenXREyeTracker
LogPluginManager: Mounting plugin PhysXVehicles
LogPluginManager: Mounting plugin PostSplashScreen
LogPluginManager: Mounting plugin ProceduralMeshComponent
LogPluginManager: Mounting plugin PropertyAccessEditor
LogPluginManager: Mounting plugin RuntimePhysXCooking
LogPluginManager: Mounting plugin SoundFields
LogPluginManager: Mounting plugin OpenXRHandTracking
LogPluginManager: Mounting plugin Synthesis
LogPluginManager: Mounting plugin WebMMoviePlayer
LogPluginManager: Mounting plugin WindowsMoviePlayer
LogPluginManager: Mounting plugin ScreenshotTools
LogPluginManager: Mounting plugin Takes
LogPluginManager: Mounting plugin SignificanceManager
LogPluginManager: Mounting plugin MobilePatchingUtils
LogPluginManager: Mounting plugin ContentBrowserAssetDataSource
LogPluginManager: Mounting plugin ContentBrowserClassDataSource
LogPluginManager: Mounting plugin ContentBrowserFileDataSource
LogPluginManager: Mounting plugin OnlineSubsystemGooglePlay
LogPluginManager: Mounting plugin OnlineSubsystemIOS
LogPluginManager: Mounting plugin OculusVR
LogPluginManager: Mounting plugin SteamVR
PixWinPlugin: PIX capture plugin failed to initialize! Check that the process is launched from PIX.
LogInit: Using libcurl 7.55.1-DEV
LogInit:  - built for x86_64-pc-win32
LogInit:  - supports SSL with OpenSSL/1.1.1
LogInit:  - supports HTTP deflate (compression) using libz 1.2.8
LogInit:  - other features:
LogInit:      CURL_VERSION_SSL
LogInit:      CURL_VERSION_LIBZ
LogInit:      CURL_VERSION_IPV6
LogInit:      CURL_VERSION_ASYNCHDNS
LogInit:      CURL_VERSION_LARGEFILE
LogInit:      CURL_VERSION_IDN
LogInit:  CurlRequestOptions (configurable via config and command line):
LogInit:  - bVerifyPeer = true  - Libcurl will verify peer certificate
LogInit:  - bUseHttpProxy = false  - Libcurl will NOT use HTTP proxy
LogInit:  - bDontReuseConnections = false  - Libcurl will reuse connections
LogInit:  - MaxHostConnections = 16  - Libcurl will limit the number of connections to a host
LogInit:  - LocalHostAddr = Default
LogInit:  - BufferSize = 65536
LogOnline: OSS: Creating online subsystem instance for: NULL
LogInit: WinSock: version 1.1 (2.2), MaxSocks=32767, MaxUdp=65467
LogOnline: OSS: TryLoadSubsystemAndSetDefault: Loaded subsystem for module [NULL]
LogOculusPluginWrapper: OculusPlugin initialized successfully
LogHMD: Failed initializing OVRPlugin 1.59.0
LogInit: Build: ++UE4+Release-4.27-CL-18319896
LogInit: Engine Version: 4.27.2-18319896+++UE4+Release-4.27
LogInit: Compatible Engine Version: 4.27.0-17155196+++UE4+Release-4.27
LogInit: Net CL: 17155196
LogInit: OS: Windows 10 (Release 2009) (), CPU: Intel(R) Core(TM) i5-8250U CPU @ 1.60GHz, GPU: Intel(R) UHD Graphics 620
LogInit: Compiled (64-bit): Nov 30 2021 07:12:08
LogInit: Compiled with Visual C++: 19.24.28315.00
LogInit: Build Configuration: Development
LogInit: Branch Name: ++UE4+Release-4.27
LogInit: Command Line:  -skipcompile
LogInit: Base Directory: C:/Program Files/Epic Games/UE_4.27/Engine/Binaries/Win64/
LogInit: Allocator: TBB
LogInit: Installed Engine Build: 1
LogDevObjectVersion: Number of dev versions registered: 29
LogDevObjectVersion:   Dev-Blueprints (B0D832E4-1F89-4F0D-ACCF-7EB736FD4AA2): 10
LogDevObjectVersion:   Dev-Build (E1C64328-A22C-4D53-A36C-8E866417BD8C): 0
LogDevObjectVersion:   Dev-Core (375EC13C-06E4-48FB-B500-84F0262A717E): 4
LogDevObjectVersion:   Dev-Editor (E4B068ED-F494-42E9-A231-DA0B2E46BB41): 40
LogDevObjectVersion:   Dev-Framework (CFFC743F-43B0-4480-9391-14DF171D2073): 37
LogDevObjectVersion:   Dev-Mobile (B02B49B5-BB20-44E9-A304-32B752E40360): 3
LogDevObjectVersion:   Dev-Networking (A4E4105C-59A1-49B5-A7C5-40C4547EDFEE): 0
LogDevObjectVersion:   Dev-Online (39C831C9-5AE6-47DC-9A44-9C173E1C8E7C): 0
LogDevObjectVersion:   Dev-Physics (78F01B33-EBEA-4F98-B9B4-84EACCB95AA2): 14
LogDevObjectVersion:   Dev-Platform (6631380F-2D4D-43E0-8009-CF276956A95A): 0
LogDevObjectVersion:   Dev-Rendering (12F88B9F-8875-4AFC-A67C-D90C383ABD29): 45
LogDevObjectVersion:   Dev-Sequencer (7B5AE74C-D270-4C10-A958-57980B212A5A): 13
LogDevObjectVersion:   Dev-VR (D7296918-1DD6-4BDD-9DE2-64A83CC13884): 3
LogDevObjectVersion:   Dev-LoadTimes (C2A15278-BFE7-4AFE-6C17-90FF531DF755): 1
LogDevObjectVersion:   Private-Geometry (6EACA3D4-40EC-4CC1-B786-8BED09428FC5): 3
LogDevObjectVersion:   Dev-AnimPhys (29E575DD-E0A3-4627-9D10-D276232CDCEA): 17
LogDevObjectVersion:   Dev-Anim (AF43A65D-7FD3-4947-9873-3E8ED9C1BB05): 15
LogDevObjectVersion:   Dev-ReflectionCapture (6B266CEC-1EC7-4B8F-A30B-E4D90942FC07): 1
LogDevObjectVersion:   Dev-Automation (0DF73D61-A23F-47EA-B727-89E90C41499A): 1
LogDevObjectVersion:   FortniteMain (601D1886-AC64-4F84-AA16-D3DE0DEAC7D6): 47
LogDevObjectVersion:   FortniteRelease (E7086368-6B23-4C58-8439-1B7016265E91): 1
LogDevObjectVersion:   Dev-Enterprise (9DFFBCD6-494F-0158-E221-12823C92A888): 10
LogDevObjectVersion:   Dev-Niagara (F2AED0AC-9AFE-416F-8664-AA7FFA26D6FC): 1
LogDevObjectVersion:   Dev-Destruction (174F1F0B-B4C6-45A5-B13F-2EE8D0FB917D): 10
LogDevObjectVersion:   Dev-Physics-Ext (35F94A83-E258-406C-A318-09F59610247C): 41
LogDevObjectVersion:   Dev-PhysicsMaterial-Chaos (B68FC16E-8B1B-42E2-B453-215C058844FE): 1
LogDevObjectVersion:   Dev-CineCamera (B2E18506-4273-CFC2-A54E-F4BB758BBA07): 1
LogDevObjectVersion:   Dev-VirtualProduction (64F58936-FD1B-42BA-BA96-7289D5D0FA4E): 1
LogDevObjectVersion:   Dev-MediaFramework (6F0ED827-A609-4895-9C91-998D90180EA4): 2
LogInit: Presizing for max 25165824 objects, including 0 objects not considered by GC, pre-allocating 0 bytes for permanent pool.
LogConfig: Applying CVar settings from Section [/Script/Engine.StreamingSettings] File [C:/Unreal/Multiplayer_PingPong_Unreal/PingPong/Saved/Config/Windows/Engine.ini]
LogConfig: Setting CVar [[s.MinBulkDataSizeForAsyncLoading:131072]]
LogConfig: Setting CVar [[s.AsyncLoadingThreadEnabled:0]]
LogConfig: Setting CVar [[s.EventDrivenLoaderEnabled:1]]
LogConfig: Setting CVar [[s.WarnIfTimeLimitExceeded:0]]
LogConfig: Setting CVar [[s.TimeLimitExceededMultiplier:1.5]]
LogConfig: Setting CVar [[s.TimeLimitExceededMinTime:0.005]]
LogConfig: Setting CVar [[s.UseBackgroundLevelStreaming:1]]
LogConfig: Setting CVar [[s.PriorityAsyncLoadingExtraTime:15.0]]
LogConfig: Setting CVar [[s.LevelStreamingActorsUpdateTimeLimit:5.0]]
LogConfig: Setting CVar [[s.PriorityLevelStreamingActorsUpdateExtraTime:5.0]]
LogConfig: Setting CVar [[s.LevelStreamingComponentsRegistrationGranularity:10]]
LogConfig: Setting CVar [[s.UnregisterComponentsTimeLimit:1.0]]
LogConfig: Setting CVar [[s.LevelStreamingComponentsUnregistrationGranularity:5]]
LogConfig: Setting CVar [[s.FlushStreamingOnExit:1]]
LogInit: Object subsystem initialized
LogConfig: Setting CVar [[con.DebugEarlyDefault:1]]
LogConfig: Setting CVar [[r.setres:1280x720]]
[2023.09.25-09.55.45:089][  0]LogConfig: Setting CVar [[r.VSync:0]]
[2023.09.25-09.55.45:089][  0]LogConfig: Setting CVar [[r.RHICmdBypass:0]]
[2023.09.25-09.55.45:089][  0]LogConfig: Applying CVar settings from Section [/Script/Engine.RendererSettings] File [C:/Unreal/Multiplayer_PingPong_Unreal/PingPong/Saved/Config/Windows/Engine.ini]
[2023.09.25-09.55.45:089][  0]LogConfig: Setting CVar [[r.GPUCrashDebugging:0]]
[2023.09.25-09.55.45:090][  0]LogConfig: Applying CVar settings from Section [/Script/Engine.RendererOverrideSettings] File [C:/Unreal/Multiplayer_PingPong_Unreal/PingPong/Saved/Config/Windows/Engine.ini]
[2023.09.25-09.55.45:090][  0]LogConfig: Applying CVar settings from Section [/Script/Engine.StreamingSettings] File [C:/Unreal/Multiplayer_PingPong_Unreal/PingPong/Saved/Config/Windows/Engine.ini]
[2023.09.25-09.55.45:090][  0]LogConfig: Setting CVar [[s.MinBulkDataSizeForAsyncLoading:131072]]
[2023.09.25-09.55.45:090][  0]LogConfig: Setting CVar [[s.AsyncLoadingThreadEnabled:0]]
[2023.09.25-09.55.45:090][  0]LogConfig: Setting CVar [[s.EventDrivenLoaderEnabled:1]]
[2023.09.25-09.55.45:090][  0]LogConfig: Setting CVar [[s.WarnIfTimeLimitExceeded:0]]
[2023.09.25-09.55.45:090][  0]LogConfig: Setting CVar [[s.TimeLimitExceededMultiplier:1.5]]
[2023.09.25-09.55.45:090][  0]LogConfig: Setting CVar [[s.TimeLimitExceededMinTime:0.005]]
[2023.09.25-09.55.45:090][  0]LogConfig: Setting CVar [[s.UseBackgroundLevelStreaming:1]]
[2023.09.25-09.55.45:090][  0]LogConfig: Setting CVar [[s.PriorityAsyncLoadingExtraTime:15.0]]
[2023.09.25-09.55.45:090][  0]LogConfig: Setting CVar [[s.LevelStreamingActorsUpdateTimeLimit:5.0]]
[2023.09.25-09.55.45:090][  0]LogConfig: Setting CVar [[s.PriorityLevelStreamingActorsUpdateExtraTime:5.0]]
[2023.09.25-09.55.45:090][  0]LogConfig: Setting CVar [[s.LevelStreamingComponentsRegistrationGranularity:10]]
[2023.09.25-09.55.45:090][  0]LogConfig: Setting CVar [[s.UnregisterComponentsTimeLimit:1.0]]
[2023.09.25-09.55.45:090][  0]LogConfig: Setting CVar [[s.LevelStreamingComponentsUnregistrationGranularity:5]]
[2023.09.25-09.55.45:090][  0]LogConfig: Setting CVar [[s.FlushStreamingOnExit:1]]
[2023.09.25-09.55.45:090][  0]LogConfig: Applying CVar settings from Section [/Script/Engine.GarbageCollectionSettings] File [C:/Unreal/Multiplayer_PingPong_Unreal/PingPong/Saved/Config/Windows/Engine.ini]
[2023.09.25-09.55.45:091][  0]LogConfig: Setting CVar [[gc.MaxObjectsNotConsideredByGC:1]]
[2023.09.25-09.55.45:091][  0]LogConfig: Setting CVar [[gc.SizeOfPermanentObjectPool:0]]
[2023.09.25-09.55.45:091][  0]LogConfig: Setting CVar [[gc.FlushStreamingOnGC:0]]
[2023.09.25-09.55.45:091][  0]LogConfig: Setting CVar [[gc.NumRetriesBeforeForcingGC:10]]
[2023.09.25-09.55.45:091][  0]LogConfig: Setting CVar [[gc.AllowParallelGC:1]]
[2023.09.25-09.55.45:091][  0]LogConfig: Setting CVar [[gc.TimeBetweenPurgingPendingKillObjects:61.1]]
[2023.09.25-09.55.45:091][  0]LogConfig: Setting CVar [[gc.MaxObjectsInEditor:25165824]]
[2023.09.25-09.55.45:091][  0]LogConfig: Setting CVar [[gc.IncrementalBeginDestroyEnabled:1]]
[2023.09.25-09.55.45:091][  0]LogConfig: Setting CVar [[gc.CreateGCClusters:1]]
[2023.09.25-09.55.45:091][  0]LogConfig: Setting CVar [[gc.MinGCClusterSize:5]]
[2023.09.25-09.55.45:091][  0]LogConfig: Setting CVar [[gc.ActorClusteringEnabled:0]]
[2023.09.25-09.55.45:091][  0]LogConfig: Setting CVar [[gc.BlueprintClusteringEnabled:0]]
[2023.09.25-09.55.45:091][  0]LogConfig: Setting CVar [[gc.UseDisregardForGCOnDedicatedServers:0]]
[2023.09.25-09.55.45:091][  0]LogConfig: Setting CVar [[gc.MultithreadedDestructionEnabled:1]]
[2023.09.25-09.55.45:091][  0]LogConfig: Applying CVar settings from Section [/Script/Engine.NetworkSettings] File [C:/Unreal/Multiplayer_PingPong_Unreal/PingPong/Saved/Config/Windows/Engine.ini]
[2023.09.25-09.55.45:091][  0]LogConfig: Applying CVar settings from Section [/Script/UnrealEd.CookerSettings] File [C:/Unreal/Multiplayer_PingPong_Unreal/PingPong/Saved/Config/Windows/Engine.ini]
[2023.09.25-09.55.45:127][  0]LogConfig: Applying CVar settings from Section [ViewDistanceQuality@3] File [C:/Unreal/Multiplayer_PingPong_Unreal/PingPong/Saved/Config/Windows/Scalability.ini]
[2023.09.25-09.55.45:128][  0]LogConfig: Setting CVar [[r.SkeletalMeshLODBias:0]]
[2023.09.25-09.55.45:128][  0]LogConfig: Setting CVar [[r.ViewDistanceScale:1.0]]
[2023.09.25-09.55.45:128][  0]LogConfig: Applying CVar settings from Section [AntiAliasingQuality@3] File [C:/Unreal/Multiplayer_PingPong_Unreal/PingPong/Saved/Config/Windows/Scalability.ini]
[2023.09.25-09.55.45:128][  0]LogConfig: Setting CVar [[r.PostProcessAAQuality:4]]
[2023.09.25-09.55.45:128][  0]LogConfig: Applying CVar settings from Section [ShadowQuality@3] File [C:/Unreal/Multiplayer_PingPong_Unreal/PingPong/Saved/Config/Windows/Scalability.ini]
[2023.09.25-09.55.45:128][  0]LogConfig: Setting CVar [[r.LightFunctionQuality:1]]
[2023.09.25-09.55.45:128][  0]LogConfig: Setting CVar [[r.ShadowQuality:5]]
[2023.09.25-09.55.45:128][  0]LogConfig: Setting CVar [[r.Shadow.CSM.MaxCascades:10]]
[2023.09.25-09.55.45:128][  0]LogConfig: Setting CVar [[r.Shadow.MaxResolution:2048]]
[2023.09.25-09.55.45:128][  0]LogConfig: Setting CVar [[r.Shadow.MaxCSMResolution:2048]]
[2023.09.25-09.55.45:129][  0]LogConfig: Setting CVar [[r.Shadow.RadiusThreshold:0.01]]
[2023.09.25-09.55.45:129][  0]LogConfig: Setting CVar [[r.Shadow.DistanceScale:1.0]]
[2023.09.25-09.55.45:129][  0]LogConfig: Setting CVar [[r.Shadow.CSM.TransitionScale:1.0]]
[2023.09.25-09.55.45:129][  0]LogConfig: Setting CVar [[r.Shadow.PreShadowResolutionFactor:1.0]]
[2023.09.25-09.55.45:129][  0]LogConfig: Setting CVar [[r.DistanceFieldShadowing:1]]
[2023.09.25-09.55.45:129][  0]LogConfig: Setting CVar [[r.DistanceFieldAO:1]]
[2023.09.25-09.55.45:129][  0]LogConfig: Setting CVar [[r.AOQuality:2]]
[2023.09.25-09.55.45:129][  0]LogConfig: Setting CVar [[r.VolumetricFog:1]]
[2023.09.25-09.55.45:129][  0]LogConfig: Setting CVar [[r.VolumetricFog.GridPixelSize:8]]
[2023.09.25-09.55.45:129][  0]LogConfig: Setting CVar [[r.VolumetricFog.GridSizeZ:128]]
[2023.09.25-09.55.45:129][  0]LogConfig: Setting CVar [[r.VolumetricFog.HistoryMissSupersampleCount:4]]
[2023.09.25-09.55.45:129][  0]LogConfig: Setting CVar [[r.LightMaxDrawDistanceScale:1]]
[2023.09.25-09.55.45:129][  0]LogConfig: Setting CVar [[r.CapsuleShadows:1]]
[2023.09.25-09.55.45:129][  0]LogConfig: Applying CVar settings from Section [PostProcessQuality@3] File [C:/Unreal/Multiplayer_PingPong_Unreal/PingPong/Saved/Config/Windows/Scalability.ini]
[2023.09.25-09.55.45:130][  0]LogConfig: Setting CVar [[r.MotionBlurQuality:4]]
[2023.09.25-09.55.45:130][  0]LogConfig: Setting CVar [[r.AmbientOcclusionMipLevelFactor:0.4]]
[2023.09.25-09.55.45:130][  0]LogConfig: Setting CVar [[r.AmbientOcclusionMaxQuality:100]]
[2023.09.25-09.55.45:130][  0]LogConfig: Setting CVar [[r.AmbientOcclusionLevels:-1]]
[2023.09.25-09.55.45:130][  0]LogConfig: Setting CVar [[r.AmbientOcclusionRadiusScale:1.0]]
[2023.09.25-09.55.45:130][  0]LogConfig: Setting CVar [[r.DepthOfFieldQuality:2]]
[2023.09.25-09.55.45:130][  0]LogConfig: Setting CVar [[r.RenderTargetPoolMin:400]]
[2023.09.25-09.55.45:130][  0]LogConfig: Setting CVar [[r.LensFlareQuality:2]]
[2023.09.25-09.55.45:130][  0]LogConfig: Setting CVar [[r.SceneColorFringeQuality:1]]
[2023.09.25-09.55.45:130][  0]LogConfig: Setting CVar [[r.EyeAdaptationQuality:2]]
[2023.09.25-09.55.45:130][  0]LogConfig: Setting CVar [[r.BloomQuality:5]]
[2023.09.25-09.55.45:130][  0]LogConfig: Setting CVar [[r.FastBlurThreshold:100]]
[2023.09.25-09.55.45:130][  0]LogConfig: Setting CVar [[r.Upscale.Quality:3]]
[2023.09.25-09.55.45:130][  0]LogConfig: Setting CVar [[r.Tonemapper.GrainQuantization:1]]
[2023.09.25-09.55.45:130][  0]LogConfig: Setting CVar [[r.LightShaftQuality:1]]
[2023.09.25-09.55.45:130][  0]LogConfig: Setting CVar [[r.Filter.SizeScale:1]]
[2023.09.25-09.55.45:130][  0]LogConfig: Setting CVar [[r.Tonemapper.Quality:5]]
[2023.09.25-09.55.45:131][  0]LogConfig: Setting CVar [[r.DOF.Gather.AccumulatorQuality:1        ; higher gathering accumulator quality]]
[2023.09.25-09.55.45:131][  0]LogConfig: Setting CVar [[r.DOF.Gather.PostfilterMethod:1          ; Median3x3 postfilering method]]
[2023.09.25-09.55.45:131][  0]LogConfig: Setting CVar [[r.DOF.Gather.EnableBokehSettings:0       ; no bokeh simulation when gathering]]
[2023.09.25-09.55.45:131][  0]LogConfig: Setting CVar [[r.DOF.Gather.RingCount:4                 ; medium number of samples when gathering]]
[2023.09.25-09.55.45:131][  0]LogConfig: Setting CVar [[r.DOF.Scatter.ForegroundCompositing:1    ; additive foreground scattering]]
[2023.09.25-09.55.45:131][  0]LogConfig: Setting CVar [[r.DOF.Scatter.BackgroundCompositing:2    ; additive background scattering]]
[2023.09.25-09.55.45:131][  0]LogConfig: Setting CVar [[r.DOF.Scatter.EnableBokehSettings:1      ; bokeh simulation when scattering]]
[2023.09.25-09.55.45:131][  0]LogConfig: Setting CVar [[r.DOF.Scatter.MaxSpriteRatio:0.1         ; only a maximum of 10% of scattered bokeh]]
[2023.09.25-09.55.45:131][  0]LogConfig: Setting CVar [[r.DOF.Recombine.Quality:1                ; cheap slight out of focus]]
[2023.09.25-09.55.45:131][  0]LogConfig: Setting CVar [[r.DOF.Recombine.EnableBokehSettings:0    ; no bokeh simulation on slight out of focus]]
[2023.09.25-09.55.45:131][  0]LogConfig: Setting CVar [[r.DOF.TemporalAAQuality:1                ; more stable temporal accumulation]]
[2023.09.25-09.55.45:131][  0]LogConfig: Setting CVar [[r.DOF.Kernel.MaxForegroundRadius:0.025]]
[2023.09.25-09.55.45:131][  0]LogConfig: Setting CVar [[r.DOF.Kernel.MaxBackgroundRadius:0.025]]
[2023.09.25-09.55.45:131][  0]LogConfig: Applying CVar settings from Section [TextureQuality@3] File [C:/Unreal/Multiplayer_PingPong_Unreal/PingPong/Saved/Config/Windows/Scalability.ini]
[2023.09.25-09.55.45:132][  0]LogConfig: Setting CVar [[r.Streaming.MipBias:0]]
[2023.09.25-09.55.45:132][  0]LogConfig: Setting CVar [[r.Streaming.AmortizeCPUToGPUCopy:0]]
[2023.09.25-09.55.45:132][  0]LogConfig: Setting CVar [[r.Streaming.MaxNumTexturesToStreamPerFrame:0]]
[2023.09.25-09.55.45:132][  0]LogConfig: Setting CVar [[r.Streaming.Boost:1]]
[2023.09.25-09.55.45:132][  0]LogConfig: Setting CVar [[r.MaxAnisotropy:8]]
[2023.09.25-09.55.45:132][  0]LogConfig: Setting CVar [[r.VT.MaxAnisotropy:8]]
[2023.09.25-09.55.45:132][  0]LogConfig: Setting CVar [[r.Streaming.LimitPoolSizeToVRAM:0]]
[2023.09.25-09.55.45:132][  0]LogConfig: Setting CVar [[r.Streaming.PoolSize:1000]]
[2023.09.25-09.55.45:132][  0]LogConfig: Setting CVar [[r.Streaming.MaxEffectiveScreenSize:0]]
[2023.09.25-09.55.45:132][  0]LogConfig: Applying CVar settings from Section [EffectsQuality@3] File [C:/Unreal/Multiplayer_PingPong_Unreal/PingPong/Saved/Config/Windows/Scalability.ini]
[2023.09.25-09.55.45:132][  0]LogConfig: Setting CVar [[r.TranslucencyLightingVolumeDim:64]]
[2023.09.25-09.55.45:132][  0]LogConfig: Setting CVar [[r.RefractionQuality:2]]
[2023.09.25-09.55.45:132][  0]LogConfig: Setting CVar [[r.SSR.Quality:3]]
[2023.09.25-09.55.45:132][  0]LogConfig: Setting CVar [[r.SSR.HalfResSceneColor:0]]
[2023.09.25-09.55.45:133][  0]LogConfig: Setting CVar [[r.SceneColorFormat:4]]
[2023.09.25-09.55.45:133][  0]LogConfig: Setting CVar [[r.DetailMode:2]]
[2023.09.25-09.55.45:133][  0]LogConfig: Setting CVar [[r.TranslucencyVolumeBlur:1]]
[2023.09.25-09.55.45:133][  0]LogConfig: Setting CVar [[r.MaterialQualityLevel:1 ; High quality]]
[2023.09.25-09.55.45:133][  0]LogConfig: Setting CVar [[r.AnisotropicMaterials:1]]
[2023.09.25-09.55.45:133][  0]LogConfig: Setting CVar [[r.SSS.Scale:1]]
[2023.09.25-09.55.45:133][  0]LogConfig: Setting CVar [[r.SSS.SampleSet:2]]
[2023.09.25-09.55.45:133][  0]LogConfig: Setting CVar [[r.SSS.Quality:1]]
[2023.09.25-09.55.45:133][  0]LogConfig: Setting CVar [[r.SSS.HalfRes:0]]
[2023.09.25-09.55.45:133][  0]LogConfig: Setting CVar [[r.SSGI.Quality:3]]
[2023.09.25-09.55.45:133][  0]LogConfig: Setting CVar [[r.EmitterSpawnRateScale:1.0]]
[2023.09.25-09.55.45:133][  0]LogConfig: Setting CVar [[r.ParticleLightQuality:2]]
[2023.09.25-09.55.45:133][  0]LogConfig: Setting CVar [[r.SkyAtmosphere.AerialPerspectiveLUT.FastApplyOnOpaque:1 ; Always have FastSkyLUT 1 in this case to avoid wrong sky]]
[2023.09.25-09.55.45:133][  0]LogConfig: Setting CVar [[r.SkyAtmosphere.AerialPerspectiveLUT.SampleCountMaxPerSlice:4]]
[2023.09.25-09.55.45:134][  0]LogConfig: Setting CVar [[r.SkyAtmosphere.AerialPerspectiveLUT.DepthResolution:16.0]]
[2023.09.25-09.55.45:134][  0]LogConfig: Setting CVar [[r.SkyAtmosphere.FastSkyLUT:1]]
[2023.09.25-09.55.45:134][  0]LogConfig: Setting CVar [[r.SkyAtmosphere.FastSkyLUT.SampleCountMin:4.0]]
[2023.09.25-09.55.45:134][  0]LogConfig: Setting CVar [[r.SkyAtmosphere.FastSkyLUT.SampleCountMax:128.0]]
[2023.09.25-09.55.45:134][  0]LogConfig: Setting CVar [[r.SkyAtmosphere.SampleCountMin:4.0]]
[2023.09.25-09.55.45:134][  0]LogConfig: Setting CVar [[r.SkyAtmosphere.SampleCountMax:128.0]]
[2023.09.25-09.55.45:134][  0]LogConfig: Setting CVar [[r.SkyAtmosphere.TransmittanceLUT.UseSmallFormat:0]]
[2023.09.25-09.55.45:134][  0]LogConfig: Setting CVar [[r.SkyAtmosphere.TransmittanceLUT.SampleCount:10.0]]
[2023.09.25-09.55.45:134][  0]LogConfig: Setting CVar [[r.SkyAtmosphere.MultiScatteringLUT.SampleCount:15.0]]
[2023.09.25-09.55.45:134][  0]LogConfig: Setting CVar [[r.SkyLight.RealTimeReflectionCapture:1]]
[2023.09.25-09.55.45:134][  0]LogConfig: Applying CVar settings from Section [FoliageQuality@3] File [C:/Unreal/Multiplayer_PingPong_Unreal/PingPong/Saved/Config/Windows/Scalability.ini]
[2023.09.25-09.55.45:134][  0]LogConfig: Setting CVar [[foliage.DensityScale:1.0]]
[2023.09.25-09.55.45:134][  0]LogConfig: Setting CVar [[grass.DensityScale:1.0]]
[2023.09.25-09.55.45:134][  0]LogConfig: Applying CVar settings from Section [ShadingQuality@3] File [C:/Unreal/Multiplayer_PingPong_Unreal/PingPong/Saved/Config/Windows/Scalability.ini]
[2023.09.25-09.55.45:134][  0]LogConfig: Setting CVar [[r.HairStrands.SkyLighting.IntegrationType:2]]
[2023.09.25-09.55.45:134][  0]LogConfig: Setting CVar [[r.HairStrands.SkyAO.SampleCount:4]]
[2023.09.25-09.55.45:135][  0]LogConfig: Setting CVar [[r.HairStrands.Visibility.MSAA.SamplePerPixel:4]]
[2023.09.25-09.55.45:135][  0]LogInit: Selected Device Profile: [Windows]
[2023.09.25-09.55.45:135][  0]LogInit: Applying CVar settings loaded from the selected device profile: [Windows]
[2023.09.25-09.55.45:135][  0]LogHAL: Display: Platform has ~ 16 GB [16919035904 / 17179869184 / 16], which maps to Larger [LargestMinGB=32, LargerMinGB=12, DefaultMinGB=8, SmallerMinGB=6, SmallestMinGB=0)
[2023.09.25-09.55.45:135][  0]LogInit: Going up to parent DeviceProfile []
[2023.09.25-09.55.45:135][  0]LogConfig: Applying CVar settings from Section [ViewDistanceQuality@3] File [C:/Unreal/Multiplayer_PingPong_Unreal/PingPong/Saved/Config/Windows/Scalability.ini]
[2023.09.25-09.55.45:135][  0]LogConfig: Setting CVar [[r.SkeletalMeshLODBias:0]]
[2023.09.25-09.55.45:135][  0]LogConfig: Setting CVar [[r.ViewDistanceScale:1.0]]
[2023.09.25-09.55.45:135][  0]LogConfig: Applying CVar settings from Section [AntiAliasingQuality@3] File [C:/Unreal/Multiplayer_PingPong_Unreal/PingPong/Saved/Config/Windows/Scalability.ini]
[2023.09.25-09.55.45:135][  0]LogConfig: Setting CVar [[r.PostProcessAAQuality:4]]
[2023.09.25-09.55.45:135][  0]LogConfig: Applying CVar settings from Section [ShadowQuality@3] File [C:/Unreal/Multiplayer_PingPong_Unreal/PingPong/Saved/Config/Windows/Scalability.ini]
[2023.09.25-09.55.45:135][  0]LogConfig: Setting CVar [[r.LightFunctionQuality:1]]
[2023.09.25-09.55.45:135][  0]LogConfig: Setting CVar [[r.ShadowQuality:5]]
[2023.09.25-09.55.45:135][  0]LogConfig: Setting CVar [[r.Shadow.CSM.MaxCascades:10]]
[2023.09.25-09.55.45:136][  0]LogConfig: Setting CVar [[r.Shadow.MaxResolution:2048]]
[2023.09.25-09.55.45:136][  0]LogConfig: Setting CVar [[r.Shadow.MaxCSMResolution:2048]]
[2023.09.25-09.55.45:136][  0]LogConfig: Setting CVar [[r.Shadow.RadiusThreshold:0.01]]
[2023.09.25-09.55.45:136][  0]LogConfig: Setting CVar [[r.Shadow.DistanceScale:1.0]]
[2023.09.25-09.55.45:136][  0]LogConfig: Setting CVar [[r.Shadow.CSM.TransitionScale:1.0]]
[2023.09.25-09.55.45:136][  0]LogConfig: Setting CVar [[r.Shadow.PreShadowResolutionFactor:1.0]]
[2023.09.25-09.55.45:136][  0]LogConfig: Setting CVar [[r.DistanceFieldShadowing:1]]
[2023.09.25-09.55.45:136][  0]LogConfig: Setting CVar [[r.DistanceFieldAO:1]]
[2023.09.25-09.55.45:136][  0]LogConfig: Setting CVar [[r.AOQuality:2]]
[2023.09.25-09.55.45:136][  0]LogConfig: Setting CVar [[r.VolumetricFog:1]]
[2023.09.25-09.55.45:136][  0]LogConfig: Setting CVar [[r.VolumetricFog.GridPixelSize:8]]
[2023.09.25-09.55.45:136][  0]LogConfig: Setting CVar [[r.VolumetricFog.GridSizeZ:128]]
[2023.09.25-09.55.45:136][  0]LogConfig: Setting CVar [[r.VolumetricFog.HistoryMissSupersampleCount:4]]
[2023.09.25-09.55.45:136][  0]LogConfig: Setting CVar [[r.LightMaxDrawDistanceScale:1]]
[2023.09.25-09.55.45:136][  0]LogConfig: Setting CVar [[r.CapsuleShadows:1]]
[2023.09.25-09.55.45:136][  0]LogConfig: Applying CVar settings from Section [PostProcessQuality@3] File [C:/Unreal/Multiplayer_PingPong_Unreal/PingPong/Saved/Config/Windows/Scalability.ini]
[2023.09.25-09.55.45:136][  0]LogConfig: Setting CVar [[r.MotionBlurQuality:4]]
[2023.09.25-09.55.45:136][  0]LogConfig: Setting CVar [[r.AmbientOcclusionMipLevelFactor:0.4]]
[2023.09.25-09.55.45:136][  0]LogConfig: Setting CVar [[r.AmbientOcclusionMaxQuality:100]]
[2023.09.25-09.55.45:137][  0]LogConfig: Setting CVar [[r.AmbientOcclusionLevels:-1]]
[2023.09.25-09.55.45:137][  0]LogConfig: Setting CVar [[r.AmbientOcclusionRadiusScale:1.0]]
[2023.09.25-09.55.45:137][  0]LogConfig: Setting CVar [[r.DepthOfFieldQuality:2]]
[2023.09.25-09.55.45:137][  0]LogConfig: Setting CVar [[r.RenderTargetPoolMin:400]]
[2023.09.25-09.55.45:137][  0]LogConfig: Setting CVar [[r.LensFlareQuality:2]]
[2023.09.25-09.55.45:137][  0]LogConfig: Setting CVar [[r.SceneColorFringeQuality:1]]
[2023.09.25-09.55.45:137][  0]LogConfig: Setting CVar [[r.EyeAdaptationQuality:2]]
[2023.09.25-09.55.45:137][  0]LogConfig: Setting CVar [[r.BloomQuality:5]]
[2023.09.25-09.55.45:137][  0]LogConfig: Setting CVar [[r.FastBlurThreshold:100]]
[2023.09.25-09.55.45:137][  0]LogConfig: Setting CVar [[r.Upscale.Quality:3]]
[2023.09.25-09.55.45:137][  0]LogConfig: Setting CVar [[r.Tonemapper.GrainQuantization:1]]
[2023.09.25-09.55.45:137][  0]LogConfig: Setting CVar [[r.LightShaftQuality:1]]
[2023.09.25-09.55.45:137][  0]LogConfig: Setting CVar [[r.Filter.SizeScale:1]]
[2023.09.25-09.55.45:137][  0]LogConfig: Setting CVar [[r.Tonemapper.Quality:5]]
[2023.09.25-09.55.45:137][  0]LogConfig: Setting CVar [[r.DOF.Gather.AccumulatorQuality:1        ; higher gathering accumulator quality]]
[2023.09.25-09.55.45:137][  0]LogConfig: Setting CVar [[r.DOF.Gather.PostfilterMethod:1          ; Median3x3 postfilering method]]
[2023.09.25-09.55.45:137][  0]LogConfig: Setting CVar [[r.DOF.Gather.EnableBokehSettings:0       ; no bokeh simulation when gathering]]
[2023.09.25-09.55.45:137][  0]LogConfig: Setting CVar [[r.DOF.Gather.RingCount:4                 ; medium number of samples when gathering]]
[2023.09.25-09.55.45:138][  0]LogConfig: Setting CVar [[r.DOF.Scatter.ForegroundCompositing:1    ; additive foreground scattering]]
[2023.09.25-09.55.45:138][  0]LogConfig: Setting CVar [[r.DOF.Scatter.BackgroundCompositing:2    ; additive background scattering]]
[2023.09.25-09.55.45:138][  0]LogConfig: Setting CVar [[r.DOF.Scatter.EnableBokehSettings:1      ; bokeh simulation when scattering]]
[2023.09.25-09.55.45:138][  0]LogConfig: Setting CVar [[r.DOF.Scatter.MaxSpriteRatio:0.1         ; only a maximum of 10% of scattered bokeh]]
[2023.09.25-09.55.45:138][  0]LogConfig: Setting CVar [[r.DOF.Recombine.Quality:1                ; cheap slight out of focus]]
[2023.09.25-09.55.45:138][  0]LogConfig: Setting CVar [[r.DOF.Recombine.EnableBokehSettings:0    ; no bokeh simulation on slight out of focus]]
[2023.09.25-09.55.45:138][  0]LogConfig: Setting CVar [[r.DOF.TemporalAAQuality:1                ; more stable temporal accumulation]]
[2023.09.25-09.55.45:138][  0]LogConfig: Setting CVar [[r.DOF.Kernel.MaxForegroundRadius:0.025]]
[2023.09.25-09.55.45:138][  0]LogConfig: Setting CVar [[r.DOF.Kernel.MaxBackgroundRadius:0.025]]
[2023.09.25-09.55.45:138][  0]LogConfig: Applying CVar settings from Section [TextureQuality@3] File [C:/Unreal/Multiplayer_PingPong_Unreal/PingPong/Saved/Config/Windows/Scalability.ini]
[2023.09.25-09.55.45:138][  0]LogConfig: Setting CVar [[r.Streaming.MipBias:0]]
[2023.09.25-09.55.45:138][  0]LogConfig: Setting CVar [[r.Streaming.AmortizeCPUToGPUCopy:0]]
[2023.09.25-09.55.45:138][  0]LogConfig: Setting CVar [[r.Streaming.MaxNumTexturesToStreamPerFrame:0]]
[2023.09.25-09.55.45:138][  0]LogConfig: Setting CVar [[r.Streaming.Boost:1]]
[2023.09.25-09.55.45:138][  0]LogConfig: Setting CVar [[r.MaxAnisotropy:8]]
[2023.09.25-09.55.45:138][  0]LogConfig: Setting CVar [[r.VT.MaxAnisotropy:8]]
[2023.09.25-09.55.45:138][  0]LogConfig: Setting CVar [[r.Streaming.LimitPoolSizeToVRAM:0]]
[2023.09.25-09.55.45:138][  0]LogConfig: Setting CVar [[r.Streaming.PoolSize:1000]]
[2023.09.25-09.55.45:138][  0]LogConfig: Setting CVar [[r.Streaming.MaxEffectiveScreenSize:0]]
[2023.09.25-09.55.45:139][  0]LogConfig: Applying CVar settings from Section [EffectsQuality@3] File [C:/Unreal/Multiplayer_PingPong_Unreal/PingPong/Saved/Config/Windows/Scalability.ini]
[2023.09.25-09.55.45:139][  0]LogConfig: Setting CVar [[r.TranslucencyLightingVolumeDim:64]]
[2023.09.25-09.55.45:139][  0]LogConfig: Setting CVar [[r.RefractionQuality:2]]
[2023.09.25-09.55.45:139][  0]LogConfig: Setting CVar [[r.SSR.Quality:3]]
[2023.09.25-09.55.45:139][  0]LogConfig: Setting CVar [[r.SSR.HalfResSceneColor:0]]
[2023.09.25-09.55.45:139][  0]LogConfig: Setting CVar [[r.SceneColorFormat:4]]
[2023.09.25-09.55.45:139][  0]LogConfig: Setting CVar [[r.DetailMode:2]]
[2023.09.25-09.55.45:139][  0]LogConfig: Setting CVar [[r.TranslucencyVolumeBlur:1]]
[2023.09.25-09.55.45:139][  0]LogConfig: Setting CVar [[r.MaterialQualityLevel:1 ; High quality]]
[2023.09.25-09.55.45:139][  0]LogConfig: Setting CVar [[r.AnisotropicMaterials:1]]
[2023.09.25-09.55.45:139][  0]LogConfig: Setting CVar [[r.SSS.Scale:1]]
[2023.09.25-09.55.45:139][  0]LogConfig: Setting CVar [[r.SSS.SampleSet:2]]
[2023.09.25-09.55.45:139][  0]LogConfig: Setting CVar [[r.SSS.Quality:1]]
[2023.09.25-09.55.45:139][  0]LogConfig: Setting CVar [[r.SSS.HalfRes:0]]
[2023.09.25-09.55.45:139][  0]LogConfig: Setting CVar [[r.SSGI.Quality:3]]
[2023.09.25-09.55.45:139][  0]LogConfig: Setting CVar [[r.EmitterSpawnRateScale:1.0]]
[2023.09.25-09.55.45:139][  0]LogConfig: Setting CVar [[r.ParticleLightQuality:2]]
[2023.09.25-09.55.45:139][  0]LogConfig: Setting CVar [[r.SkyAtmosphere.AerialPerspectiveLUT.FastApplyOnOpaque:1 ; Always have FastSkyLUT 1 in this case to avoid wrong sky]]
[2023.09.25-09.55.45:139][  0]LogConfig: Setting CVar [[r.SkyAtmosphere.AerialPerspectiveLUT.SampleCountMaxPerSlice:4]]
[2023.09.25-09.55.45:140][  0]LogConfig: Setting CVar [[r.SkyAtmosphere.AerialPerspectiveLUT.DepthResolution:16.0]]
[2023.09.25-09.55.45:140][  0]LogConfig: Setting CVar [[r.SkyAtmosphere.FastSkyLUT:1]]
[2023.09.25-09.55.45:140][  0]LogConfig: Setting CVar [[r.SkyAtmosphere.FastSkyLUT.SampleCountMin:4.0]]
[2023.09.25-09.55.45:140][  0]LogConfig: Setting CVar [[r.SkyAtmosphere.FastSkyLUT.SampleCountMax:128.0]]
[2023.09.25-09.55.45:140][  0]LogConfig: Setting CVar [[r.SkyAtmosphere.SampleCountMin:4.0]]
[2023.09.25-09.55.45:140][  0]LogConfig: Setting CVar [[r.SkyAtmosphere.SampleCountMax:128.0]]
[2023.09.25-09.55.45:140][  0]LogConfig: Setting CVar [[r.SkyAtmosphere.TransmittanceLUT.UseSmallFormat:0]]
[2023.09.25-09.55.45:140][  0]LogConfig: Setting CVar [[r.SkyAtmosphere.TransmittanceLUT.SampleCount:10.0]]
[2023.09.25-09.55.45:140][  0]LogConfig: Setting CVar [[r.SkyAtmosphere.MultiScatteringLUT.SampleCount:15.0]]
[2023.09.25-09.55.45:140][  0]LogConfig: Setting CVar [[r.SkyLight.RealTimeReflectionCapture:1]]
[2023.09.25-09.55.45:140][  0]LogConfig: Applying CVar settings from Section [FoliageQuality@3] File [C:/Unreal/Multiplayer_PingPong_Unreal/PingPong/Saved/Config/Windows/Scalability.ini]
[2023.09.25-09.55.45:140][  0]LogConfig: Setting CVar [[foliage.DensityScale:1.0]]
[2023.09.25-09.55.45:140][  0]LogConfig: Setting CVar [[grass.DensityScale:1.0]]
[2023.09.25-09.55.45:140][  0]LogConfig: Applying CVar settings from Section [ShadingQuality@3] File [C:/Unreal/Multiplayer_PingPong_Unreal/PingPong/Saved/Config/Windows/Scalability.ini]
[2023.09.25-09.55.45:140][  0]LogConfig: Setting CVar [[r.HairStrands.SkyLighting.IntegrationType:2]]
[2023.09.25-09.55.45:140][  0]LogConfig: Setting CVar [[r.HairStrands.SkyAO.SampleCount:4]]
[2023.09.25-09.55.45:140][  0]LogConfig: Setting CVar [[r.HairStrands.Visibility.MSAA.SamplePerPixel:4]]
[2023.09.25-09.55.45:140][  0]LogConfig: Applying CVar settings from Section [Startup] File [../../../Engine/Config/ConsoleVariables.ini]
[2023.09.25-09.55.45:141][  0]LogConfig: Setting CVar [[net.UseAdaptiveNetUpdateFrequency:0]]
[2023.09.25-09.55.45:141][  0]LogConfig: Setting CVar [[p.chaos.AllowCreatePhysxBodies:1]]
[2023.09.25-09.55.45:141][  0]LogConfig: Setting CVar [[fx.SkipVectorVMBackendOptimizations:1]]
[2023.09.25-09.55.45:141][  0]LogConfig: Applying CVar settings from Section [ConsoleVariables] File [C:/Unreal/Multiplayer_PingPong_Unreal/PingPong/Saved/Config/Windows/Engine.ini]
[2023.09.25-09.55.45:141][  0]LogConfig: Applying CVar settings from Section [ConsoleVariables] File [C:/Unreal/Multiplayer_PingPong_Unreal/PingPong/Saved/Config/Windows/Editor.ini]
[2023.09.25-09.55.45:141][  0]LogInit: Computer: DESKTOP-UQ10HGU
[2023.09.25-09.55.45:141][  0]LogInit: User: Golem
[2023.09.25-09.55.45:142][  0]LogInit: CPU Page size=4096, Cores=4
[2023.09.25-09.55.45:142][  0]LogInit: High frequency timer resolution =10.000000 MHz
[2023.09.25-09.55.45:142][  0]LogMemory: Memory total: Physical=15.8GB (16GB approx)
[2023.09.25-09.55.45:142][  0]LogMemory: Platform Memory Stats for Windows
[2023.09.25-09.55.45:142][  0]LogMemory: Process Physical Memory: 142.42 MB used, 142.43 MB peak
[2023.09.25-09.55.45:142][  0]LogMemory: Process Virtual Memory: 124.64 MB used, 124.64 MB peak
[2023.09.25-09.55.45:142][  0]LogMemory: Physical Memory: 12191.35 MB used,  3943.90 MB free, 16135.25 MB total
[2023.09.25-09.55.45:142][  0]LogMemory: Virtual Memory: 134206432.00 MB used,  11294.13 MB free, 134217728.00 MB total
[2023.09.25-09.55.45:161][  0]LogWindows: WindowsPlatformFeatures enabled
[2023.09.25-09.55.45:310][  0]LogInit: Physics initialised using underlying interface: PhysX
[2023.09.25-09.55.45:311][  0]LogInit: Using OS detected language (en-US).
[2023.09.25-09.55.45:312][  0]LogInit: Using OS detected locale (en-US).
[2023.09.25-09.55.45:318][  0]LogTextLocalizationManager: No specific localization for 'en-US' exists, so the 'en' localization will be used.
[2023.09.25-09.55.45:680][  0]LogInit: Setting process to per monitor DPI aware
[2023.09.25-09.55.45:733][  0]LogWindowsTextInputMethodSystem: Display: IME system deactivated.
[2023.09.25-09.55.45:801][  0]LogSlate: New Slate User Created.  User Index 0, Is Virtual User: 0
[2023.09.25-09.55.45:801][  0]LogSlate: Slate User Registered.  User Index 0, Is Virtual User: 0
[2023.09.25-09.55.48:916][  0]LogD3D11RHI: Loaded GFSDK_Aftermath_Lib.x64.dll
[2023.09.25-09.55.48:925][  0]LogHMD: Failed to initialize OpenVR with code 110
[2023.09.25-09.55.48:925][  0]LogD3D11RHI: D3D11 min allowed feature level: 11_0
[2023.09.25-09.55.48:925][  0]LogD3D11RHI: D3D11 max allowed feature level: 11_0
[2023.09.25-09.55.48:925][  0]LogD3D11RHI: D3D11 adapters:
[2023.09.25-09.55.49:729][  0]LogD3D11RHI:    0. 'Radeon (TM) 520' (Feature Level 11_0)
[2023.09.25-09.55.49:729][  0]LogD3D11RHI:       2039/0/8067 MB DedicatedVideo/DedicatedSystem/SharedSystem, Outputs:2, VendorId:0x1002
[2023.09.25-09.55.49:780][  0]LogD3D11RHI:    1. 'Intel(R) UHD Graphics 620' (Feature Level 11_0)
[2023.09.25-09.55.49:780][  0]LogD3D11RHI:       128/0/8067 MB DedicatedVideo/DedicatedSystem/SharedSystem, Outputs:0, VendorId:0x8086
[2023.09.25-09.55.49:787][  0]LogD3D11RHI:    2. 'Microsoft Basic Render Driver' (Feature Level 11_0)
[2023.09.25-09.55.49:787][  0]LogD3D11RHI:       0/0/8067 MB DedicatedVideo/DedicatedSystem/SharedSystem, Outputs:0, VendorId:0x1414
[2023.09.25-09.55.49:787][  0]LogD3D11RHI: Chosen D3D11 Adapter:
[2023.09.25-09.55.49:787][  0]LogD3D11RHI:     Description : Radeon (TM) 520
[2023.09.25-09.55.49:788][  0]LogD3D11RHI:     VendorId    : 1002
[2023.09.25-09.55.49:788][  0]LogD3D11RHI:     DeviceId    : 6665
[2023.09.25-09.55.49:788][  0]LogD3D11RHI:     SubSysId    : 83f1028
[2023.09.25-09.55.49:788][  0]LogD3D11RHI:     Revision    : 00c3
[2023.09.25-09.55.49:788][  0]LogD3D11RHI:     DedicatedVideoMemory : 2138300416 bytes
[2023.09.25-09.55.49:788][  0]LogD3D11RHI:     DedicatedSystemMemory : 0 bytes
[2023.09.25-09.55.49:788][  0]LogD3D11RHI:     SharedSystemMemory : 8459517952 bytes
[2023.09.25-09.55.49:788][  0]LogD3D11RHI:     AdapterLuid : 0 51420
[2023.09.25-09.55.49:796][  0]LogD3D11RHI: Creating new Direct3DDevice
[2023.09.25-09.55.49:796][  0]LogD3D11RHI:     GPU DeviceId: 0x6665 (for the marketing name, search the web for "GPU Device Id")
[2023.09.25-09.55.49:796][  0]LogWindows: EnumDisplayDevices:
[2023.09.25-09.55.49:797][  0]LogWindows:    0. 'Intel(R) UHD Graphics 620' (P:0 D:1)
[2023.09.25-09.55.49:797][  0]LogWindows:    1. 'Intel(R) UHD Graphics 620' (P:1 D:1)
[2023.09.25-09.55.49:797][  0]LogWindows:    2. 'Intel(R) UHD Graphics 620' (P:0 D:0)
[2023.09.25-09.55.49:798][  0]LogWindows: DebugString: PrimaryIsNotTheChoosenAdapter PrimaryIsNotTheChoosenAdapter PrimaryIsNotTheChoosenAdapter FoundDriverCount:0 
[2023.09.25-09.55.49:798][  0]LogD3D11RHI:     Adapter Name: Radeon (TM) 520
[2023.09.25-09.55.49:798][  0]LogD3D11RHI:   Driver Version: Unknown (internal:Unknown, unified:Unknown)
[2023.09.25-09.55.49:798][  0]LogD3D11RHI:      Driver Date: Unknown
[2023.09.25-09.55.49:798][  0]LogRHI: Texture pool is 1213 MB (70% of 1733 MB)
[2023.09.25-09.55.49:889][  0]LogD3D11RHI: Creating D3DDevice with AMD AGS, using adapter:
[2023.09.25-09.55.49:889][  0]LogD3D11RHI:     Description : Radeon (TM) 520
[2023.09.25-09.55.49:889][  0]LogD3D11RHI:     VendorId    : 1002
[2023.09.25-09.55.49:889][  0]LogD3D11RHI:     DeviceId    : 6665
[2023.09.25-09.55.49:889][  0]LogD3D11RHI:     SubSysId    : 83f1028
[2023.09.25-09.55.49:889][  0]LogD3D11RHI:     Revision    : 00c3
[2023.09.25-09.55.49:889][  0]LogD3D11RHI:     DedicatedVideoMemory : 2138300416 bytes
[2023.09.25-09.55.49:889][  0]LogD3D11RHI:     DedicatedSystemMemory : 0 bytes
[2023.09.25-09.55.49:889][  0]LogD3D11RHI:     SharedSystemMemory : 8459517952 bytes
[2023.09.25-09.55.49:889][  0]LogD3D11RHI:     AdapterLuid : 0 51420
[2023.09.25-09.55.49:971][  0]LogD3D11RHI: Created device via AGS, feature level 11_0, supported extensions 1fffffbf.
[2023.09.25-09.55.49:971][  0]LogD3D11RHI: RHI has support for 64 bit atomics
[2023.09.25-09.55.49:971][  0]LogD3D11RHI: Async texture creation enabled
[2023.09.25-09.55.49:971][  0]LogD3D11RHI: Array index from any shader is supported
[2023.09.25-09.55.49:990][  0]LogD3D11RHI: GPU Timing Frequency: 27.000000 (Debug: 2 1)
[2023.09.25-09.55.50:338][  0]LogTargetPlatformManager: Display: Loaded TargetPlatform 'AllDesktop'
[2023.09.25-09.55.50:365][  0]LogTargetPlatformManager: Display: Loaded TargetPlatform 'Android'
[2023.09.25-09.55.50:366][  0]LogTargetPlatformManager: Display: Loaded TargetPlatform 'Android_ASTC'
[2023.09.25-09.55.50:366][  0]LogTargetPlatformManager: Display: Loaded TargetPlatform 'Android_DXT'
[2023.09.25-09.55.50:366][  0]LogTargetPlatformManager: Display: Loaded TargetPlatform 'Android_ETC2'
[2023.09.25-09.55.50:366][  0]LogTargetPlatformManager: Display: Loaded TargetPlatform 'AndroidClient'
[2023.09.25-09.55.50:366][  0]LogTargetPlatformManager: Display: Loaded TargetPlatform 'Android_ASTCClient'
[2023.09.25-09.55.50:366][  0]LogTargetPlatformManager: Display: Loaded TargetPlatform 'Android_DXTClient'
[2023.09.25-09.55.50:366][  0]LogTargetPlatformManager: Display: Loaded TargetPlatform 'Android_ETC2Client'
[2023.09.25-09.55.50:366][  0]LogTargetPlatformManager: Display: Loaded TargetPlatform 'Android_Multi'
[2023.09.25-09.55.50:366][  0]LogTargetPlatformManager: Display: Loaded TargetPlatform 'Android_MultiClient'
[2023.09.25-09.55.50:394][  0]LogTargetPlatformManager: Display: Loaded TargetPlatform 'IOSClient'
[2023.09.25-09.55.50:394][  0]LogTargetPlatformManager: Display: Loaded TargetPlatform 'IOS'
[2023.09.25-09.55.50:418][  0]LogTargetPlatformManager: Display: Loaded TargetPlatform 'Linux'
[2023.09.25-09.55.50:426][  0]LogTargetPlatformManager: Display: Loaded TargetPlatform 'LinuxNoEditor'
[2023.09.25-09.55.50:433][  0]LogTargetPlatformManager: Display: Loaded TargetPlatform 'LinuxClient'
[2023.09.25-09.55.50:441][  0]LogTargetPlatformManager: Display: Loaded TargetPlatform 'LinuxServer'
[2023.09.25-09.55.50:464][  0]LogTargetPlatformManager: Display: Loaded TargetPlatform 'LinuxAArch64NoEditor'
[2023.09.25-09.55.50:472][  0]LogTargetPlatformManager: Display: Loaded TargetPlatform 'LinuxAArch64Client'
[2023.09.25-09.55.50:479][  0]LogTargetPlatformManager: Display: Loaded TargetPlatform 'LinuxAArch64Server'
[2023.09.25-09.55.50:513][  0]LogTargetPlatformManager: Display: Loaded TargetPlatform 'Lumin'
[2023.09.25-09.55.50:514][  0]LogTargetPlatformManager: Display: Loaded TargetPlatform 'LuminClient'
[2023.09.25-09.55.50:535][  0]LogTargetPlatformManager: Display: Loaded TargetPlatform 'MacNoEditor'
[2023.09.25-09.55.50:543][  0]LogTargetPlatformManager: Display: Loaded TargetPlatform 'Mac'
[2023.09.25-09.55.50:550][  0]LogTargetPlatformManager: Display: Loaded TargetPlatform 'MacClient'
[2023.09.25-09.55.50:556][  0]LogTargetPlatformManager: Display: Loaded TargetPlatform 'MacServer'
[2023.09.25-09.55.50:569][  0]LogTargetPlatformManager: Display: Loaded TargetPlatform 'TVOSClient'
[2023.09.25-09.55.50:569][  0]LogTargetPlatformManager: Display: Loaded TargetPlatform 'TVOS'
[2023.09.25-09.55.50:581][  0]LogTargetPlatformManager: Display: Loaded TargetPlatform 'WindowsNoEditor'
[2023.09.25-09.55.50:590][  0]LogTargetPlatformManager: Display: Loaded TargetPlatform 'Windows'
[2023.09.25-09.55.50:598][  0]LogTargetPlatformManager: Display: Loaded TargetPlatform 'WindowsClient'
[2023.09.25-09.55.50:614][  0]LogTargetPlatformManager: Display: Loaded TargetPlatform 'WindowsServer'
[2023.09.25-09.55.50:614][  0]LogTargetPlatformManager: Display: Building Assets For Windows
[2023.09.25-09.55.50:632][  0]LogAudioDebug: Display: Lib vorbis DLL was dynamically loaded.
[2023.09.25-09.55.50:701][  0]LogTextureFormatOodle: Display: Oodle Texture 2.9.0 init RDO Off
[2023.09.25-09.55.50:782][  0]LogRendererCore: Ray tracing is disabled. Reason: r.RayTracing=0.
[2023.09.25-09.55.50:782][  0]LogShaderCompilers: Guid format shader working directory is -16 characters bigger than the processId version (../../../../../../Unreal/Multiplayer_PingPong_Unreal/PingPong/Intermediate/Shaders/WorkingDirectory/18828/).
[2023.09.25-09.55.50:782][  0]LogShaderCompilers: Cleaned the shader compiler working directory 'C:/Users/Golem/AppData/Local/Temp/UnrealShaderWorkingDir/A1B5E93C48EBC95446F5B88F11B0ABD4/'.
[2023.09.25-09.55.50:782][  0]LogXGEController: Cannot use XGE Controller as Incredibuild is not installed on this machine.
[2023.09.25-09.55.50:783][  0]LogShaderCompilers: Cannot use XGE Shader Compiler as Incredibuild is not installed on this machine.
[2023.09.25-09.55.50:783][  0]LogShaderCompilers: Display: Using Local Shader Compiler.
[2023.09.25-09.55.54:855][  0]LogDerivedDataCache: Display: Max Cache Size: 512 MB
[2023.09.25-09.55.55:097][  0]LogDerivedDataCache: Loaded boot cache 0.24s 94MB C:/Users/Golem/AppData/Local/UnrealEngine/4.27/DerivedDataCache/Boot.ddc.
[2023.09.25-09.55.55:098][  0]LogDerivedDataCache: Display: Loaded Boot cache: C:/Users/Golem/AppData/Local/UnrealEngine/4.27/DerivedDataCache/Boot.ddc
[2023.09.25-09.55.55:098][  0]LogDerivedDataCache: FDerivedDataBackendGraph:  Pak pak cache file ../../../../../../Unreal/Multiplayer_PingPong_Unreal/PingPong/DerivedDataCache/DDC.ddp not found, will not use a pak cache.
[2023.09.25-09.55.55:098][  0]LogDerivedDataCache: Unable to find inner node Pak for hierarchical cache Hierarchy.
[2023.09.25-09.55.55:098][  0]LogDerivedDataCache: FDerivedDataBackendGraph:  CompressedPak pak cache file ../../../../../../Unreal/Multiplayer_PingPong_Unreal/PingPong/DerivedDataCache/Compressed.ddp not found, will not use a pak cache.
[2023.09.25-09.55.55:098][  0]LogDerivedDataCache: Unable to find inner node CompressedPak for hierarchical cache Hierarchy.
[2023.09.25-09.55.55:118][  0]LogDerivedDataCache: Display: Pak cache opened for reading ../../../Engine/DerivedDataCache/Compressed.ddp.
[2023.09.25-09.55.55:119][  0]LogDerivedDataCache: FDerivedDataBackendGraph:  EnterprisePak pak cache file ../../../Enterprise/DerivedDataCache/Compressed.ddp not found, will not use a pak cache.
[2023.09.25-09.55.55:119][  0]LogDerivedDataCache: Unable to find inner node EnterprisePak for hierarchical cache Hierarchy.
[2023.09.25-09.55.55:185][  0]LogDerivedDataCache: Speed tests for C:/Users/Golem/AppData/Local/UnrealEngine/Common/DerivedDataCache took 0.07 seconds
[2023.09.25-09.55.55:185][  0]LogDerivedDataCache: Display: Performance to C:/Users/Golem/AppData/Local/UnrealEngine/Common/DerivedDataCache: Latency=0.05ms. RandomReadSpeed=15.89MBs, RandomWriteSpeed=145.92MBs. Assigned SpeedClass 'Local'
[2023.09.25-09.55.55:187][  0]LogDerivedDataCache: Using Local data cache path C:/Users/Golem/AppData/Local/UnrealEngine/Common/DerivedDataCache: Writable
[2023.09.25-09.55.55:187][  0]LogDerivedDataCache: Shared data cache path not found in *engine.ini, will not use an Shared cache.
[2023.09.25-09.55.55:187][  0]LogDerivedDataCache: Unable to find inner node Shared for hierarchical cache Hierarchy.
[2023.09.25-09.55.55:245][  0]LogSlate: Using FreeType 2.10.0
[2023.09.25-09.55.55:265][  0]LogSlate: SlateFontServices - WITH_FREETYPE: 1, WITH_HARFBUZZ: 1
[2023.09.25-09.55.55:302][  0]LogAssetRegistry: FAssetRegistry took 0.0048 seconds to start up
[2023.09.25-09.55.55:574][  0]LogInit: Selected Device Profile: [Windows]
[2023.09.25-09.55.55:574][  0]LogInit: Active device profile: [000001E1099D0900][000001E17C976280 49] Windows
[2023.09.25-09.55.55:574][  0]LogInit: Profiles: [000001E1099D0900][000001E17C976280 49] Windows, [000001E1099A3800][000001E10948A400 49] WindowsNoEditor, [000001E1099D3500][000001E10948E580 49] WindowsServer, [000001E1099A0E00][000001E109492700 49] WindowsClient, [000001E1099D3800][000001E17C97A840 49] IOS, [000001E1099A2800][000001E109496980 49] iPadAir, [000001E1099D2000][000001E10949AAC0 49] iPadAir2, [000001E109950A00][000001E1094A6D80 49] IPadPro, [000001E109950B00][000001E1094A2DC0 49] iPadAir3, [000001E1099A1800][000001E1094AAF40 49] iPadAir4, [000001E109953400][000001E1094AF0C0 49] iPadMini2, [000001E1099A2A00][000001E1094B3240 49] iPadMini3, [000001E109951700][000001E1094B73C0 49] iPadMini4, [000001E1099D1000][000001E1094BB540 49] iPadMini5, [000001E10995C300][000001E10A727800 49] iPhone6, [000001E10995C400][000001E10A723840 49] iPodTouch6, [000001E109953600][000001E10A72FB00 49] iPhone7, [000001E109951800][000001E10A72BB40 49] iPodTouch7, [000001E10995FF00][000001E10A732140 49] iPhone5S, [000001E1099A2300][000001E10A7362C0 49] iPhone6Plus, [000001E109950200][000001E10A73A440 49] iPhone6S, [000001E1099A2200][000001E10A73E5C0 49] iPhone6SPlus, [000001E109953C00][000001E10A742740 49] iPhone7Plus, [000001E1099A0100][000001E10A7468C0 49] iPhoneSE, [000001E109953500][000001E10949EA00 49] iPhone8, [000001E1099A1E00][000001E10A74AB40 49] iPhone8Plus, [000001E109951000][000001E10A74EC80 49] iPhoneX, [000001E1099A0A00][000001E10A752DC0 49] iPhoneXS, [000001E109951200][000001E10A75AF40 49] iPhoneXSMax, [000001E1099A1500][000001E10A75F0C0 49] iPhoneXR, [000001E109953700][000001E10A763240 49] iPhone11, [000001E1099A0D00][000001E10A7673C0 49] iPhone11Pro, [000001E109953800][000001E10A76B540 49] iPhone11ProMax, [000001E1099A0F00][000001E10A76F6C0 49] iPhoneSE2, [000001E109952E00][000001E10A773840 49] iPhone12Mini, [000001E1099A3100][000001E10A7779C0 49] iPhone12, [000001E109952B00][000001E10A77BB40 49] iPhone12Pro, [000001E1099A0800][000001E10A77E140 49] iPhone12ProMax, [000001E109952300][000001E10A7822C0 49] iPadPro105, [000001E1099A2F00][000001E10A786440 49] iPadPro129, [000001E109952000][000001E10A78A5C0 49] iPadPro97, [000001E1099A1300][000001E10A78E740 49] iPadPro2_129, [000001E109951A00][000001E10A7928C0 49] iPad5, [000001E1099A1A00][000001E10A796A40 49] iPad6, [000001E109952800][000001E10A756B80 49] iPad7, [000001E1099A0C00][000001E10A79ACC0 49] iPad8, [000001E109953200][000001E10A79EE00 49] iPadPro11, [000001E1099A1600][000001E10A7A2F40 49] iPadPro2_11, [000001E109951C00][000001E10A7AB0C0 49] iPadPro3_129, [000001E1099A3900][000001E10A7AF240 49] iPadPro4_129, [000001E109951500][000001E10A7B33C0 49] AppleTV, [000001E1099A0300][000001E10A7B7540 49] AppleTV4K, [000001E109950100][000001E10A7BB6C0 49] TVOS, [000001E1099A2400][000001E10A7BF840 49] Mac, [000001E109952100][000001E10A7C39C0 49] MacClient, [000001E1099A3400][000001E10A7C7B40 49] MacNoEditor, [000001E109951F00][000001E10A7CA140 49] MacServer, [000001E1099A0600][000001E10A7CE2C0 49] Linux, [000001E109952200][000001E10A7D2440 49] LinuxAArch64, [000001E1099A3600][000001E10A7D65C0 49] LinuxNoEditor, [000001E109951D00][000001E10A7DA740 49] LinuxAArch64NoEditor, [000001E1099A1400][000001E10A7DE8C0 49] LinuxClient, [000001E109953100][000001E10A7E2A40 49] LinuxAArch64Client, [000001E1099A1900][000001E10A7E6BC0 49] LinuxServer, [000001E109953000][000001E10A7EAD40 49] LinuxAArch64Server, [000001E1099A2600][000001E10A7A6E80 49] Android, [000001E109950700][000001E10A7EEFC0 49] Android_Low, [000001E1099A1B00][000001E10A7F3100 49] Android_Mid, [000001E1099D3A00][000001E10A7FB280 49] Android_High, [000001E10995DC00][000001E10A7FF400 49] Android_Default, [000001E1099D2100][000001E10A803580 49] Android_Adreno4xx, [000001E10995E700][000001E10A807700 49] Android_Adreno5xx_Low, [000001E1099D0B00][000001E10A80B880 49] Android_Adreno5xx, [000001E10995ED00][000001E10A80FA00 49] Android_Adreno6xx, [000001E1099D1200][000001E10A813B80 49] Android_Adreno6xx_Vulkan, [000001E10995E800][000001E10A816180 49] Android_Mali_T6xx, [000001E1099D3200][000001E10A81A300 49] Android_Mali_T7xx, [000001E10995EE00][000001E10A81E480 49] Android_Mali_T8xx, [000001E1099D2500][000001E10A822600 49] Android_Mali_G71, [000001E10995FE00][000001E10A826780 49] Android_Mali_G72, [000001E1099D2A00][000001E10A82A900 49] Android_Mali_G72_Vulkan, [000001E10995DB00][000001E10A82EA80 49] Android_Mali_G76, [000001E1099D1B00][000001E10A832C00 49] Android_Mali_G76_Vulkan, [000001E10995FD00][000001E10A836D80 49] Android_Mali_G77, [000001E1099D2D00][000001E10A83AF00 49] Android_Mali_G77_Vulkan, [000001E10995F900][000001E10A7F7040 49] Android_Mali_G78, [000001E1099D0D00][000001E10A83F180 49] Android_Mali_G78_Vulkan, [000001E10995C500][000001E10A8432C0 49] Android_Mali_G710, [000001E1099D2B00][000001E10A84B440 49] Android_Mali_G710_Vulkan, [000001E10995F500][000001E10A84F5C0 49] Android_Vulkan_SM5, [000001E1099D3400][000001E10A853740 49] Android_PowerVR_G6xxx, [000001E10995E400][000001E10A8578C0 49] Android_PowerVR_GT7xxx, [000001E1099D3C00][000001E10A85BA40 49] Android_PowerVR_GE8xxx, [000001E10995E200][000001E10A863BC0 49] Android_PowerVR_GM9xxx, [000001E1099D3000][000001E10A86A1C0 49] Android_PowerVR_GM9xxx_Vulkan, [000001E10995D500][000001E10A876340 49] Android_TegraK1, [000001E1099D1100][000001E107B0A4C0 49] Android_Unknown_Vulkan, [000001E1099A3D00][000001E107998640 49] Lumin, [000001E1099D2900][000001E10799C7C0 49] Lumin_Desktop, [000001E1099A3E00][000001E1079A0940 49] HoloLens, 
[2023.09.25-09.55.55:753][  0]LogMeshReduction: Using QuadricMeshReduction for automatic static mesh reduction
[2023.09.25-09.55.55:753][  0]LogMeshReduction: Using SimplygonMeshReduction for automatic skeletal mesh reduction
[2023.09.25-09.55.55:753][  0]LogMeshReduction: Using ProxyLODMeshReduction for automatic mesh merging
[2023.09.25-09.55.55:753][  0]LogMeshReduction: No distributed automatic mesh merging module available
[2023.09.25-09.55.55:753][  0]LogMeshMerging: No distributed automatic mesh merging module available
[2023.09.25-09.55.55:777][  0]LogNetVersion: PingPong 1.0.0, NetCL: 17155196, EngineNetVer: 17, GameNetVer: 0 (Checksum: 166094971)
[2023.09.25-09.55.56:352][  0]LogTexture: Default maximum texture size for cubemaps generated from long-lat sources has been changed from 512 to unlimited. In order to preserve old behaiour for '/Engine/MapTemplates/Sky/DaylightAmbientCubemap.DaylightAmbientCubemap', its maximum texture size has been explicitly set to 512.
[2023.09.25-09.55.56:420][  0]LogHMD: PokeAHoleMaterial loaded successfully
[2023.09.25-09.55.56:426][  0]LogUObjectArray: 17178 objects as part of root set at end of initial load.
[2023.09.25-09.55.56:426][  0]LogUObjectAllocator: 4302048 out of 0 bytes used by permanent object pool.
[2023.09.25-09.55.56:426][  0]LogUObjectArray: CloseDisregardForGC: 0/0 objects in disregard for GC pool
[2023.09.25-09.55.56:930][  0]LogPython: Using Python 3.7.7
[2023.09.25-09.55.57:727][  0]LogNiagaraDebuggerClient: Niagara Debugger Client Initialized | Session: 1D39587A4D257D2F848678ABB922BC46 | Instance: 23F6C4CD4F69C2CE5FD2ACB750DA9D85 (DESKTOP-UQ10HGU-18828).
[2023.09.25-09.55.57:955][  0]LogTcpMessaging: Initializing TcpMessaging bridge
[2023.09.25-09.55.57:962][  0]LogUdpMessaging: Initializing bridge on interface 0.0.0.0:0 to multicast group 230.0.0.1:6666.
[2023.09.25-09.55.58:254][  0]SourceControl: Source control is disabled
[2023.09.25-09.55.58:254][  0]SourceControl: Source control is disabled
[2023.09.25-09.55.58:260][  0]SourceControl: Source control is disabled
[2023.09.25-09.55.58:267][  0]SourceControl: Source control is disabled
[2023.09.25-09.55.58:289][  0]SourceControl: Source control is disabled
[2023.09.25-09.55.58:300][  0]LogUProjectInfo: Found projects:
[2023.09.25-09.55.58:627][  0]LogOpenImageDenoise: OIDN starting up
[2023.09.25-09.55.58:707][  0]LogAndroidPermission: UAndroidPermissionCallbackProxy::GetInstance
[2023.09.25-09.55.58:794][  0]LogAudioCaptureCore: Display: No Audio Capture implementations found. Audio input will be silent.
[2023.09.25-09.55.58:794][  0]LogAudioCaptureCore: Display: No Audio Capture implementations found. Audio input will be silent.
[2023.09.25-09.55.58:958][  0]LogCollectionManager: Loaded 0 collections in 0.003075 seconds
[2023.09.25-09.55.59:003][  0]LogFileCache: Scanning file cache for directory 'C:/Unreal/Multiplayer_PingPong_Unreal/PingPong/Saved/Collections/' took 0.00s
[2023.09.25-09.55.59:003][  0]LogFileCache: Scanning file cache for directory 'C:/Unreal/Multiplayer_PingPong_Unreal/PingPong/Content/Developers/Golem/Collections/' took 0.00s
[2023.09.25-09.55.59:003][  0]LogFileCache: Scanning file cache for directory 'C:/Unreal/Multiplayer_PingPong_Unreal/PingPong/Content/Collections/' took 0.00s
[2023.09.25-09.55.59:003][  0]LogOcInput: OculusInput pre-init called
[2023.09.25-09.55.59:311][  0]LogEngine: Initializing Engine...
[2023.09.25-09.55.59:314][  0]LogHMD: Failed to enumerate extensions. Please check that you have a valid OpenXR runtime installed.
[2023.09.25-09.55.59:315][  0]LogHMD: Failed to initialize OpenVR with code 110
[2023.09.25-09.55.59:315][  0]LogMagicLeap: Warning: VR disabled because ZI is not enabled.  To enable, in the editor, Edit -> Project Settings -> Plugins -> Magic Leap Plugin -> Enable Zero Iteration
[2023.09.25-09.55.59:316][  0]LogStats: UGameplayTagsManager::InitializeManager -  0.000 s
[2023.09.25-09.55.59:460][  0]LogInit: Initializing FReadOnlyCVARCache
[2023.09.25-09.55.59:472][  0]LogAIModule: Creating AISystem for world Untitled
[2023.09.25-09.55.59:495][  0]LogAudio: Display: Initializing Audio Device Manager...
[2023.09.25-09.55.59:502][  0]LogAudio: Display: Loading Default Audio Settings Objects...
[2023.09.25-09.55.59:503][  0]LogAudio: Display: No default SoundConcurrencyObject specified (or failed to load).
[2023.09.25-09.55.59:504][  0]LogAudio: Display: Audio Device Manager Initialized
[2023.09.25-09.55.59:504][  0]LogAudio: Display: Creating Audio Device:                 Id: 1, Scope: Shared, Realtime: True
[2023.09.25-09.55.59:504][  0]LogAudioMixer: Display: Audio Mixer Platform Settings:
[2023.09.25-09.55.59:504][  0]LogAudioMixer: Display: 	Sample Rate:						  48000
[2023.09.25-09.55.59:504][  0]LogAudioMixer: Display: 	Callback Buffer Frame Size Requested: 1024
[2023.09.25-09.55.59:505][  0]LogAudioMixer: Display: 	Callback Buffer Frame Size To Use:	  1024
[2023.09.25-09.55.59:505][  0]LogAudioMixer: Display: 	Number of buffers to queue:			  2
[2023.09.25-09.55.59:505][  0]LogAudioMixer: Display: 	Max Channels (voices):				  32
[2023.09.25-09.55.59:505][  0]LogAudioMixer: Display: 	Number of Async Source Workers:		  0
[2023.09.25-09.55.59:505][  0]LogAudio: Display: AudioDevice MaxSources: 32
[2023.09.25-09.55.59:505][  0]LogAudio: Display: Audio Spatialization Plugin: None (built-in).
[2023.09.25-09.55.59:506][  0]LogAudio: Display: Audio Reverb Plugin: None (built-in).
[2023.09.25-09.55.59:506][  0]LogAudio: Display: Audio Occlusion Plugin: None (built-in).
[2023.09.25-09.55.59:506][  0]LogAudioMixer: Display: Initializing audio mixer.
[2023.09.25-09.55.59:699][  0]LogAudioMixer: Display: 0: FrontLeft
[2023.09.25-09.55.59:699][  0]LogAudioMixer: Display: 1: FrontRight
[2023.09.25-09.55.59:725][  0]LogAudioMixer: Display: Using Audio Device Headphones (2- High Definition Audio Device)
[2023.09.25-09.55.59:729][  0]LogAudioMixer: Display: Initializing Sound Submixes...
[2023.09.25-09.55.59:732][  0]LogAudioMixer: Display: Creating Master Submix 'MasterSubmixDefault'
[2023.09.25-09.55.59:732][  0]LogAudioMixer: Display: Creating Master Submix 'MasterReverbSubmixDefault'
[2023.09.25-09.55.59:733][  0]LogAudioMixer: Display: Creating Master Submix 'MasterEQSubmixDefault'
[2023.09.25-09.55.59:734][  0]LogAudioMixer: FMixerPlatformXAudio2::StartAudioStream() called
[2023.09.25-09.55.59:734][  0]LogAudioMixer: Display: Output buffers initialized: Frames=1024, Channels=2, Samples=2048
[2023.09.25-09.55.59:736][  0]LogAudioMixer: Display: Starting AudioMixerPlatformInterface::RunInternal()
[2023.09.25-09.55.59:736][  0]LogAudioMixer: Display: FMixerPlatformXAudio2::SubmitBuffer() called for the first time
[2023.09.25-09.55.59:736][  0]LogInit: FAudioDevice initialized.
[2023.09.25-09.55.59:736][  0]LogAudio: Display: Audio Device (ID: 1) registered with world 'Untitled'.
[2023.09.25-09.55.59:736][  0]LogNetVersion: Set ProjectVersion to 1.0.0.0. Version Checksum will be recalculated on next use.
[2023.09.25-09.55.59:816][  0]LogDerivedDataCache: Saved boot cache 0.08s 94MB C:/Users/Golem/AppData/Local/UnrealEngine/4.27/DerivedDataCache/Boot.ddc.
[2023.09.25-09.55.59:817][  0]LogInit: Texture streaming: Enabled
[2023.09.25-09.55.59:842][  0]LogAnalytics: Display: [UEEditor.Rocket.Release] APIServer = https://datarouter.ol.epicgames.com/. AppVersion = 4.27.2-18319896+++UE4+Release-4.27
[2023.09.25-09.55.59:849][  0]LogEngineSessionManager: EngineSessionManager initialized
[2023.09.25-09.55.59:849][  0]LogEditorSessionSummary: Verbose: Initializing EditorSessionSummaryWriter for editor session tracking
[2023.09.25-09.55.59:873][  0]LogEditorSessionSummary: EditorSessionSummaryWriter initialized
[2023.09.25-09.55.59:915][  0]LogInit: Transaction tracking system initialized
[2023.09.25-09.55.59:967][  0]BlueprintLog: New page: Editor Load
[2023.09.25-09.56.00:087][  0]LocalizationService: Localization service is disabled
[2023.09.25-09.56.00:130][  0]TimingProfiler: Initialize
[2023.09.25-09.56.00:130][  0]TimingProfiler: OnSessionChanged
[2023.09.25-09.56.00:131][  0]LoadingProfiler: Initialize
[2023.09.25-09.56.00:131][  0]LoadingProfiler: OnSessionChanged
[2023.09.25-09.56.00:131][  0]NetworkingProfiler: Initialize
[2023.09.25-09.56.00:131][  0]NetworkingProfiler: OnSessionChanged
[2023.09.25-09.56.00:131][  0]MemoryProfiler: Initialize
[2023.09.25-09.56.00:131][  0]MemoryProfiler: OnSessionChanged
[2023.09.25-09.56.00:417][  0]LogCook: Display: CookSettings for Memory: MemoryMaxUsedVirtual 0MiB, MemoryMaxUsedPhysical 16384MiB, MemoryMinFreeVirtual 0MiB, MemoryMinFreePhysical 1024MiB
[2023.09.25-09.56.00:418][  0]LogCook: Display: Mobile HDR setting 1
[2023.09.25-09.56.00:707][  0]LogFileCache: Scanning file cache for directory 'C:/Unreal/Multiplayer_PingPong_Unreal/PingPong/Content/' took 0.00s
[2023.09.25-09.56.00:944][  0]LogInit: Display: Engine is initialized. Leaving FEngineLoop::Init()
[2023.09.25-09.56.00:956][  0]SourceControl: Source control is disabled
[2023.09.25-09.56.00:956][  0]LogUnrealEdMisc: Loading editor; pre map load, took 18.427
[2023.09.25-09.56.00:957][  0]Cmd: MAP LOAD FILE="../../../../../../Unreal/Multiplayer_PingPong_Unreal/PingPong/Content/StarterContent/Maps/Minimal_Default.umap" TEMPLATE=0 SHOWPROGRESS=1 FEATURELEVEL=3
[2023.09.25-09.56.00:958][  0]LightingResults: New page: Lighting Build
